#! /usr/bin/vvp
:ivl_version "10.3 (stable)" "(v10_3)";
:ivl_delay_selection "TYPICAL";
:vpi_time_precision + 0;
:vpi_module "system";
:vpi_module "vhdl_sys";
:vpi_module "v2005_math";
:vpi_module "va_math";
S_0x557184910f80 .scope module, "test" "test" 2 3;
 .timescale 0 0;
v0x557184926830 .array "all", 0 19, 0 0;
v0x5571849268f0_0 .var "clk", 0 0;
v0x5571849269b0_0 .var "data", 0 0;
v0x557184926a50_0 .var/i "i", 31 0;
v0x557184926af0_0 .net "res", 0 0, L_0x557184936e70;  1 drivers
v0x557184926be0_0 .var "reset", 0 0;
E_0x5571848d7a20 .event posedge, v0x557184926380_0;
S_0x557184911120 .scope module, "u" "seqdet_moore" 2 9, 3 1 0, S_0x557184910f80;
 .timescale 0 0;
    .port_info 0 /INPUT 1 "clk"
    .port_info 1 /INPUT 1 "reset"
    .port_info 2 /INPUT 1 "data"
    .port_info 3 /OUTPUT 1 "res"
v0x5571848d70e0_0 .net *"_s0", 31 0, L_0x557184926cb0;  1 drivers
L_0x7fefb6a39018 .functor BUFT 1, C4<0000000000000000000000000000>, C4<0>, C4<0>, C4<0>;
v0x5571849261e0_0 .net *"_s3", 27 0, L_0x7fefb6a39018;  1 drivers
L_0x7fefb6a39060 .functor BUFT 1, C4<00000000000000000000000000000101>, C4<0>, C4<0>, C4<0>;
v0x5571849262c0_0 .net/2u *"_s4", 31 0, L_0x7fefb6a39060;  1 drivers
v0x557184926380_0 .net "clk", 0 0, v0x5571849268f0_0;  1 drivers
v0x557184926440_0 .net "data", 0 0, v0x5571849269b0_0;  1 drivers
v0x557184926550_0 .net "res", 0 0, L_0x557184936e70;  alias, 1 drivers
v0x557184926610_0 .net "reset", 0 0, v0x557184926be0_0;  1 drivers
v0x5571849266d0_0 .var "status", 3 0;
E_0x55718490c490/0 .event edge, v0x557184926610_0;
E_0x55718490c490/1 .event posedge, v0x557184926380_0;
E_0x55718490c490 .event/or E_0x55718490c490/0, E_0x55718490c490/1;
L_0x557184926cb0 .concat [ 4 28 0 0], v0x5571849266d0_0, L_0x7fefb6a39018;
L_0x557184936e70 .cmp/eq 32, L_0x557184926cb0, L_0x7fefb6a39060;
    .scope S_0x557184911120;
T_0 ;
    %wait E_0x55718490c490;
    %load/vec4 v0x557184926610_0;
    %flag_set/vec4 8;
    %jmp/0xz  T_0.0, 8;
    %pushi/vec4 0, 0, 4;
    %assign/vec4 v0x5571849266d0_0, 0;
    %jmp T_0.1;
T_0.0 ;
    %load/vec4 v0x5571849266d0_0;
    %dup/vec4;
    %pushi/vec4 0, 0, 4;
    %cmp/u;
    %jmp/1 T_0.2, 6;
    %dup/vec4;
    %pushi/vec4 1, 0, 4;
    %cmp/u;
    %jmp/1 T_0.3, 6;
    %dup/vec4;
    %pushi/vec4 2, 0, 4;
    %cmp/u;
    %jmp/1 T_0.4, 6;
    %dup/vec4;
    %pushi/vec4 3, 0, 4;
    %cmp/u;
    %jmp/1 T_0.5, 6;
    %dup/vec4;
    %pushi/vec4 4, 0, 4;
    %cmp/u;
    %jmp/1 T_0.6, 6;
    %dup/vec4;
    %pushi/vec4 5, 0, 4;
    %cmp/u;
    %jmp/1 T_0.7, 6;
    %pushi/vec4 0, 0, 4;
    %assign/vec4 v0x5571849266d0_0, 0;
    %jmp T_0.9;
T_0.2 ;
    %load/vec4 v0x557184926440_0;
    %pad/u 32;
    %cmpi/e 1, 0, 32;
    %jmp/0xz  T_0.10, 4;
    %pushi/vec4 1, 0, 4;
    %assign/vec4 v0x5571849266d0_0, 0;
    %jmp T_0.11;
T_0.10 ;
    %pushi/vec4 0, 0, 4;
    %assign/vec4 v0x5571849266d0_0, 0;
T_0.11 ;
    %jmp T_0.9;
T_0.3 ;
    %load/vec4 v0x557184926440_0;
    %pad/u 32;
    %cmpi/e 1, 0, 32;
    %jmp/0xz  T_0.12, 4;
    %pushi/vec4 1, 0, 4;
    %assign/vec4 v0x5571849266d0_0, 0;
    %jmp T_0.13;
T_0.12 ;
    %pushi/vec4 2, 0, 4;
    %assign/vec4 v0x5571849266d0_0, 0;
T_0.13 ;
    %jmp T_0.9;
T_0.4 ;
    %load/vec4 v0x557184926440_0;
    %pad/u 32;
    %cmpi/e 1, 0, 32;
    %jmp/0xz  T_0.14, 4;
    %pushi/vec4 1, 0, 4;
    %assign/vec4 v0x5571849266d0_0, 0;
    %jmp T_0.15;
T_0.14 ;
    %pushi/vec4 3, 0, 4;
    %assign/vec4 v0x5571849266d0_0, 0;
T_0.15 ;
    %jmp T_0.9;
T_0.5 ;
    %load/vec4 v0x557184926440_0;
    %pad/u 32;
    %cmpi/e 1, 0, 32;
    %jmp/0xz  T_0.16, 4;
    %pushi/vec4 4, 0, 4;
    %assign/vec4 v0x5571849266d0_0, 0;
    %jmp T_0.17;
T_0.16 ;
    %pushi/vec4 0, 0, 4;
    %assign/vec4 v0x5571849266d0_0, 0;
T_0.17 ;
    %jmp T_0.9;
T_0.6 ;
    %load/vec4 v0x557184926440_0;
    %pad/u 32;
    %cmpi/e 1, 0, 32;
    %jmp/0xz  T_0.18, 4;
    %pushi/vec4 1, 0, 4;
    %assign/vec4 v0x5571849266d0_0, 0;
    %jmp T_0.19;
T_0.18 ;
    %pushi/vec4 5, 0, 4;
    %assign/vec4 v0x5571849266d0_0, 0;
T_0.19 ;
    %jmp T_0.9;
T_0.7 ;
    %load/vec4 v0x557184926440_0;
    %pad/u 32;
    %cmpi/e 1, 0, 32;
    %jmp/0xz  T_0.20, 4;
    %pushi/vec4 1, 0, 4;
    %assign/vec4 v0x5571849266d0_0, 0;
    %jmp T_0.21;
T_0.20 ;
    %pushi/vec4 3, 0, 4;
    %assign/vec4 v0x5571849266d0_0, 0;
T_0.21 ;
    %jmp T_0.9;
T_0.9 ;
    %pop/vec4 1;
T_0.1 ;
    %jmp T_0;
    .thread T_0;
    .scope S_0x557184910f80;
T_1 ;
    %delay 1, 0;
    %load/vec4 v0x5571849268f0_0;
    %inv;
    %store/vec4 v0x5571849268f0_0, 0, 1;
    %jmp T_1;
    .thread T_1;
    .scope S_0x557184910f80;
T_2 ;
    %vpi_call 2 22 "$dumpfile", "test.vcd" {0 0 0};
    %vpi_call 2 23 "$dumpvars" {0 0 0};
    %pushi/vec4 1, 0, 1;
    %store/vec4 v0x557184926be0_0, 0, 1;
    %pushi/vec4 0, 0, 1;
    %store/vec4 v0x5571849268f0_0, 0, 1;
    %delay 1, 0;
    %pushi/vec4 0, 0, 1;
    %store/vec4 v0x557184926be0_0, 0, 1;
    %delay 1, 0;
    %vpi_call 2 28 "$readmemb", "data.bin", v0x557184926830 {0 0 0};
    %pushi/vec4 0, 0, 32;
    %store/vec4 v0x557184926a50_0, 0, 32;
T_2.0 ;
    %load/vec4 v0x557184926a50_0;
    %cmpi/s 20, 0, 32;
    %jmp/0xz T_2.1, 5;
    %wait E_0x5571848d7a20;
    %ix/getv/s 4, v0x557184926a50_0;
    %load/vec4a v0x557184926830, 4;
    %store/vec4 v0x5571849269b0_0, 0, 1;
    %load/vec4 v0x557184926a50_0;
    %addi 1, 0, 32;
    %store/vec4 v0x557184926a50_0, 0, 32;
    %jmp T_2.0;
T_2.1 ;
    %delay 2, 0;
    %vpi_call 2 33 "$finish" {0 0 0};
    %end;
    .thread T_2;
# The file index is used to find the file name in the following table.
:file_names 4;
    "N/A";
    "<interactive>";
    "moore_tb.v";
    "./moore.v";
