#! /usr/bin/vvp
:ivl_version "10.3 (stable)" "(v10_3)";
:ivl_delay_selection "TYPICAL";
:vpi_time_precision + 0;
:vpi_module "system";
:vpi_module "vhdl_sys";
:vpi_module "v2005_math";
:vpi_module "va_math";
S_0x556804f970b0 .scope module, "seqdet_moore" "seqdet_moore" 2 1;
 .timescale 0 0;
    .port_info 0 /INPUT 1 "clk"
    .port_info 1 /INPUT 1 "reset"
    .port_info 2 /INPUT 1 "data"
    .port_info 3 /OUTPUT 1 "res"
v0x556804f97270_0 .net *"_s0", 31 0, L_0x556804fe13f0;  1 drivers
L_0x7f41ff1e2018 .functor BUFT 1, C4<0000000000000000000000000000>, C4<0>, C4<0>, C4<0>;
v0x556804fe0da0_0 .net *"_s3", 27 0, L_0x7f41ff1e2018;  1 drivers
L_0x7f41ff1e2060 .functor BUFT 1, C4<00000000000000000000000000000101>, C4<0>, C4<0>, C4<0>;
v0x556804fe0e80_0 .net/2u *"_s4", 31 0, L_0x7f41ff1e2060;  1 drivers
o0x7f41ff22b0a8 .functor BUFZ 1, C4<z>; HiZ drive
v0x556804fe0f40_0 .net "clk", 0 0, o0x7f41ff22b0a8;  0 drivers
o0x7f41ff22b0d8 .functor BUFZ 1, C4<z>; HiZ drive
v0x556804fe1000_0 .net "data", 0 0, o0x7f41ff22b0d8;  0 drivers
v0x556804fe1110_0 .net "res", 0 0, L_0x556804ff15a0;  1 drivers
o0x7f41ff22b138 .functor BUFZ 1, C4<z>; HiZ drive
v0x556804fe11d0_0 .net "reset", 0 0, o0x7f41ff22b138;  0 drivers
v0x556804fe1290_0 .var "status", 3 0;
E_0x556804f97b30/0 .event edge, v0x556804fe11d0_0;
E_0x556804f97b30/1 .event posedge, v0x556804fe0f40_0;
E_0x556804f97b30 .event/or E_0x556804f97b30/0, E_0x556804f97b30/1;
L_0x556804fe13f0 .concat [ 4 28 0 0], v0x556804fe1290_0, L_0x7f41ff1e2018;
L_0x556804ff15a0 .cmp/eq 32, L_0x556804fe13f0, L_0x7f41ff1e2060;
    .scope S_0x556804f970b0;
T_0 ;
    %wait E_0x556804f97b30;
    %load/vec4 v0x556804fe11d0_0;
    %flag_set/vec4 8;
    %jmp/0xz  T_0.0, 8;
    %pushi/vec4 0, 0, 4;
    %assign/vec4 v0x556804fe1290_0, 0;
    %jmp T_0.1;
T_0.0 ;
    %load/vec4 v0x556804fe1290_0;
    %dup/vec4;
    %pushi/vec4 0, 0, 4;
    %cmp/u;
    %jmp/1 T_0.2, 6;
    %dup/vec4;
    %pushi/vec4 1, 0, 4;
    %cmp/u;
    %jmp/1 T_0.3, 6;
    %dup/vec4;
    %pushi/vec4 2, 0, 4;
    %cmp/u;
    %jmp/1 T_0.4, 6;
    %dup/vec4;
    %pushi/vec4 3, 0, 4;
    %cmp/u;
    %jmp/1 T_0.5, 6;
    %dup/vec4;
    %pushi/vec4 4, 0, 4;
    %cmp/u;
    %jmp/1 T_0.6, 6;
    %dup/vec4;
    %pushi/vec4 5, 0, 4;
    %cmp/u;
    %jmp/1 T_0.7, 6;
    %pushi/vec4 0, 0, 4;
    %assign/vec4 v0x556804fe1290_0, 0;
    %jmp T_0.9;
T_0.2 ;
    %load/vec4 v0x556804fe1000_0;
    %pad/u 32;
    %cmpi/e 1, 0, 32;
    %jmp/0xz  T_0.10, 4;
    %pushi/vec4 1, 0, 4;
    %assign/vec4 v0x556804fe1290_0, 0;
    %jmp T_0.11;
T_0.10 ;
    %pushi/vec4 0, 0, 4;
    %assign/vec4 v0x556804fe1290_0, 0;
T_0.11 ;
    %jmp T_0.9;
T_0.3 ;
    %load/vec4 v0x556804fe1000_0;
    %pad/u 32;
    %cmpi/e 1, 0, 32;
    %jmp/0xz  T_0.12, 4;
    %pushi/vec4 1, 0, 4;
    %assign/vec4 v0x556804fe1290_0, 0;
    %jmp T_0.13;
T_0.12 ;
    %pushi/vec4 2, 0, 4;
    %assign/vec4 v0x556804fe1290_0, 0;
T_0.13 ;
    %jmp T_0.9;
T_0.4 ;
    %load/vec4 v0x556804fe1000_0;
    %pad/u 32;
    %cmpi/e 1, 0, 32;
    %jmp/0xz  T_0.14, 4;
    %pushi/vec4 1, 0, 4;
    %assign/vec4 v0x556804fe1290_0, 0;
    %jmp T_0.15;
T_0.14 ;
    %pushi/vec4 3, 0, 4;
    %assign/vec4 v0x556804fe1290_0, 0;
T_0.15 ;
    %jmp T_0.9;
T_0.5 ;
    %load/vec4 v0x556804fe1000_0;
    %pad/u 32;
    %cmpi/e 1, 0, 32;
    %jmp/0xz  T_0.16, 4;
    %pushi/vec4 4, 0, 4;
    %assign/vec4 v0x556804fe1290_0, 0;
    %jmp T_0.17;
T_0.16 ;
    %pushi/vec4 0, 0, 4;
    %assign/vec4 v0x556804fe1290_0, 0;
T_0.17 ;
    %jmp T_0.9;
T_0.6 ;
    %load/vec4 v0x556804fe1000_0;
    %pad/u 32;
    %cmpi/e 1, 0, 32;
    %jmp/0xz  T_0.18, 4;
    %pushi/vec4 1, 0, 4;
    %assign/vec4 v0x556804fe1290_0, 0;
    %jmp T_0.19;
T_0.18 ;
    %pushi/vec4 5, 0, 4;
    %assign/vec4 v0x556804fe1290_0, 0;
T_0.19 ;
    %jmp T_0.9;
T_0.7 ;
    %load/vec4 v0x556804fe1000_0;
    %pad/u 32;
    %cmpi/e 1, 0, 32;
    %jmp/0xz  T_0.20, 4;
    %pushi/vec4 1, 0, 4;
    %assign/vec4 v0x556804fe1290_0, 0;
    %jmp T_0.21;
T_0.20 ;
    %pushi/vec4 3, 0, 4;
    %assign/vec4 v0x556804fe1290_0, 0;
T_0.21 ;
    %jmp T_0.9;
T_0.9 ;
    %pop/vec4 1;
T_0.1 ;
    %jmp T_0;
    .thread T_0;
# The file index is used to find the file name in the following table.
:file_names 3;
    "N/A";
    "<interactive>";
    "moore.v";
