01001100100100000
10010110111100101
01001000001110011
01011110001111001
11001111000101110
01011111011111010
01111001000101010
01010111001101110
10101110101101010
00011101100110111
00001001011001000
11000110010111000
01111011101010000
01010111101111100
10010100011000101
11110101010010110
00100100011101001
01000011100001010
10011000101000110
11010111011010000
10100001101010000
11000011101111010
00110001101010000
10011100011011011
10111111100110101
10101110000011101
00101101100010101
11110000011011000
10011101111001001
11000001111110010
01111100110001010
11001001110010111
10011001011011011
10001101110011100
00111111010001100
10011001000010100
00111010100010001
11011101111010001
01111001100010111
01011010001010011
10100001101011000
00000101100000100
01011000100001111
11101011111100001
11001111011001110
11010100111000010
01100010001100000
10001010100110011
01110111010000001
10100011101110100
01111111100111010
01011101010101011
01110101100110010
10111010101011111
01111011011011101
01001010110001101
01111001000101001
11100100111010100
01010011001111111
11000000111110001
01001000100110111
01110101110111001
01000111110100100
01110010101010111
10110011010001101
01000100100011100
01100010000100010
01101101011111111
11101001010101011
01111011101111110
01001011000101110
01011001101110011
11001110011011110
10000011111010000
10100100100110010
10000001001111000
10001101111101001
00011111001110100
10100110101110010
01110011111111101
10111110111001011
01000101100100011
11001010100110001
10000010101111100
10101111010000001
01111110111001100
11101011001100110
01111010011111100
11011011111110000
00101111000011010
00101011010010011
10000111111001100
00001101000000011
11010101001010010
11100101100001110
10101000110001110
01100011101011110
10101111000110010
01111011111000001
10111011011100001
