#! /usr/bin/vvp
:ivl_version "10.3 (stable)" "(v10_3)";
:ivl_delay_selection "TYPICAL";
:vpi_time_precision + 0;
:vpi_module "system";
:vpi_module "vhdl_sys";
:vpi_module "v2005_math";
:vpi_module "va_math";
S_0x559259a990b0 .scope module, "top_module" "top_module" 2 1;
 .timescale 0 0;
    .port_info 0 /INPUT 8 "bin"
    .port_info 1 /OUTPUT 4 "bcd_hun"
    .port_info 2 /OUTPUT 4 "bcd_ten"
    .port_info 3 /OUTPUT 4 "bcd_one"
L_0x559259ae51f0 .functor BUFZ 4, v0x559259ae4a40_0, C4<0000>, C4<0000>, C4<0000>;
L_0x559259ae5280 .functor BUFZ 4, v0x559259ae4df0_0, C4<0000>, C4<0000>, C4<0000>;
L_0x559259ae5350 .functor BUFZ 4, v0x559259ae4be0_0, C4<0000>, C4<0000>, C4<0000>;
v0x559259abef30_0 .net "bcd_hun", 3 0, L_0x559259ae51f0;  1 drivers
v0x559259ae4a40_0 .var "bcd_hun_r", 3 0;
v0x559259ae4b20_0 .net "bcd_one", 3 0, L_0x559259ae5350;  1 drivers
v0x559259ae4be0_0 .var "bcd_one_r", 3 0;
v0x559259ae4cc0_0 .net "bcd_ten", 3 0, L_0x559259ae5280;  1 drivers
v0x559259ae4df0_0 .var "bcd_ten_r", 3 0;
o0x7fb178bd1138 .functor BUFZ 8, C4<zzzzzzzz>; HiZ drive
v0x559259ae4ed0_0 .net "bin", 7 0, o0x7fb178bd1138;  0 drivers
v0x559259ae4fb0_0 .var "bin_r", 7 0;
v0x559259ae5090_0 .var/i "i", 31 0;
E_0x559259a99b30 .event edge, v0x559259ae5090_0;
S_0x559259a992a0 .scope task, "check_all" "check_all" 2 48, 2 48 0, S_0x559259a990b0;
 .timescale 0 0;
TD_top_module.check_all ;
    %pushi/vec4 4, 0, 32;
    %load/vec4 v0x559259ae4be0_0;
    %pad/u 32;
    %cmp/u;
    %jmp/0xz  T_0.0, 5;
    %load/vec4 v0x559259ae4df0_0;
    %addi 3, 0, 4;
    %store/vec4 v0x559259ae4df0_0, 0, 4;
T_0.0 ;
    %pushi/vec4 4, 0, 32;
    %load/vec4 v0x559259ae4df0_0;
    %pad/u 32;
    %cmp/u;
    %jmp/0xz  T_0.2, 5;
    %load/vec4 v0x559259ae4df0_0;
    %addi 3, 0, 4;
    %store/vec4 v0x559259ae4df0_0, 0, 4;
T_0.2 ;
    %pushi/vec4 4, 0, 32;
    %load/vec4 v0x559259ae4a40_0;
    %pad/u 32;
    %cmp/u;
    %jmp/0xz  T_0.4, 5;
    %load/vec4 v0x559259ae4df0_0;
    %addi 3, 0, 4;
    %store/vec4 v0x559259ae4df0_0, 0, 4;
T_0.4 ;
    %end;
S_0x559259abeb90 .scope task, "init_all" "init_all" 2 35, 2 35 0, S_0x559259a990b0;
 .timescale 0 0;
TD_top_module.init_all ;
    %load/vec4 v0x559259ae4ed0_0;
    %store/vec4 v0x559259ae4fb0_0, 0, 8;
    %pushi/vec4 0, 0, 4;
    %store/vec4 v0x559259ae4a40_0, 0, 4;
    %pushi/vec4 0, 0, 4;
    %store/vec4 v0x559259ae4df0_0, 0, 4;
    %pushi/vec4 0, 0, 4;
    %store/vec4 v0x559259ae4be0_0, 0, 4;
    %end;
S_0x559259abed60 .scope task, "shift_all" "shift_all" 2 44, 2 44 0, S_0x559259a990b0;
 .timescale 0 0;
TD_top_module.shift_all ;
    %load/vec4 v0x559259ae4a40_0;
    %load/vec4 v0x559259ae4df0_0;
    %concat/vec4; draw_concat_vec4
    %load/vec4 v0x559259ae4be0_0;
    %concat/vec4; draw_concat_vec4
    %load/vec4 v0x559259ae4fb0_0;
    %concat/vec4; draw_concat_vec4
    %ix/load 4, 1, 0;
    %flag_set/imm 4, 0;
    %shiftl 4;
    %split/vec4 8;
    %store/vec4 v0x559259ae4fb0_0, 0, 8;
    %split/vec4 4;
    %store/vec4 v0x559259ae4be0_0, 0, 4;
    %split/vec4 4;
    %store/vec4 v0x559259ae4df0_0, 0, 4;
    %store/vec4 v0x559259ae4a40_0, 0, 4;
    %end;
    .scope S_0x559259a990b0;
T_3 ;
    %wait E_0x559259a99b30;
    %fork TD_top_module.init_all, S_0x559259abeb90;
    %join;
    %delay 1, 0;
    %pushi/vec4 0, 0, 32;
    %store/vec4 v0x559259ae5090_0, 0, 32;
T_3.0 ;
    %load/vec4 v0x559259ae5090_0;
    %cmpi/s 8, 0, 32;
    %jmp/0xz T_3.1, 5;
    %delay 1, 0;
    %fork TD_top_module.shift_all, S_0x559259abed60;
    %join;
    %delay 1, 0;
    %fork TD_top_module.check_all, S_0x559259a992a0;
    %join;
    %load/vec4 v0x559259ae5090_0;
    %addi 1, 0, 32;
    %store/vec4 v0x559259ae5090_0, 0, 32;
    %jmp T_3.0;
T_3.1 ;
    %jmp T_3;
    .thread T_3, $push;
# The file index is used to find the file name in the following table.
:file_names 3;
    "N/A";
    "<interactive>";
    "bcd.v";
