#! /usr/bin/vvp
:ivl_version "11.0 (stable)" "(v11_0)";
:ivl_delay_selection "TYPICAL";
:vpi_time_precision + 0;
:vpi_module "/usr/lib/ivl/system.vpi";
:vpi_module "/usr/lib/ivl/vhdl_sys.vpi";
:vpi_module "/usr/lib/ivl/vhdl_textio.vpi";
:vpi_module "/usr/lib/ivl/v2005_math.vpi";
:vpi_module "/usr/lib/ivl/va_math.vpi";
S_0x55b812025cd0 .scope module, "clk" "clk" 2 4;
 .timescale 0 0;
    .port_info 0 /INPUT 1 "CLOCK_50";
    .port_info 1 /INPUT 18 "SW";
    .port_info 2 /OUTPUT 7 "HEX2";
    .port_info 3 /OUTPUT 7 "HEX1";
    .port_info 4 /OUTPUT 7 "HEX0";
P_0x55b812026f30 .param/l "CNT_MAX" 0 2 16, +C4<000000000100110001001011001111111>;
P_0x55b812026f70 .param/l "M" 0 2 5, +C4<00000000000000000000000000000101>;
P_0x55b812026fb0 .param/l "R" 0 2 6, +C4<00000000000000000000000000111011>;
o0x7f3b208a14c8 .functor BUFZ 1, C4<z>; HiZ drive
v0x55b812089860_0 .net "CLOCK_50", 0 0, o0x7f3b208a14c8;  0 drivers
v0x55b812089940_0 .net "HEX0", 6 0, L_0x55b81208a640;  1 drivers
v0x55b812089a00_0 .net "HEX1", 6 0, L_0x55b81208a560;  1 drivers
v0x55b812089b00_0 .net "HEX2", 6 0, L_0x55b81208a4f0;  1 drivers
o0x7f3b208a14f8 .functor BUFZ 18, C4<zzzzzzzzzzzzzzzzzz>; HiZ drive
v0x55b812089bd0_0 .net "SW", 17 0, o0x7f3b208a14f8;  0 drivers
v0x55b812089c70_0 .net "bcd_1", 3 0, L_0x55b81208a450;  1 drivers
v0x55b812089d80_0 .net "bcd_10", 3 0, L_0x55b81208a390;  1 drivers
v0x55b812089e90_0 .net "bcd_100", 3 0, L_0x55b81208a320;  1 drivers
v0x55b812089fa0_0 .var "cnt", 31 0;
v0x55b81208a080_0 .net "reset", 0 0, L_0x55b81208a280;  1 drivers
v0x55b81208a140_0 .var "tik", 7 0;
E_0x55b812064070 .event posedge, v0x55b81208a080_0, v0x55b812089860_0;
L_0x55b81208a280 .part o0x7f3b208a14f8, 17, 1;
S_0x55b812025f50 .scope module, "u_1" "dec" 2 32, 3 1 0, S_0x55b812025cd0;
 .timescale 0 0;
    .port_info 0 /INPUT 4 "SW";
    .port_info 1 /OUTPUT 7 "HEX0";
L_0x55b81208a640 .functor NOT 7, v0x55b812067f00_0, C4<0000000>, C4<0000000>, C4<0000000>;
v0x55b812067f00_0 .var "HEX", 6 0;
v0x55b812087a70_0 .net "HEX0", 6 0, L_0x55b81208a640;  alias, 1 drivers
v0x55b812087b50_0 .net "SW", 3 0, L_0x55b81208a450;  alias, 1 drivers
E_0x55b812048e80 .event edge, v0x55b812087b50_0;
S_0x55b812087c70 .scope module, "u_10" "dec" 2 31, 3 1 0, S_0x55b812025cd0;
 .timescale 0 0;
    .port_info 0 /INPUT 4 "SW";
    .port_info 1 /OUTPUT 7 "HEX0";
L_0x55b81208a560 .functor NOT 7, v0x55b812087e90_0, C4<0000000>, C4<0000000>, C4<0000000>;
v0x55b812087e90_0 .var "HEX", 6 0;
v0x55b812087f90_0 .net "HEX0", 6 0, L_0x55b81208a560;  alias, 1 drivers
v0x55b812088070_0 .net "SW", 3 0, L_0x55b81208a390;  alias, 1 drivers
E_0x55b8120579e0 .event edge, v0x55b812088070_0;
S_0x55b812088190 .scope module, "u_100" "dec" 2 30, 3 1 0, S_0x55b812025cd0;
 .timescale 0 0;
    .port_info 0 /INPUT 4 "SW";
    .port_info 1 /OUTPUT 7 "HEX0";
L_0x55b81208a4f0 .functor NOT 7, v0x55b8120883d0_0, C4<0000000>, C4<0000000>, C4<0000000>;
v0x55b8120883d0_0 .var "HEX", 6 0;
v0x55b8120884d0_0 .net "HEX0", 6 0, L_0x55b81208a4f0;  alias, 1 drivers
v0x55b8120885b0_0 .net "SW", 3 0, L_0x55b81208a320;  alias, 1 drivers
E_0x55b812088370 .event edge, v0x55b8120885b0_0;
S_0x55b812088700 .scope module, "u_bcd" "bcd" 2 29, 4 1 0, S_0x55b812025cd0;
 .timescale 0 0;
    .port_info 0 /INPUT 8 "bin";
    .port_info 1 /OUTPUT 4 "bcd_hun";
    .port_info 2 /OUTPUT 4 "bcd_ten";
    .port_info 3 /OUTPUT 4 "bcd_one";
L_0x55b81208a320 .functor BUFZ 4, v0x55b8120890c0_0, C4<0000>, C4<0000>, C4<0000>;
L_0x55b81208a390 .functor BUFZ 4, v0x55b812089450_0, C4<0000>, C4<0000>, C4<0000>;
L_0x55b81208a450 .functor BUFZ 4, v0x55b812089280_0, C4<0000>, C4<0000>, C4<0000>;
v0x55b812088ff0_0 .net "bcd_hun", 3 0, L_0x55b81208a320;  alias, 1 drivers
v0x55b8120890c0_0 .var "bcd_hun_r", 3 0;
v0x55b812089180_0 .net "bcd_one", 3 0, L_0x55b81208a450;  alias, 1 drivers
v0x55b812089280_0 .var "bcd_one_r", 3 0;
v0x55b812089340_0 .net "bcd_ten", 3 0, L_0x55b81208a390;  alias, 1 drivers
v0x55b812089450_0 .var "bcd_ten_r", 3 0;
v0x55b812089510_0 .net "bin", 7 0, v0x55b81208a140_0;  1 drivers
v0x55b8120895f0_0 .var "bin_r", 7 0;
v0x55b8120896d0_0 .var/i "i", 31 0;
E_0x55b812088980 .event edge, v0x55b812089510_0;
S_0x55b8120889e0 .scope task, "check_all" "check_all" 4 45, 4 45 0, S_0x55b812088700;
 .timescale 0 0;
TD_clk.u_bcd.check_all ;
    %load/vec4 v0x55b812089280_0;
    %pad/u 32;
    %cmpi/u 4, 0, 32;
    %flag_or 5, 4; GT is !LE
    %flag_inv 5;
    %jmp/0xz  T_0.0, 5;
    %load/vec4 v0x55b812089280_0;
    %addi 3, 0, 4;
    %store/vec4 v0x55b812089280_0, 0, 4;
T_0.0 ;
    %load/vec4 v0x55b812089450_0;
    %pad/u 32;
    %cmpi/u 4, 0, 32;
    %flag_or 5, 4; GT is !LE
    %flag_inv 5;
    %jmp/0xz  T_0.2, 5;
    %load/vec4 v0x55b812089450_0;
    %addi 3, 0, 4;
    %store/vec4 v0x55b812089450_0, 0, 4;
T_0.2 ;
    %load/vec4 v0x55b8120890c0_0;
    %pad/u 32;
    %cmpi/u 4, 0, 32;
    %flag_or 5, 4; GT is !LE
    %flag_inv 5;
    %jmp/0xz  T_0.4, 5;
    %load/vec4 v0x55b8120890c0_0;
    %addi 3, 0, 4;
    %store/vec4 v0x55b8120890c0_0, 0, 4;
T_0.4 ;
    %end;
S_0x55b812088be0 .scope task, "init_all" "init_all" 4 32, 4 32 0, S_0x55b812088700;
 .timescale 0 0;
TD_clk.u_bcd.init_all ;
    %load/vec4 v0x55b812089510_0;
    %store/vec4 v0x55b8120895f0_0, 0, 8;
    %pushi/vec4 0, 0, 4;
    %store/vec4 v0x55b8120890c0_0, 0, 4;
    %pushi/vec4 0, 0, 4;
    %store/vec4 v0x55b812089450_0, 0, 4;
    %pushi/vec4 0, 0, 4;
    %store/vec4 v0x55b812089280_0, 0, 4;
    %end;
S_0x55b812088de0 .scope task, "shift_all" "shift_all" 4 41, 4 41 0, S_0x55b812088700;
 .timescale 0 0;
TD_clk.u_bcd.shift_all ;
    %load/vec4 v0x55b8120890c0_0;
    %load/vec4 v0x55b812089450_0;
    %concat/vec4; draw_concat_vec4
    %load/vec4 v0x55b812089280_0;
    %concat/vec4; draw_concat_vec4
    %load/vec4 v0x55b8120895f0_0;
    %concat/vec4; draw_concat_vec4
    %ix/load 4, 1, 0;
    %flag_set/imm 4, 0;
    %shiftl 4;
    %split/vec4 8;
    %store/vec4 v0x55b8120895f0_0, 0, 8;
    %split/vec4 4;
    %store/vec4 v0x55b812089280_0, 0, 4;
    %split/vec4 4;
    %store/vec4 v0x55b812089450_0, 0, 4;
    %store/vec4 v0x55b8120890c0_0, 0, 4;
    %end;
    .scope S_0x55b812088700;
T_3 ;
    %wait E_0x55b812088980;
    %fork TD_clk.u_bcd.init_all, S_0x55b812088be0;
    %join;
    %pushi/vec4 0, 0, 32;
    %store/vec4 v0x55b8120896d0_0, 0, 32;
T_3.0 ;
    %load/vec4 v0x55b8120896d0_0;
    %cmpi/s 8, 0, 32;
    %jmp/0xz T_3.1, 5;
    %fork TD_clk.u_bcd.check_all, S_0x55b8120889e0;
    %join;
    %fork TD_clk.u_bcd.shift_all, S_0x55b812088de0;
    %join;
    %load/vec4 v0x55b8120896d0_0;
    %addi 1, 0, 32;
    %store/vec4 v0x55b8120896d0_0, 0, 32;
    %jmp T_3.0;
T_3.1 ;
    %jmp T_3;
    .thread T_3, $push;
    .scope S_0x55b812088190;
T_4 ;
    %wait E_0x55b812088370;
    %load/vec4 v0x55b8120885b0_0;
    %dup/vec4;
    %pushi/vec4 0, 0, 4;
    %cmp/u;
    %jmp/1 T_4.0, 6;
    %dup/vec4;
    %pushi/vec4 1, 0, 4;
    %cmp/u;
    %jmp/1 T_4.1, 6;
    %dup/vec4;
    %pushi/vec4 2, 0, 4;
    %cmp/u;
    %jmp/1 T_4.2, 6;
    %dup/vec4;
    %pushi/vec4 3, 0, 4;
    %cmp/u;
    %jmp/1 T_4.3, 6;
    %dup/vec4;
    %pushi/vec4 4, 0, 4;
    %cmp/u;
    %jmp/1 T_4.4, 6;
    %dup/vec4;
    %pushi/vec4 5, 0, 4;
    %cmp/u;
    %jmp/1 T_4.5, 6;
    %dup/vec4;
    %pushi/vec4 6, 0, 4;
    %cmp/u;
    %jmp/1 T_4.6, 6;
    %dup/vec4;
    %pushi/vec4 7, 0, 4;
    %cmp/u;
    %jmp/1 T_4.7, 6;
    %dup/vec4;
    %pushi/vec4 8, 0, 4;
    %cmp/u;
    %jmp/1 T_4.8, 6;
    %dup/vec4;
    %pushi/vec4 9, 0, 4;
    %cmp/u;
    %jmp/1 T_4.9, 6;
    %pushi/vec4 0, 0, 7;
    %store/vec4 v0x55b8120883d0_0, 0, 7;
    %jmp T_4.11;
T_4.0 ;
    %pushi/vec4 63, 0, 7;
    %store/vec4 v0x55b8120883d0_0, 0, 7;
    %jmp T_4.11;
T_4.1 ;
    %pushi/vec4 6, 0, 7;
    %store/vec4 v0x55b8120883d0_0, 0, 7;
    %jmp T_4.11;
T_4.2 ;
    %pushi/vec4 91, 0, 7;
    %store/vec4 v0x55b8120883d0_0, 0, 7;
    %jmp T_4.11;
T_4.3 ;
    %pushi/vec4 79, 0, 7;
    %store/vec4 v0x55b8120883d0_0, 0, 7;
    %jmp T_4.11;
T_4.4 ;
    %pushi/vec4 102, 0, 7;
    %store/vec4 v0x55b8120883d0_0, 0, 7;
    %jmp T_4.11;
T_4.5 ;
    %pushi/vec4 109, 0, 7;
    %store/vec4 v0x55b8120883d0_0, 0, 7;
    %jmp T_4.11;
T_4.6 ;
    %pushi/vec4 125, 0, 7;
    %store/vec4 v0x55b8120883d0_0, 0, 7;
    %jmp T_4.11;
T_4.7 ;
    %pushi/vec4 7, 0, 7;
    %store/vec4 v0x55b8120883d0_0, 0, 7;
    %jmp T_4.11;
T_4.8 ;
    %pushi/vec4 127, 0, 7;
    %store/vec4 v0x55b8120883d0_0, 0, 7;
    %jmp T_4.11;
T_4.9 ;
    %pushi/vec4 111, 0, 7;
    %store/vec4 v0x55b8120883d0_0, 0, 7;
    %jmp T_4.11;
T_4.11 ;
    %pop/vec4 1;
    %jmp T_4;
    .thread T_4, $push;
    .scope S_0x55b812087c70;
T_5 ;
    %wait E_0x55b8120579e0;
    %load/vec4 v0x55b812088070_0;
    %dup/vec4;
    %pushi/vec4 0, 0, 4;
    %cmp/u;
    %jmp/1 T_5.0, 6;
    %dup/vec4;
    %pushi/vec4 1, 0, 4;
    %cmp/u;
    %jmp/1 T_5.1, 6;
    %dup/vec4;
    %pushi/vec4 2, 0, 4;
    %cmp/u;
    %jmp/1 T_5.2, 6;
    %dup/vec4;
    %pushi/vec4 3, 0, 4;
    %cmp/u;
    %jmp/1 T_5.3, 6;
    %dup/vec4;
    %pushi/vec4 4, 0, 4;
    %cmp/u;
    %jmp/1 T_5.4, 6;
    %dup/vec4;
    %pushi/vec4 5, 0, 4;
    %cmp/u;
    %jmp/1 T_5.5, 6;
    %dup/vec4;
    %pushi/vec4 6, 0, 4;
    %cmp/u;
    %jmp/1 T_5.6, 6;
    %dup/vec4;
    %pushi/vec4 7, 0, 4;
    %cmp/u;
    %jmp/1 T_5.7, 6;
    %dup/vec4;
    %pushi/vec4 8, 0, 4;
    %cmp/u;
    %jmp/1 T_5.8, 6;
    %dup/vec4;
    %pushi/vec4 9, 0, 4;
    %cmp/u;
    %jmp/1 T_5.9, 6;
    %pushi/vec4 0, 0, 7;
    %store/vec4 v0x55b812087e90_0, 0, 7;
    %jmp T_5.11;
T_5.0 ;
    %pushi/vec4 63, 0, 7;
    %store/vec4 v0x55b812087e90_0, 0, 7;
    %jmp T_5.11;
T_5.1 ;
    %pushi/vec4 6, 0, 7;
    %store/vec4 v0x55b812087e90_0, 0, 7;
    %jmp T_5.11;
T_5.2 ;
    %pushi/vec4 91, 0, 7;
    %store/vec4 v0x55b812087e90_0, 0, 7;
    %jmp T_5.11;
T_5.3 ;
    %pushi/vec4 79, 0, 7;
    %store/vec4 v0x55b812087e90_0, 0, 7;
    %jmp T_5.11;
T_5.4 ;
    %pushi/vec4 102, 0, 7;
    %store/vec4 v0x55b812087e90_0, 0, 7;
    %jmp T_5.11;
T_5.5 ;
    %pushi/vec4 109, 0, 7;
    %store/vec4 v0x55b812087e90_0, 0, 7;
    %jmp T_5.11;
T_5.6 ;
    %pushi/vec4 125, 0, 7;
    %store/vec4 v0x55b812087e90_0, 0, 7;
    %jmp T_5.11;
T_5.7 ;
    %pushi/vec4 7, 0, 7;
    %store/vec4 v0x55b812087e90_0, 0, 7;
    %jmp T_5.11;
T_5.8 ;
    %pushi/vec4 127, 0, 7;
    %store/vec4 v0x55b812087e90_0, 0, 7;
    %jmp T_5.11;
T_5.9 ;
    %pushi/vec4 111, 0, 7;
    %store/vec4 v0x55b812087e90_0, 0, 7;
    %jmp T_5.11;
T_5.11 ;
    %pop/vec4 1;
    %jmp T_5;
    .thread T_5, $push;
    .scope S_0x55b812025f50;
T_6 ;
    %wait E_0x55b812048e80;
    %load/vec4 v0x55b812087b50_0;
    %dup/vec4;
    %pushi/vec4 0, 0, 4;
    %cmp/u;
    %jmp/1 T_6.0, 6;
    %dup/vec4;
    %pushi/vec4 1, 0, 4;
    %cmp/u;
    %jmp/1 T_6.1, 6;
    %dup/vec4;
    %pushi/vec4 2, 0, 4;
    %cmp/u;
    %jmp/1 T_6.2, 6;
    %dup/vec4;
    %pushi/vec4 3, 0, 4;
    %cmp/u;
    %jmp/1 T_6.3, 6;
    %dup/vec4;
    %pushi/vec4 4, 0, 4;
    %cmp/u;
    %jmp/1 T_6.4, 6;
    %dup/vec4;
    %pushi/vec4 5, 0, 4;
    %cmp/u;
    %jmp/1 T_6.5, 6;
    %dup/vec4;
    %pushi/vec4 6, 0, 4;
    %cmp/u;
    %jmp/1 T_6.6, 6;
    %dup/vec4;
    %pushi/vec4 7, 0, 4;
    %cmp/u;
    %jmp/1 T_6.7, 6;
    %dup/vec4;
    %pushi/vec4 8, 0, 4;
    %cmp/u;
    %jmp/1 T_6.8, 6;
    %dup/vec4;
    %pushi/vec4 9, 0, 4;
    %cmp/u;
    %jmp/1 T_6.9, 6;
    %pushi/vec4 0, 0, 7;
    %store/vec4 v0x55b812067f00_0, 0, 7;
    %jmp T_6.11;
T_6.0 ;
    %pushi/vec4 63, 0, 7;
    %store/vec4 v0x55b812067f00_0, 0, 7;
    %jmp T_6.11;
T_6.1 ;
    %pushi/vec4 6, 0, 7;
    %store/vec4 v0x55b812067f00_0, 0, 7;
    %jmp T_6.11;
T_6.2 ;
    %pushi/vec4 91, 0, 7;
    %store/vec4 v0x55b812067f00_0, 0, 7;
    %jmp T_6.11;
T_6.3 ;
    %pushi/vec4 79, 0, 7;
    %store/vec4 v0x55b812067f00_0, 0, 7;
    %jmp T_6.11;
T_6.4 ;
    %pushi/vec4 102, 0, 7;
    %store/vec4 v0x55b812067f00_0, 0, 7;
    %jmp T_6.11;
T_6.5 ;
    %pushi/vec4 109, 0, 7;
    %store/vec4 v0x55b812067f00_0, 0, 7;
    %jmp T_6.11;
T_6.6 ;
    %pushi/vec4 125, 0, 7;
    %store/vec4 v0x55b812067f00_0, 0, 7;
    %jmp T_6.11;
T_6.7 ;
    %pushi/vec4 7, 0, 7;
    %store/vec4 v0x55b812067f00_0, 0, 7;
    %jmp T_6.11;
T_6.8 ;
    %pushi/vec4 127, 0, 7;
    %store/vec4 v0x55b812067f00_0, 0, 7;
    %jmp T_6.11;
T_6.9 ;
    %pushi/vec4 111, 0, 7;
    %store/vec4 v0x55b812067f00_0, 0, 7;
    %jmp T_6.11;
T_6.11 ;
    %pop/vec4 1;
    %jmp T_6;
    .thread T_6, $push;
    .scope S_0x55b812025cd0;
T_7 ;
    %wait E_0x55b812064070;
    %load/vec4 v0x55b81208a080_0;
    %flag_set/vec4 8;
    %jmp/0xz  T_7.0, 8;
    %pushi/vec4 0, 0, 32;
    %assign/vec4 v0x55b812089fa0_0, 0;
    %pushi/vec4 0, 0, 8;
    %assign/vec4 v0x55b81208a140_0, 0;
    %jmp T_7.1;
T_7.0 ;
    %load/vec4 v0x55b812089fa0_0;
    %pad/u 33;
    %cmpi/ne 9999999, 0, 33;
    %jmp/0xz  T_7.2, 4;
    %load/vec4 v0x55b812089fa0_0;
    %addi 1, 0, 32;
    %assign/vec4 v0x55b812089fa0_0, 0;
    %jmp T_7.3;
T_7.2 ;
    %pushi/vec4 0, 0, 32;
    %assign/vec4 v0x55b812089fa0_0, 0;
    %load/vec4 v0x55b81208a140_0;
    %pad/u 32;
    %cmpi/ne 59, 0, 32;
    %jmp/0xz  T_7.4, 4;
    %load/vec4 v0x55b81208a140_0;
    %addi 1, 0, 8;
    %assign/vec4 v0x55b81208a140_0, 0;
    %jmp T_7.5;
T_7.4 ;
    %pushi/vec4 0, 0, 8;
    %assign/vec4 v0x55b81208a140_0, 0;
T_7.5 ;
T_7.3 ;
T_7.1 ;
    %jmp T_7;
    .thread T_7;
# The file index is used to find the file name in the following table.
:file_names 5;
    "N/A";
    "<interactive>";
    "clk.v";
    "./dec.v";
    "./bcd.v";
