#! /usr/bin/vvp
:ivl_version "10.3 (stable)" "(v10_3)";
:ivl_delay_selection "TYPICAL";
:vpi_time_precision + 0;
:vpi_module "system";
:vpi_module "vhdl_sys";
:vpi_module "v2005_math";
:vpi_module "va_math";
S_0x56410d3305e0 .scope module, "test" "test" 2 3;
 .timescale 0 0;
v0x56410d345b00 .array "all", 0 19, 0 0;
v0x56410d345bc0_0 .var "clk", 0 0;
v0x56410d345c80_0 .var "data", 0 0;
v0x56410d345d20_0 .var/i "i", 31 0;
v0x56410d345dc0_0 .net "res", 0 0, L_0x56410d345f80;  1 drivers
v0x56410d345eb0_0 .var "reset", 0 0;
E_0x56410d329490 .event posedge, v0x56410d2f40e0_0;
S_0x56410d330760 .scope module, "u" "seqdet_mealy" 2 9, 3 1 0, S_0x56410d3305e0;
 .timescale 0 0;
    .port_info 0 /INPUT 1 "clk"
    .port_info 1 /INPUT 1 "reset"
    .port_info 2 /INPUT 1 "data"
    .port_info 3 /OUTPUT 1 "res"
L_0x56410d345f80 .functor BUFZ 1, v0x56410d3457d0_0, C4<0>, C4<0>, C4<0>;
v0x56410d2f40e0_0 .net "clk", 0 0, v0x56410d345bc0_0;  1 drivers
v0x56410d345670_0 .net "data", 0 0, v0x56410d345c80_0;  1 drivers
v0x56410d345730_0 .net "res", 0 0, L_0x56410d345f80;  alias, 1 drivers
v0x56410d3457d0_0 .var "res_reg", 0 0;
v0x56410d345890_0 .net "reset", 0 0, v0x56410d345eb0_0;  1 drivers
v0x56410d3459a0_0 .var "status", 3 0;
E_0x56410d3295a0/0 .event edge, v0x56410d345890_0;
E_0x56410d3295a0/1 .event posedge, v0x56410d2f40e0_0;
E_0x56410d3295a0 .event/or E_0x56410d3295a0/0, E_0x56410d3295a0/1;
    .scope S_0x56410d330760;
T_0 ;
    %wait E_0x56410d3295a0;
    %load/vec4 v0x56410d345890_0;
    %flag_set/vec4 8;
    %jmp/0xz  T_0.0, 8;
    %pushi/vec4 0, 0, 4;
    %assign/vec4 v0x56410d3459a0_0, 0;
    %pushi/vec4 0, 0, 1;
    %assign/vec4 v0x56410d3457d0_0, 0;
    %jmp T_0.1;
T_0.0 ;
    %load/vec4 v0x56410d3459a0_0;
    %dup/vec4;
    %pushi/vec4 0, 0, 4;
    %cmp/u;
    %jmp/1 T_0.2, 6;
    %dup/vec4;
    %pushi/vec4 1, 0, 4;
    %cmp/u;
    %jmp/1 T_0.3, 6;
    %dup/vec4;
    %pushi/vec4 2, 0, 4;
    %cmp/u;
    %jmp/1 T_0.4, 6;
    %dup/vec4;
    %pushi/vec4 3, 0, 4;
    %cmp/u;
    %jmp/1 T_0.5, 6;
    %dup/vec4;
    %pushi/vec4 4, 0, 4;
    %cmp/u;
    %jmp/1 T_0.6, 6;
    %pushi/vec4 0, 0, 4;
    %assign/vec4 v0x56410d3459a0_0, 0;
    %pushi/vec4 0, 0, 1;
    %assign/vec4 v0x56410d3457d0_0, 0;
    %jmp T_0.8;
T_0.2 ;
    %load/vec4 v0x56410d345670_0;
    %pad/u 32;
    %cmpi/e 1, 0, 32;
    %jmp/0xz  T_0.9, 4;
    %pushi/vec4 1, 0, 4;
    %assign/vec4 v0x56410d3459a0_0, 0;
    %jmp T_0.10;
T_0.9 ;
    %pushi/vec4 0, 0, 4;
    %assign/vec4 v0x56410d3459a0_0, 0;
    %pushi/vec4 0, 0, 1;
    %assign/vec4 v0x56410d3457d0_0, 0;
T_0.10 ;
    %jmp T_0.8;
T_0.3 ;
    %load/vec4 v0x56410d345670_0;
    %pad/u 32;
    %cmpi/e 1, 0, 32;
    %jmp/0xz  T_0.11, 4;
    %pushi/vec4 1, 0, 4;
    %assign/vec4 v0x56410d3459a0_0, 0;
    %pushi/vec4 0, 0, 1;
    %assign/vec4 v0x56410d3457d0_0, 0;
    %jmp T_0.12;
T_0.11 ;
    %pushi/vec4 2, 0, 4;
    %assign/vec4 v0x56410d3459a0_0, 0;
    %pushi/vec4 0, 0, 1;
    %assign/vec4 v0x56410d3457d0_0, 0;
T_0.12 ;
    %jmp T_0.8;
T_0.4 ;
    %load/vec4 v0x56410d345670_0;
    %pad/u 32;
    %cmpi/e 1, 0, 32;
    %jmp/0xz  T_0.13, 4;
    %pushi/vec4 1, 0, 4;
    %assign/vec4 v0x56410d3459a0_0, 0;
    %pushi/vec4 0, 0, 1;
    %assign/vec4 v0x56410d3457d0_0, 0;
    %jmp T_0.14;
T_0.13 ;
    %pushi/vec4 3, 0, 4;
    %assign/vec4 v0x56410d3459a0_0, 0;
    %pushi/vec4 0, 0, 1;
    %assign/vec4 v0x56410d3457d0_0, 0;
T_0.14 ;
    %jmp T_0.8;
T_0.5 ;
    %load/vec4 v0x56410d345670_0;
    %pad/u 32;
    %cmpi/e 1, 0, 32;
    %jmp/0xz  T_0.15, 4;
    %pushi/vec4 4, 0, 4;
    %assign/vec4 v0x56410d3459a0_0, 0;
    %pushi/vec4 0, 0, 1;
    %assign/vec4 v0x56410d3457d0_0, 0;
    %jmp T_0.16;
T_0.15 ;
    %pushi/vec4 0, 0, 4;
    %assign/vec4 v0x56410d3459a0_0, 0;
    %pushi/vec4 0, 0, 1;
    %assign/vec4 v0x56410d3457d0_0, 0;
T_0.16 ;
    %jmp T_0.8;
T_0.6 ;
    %load/vec4 v0x56410d345670_0;
    %pad/u 32;
    %cmpi/e 1, 0, 32;
    %jmp/0xz  T_0.17, 4;
    %pushi/vec4 1, 0, 4;
    %assign/vec4 v0x56410d3459a0_0, 0;
    %pushi/vec4 0, 0, 1;
    %assign/vec4 v0x56410d3457d0_0, 0;
    %jmp T_0.18;
T_0.17 ;
    %pushi/vec4 2, 0, 4;
    %assign/vec4 v0x56410d3459a0_0, 0;
    %pushi/vec4 1, 0, 1;
    %assign/vec4 v0x56410d3457d0_0, 0;
T_0.18 ;
    %jmp T_0.8;
T_0.8 ;
    %pop/vec4 1;
T_0.1 ;
    %jmp T_0;
    .thread T_0;
    .scope S_0x56410d3305e0;
T_1 ;
    %delay 1, 0;
    %load/vec4 v0x56410d345bc0_0;
    %inv;
    %store/vec4 v0x56410d345bc0_0, 0, 1;
    %jmp T_1;
    .thread T_1;
    .scope S_0x56410d3305e0;
T_2 ;
    %vpi_call 2 22 "$dumpfile", "test.vcd" {0 0 0};
    %vpi_call 2 23 "$dumpvars" {0 0 0};
    %pushi/vec4 1, 0, 1;
    %store/vec4 v0x56410d345eb0_0, 0, 1;
    %pushi/vec4 0, 0, 1;
    %store/vec4 v0x56410d345bc0_0, 0, 1;
    %delay 1, 0;
    %pushi/vec4 0, 0, 1;
    %store/vec4 v0x56410d345eb0_0, 0, 1;
    %delay 1, 0;
    %vpi_call 2 28 "$readmemb", "data.bin", v0x56410d345b00 {0 0 0};
    %pushi/vec4 0, 0, 32;
    %store/vec4 v0x56410d345d20_0, 0, 32;
T_2.0 ;
    %load/vec4 v0x56410d345d20_0;
    %cmpi/s 20, 0, 32;
    %jmp/0xz T_2.1, 5;
    %wait E_0x56410d329490;
    %ix/getv/s 4, v0x56410d345d20_0;
    %load/vec4a v0x56410d345b00, 4;
    %store/vec4 v0x56410d345c80_0, 0, 1;
    %load/vec4 v0x56410d345d20_0;
    %addi 1, 0, 32;
    %store/vec4 v0x56410d345d20_0, 0, 32;
    %jmp T_2.0;
T_2.1 ;
    %delay 2, 0;
    %vpi_call 2 33 "$finish" {0 0 0};
    %end;
    .thread T_2;
# The file index is used to find the file name in the following table.
:file_names 4;
    "N/A";
    "<interactive>";
    "mealy_tb.v";
    "./mealy.v";
