#! /usr/bin/vvp
:ivl_version "10.3 (stable)" "(v10_3)";
:ivl_delay_selection "TYPICAL";
:vpi_time_precision + 0;
:vpi_module "system";
:vpi_module "vhdl_sys";
:vpi_module "v2005_math";
:vpi_module "va_math";
S_0x560377747010 .scope module, "seqdet_mealy" "seqdet_mealy" 2 1;
 .timescale 0 0;
    .port_info 0 /INPUT 1 "clk"
    .port_info 1 /INPUT 1 "reset"
    .port_info 2 /INPUT 1 "data"
    .port_info 3 /OUTPUT 1 "res"
L_0x5603777936d0 .functor BUFZ 1, v0x5603777933a0_0, C4<0>, C4<0>, C4<0>;
o0x7f70a0b85018 .functor BUFZ 1, C4<z>; HiZ drive
v0x560377747220_0 .net "clk", 0 0, o0x7f70a0b85018;  0 drivers
o0x7f70a0b85048 .functor BUFZ 1, C4<z>; HiZ drive
v0x560377793240_0 .net "data", 0 0, o0x7f70a0b85048;  0 drivers
v0x560377793300_0 .net "res", 0 0, L_0x5603777936d0;  1 drivers
v0x5603777933a0_0 .var "res_reg", 0 0;
o0x7f70a0b850d8 .functor BUFZ 1, C4<z>; HiZ drive
v0x560377793460_0 .net "reset", 0 0, o0x7f70a0b850d8;  0 drivers
v0x560377793570_0 .var "status", 3 0;
E_0x56037777c560/0 .event edge, v0x560377793460_0;
E_0x56037777c560/1 .event posedge, v0x560377747220_0;
E_0x56037777c560 .event/or E_0x56037777c560/0, E_0x56037777c560/1;
    .scope S_0x560377747010;
T_0 ;
    %wait E_0x56037777c560;
    %load/vec4 v0x560377793460_0;
    %flag_set/vec4 8;
    %jmp/0xz  T_0.0, 8;
    %pushi/vec4 0, 0, 4;
    %assign/vec4 v0x560377793570_0, 0;
    %pushi/vec4 0, 0, 1;
    %assign/vec4 v0x5603777933a0_0, 0;
    %jmp T_0.1;
T_0.0 ;
    %load/vec4 v0x560377793570_0;
    %dup/vec4;
    %pushi/vec4 0, 0, 4;
    %cmp/u;
    %jmp/1 T_0.2, 6;
    %dup/vec4;
    %pushi/vec4 1, 0, 4;
    %cmp/u;
    %jmp/1 T_0.3, 6;
    %dup/vec4;
    %pushi/vec4 2, 0, 4;
    %cmp/u;
    %jmp/1 T_0.4, 6;
    %dup/vec4;
    %pushi/vec4 3, 0, 4;
    %cmp/u;
    %jmp/1 T_0.5, 6;
    %dup/vec4;
    %pushi/vec4 4, 0, 4;
    %cmp/u;
    %jmp/1 T_0.6, 6;
    %pushi/vec4 0, 0, 4;
    %assign/vec4 v0x560377793570_0, 0;
    %pushi/vec4 0, 0, 1;
    %assign/vec4 v0x5603777933a0_0, 0;
    %jmp T_0.8;
T_0.2 ;
    %load/vec4 v0x560377793240_0;
    %pad/u 32;
    %cmpi/e 1, 0, 32;
    %jmp/0xz  T_0.9, 4;
    %pushi/vec4 1, 0, 4;
    %assign/vec4 v0x560377793570_0, 0;
    %jmp T_0.10;
T_0.9 ;
    %pushi/vec4 0, 0, 4;
    %assign/vec4 v0x560377793570_0, 0;
    %pushi/vec4 0, 0, 1;
    %assign/vec4 v0x5603777933a0_0, 0;
T_0.10 ;
    %jmp T_0.8;
T_0.3 ;
    %load/vec4 v0x560377793240_0;
    %pad/u 32;
    %cmpi/e 1, 0, 32;
    %jmp/0xz  T_0.11, 4;
    %pushi/vec4 1, 0, 4;
    %assign/vec4 v0x560377793570_0, 0;
    %pushi/vec4 0, 0, 1;
    %assign/vec4 v0x5603777933a0_0, 0;
    %jmp T_0.12;
T_0.11 ;
    %pushi/vec4 2, 0, 4;
    %assign/vec4 v0x560377793570_0, 0;
    %pushi/vec4 0, 0, 1;
    %assign/vec4 v0x5603777933a0_0, 0;
T_0.12 ;
    %jmp T_0.8;
T_0.4 ;
    %load/vec4 v0x560377793240_0;
    %pad/u 32;
    %cmpi/e 1, 0, 32;
    %jmp/0xz  T_0.13, 4;
    %pushi/vec4 1, 0, 4;
    %assign/vec4 v0x560377793570_0, 0;
    %pushi/vec4 0, 0, 1;
    %assign/vec4 v0x5603777933a0_0, 0;
    %jmp T_0.14;
T_0.13 ;
    %pushi/vec4 3, 0, 4;
    %assign/vec4 v0x560377793570_0, 0;
    %pushi/vec4 0, 0, 1;
    %assign/vec4 v0x5603777933a0_0, 0;
T_0.14 ;
    %jmp T_0.8;
T_0.5 ;
    %load/vec4 v0x560377793240_0;
    %pad/u 32;
    %cmpi/e 1, 0, 32;
    %jmp/0xz  T_0.15, 4;
    %pushi/vec4 4, 0, 4;
    %assign/vec4 v0x560377793570_0, 0;
    %pushi/vec4 0, 0, 1;
    %assign/vec4 v0x5603777933a0_0, 0;
    %jmp T_0.16;
T_0.15 ;
    %pushi/vec4 0, 0, 4;
    %assign/vec4 v0x560377793570_0, 0;
    %pushi/vec4 0, 0, 1;
    %assign/vec4 v0x5603777933a0_0, 0;
T_0.16 ;
    %jmp T_0.8;
T_0.6 ;
    %load/vec4 v0x560377793240_0;
    %pad/u 32;
    %cmpi/e 1, 0, 32;
    %jmp/0xz  T_0.17, 4;
    %pushi/vec4 1, 0, 4;
    %assign/vec4 v0x560377793570_0, 0;
    %pushi/vec4 0, 0, 1;
    %assign/vec4 v0x5603777933a0_0, 0;
    %jmp T_0.18;
T_0.17 ;
    %pushi/vec4 2, 0, 4;
    %assign/vec4 v0x560377793570_0, 0;
    %pushi/vec4 1, 0, 1;
    %assign/vec4 v0x5603777933a0_0, 0;
T_0.18 ;
    %jmp T_0.8;
T_0.8 ;
    %pop/vec4 1;
T_0.1 ;
    %jmp T_0;
    .thread T_0;
# The file index is used to find the file name in the following table.
:file_names 3;
    "N/A";
    "<interactive>";
    "mealy.v";
