#! /usr/bin/vvp
:ivl_version "11.0 (stable)" "(v11_0)";
:ivl_delay_selection "TYPICAL";
:vpi_time_precision + 0;
:vpi_module "/usr/lib/ivl/system.vpi";
:vpi_module "/usr/lib/ivl/vhdl_sys.vpi";
:vpi_module "/usr/lib/ivl/vhdl_textio.vpi";
:vpi_module "/usr/lib/ivl/v2005_math.vpi";
:vpi_module "/usr/lib/ivl/va_math.vpi";
S_0x563c3fa0bcd0 .scope module, "led" "led" 2 5;
 .timescale 0 0;
    .port_info 0 /INPUT 1 "CLOCK_50";
    .port_info 1 /INPUT 2 "SW";
    .port_info 2 /INPUT 1 "KEY";
    .port_info 3 /OUTPUT 10 "LEDR";
o0x7fe146a9c168 .functor BUFZ 1, C4<z>; HiZ drive
L_0x563c3fa67160 .functor BUFZ 1, o0x7fe146a9c168, C4<0>, C4<0>, C4<0>;
L_0x563c3fa673e0 .functor OR 10, v0x563c3fa66ca0_0, v0x563c3fa66d80_0, C4<0000000000>, C4<0000000000>;
o0x7fe146a9c018 .functor BUFZ 1, C4<z>; HiZ drive
v0x563c3fa666d0_0 .net "CLOCK_50", 0 0, o0x7fe146a9c018;  0 drivers
v0x563c3fa667a0_0 .net "KEY", 2 2, o0x7fe146a9c168;  0 drivers
v0x563c3fa66860_0 .net "LEDR", 9 0, L_0x563c3fa673e0;  1 drivers
o0x7fe146a9c1c8 .functor BUFZ 2, C4<zz>; HiZ drive
v0x563c3fa66950_0 .net "SW", 17 16, o0x7fe146a9c1c8;  0 drivers
v0x563c3fa66a30_0 .net "clk", 0 0, v0x563c3fa66590_0;  1 drivers
v0x563c3fa66b20_0 .var "cnt", 1 0;
v0x563c3fa66be0_0 .net "en", 0 0, L_0x563c3fa672c0;  1 drivers
v0x563c3fa66ca0_0 .var "f_0_to_9", 9 0;
v0x563c3fa66d80_0 .var "f_9_to_0", 9 0;
v0x563c3fa66e60_0 .net "push", 0 0, L_0x563c3fa67160;  1 drivers
v0x563c3fa66f20_0 .net "reset", 0 0, L_0x563c3fa67220;  1 drivers
v0x563c3fa66ff0_0 .var "timer", 3 0;
E_0x563c3fa48010 .event posedge, v0x563c3fa664f0_0, v0x563c3fa66590_0;
L_0x563c3fa67220 .part o0x7fe146a9c1c8, 1, 1;
L_0x563c3fa672c0 .part o0x7fe146a9c1c8, 0, 1;
S_0x563c3fa0bed0 .scope module, "u_tik" "tiks" 2 21, 3 1 0, S_0x563c3fa0bcd0;
 .timescale 0 0;
    .port_info 0 /INPUT 1 "CLOCK_50";
    .port_info 1 /INPUT 1 "reset";
    .port_info 2 /OUTPUT 1 "tik";
P_0x563c3fa0cf30 .param/l "BASE" 0 3 3, +C4<00000010111110101111000010000000>;
P_0x563c3fa0cf70 .param/l "CNT_MAX" 0 3 11, +C4<000000000010011000100101100111111>;
P_0x563c3fa0cfb0 .param/l "M" 0 3 2, +C4<00000000000000000000000000000101>;
v0x563c3fa38370_0 .net "CLOCK_50", 0 0, o0x7fe146a9c018;  alias, 0 drivers
v0x563c3fa66410_0 .var "cnt", 31 0;
v0x563c3fa664f0_0 .net "reset", 0 0, L_0x563c3fa67220;  alias, 1 drivers
v0x563c3fa66590_0 .var "tik", 0 0;
E_0x563c3fa49c40 .event posedge, v0x563c3fa664f0_0, v0x563c3fa38370_0;
    .scope S_0x563c3fa0bed0;
T_0 ;
    %wait E_0x563c3fa49c40;
    %load/vec4 v0x563c3fa664f0_0;
    %flag_set/vec4 8;
    %jmp/0xz  T_0.0, 8;
    %pushi/vec4 0, 0, 32;
    %assign/vec4 v0x563c3fa66410_0, 0;
    %pushi/vec4 0, 0, 1;
    %assign/vec4 v0x563c3fa66590_0, 0;
    %jmp T_0.1;
T_0.0 ;
    %load/vec4 v0x563c3fa66410_0;
    %pad/u 33;
    %cmpi/ne 4999999, 0, 33;
    %jmp/0xz  T_0.2, 4;
    %load/vec4 v0x563c3fa66410_0;
    %addi 1, 0, 32;
    %assign/vec4 v0x563c3fa66410_0, 0;
    %jmp T_0.3;
T_0.2 ;
    %pushi/vec4 0, 0, 32;
    %assign/vec4 v0x563c3fa66410_0, 0;
    %load/vec4 v0x563c3fa66590_0;
    %inv;
    %assign/vec4 v0x563c3fa66590_0, 0;
T_0.3 ;
T_0.1 ;
    %jmp T_0;
    .thread T_0;
    .scope S_0x563c3fa0bcd0;
T_1 ;
    %wait E_0x563c3fa48010;
    %load/vec4 v0x563c3fa66f20_0;
    %flag_set/vec4 8;
    %jmp/0xz  T_1.0, 8;
    %pushi/vec4 0, 0, 10;
    %assign/vec4 v0x563c3fa66ca0_0, 0;
    %pushi/vec4 0, 0, 10;
    %assign/vec4 v0x563c3fa66d80_0, 0;
    %pushi/vec4 0, 0, 2;
    %assign/vec4 v0x563c3fa66b20_0, 0;
    %pushi/vec4 0, 0, 4;
    %assign/vec4 v0x563c3fa66ff0_0, 0;
    %jmp T_1.1;
T_1.0 ;
    %load/vec4 v0x563c3fa66be0_0;
    %nor/r;
    %flag_set/vec4 8;
    %jmp/0xz  T_1.2, 8;
    %pushi/vec4 0, 0, 10;
    %assign/vec4 v0x563c3fa66ca0_0, 0;
    %pushi/vec4 0, 0, 10;
    %assign/vec4 v0x563c3fa66d80_0, 0;
    %pushi/vec4 0, 0, 2;
    %assign/vec4 v0x563c3fa66b20_0, 0;
    %pushi/vec4 0, 0, 4;
    %assign/vec4 v0x563c3fa66ff0_0, 0;
    %jmp T_1.3;
T_1.2 ;
    %load/vec4 v0x563c3fa66e60_0;
    %flag_set/vec4 8;
    %jmp/0xz  T_1.4, 8;
    %load/vec4 v0x563c3fa66b20_0;
    %addi 1, 0, 2;
    %assign/vec4 v0x563c3fa66b20_0, 0;
    %load/vec4 v0x563c3fa66b20_0;
    %pad/u 32;
    %addi 1, 0, 32;
    %dup/vec4;
    %pushi/vec4 1, 0, 32;
    %cmp/u;
    %jmp/1 T_1.6, 6;
    %dup/vec4;
    %pushi/vec4 2, 0, 32;
    %cmp/u;
    %jmp/1 T_1.7, 6;
    %dup/vec4;
    %pushi/vec4 3, 0, 32;
    %cmp/u;
    %jmp/1 T_1.8, 6;
    %pushi/vec4 0, 0, 10;
    %assign/vec4 v0x563c3fa66ca0_0, 0;
    %pushi/vec4 0, 0, 10;
    %assign/vec4 v0x563c3fa66d80_0, 0;
    %jmp T_1.10;
T_1.6 ;
    %pushi/vec4 1, 0, 10;
    %assign/vec4 v0x563c3fa66ca0_0, 0;
    %pushi/vec4 0, 0, 10;
    %assign/vec4 v0x563c3fa66d80_0, 0;
    %jmp T_1.10;
T_1.7 ;
    %pushi/vec4 512, 0, 10;
    %assign/vec4 v0x563c3fa66ca0_0, 0;
    %pushi/vec4 256, 0, 10;
    %assign/vec4 v0x563c3fa66d80_0, 0;
    %jmp T_1.10;
T_1.8 ;
    %pushi/vec4 1, 0, 10;
    %assign/vec4 v0x563c3fa66ca0_0, 0;
    %pushi/vec4 512, 0, 10;
    %assign/vec4 v0x563c3fa66d80_0, 0;
    %jmp T_1.10;
T_1.10 ;
    %pop/vec4 1;
    %jmp T_1.5;
T_1.4 ;
    %load/vec4 v0x563c3fa66b20_0;
    %dup/vec4;
    %pushi/vec4 1, 0, 2;
    %cmp/u;
    %jmp/1 T_1.11, 6;
    %dup/vec4;
    %pushi/vec4 2, 0, 2;
    %cmp/u;
    %jmp/1 T_1.12, 6;
    %dup/vec4;
    %pushi/vec4 3, 0, 2;
    %cmp/u;
    %jmp/1 T_1.13, 6;
    %pushi/vec4 0, 0, 10;
    %assign/vec4 v0x563c3fa66ca0_0, 0;
    %pushi/vec4 0, 0, 10;
    %assign/vec4 v0x563c3fa66d80_0, 0;
    %jmp T_1.15;
T_1.11 ;
    %pushi/vec4 0, 0, 10;
    %assign/vec4 v0x563c3fa66d80_0, 0;
    %load/vec4 v0x563c3fa66ca0_0;
    %parti/s 9, 0, 2;
    %load/vec4 v0x563c3fa66ca0_0;
    %parti/s 1, 9, 5;
    %concat/vec4; draw_concat_vec4
    %assign/vec4 v0x563c3fa66ca0_0, 0;
    %jmp T_1.15;
T_1.12 ;
    %load/vec4 v0x563c3fa66ca0_0;
    %parti/s 1, 0, 2;
    %load/vec4 v0x563c3fa66ca0_0;
    %parti/s 9, 1, 2;
    %concat/vec4; draw_concat_vec4
    %assign/vec4 v0x563c3fa66ca0_0, 0;
    %load/vec4 v0x563c3fa66d80_0;
    %parti/s 1, 0, 2;
    %load/vec4 v0x563c3fa66d80_0;
    %parti/s 9, 1, 2;
    %concat/vec4; draw_concat_vec4
    %assign/vec4 v0x563c3fa66d80_0, 0;
    %jmp T_1.15;
T_1.13 ;
    %load/vec4 v0x563c3fa66ca0_0;
    %parti/s 9, 0, 2;
    %load/vec4 v0x563c3fa66ca0_0;
    %parti/s 1, 9, 5;
    %concat/vec4; draw_concat_vec4
    %assign/vec4 v0x563c3fa66ca0_0, 0;
    %load/vec4 v0x563c3fa66d80_0;
    %parti/s 1, 0, 2;
    %load/vec4 v0x563c3fa66d80_0;
    %parti/s 9, 1, 2;
    %concat/vec4; draw_concat_vec4
    %assign/vec4 v0x563c3fa66d80_0, 0;
    %jmp T_1.15;
T_1.15 ;
    %pop/vec4 1;
T_1.5 ;
T_1.3 ;
T_1.1 ;
    %jmp T_1;
    .thread T_1;
# The file index is used to find the file name in the following table.
:file_names 4;
    "N/A";
    "<interactive>";
    "led.v";
    "./tik.v";
