#! /usr/bin/vvp
:ivl_version "11.0 (stable)" "(v11_0)";
:ivl_delay_selection "TYPICAL";
:vpi_time_precision + 0;
:vpi_module "/usr/lib/ivl/system.vpi";
:vpi_module "/usr/lib/ivl/vhdl_sys.vpi";
:vpi_module "/usr/lib/ivl/vhdl_textio.vpi";
:vpi_module "/usr/lib/ivl/v2005_math.vpi";
:vpi_module "/usr/lib/ivl/va_math.vpi";
S_0x55cb886d9c70 .scope module, "test" "test" 2 2;
 .timescale 0 0;
v0x55cb886ed970_0 .var "clk", 0 0;
v0x55cb886eda30_0 .var "read", 0 0;
v0x55cb886edb00_0 .var "reset", 0 0;
v0x55cb886edc00_0 .var "sig", 0 0;
v0x55cb886edcd0_0 .net "valid", 0 0, v0x55cb886ed810_0;  1 drivers
S_0x55cb886d9e00 .scope module, "u" "sync" 2 8, 3 1 0, S_0x55cb886d9c70;
 .timescale 0 0;
    .port_info 0 /INPUT 1 "clk";
    .port_info 1 /INPUT 1 "reset";
    .port_info 2 /INPUT 1 "read";
    .port_info 3 /INPUT 1 "sig";
    .port_info 4 /OUTPUT 1 "valid";
v0x55cb886da000_0 .net "clk", 0 0, v0x55cb886ed970_0;  1 drivers
v0x55cb886ed4e0_0 .net "read", 0 0, v0x55cb886eda30_0;  1 drivers
v0x55cb886ed5a0_0 .net "reset", 0 0, v0x55cb886edb00_0;  1 drivers
v0x55cb886ed640_0 .net "sig", 0 0, v0x55cb886edc00_0;  1 drivers
v0x55cb886ed700_0 .var "sig_buf", 0 0;
v0x55cb886ed810_0 .var "valid", 0 0;
E_0x55cb886d6450 .event posedge, v0x55cb886ed5a0_0, v0x55cb886da000_0;
E_0x55cb886d6280 .event edge, v0x55cb886ed810_0, v0x55cb886ed640_0;
    .scope S_0x55cb886d9e00;
T_0 ;
    %wait E_0x55cb886d6280;
    %load/vec4 v0x55cb886ed810_0;
    %flag_set/vec4 8;
    %jmp/0xz  T_0.0, 8;
    %pushi/vec4 0, 0, 1;
    %store/vec4 v0x55cb886ed700_0, 0, 1;
    %jmp T_0.1;
T_0.0 ;
    %load/vec4 v0x55cb886ed640_0;
    %store/vec4 v0x55cb886ed700_0, 0, 1;
T_0.1 ;
    %jmp T_0;
    .thread T_0, $push;
    .scope S_0x55cb886d9e00;
T_1 ;
    %wait E_0x55cb886d6450;
    %load/vec4 v0x55cb886ed5a0_0;
    %flag_set/vec4 8;
    %jmp/0xz  T_1.0, 8;
    %pushi/vec4 0, 0, 1;
    %assign/vec4 v0x55cb886ed810_0, 0;
    %jmp T_1.1;
T_1.0 ;
    %load/vec4 v0x55cb886ed810_0;
    %flag_set/vec4 8;
    %jmp/0xz  T_1.2, 8;
    %load/vec4 v0x55cb886ed4e0_0;
    %flag_set/vec4 8;
    %jmp/0xz  T_1.4, 8;
    %pushi/vec4 0, 0, 1;
    %assign/vec4 v0x55cb886ed810_0, 0;
    %jmp T_1.5;
T_1.4 ;
    %load/vec4 v0x55cb886ed810_0;
    %assign/vec4 v0x55cb886ed810_0, 0;
T_1.5 ;
    %jmp T_1.3;
T_1.2 ;
    %load/vec4 v0x55cb886ed700_0;
    %pad/u 32;
    %cmpi/e 1, 0, 32;
    %jmp/0xz  T_1.6, 4;
    %pushi/vec4 1, 0, 1;
    %assign/vec4 v0x55cb886ed810_0, 0;
    %jmp T_1.7;
T_1.6 ;
    %pushi/vec4 0, 0, 1;
    %assign/vec4 v0x55cb886ed810_0, 0;
T_1.7 ;
T_1.3 ;
T_1.1 ;
    %jmp T_1;
    .thread T_1;
    .scope S_0x55cb886d9c70;
T_2 ;
    %delay 5, 0;
    %load/vec4 v0x55cb886ed970_0;
    %inv;
    %store/vec4 v0x55cb886ed970_0, 0, 1;
    %jmp T_2;
    .thread T_2;
    .scope S_0x55cb886d9c70;
T_3 ;
    %vpi_call 2 19 "$dumpfile", "test.vcd" {0 0 0};
    %vpi_call 2 20 "$dumpvars" {0 0 0};
    %pushi/vec4 0, 0, 1;
    %store/vec4 v0x55cb886ed970_0, 0, 1;
    %pushi/vec4 0, 0, 1;
    %store/vec4 v0x55cb886edb00_0, 0, 1;
    %pushi/vec4 0, 0, 1;
    %store/vec4 v0x55cb886eda30_0, 0, 1;
    %delay 1, 0;
    %pushi/vec4 1, 0, 1;
    %store/vec4 v0x55cb886edb00_0, 0, 1;
    %delay 1, 0;
    %pushi/vec4 0, 0, 1;
    %store/vec4 v0x55cb886edb00_0, 0, 1;
    %delay 23, 0;
    %pushi/vec4 1, 0, 1;
    %store/vec4 v0x55cb886edc00_0, 0, 1;
    %delay 2, 0;
    %pushi/vec4 0, 0, 1;
    %store/vec4 v0x55cb886edc00_0, 0, 1;
    %delay 30, 0;
    %pushi/vec4 1, 0, 1;
    %store/vec4 v0x55cb886eda30_0, 0, 1;
    %delay 10, 0;
    %pushi/vec4 0, 0, 1;
    %store/vec4 v0x55cb886eda30_0, 0, 1;
    %delay 200, 0;
    %vpi_call 2 30 "$finish" {0 0 0};
    %end;
    .thread T_3;
# The file index is used to find the file name in the following table.
:file_names 4;
    "N/A";
    "<interactive>";
    "sync_tb.v";
    "./sync.v";
