#! /usr/bin/vvp
:ivl_version "11.0 (stable)" "(v11_0)";
:ivl_delay_selection "TYPICAL";
:vpi_time_precision + 0;
:vpi_module "/usr/lib/ivl/system.vpi";
:vpi_module "/usr/lib/ivl/vhdl_sys.vpi";
:vpi_module "/usr/lib/ivl/vhdl_textio.vpi";
:vpi_module "/usr/lib/ivl/v2005_math.vpi";
:vpi_module "/usr/lib/ivl/va_math.vpi";
S_0x5567d4dcf280 .scope module, "shift" "shift" 2 2;
 .timescale 0 0;
    .port_info 0 /INPUT 18 "SW";
    .port_info 1 /INPUT 1 "KEY";
    .port_info 2 /OUTPUT 7 "HEX2";
    .port_info 3 /OUTPUT 7 "HEX1";
    .port_info 4 /OUTPUT 7 "HEX0";
P_0x5567d4dcf410 .param/l "M" 0 2 2, +C4<00000000000000000000000000001010>;
o0x7f57257d72e8 .functor BUFZ 1, C4<z>; HiZ drive
L_0x5567d4def630 .functor BUFZ 1, o0x7f57257d72e8, C4<0>, C4<0>, C4<0>;
v0x5567d4dedff0_0 .net "HEX0", 6 0, L_0x5567d4def7d0;  1 drivers
v0x5567d4dee0b0_0 .net "HEX1", 6 0, L_0x5567d4dffcb0;  1 drivers
v0x5567d4dee180_0 .net "HEX2", 6 0, L_0x5567d4e00300;  1 drivers
v0x5567d4dee280_0 .net "KEY", 0 0, o0x7f57257d72e8;  0 drivers
o0x7f57257d7318 .functor BUFZ 18, C4<zzzzzzzzzzzzzzzzzz>; HiZ drive
v0x5567d4dee320_0 .net "SW", 17 0, o0x7f57257d7318;  0 drivers
L_0x7f572578e060 .functor BUFT 1, C4<00000000000000000000000000001010>, C4<0>, C4<0>, C4<0>;
v0x5567d4dee450_0 .net/2u *"_ivl_10", 31 0, L_0x7f572578e060;  1 drivers
v0x5567d4dee530_0 .net *"_ivl_12", 31 0, L_0x5567d4dffa20;  1 drivers
v0x5567d4dee610_0 .net *"_ivl_16", 31 0, L_0x5567d4dffd70;  1 drivers
L_0x7f572578e0a8 .functor BUFT 1, C4<000000000000000000000000>, C4<0>, C4<0>, C4<0>;
v0x5567d4dee6f0_0 .net *"_ivl_19", 23 0, L_0x7f572578e0a8;  1 drivers
L_0x7f572578e0f0 .functor BUFT 1, C4<00000000000000000000000001100100>, C4<0>, C4<0>, C4<0>;
v0x5567d4dee7d0_0 .net/2u *"_ivl_20", 31 0, L_0x7f572578e0f0;  1 drivers
v0x5567d4dee8b0_0 .net *"_ivl_22", 31 0, L_0x5567d4dffef0;  1 drivers
L_0x7f572578e138 .functor BUFT 1, C4<00000000000000000000000000001010>, C4<0>, C4<0>, C4<0>;
v0x5567d4dee990_0 .net/2u *"_ivl_24", 31 0, L_0x7f572578e138;  1 drivers
v0x5567d4deea70_0 .net *"_ivl_26", 31 0, L_0x5567d4e00080;  1 drivers
v0x5567d4deeb50_0 .net *"_ivl_30", 31 0, L_0x5567d4e003c0;  1 drivers
L_0x7f572578e180 .functor BUFT 1, C4<000000000000000000000000>, C4<0>, C4<0>, C4<0>;
v0x5567d4deec30_0 .net *"_ivl_33", 23 0, L_0x7f572578e180;  1 drivers
L_0x7f572578e1c8 .functor BUFT 1, C4<00000000000000000000000001100100>, C4<0>, C4<0>, C4<0>;
v0x5567d4deed10_0 .net/2u *"_ivl_34", 31 0, L_0x7f572578e1c8;  1 drivers
v0x5567d4deedf0_0 .net *"_ivl_36", 31 0, L_0x5567d4e004c0;  1 drivers
v0x5567d4deefe0_0 .net *"_ivl_6", 31 0, L_0x5567d4def890;  1 drivers
L_0x7f572578e018 .functor BUFT 1, C4<000000000000000000000000>, C4<0>, C4<0>, C4<0>;
v0x5567d4def0c0_0 .net *"_ivl_9", 23 0, L_0x7f572578e018;  1 drivers
v0x5567d4def1a0_0 .net "clk", 0 0, L_0x5567d4def630;  1 drivers
v0x5567d4def260_0 .var "cnt", 7 0;
v0x5567d4def340_0 .net "en", 0 0, L_0x5567d4def700;  1 drivers
v0x5567d4def400_0 .net "reset", 0 0, L_0x5567d4def560;  1 drivers
E_0x5567d4d95750 .event posedge, v0x5567d4def400_0, v0x5567d4def1a0_0;
L_0x5567d4def560 .part o0x7f57257d7318, 17, 1;
L_0x5567d4def700 .part o0x7f57257d7318, 17, 1;
L_0x5567d4def890 .concat [ 8 24 0 0], v0x5567d4def260_0, L_0x7f572578e018;
L_0x5567d4dffa20 .arith/mod 32, L_0x5567d4def890, L_0x7f572578e060;
L_0x5567d4dffbc0 .part L_0x5567d4dffa20, 0, 4;
L_0x5567d4dffd70 .concat [ 8 24 0 0], v0x5567d4def260_0, L_0x7f572578e0a8;
L_0x5567d4dffef0 .arith/mod 32, L_0x5567d4dffd70, L_0x7f572578e0f0;
L_0x5567d4e00080 .arith/div 32, L_0x5567d4dffef0, L_0x7f572578e138;
L_0x5567d4e00210 .part L_0x5567d4e00080, 0, 4;
L_0x5567d4e003c0 .concat [ 8 24 0 0], v0x5567d4def260_0, L_0x7f572578e180;
L_0x5567d4e004c0 .arith/div 32, L_0x5567d4e003c0, L_0x7f572578e1c8;
L_0x5567d4e00600 .part L_0x5567d4e004c0, 0, 4;
S_0x5567d4dcf4b0 .scope module, "u_0" "dec" 2 40, 3 1 0, S_0x5567d4dcf280;
 .timescale 0 0;
    .port_info 0 /INPUT 4 "SW";
    .port_info 1 /OUTPUT 7 "HEX0";
L_0x5567d4def7d0 .functor NOT 7, v0x5567d4dbc3c0_0, C4<0000000>, C4<0000000>, C4<0000000>;
v0x5567d4dbc3c0_0 .var "HEX", 6 0;
v0x5567d4ded390_0 .net "HEX0", 6 0, L_0x5567d4def7d0;  alias, 1 drivers
v0x5567d4ded470_0 .net "SW", 3 0, L_0x5567d4dffbc0;  1 drivers
E_0x5567d4db7e60 .event edge, v0x5567d4ded470_0;
S_0x5567d4ded590 .scope module, "u_1" "dec" 2 41, 3 1 0, S_0x5567d4dcf280;
 .timescale 0 0;
    .port_info 0 /INPUT 4 "SW";
    .port_info 1 /OUTPUT 7 "HEX0";
L_0x5567d4dffcb0 .functor NOT 7, v0x5567d4ded7b0_0, C4<0000000>, C4<0000000>, C4<0000000>;
v0x5567d4ded7b0_0 .var "HEX", 6 0;
v0x5567d4ded8b0_0 .net "HEX0", 6 0, L_0x5567d4dffcb0;  alias, 1 drivers
v0x5567d4ded990_0 .net "SW", 3 0, L_0x5567d4e00210;  1 drivers
E_0x5567d4dc5070 .event edge, v0x5567d4ded990_0;
S_0x5567d4dedab0 .scope module, "u_2" "dec" 2 42, 3 1 0, S_0x5567d4dcf280;
 .timescale 0 0;
    .port_info 0 /INPUT 4 "SW";
    .port_info 1 /OUTPUT 7 "HEX0";
L_0x5567d4e00300 .functor NOT 7, v0x5567d4dedcf0_0, C4<0000000>, C4<0000000>, C4<0000000>;
v0x5567d4dedcf0_0 .var "HEX", 6 0;
v0x5567d4deddf0_0 .net "HEX0", 6 0, L_0x5567d4e00300;  alias, 1 drivers
v0x5567d4deded0_0 .net "SW", 3 0, L_0x5567d4e00600;  1 drivers
E_0x5567d4dedc90 .event edge, v0x5567d4deded0_0;
    .scope S_0x5567d4dcf4b0;
T_0 ;
    %wait E_0x5567d4db7e60;
    %load/vec4 v0x5567d4ded470_0;
    %dup/vec4;
    %pushi/vec4 0, 0, 4;
    %cmp/u;
    %jmp/1 T_0.0, 6;
    %dup/vec4;
    %pushi/vec4 1, 0, 4;
    %cmp/u;
    %jmp/1 T_0.1, 6;
    %dup/vec4;
    %pushi/vec4 2, 0, 4;
    %cmp/u;
    %jmp/1 T_0.2, 6;
    %dup/vec4;
    %pushi/vec4 3, 0, 4;
    %cmp/u;
    %jmp/1 T_0.3, 6;
    %dup/vec4;
    %pushi/vec4 4, 0, 4;
    %cmp/u;
    %jmp/1 T_0.4, 6;
    %dup/vec4;
    %pushi/vec4 5, 0, 4;
    %cmp/u;
    %jmp/1 T_0.5, 6;
    %dup/vec4;
    %pushi/vec4 6, 0, 4;
    %cmp/u;
    %jmp/1 T_0.6, 6;
    %dup/vec4;
    %pushi/vec4 7, 0, 4;
    %cmp/u;
    %jmp/1 T_0.7, 6;
    %dup/vec4;
    %pushi/vec4 8, 0, 4;
    %cmp/u;
    %jmp/1 T_0.8, 6;
    %dup/vec4;
    %pushi/vec4 9, 0, 4;
    %cmp/u;
    %jmp/1 T_0.9, 6;
    %pushi/vec4 0, 0, 7;
    %store/vec4 v0x5567d4dbc3c0_0, 0, 7;
    %jmp T_0.11;
T_0.0 ;
    %pushi/vec4 63, 0, 7;
    %store/vec4 v0x5567d4dbc3c0_0, 0, 7;
    %jmp T_0.11;
T_0.1 ;
    %pushi/vec4 6, 0, 7;
    %store/vec4 v0x5567d4dbc3c0_0, 0, 7;
    %jmp T_0.11;
T_0.2 ;
    %pushi/vec4 91, 0, 7;
    %store/vec4 v0x5567d4dbc3c0_0, 0, 7;
    %jmp T_0.11;
T_0.3 ;
    %pushi/vec4 79, 0, 7;
    %store/vec4 v0x5567d4dbc3c0_0, 0, 7;
    %jmp T_0.11;
T_0.4 ;
    %pushi/vec4 102, 0, 7;
    %store/vec4 v0x5567d4dbc3c0_0, 0, 7;
    %jmp T_0.11;
T_0.5 ;
    %pushi/vec4 109, 0, 7;
    %store/vec4 v0x5567d4dbc3c0_0, 0, 7;
    %jmp T_0.11;
T_0.6 ;
    %pushi/vec4 125, 0, 7;
    %store/vec4 v0x5567d4dbc3c0_0, 0, 7;
    %jmp T_0.11;
T_0.7 ;
    %pushi/vec4 7, 0, 7;
    %store/vec4 v0x5567d4dbc3c0_0, 0, 7;
    %jmp T_0.11;
T_0.8 ;
    %pushi/vec4 127, 0, 7;
    %store/vec4 v0x5567d4dbc3c0_0, 0, 7;
    %jmp T_0.11;
T_0.9 ;
    %pushi/vec4 111, 0, 7;
    %store/vec4 v0x5567d4dbc3c0_0, 0, 7;
    %jmp T_0.11;
T_0.11 ;
    %pop/vec4 1;
    %jmp T_0;
    .thread T_0, $push;
    .scope S_0x5567d4ded590;
T_1 ;
    %wait E_0x5567d4dc5070;
    %load/vec4 v0x5567d4ded990_0;
    %dup/vec4;
    %pushi/vec4 0, 0, 4;
    %cmp/u;
    %jmp/1 T_1.0, 6;
    %dup/vec4;
    %pushi/vec4 1, 0, 4;
    %cmp/u;
    %jmp/1 T_1.1, 6;
    %dup/vec4;
    %pushi/vec4 2, 0, 4;
    %cmp/u;
    %jmp/1 T_1.2, 6;
    %dup/vec4;
    %pushi/vec4 3, 0, 4;
    %cmp/u;
    %jmp/1 T_1.3, 6;
    %dup/vec4;
    %pushi/vec4 4, 0, 4;
    %cmp/u;
    %jmp/1 T_1.4, 6;
    %dup/vec4;
    %pushi/vec4 5, 0, 4;
    %cmp/u;
    %jmp/1 T_1.5, 6;
    %dup/vec4;
    %pushi/vec4 6, 0, 4;
    %cmp/u;
    %jmp/1 T_1.6, 6;
    %dup/vec4;
    %pushi/vec4 7, 0, 4;
    %cmp/u;
    %jmp/1 T_1.7, 6;
    %dup/vec4;
    %pushi/vec4 8, 0, 4;
    %cmp/u;
    %jmp/1 T_1.8, 6;
    %dup/vec4;
    %pushi/vec4 9, 0, 4;
    %cmp/u;
    %jmp/1 T_1.9, 6;
    %pushi/vec4 0, 0, 7;
    %store/vec4 v0x5567d4ded7b0_0, 0, 7;
    %jmp T_1.11;
T_1.0 ;
    %pushi/vec4 63, 0, 7;
    %store/vec4 v0x5567d4ded7b0_0, 0, 7;
    %jmp T_1.11;
T_1.1 ;
    %pushi/vec4 6, 0, 7;
    %store/vec4 v0x5567d4ded7b0_0, 0, 7;
    %jmp T_1.11;
T_1.2 ;
    %pushi/vec4 91, 0, 7;
    %store/vec4 v0x5567d4ded7b0_0, 0, 7;
    %jmp T_1.11;
T_1.3 ;
    %pushi/vec4 79, 0, 7;
    %store/vec4 v0x5567d4ded7b0_0, 0, 7;
    %jmp T_1.11;
T_1.4 ;
    %pushi/vec4 102, 0, 7;
    %store/vec4 v0x5567d4ded7b0_0, 0, 7;
    %jmp T_1.11;
T_1.5 ;
    %pushi/vec4 109, 0, 7;
    %store/vec4 v0x5567d4ded7b0_0, 0, 7;
    %jmp T_1.11;
T_1.6 ;
    %pushi/vec4 125, 0, 7;
    %store/vec4 v0x5567d4ded7b0_0, 0, 7;
    %jmp T_1.11;
T_1.7 ;
    %pushi/vec4 7, 0, 7;
    %store/vec4 v0x5567d4ded7b0_0, 0, 7;
    %jmp T_1.11;
T_1.8 ;
    %pushi/vec4 127, 0, 7;
    %store/vec4 v0x5567d4ded7b0_0, 0, 7;
    %jmp T_1.11;
T_1.9 ;
    %pushi/vec4 111, 0, 7;
    %store/vec4 v0x5567d4ded7b0_0, 0, 7;
    %jmp T_1.11;
T_1.11 ;
    %pop/vec4 1;
    %jmp T_1;
    .thread T_1, $push;
    .scope S_0x5567d4dedab0;
T_2 ;
    %wait E_0x5567d4dedc90;
    %load/vec4 v0x5567d4deded0_0;
    %dup/vec4;
    %pushi/vec4 0, 0, 4;
    %cmp/u;
    %jmp/1 T_2.0, 6;
    %dup/vec4;
    %pushi/vec4 1, 0, 4;
    %cmp/u;
    %jmp/1 T_2.1, 6;
    %dup/vec4;
    %pushi/vec4 2, 0, 4;
    %cmp/u;
    %jmp/1 T_2.2, 6;
    %dup/vec4;
    %pushi/vec4 3, 0, 4;
    %cmp/u;
    %jmp/1 T_2.3, 6;
    %dup/vec4;
    %pushi/vec4 4, 0, 4;
    %cmp/u;
    %jmp/1 T_2.4, 6;
    %dup/vec4;
    %pushi/vec4 5, 0, 4;
    %cmp/u;
    %jmp/1 T_2.5, 6;
    %dup/vec4;
    %pushi/vec4 6, 0, 4;
    %cmp/u;
    %jmp/1 T_2.6, 6;
    %dup/vec4;
    %pushi/vec4 7, 0, 4;
    %cmp/u;
    %jmp/1 T_2.7, 6;
    %dup/vec4;
    %pushi/vec4 8, 0, 4;
    %cmp/u;
    %jmp/1 T_2.8, 6;
    %dup/vec4;
    %pushi/vec4 9, 0, 4;
    %cmp/u;
    %jmp/1 T_2.9, 6;
    %pushi/vec4 0, 0, 7;
    %store/vec4 v0x5567d4dedcf0_0, 0, 7;
    %jmp T_2.11;
T_2.0 ;
    %pushi/vec4 63, 0, 7;
    %store/vec4 v0x5567d4dedcf0_0, 0, 7;
    %jmp T_2.11;
T_2.1 ;
    %pushi/vec4 6, 0, 7;
    %store/vec4 v0x5567d4dedcf0_0, 0, 7;
    %jmp T_2.11;
T_2.2 ;
    %pushi/vec4 91, 0, 7;
    %store/vec4 v0x5567d4dedcf0_0, 0, 7;
    %jmp T_2.11;
T_2.3 ;
    %pushi/vec4 79, 0, 7;
    %store/vec4 v0x5567d4dedcf0_0, 0, 7;
    %jmp T_2.11;
T_2.4 ;
    %pushi/vec4 102, 0, 7;
    %store/vec4 v0x5567d4dedcf0_0, 0, 7;
    %jmp T_2.11;
T_2.5 ;
    %pushi/vec4 109, 0, 7;
    %store/vec4 v0x5567d4dedcf0_0, 0, 7;
    %jmp T_2.11;
T_2.6 ;
    %pushi/vec4 125, 0, 7;
    %store/vec4 v0x5567d4dedcf0_0, 0, 7;
    %jmp T_2.11;
T_2.7 ;
    %pushi/vec4 7, 0, 7;
    %store/vec4 v0x5567d4dedcf0_0, 0, 7;
    %jmp T_2.11;
T_2.8 ;
    %pushi/vec4 127, 0, 7;
    %store/vec4 v0x5567d4dedcf0_0, 0, 7;
    %jmp T_2.11;
T_2.9 ;
    %pushi/vec4 111, 0, 7;
    %store/vec4 v0x5567d4dedcf0_0, 0, 7;
    %jmp T_2.11;
T_2.11 ;
    %pop/vec4 1;
    %jmp T_2;
    .thread T_2, $push;
    .scope S_0x5567d4dcf280;
T_3 ;
    %wait E_0x5567d4d95750;
    %load/vec4 v0x5567d4def400_0;
    %flag_set/vec4 8;
    %jmp/0xz  T_3.0, 8;
    %pushi/vec4 0, 0, 8;
    %assign/vec4 v0x5567d4def260_0, 0;
    %jmp T_3.1;
T_3.0 ;
    %load/vec4 v0x5567d4def340_0;
    %flag_set/vec4 8;
    %jmp/0xz  T_3.2, 8;
    %load/vec4 v0x5567d4def260_0;
    %addi 1, 0, 8;
    %assign/vec4 v0x5567d4def260_0, 0;
    %jmp T_3.3;
T_3.2 ;
    %load/vec4 v0x5567d4def260_0;
    %assign/vec4 v0x5567d4def260_0, 0;
T_3.3 ;
T_3.1 ;
    %jmp T_3;
    .thread T_3;
# The file index is used to find the file name in the following table.
:file_names 4;
    "N/A";
    "<interactive>";
    "mod.v";
    "./dec.v";
