#! /usr/bin/vvp
:ivl_version "10.3 (stable)" "(v10_3)";
:ivl_delay_selection "TYPICAL";
:vpi_time_precision + 0;
:vpi_module "system";
:vpi_module "vhdl_sys";
:vpi_module "v2005_math";
:vpi_module "va_math";
S_0x55d1cf79e4e0 .scope module, "add32" "add32" 2 7;
 .timescale 0 0;
    .port_info 0 /INPUT 32 "a"
    .port_info 1 /INPUT 32 "b"
    .port_info 2 /INPUT 1 "cin"
    .port_info 3 /OUTPUT 32 "sum"
    .port_info 4 /OUTPUT 1 "cout"
o0x7fa4cb736708 .functor BUFZ 32, C4<zzzzzzzzzzzzzzzzzzzzzzzzzzzzzzzz>; HiZ drive
L_0x55d1cf7913f0 .functor BUFZ 32, o0x7fa4cb736708, C4<00000000000000000000000000000000>, C4<00000000000000000000000000000000>, C4<00000000000000000000000000000000>;
o0x7fa4cb736738 .functor BUFZ 32, C4<zzzzzzzzzzzzzzzzzzzzzzzzzzzzzzzz>; HiZ drive
L_0x55d1cf7b8380 .functor BUFZ 32, o0x7fa4cb736738, C4<00000000000000000000000000000000>, C4<00000000000000000000000000000000>, C4<00000000000000000000000000000000>;
v0x55d1cf7b72f0_0 .net *"_s4", 31 0, L_0x55d1cf7913f0;  1 drivers
v0x55d1cf7b73f0_0 .net *"_s9", 31 0, L_0x55d1cf7b8380;  1 drivers
v0x55d1cf7b74d0_0 .net "a", 31 0, o0x7fa4cb736708;  0 drivers
v0x55d1cf7b7590_0 .net "ah", 15 0, L_0x55d1cf7b7ed0;  1 drivers
v0x55d1cf7b7650_0 .net "al", 15 0, L_0x55d1cf7b7fc0;  1 drivers
v0x55d1cf7b76f0_0 .net "b", 31 0, o0x7fa4cb736738;  0 drivers
v0x55d1cf7b77b0_0 .net "bh", 15 0, L_0x55d1cf7b8120;  1 drivers
v0x55d1cf7b7870_0 .net "bl", 15 0, L_0x55d1cf7b8210;  1 drivers
o0x7fa4cb736558 .functor BUFZ 1, C4<z>; HiZ drive
v0x55d1cf7b7940_0 .net "cin", 0 0, o0x7fa4cb736558;  0 drivers
v0x55d1cf7b7aa0_0 .net "cout", 0 0, L_0x55d1cf7c8d50;  1 drivers
v0x55d1cf7b7b70_0 .net "cout_l", 0 0, L_0x55d1cf7b8530;  1 drivers
v0x55d1cf7b7c10_0 .net "sh", 15 0, L_0x55d1cf7c8e40;  1 drivers
v0x55d1cf7b7cb0_0 .net "sl", 15 0, L_0x55d1cf7b85d0;  1 drivers
v0x55d1cf7b7d80_0 .net "sum", 31 0, L_0x55d1cf7b83f0;  1 drivers
L_0x55d1cf7b7ed0 .part L_0x55d1cf7913f0, 16, 16;
L_0x55d1cf7b7fc0 .part L_0x55d1cf7913f0, 0, 16;
L_0x55d1cf7b8120 .part L_0x55d1cf7b8380, 16, 16;
L_0x55d1cf7b8210 .part L_0x55d1cf7b8380, 0, 16;
L_0x55d1cf7b83f0 .concat [ 16 16 0 0], L_0x55d1cf7b85d0, L_0x55d1cf7c8e40;
S_0x55d1cf768050 .scope module, "u_h" "add16" 2 52, 3 5 0, S_0x55d1cf79e4e0;
 .timescale 0 0;
    .port_info 0 /INPUT 16 "a"
    .port_info 1 /INPUT 16 "b"
    .port_info 2 /INPUT 1 "cin"
    .port_info 3 /OUTPUT 16 "sum"
    .port_info 4 /OUTPUT 1 "cout"
L_0x7fa4cb6ed138 .functor BUFT 1, C4<0>, C4<0>, C4<0>, C4<0>;
v0x55d1cf768250_0 .net *"_s10", 0 0, L_0x7fa4cb6ed138;  1 drivers
v0x55d1cf7b5980_0 .net *"_s11", 16 0, L_0x55d1cf7c9190;  1 drivers
v0x55d1cf7b5a60_0 .net *"_s13", 16 0, L_0x55d1cf7c92d0;  1 drivers
L_0x7fa4cb6ed180 .functor BUFT 1, C4<0000000000000000>, C4<0>, C4<0>, C4<0>;
v0x55d1cf7b5b20_0 .net *"_s16", 15 0, L_0x7fa4cb6ed180;  1 drivers
v0x55d1cf7b5c00_0 .net *"_s17", 16 0, L_0x55d1cf7c9440;  1 drivers
v0x55d1cf7b5d30_0 .net *"_s3", 16 0, L_0x55d1cf7c8f30;  1 drivers
L_0x7fa4cb6ed0f0 .functor BUFT 1, C4<0>, C4<0>, C4<0>, C4<0>;
v0x55d1cf7b5e10_0 .net *"_s6", 0 0, L_0x7fa4cb6ed0f0;  1 drivers
v0x55d1cf7b5ef0_0 .net *"_s7", 16 0, L_0x55d1cf7c9020;  1 drivers
v0x55d1cf7b5fd0_0 .net "a", 15 0, L_0x55d1cf7b7ed0;  alias, 1 drivers
v0x55d1cf7b60b0_0 .net "b", 15 0, L_0x55d1cf7b8120;  alias, 1 drivers
v0x55d1cf7b6190_0 .net "cin", 0 0, L_0x55d1cf7b8530;  alias, 1 drivers
v0x55d1cf7b6250_0 .net "cout", 0 0, L_0x55d1cf7c8d50;  alias, 1 drivers
v0x55d1cf7b6310_0 .net "sum", 15 0, L_0x55d1cf7c8e40;  alias, 1 drivers
L_0x55d1cf7c8d50 .part L_0x55d1cf7c9440, 16, 1;
L_0x55d1cf7c8e40 .part L_0x55d1cf7c9440, 0, 16;
L_0x55d1cf7c8f30 .concat [ 16 1 0 0], L_0x55d1cf7b7ed0, L_0x7fa4cb6ed0f0;
L_0x55d1cf7c9020 .concat [ 16 1 0 0], L_0x55d1cf7b8120, L_0x7fa4cb6ed138;
L_0x55d1cf7c9190 .arith/sum 17, L_0x55d1cf7c8f30, L_0x55d1cf7c9020;
L_0x55d1cf7c92d0 .concat [ 1 16 0 0], L_0x55d1cf7b8530, L_0x7fa4cb6ed180;
L_0x55d1cf7c9440 .arith/sum 17, L_0x55d1cf7c9190, L_0x55d1cf7c92d0;
S_0x55d1cf7b6490 .scope module, "u_l" "add16" 2 44, 3 5 0, S_0x55d1cf79e4e0;
 .timescale 0 0;
    .port_info 0 /INPUT 16 "a"
    .port_info 1 /INPUT 16 "b"
    .port_info 2 /INPUT 1 "cin"
    .port_info 3 /OUTPUT 16 "sum"
    .port_info 4 /OUTPUT 1 "cout"
L_0x7fa4cb6ed060 .functor BUFT 1, C4<0>, C4<0>, C4<0>, C4<0>;
v0x55d1cf7b66b0_0 .net *"_s10", 0 0, L_0x7fa4cb6ed060;  1 drivers
v0x55d1cf7b6790_0 .net *"_s11", 16 0, L_0x55d1cf7b88d0;  1 drivers
v0x55d1cf7b6870_0 .net *"_s13", 16 0, L_0x55d1cf7b8a80;  1 drivers
L_0x7fa4cb6ed0a8 .functor BUFT 1, C4<0000000000000000>, C4<0>, C4<0>, C4<0>;
v0x55d1cf7b6930_0 .net *"_s16", 15 0, L_0x7fa4cb6ed0a8;  1 drivers
v0x55d1cf7b6a10_0 .net *"_s17", 16 0, L_0x55d1cf7c8c10;  1 drivers
v0x55d1cf7b6b40_0 .net *"_s3", 16 0, L_0x55d1cf7b86c0;  1 drivers
L_0x7fa4cb6ed018 .functor BUFT 1, C4<0>, C4<0>, C4<0>, C4<0>;
v0x55d1cf7b6c20_0 .net *"_s6", 0 0, L_0x7fa4cb6ed018;  1 drivers
v0x55d1cf7b6d00_0 .net *"_s7", 16 0, L_0x55d1cf7b87b0;  1 drivers
v0x55d1cf7b6de0_0 .net "a", 15 0, L_0x55d1cf7b7fc0;  alias, 1 drivers
v0x55d1cf7b6f50_0 .net "b", 15 0, L_0x55d1cf7b8210;  alias, 1 drivers
v0x55d1cf7b7030_0 .net "cin", 0 0, o0x7fa4cb736558;  alias, 0 drivers
v0x55d1cf7b70f0_0 .net "cout", 0 0, L_0x55d1cf7b8530;  alias, 1 drivers
v0x55d1cf7b7190_0 .net "sum", 15 0, L_0x55d1cf7b85d0;  alias, 1 drivers
L_0x55d1cf7b8530 .part L_0x55d1cf7c8c10, 16, 1;
L_0x55d1cf7b85d0 .part L_0x55d1cf7c8c10, 0, 16;
L_0x55d1cf7b86c0 .concat [ 16 1 0 0], L_0x55d1cf7b7fc0, L_0x7fa4cb6ed018;
L_0x55d1cf7b87b0 .concat [ 16 1 0 0], L_0x55d1cf7b8210, L_0x7fa4cb6ed060;
L_0x55d1cf7b88d0 .arith/sum 17, L_0x55d1cf7b86c0, L_0x55d1cf7b87b0;
L_0x55d1cf7b8a80 .concat [ 1 16 0 0], o0x7fa4cb736558, L_0x7fa4cb6ed0a8;
L_0x55d1cf7c8c10 .arith/sum 17, L_0x55d1cf7b88d0, L_0x55d1cf7b8a80;
    .scope S_0x55d1cf7b6490;
T_0 ;
    %vpi_call 3 18 "$display", 32'sb00000000000000000000000000010000 {0 0 0};
    %end;
    .thread T_0;
    .scope S_0x55d1cf768050;
T_1 ;
    %vpi_call 3 18 "$display", 32'sb00000000000000000000000000010000 {0 0 0};
    %end;
    .thread T_1;
# The file index is used to find the file name in the following table.
:file_names 4;
    "N/A";
    "<interactive>";
    "add32.v";
    "./add16.v";
