10110111010110101
10010011101111110
01100110110111010
10011010111010010
01100100101000010
10101110000000111
10011101110100101
00111010101100000
11000011111111010
10100101001000011
10010011101110111
01010111110110110
01101010111010110
10000111101001110
11000000001000111
01110101100111100
01111110110100000
01011000100010101
11111001101110001
01110110010010011
11001010110101111
01001001001011101
01110110011111011
11100100000111000
01110011000001001
01101011101011110
11010000110011101
01100011100101001
01100101111111101
01101101111100111
10011110111000000
01011100010001100
01000111011001100
01011111111010001
01100011111110111
11011000011000111
01101111000000111
01010000100101100
00101000000110101
10010111000110001
01001100000110010
01100110110011101
10111000101010000
01101001100111111
01010111001100000
01011010100011101
10100000010011010
01001000101000110
10001110110100110
10000110110100101
00110001111101101
00010111101001111
01100000110101011
01100111000001110
10101111111000101
10011001101001111
00010111100111011
10000001101101010
10100011000001100
01110000110001111
10010011000011100
00100011101000111
01111100001011000
10100010001100011
00001100000010011
10110010110010101
11001001001010011
01111010000110010
10110001000000011
01011000001010010
01000110001001001
10010101101001100
10011100000010011
10110011000000011
10001101000111110
10100001111101110
01110110111101011
01111011111110110
01101011100110000
11101011011111111
01000000111100100
01101001100011111
11101001100011001
01010011111010101
01011110101000110
00100001011101111
00110000111101100
01011011111100001
01000010011000110
11000001110110010
11010010000100110
10010110011010100
10010001000001111
10101011011111000
11010110101011101
01111000101010100
11000010101010000
10111011110111000
01110000010100000
01100110001110101
