#! /usr/bin/vvp
:ivl_version "10.3 (stable)" "(v10_3)";
:ivl_delay_selection "TYPICAL";
:vpi_time_precision + 0;
:vpi_module "system";
:vpi_module "vhdl_sys";
:vpi_module "v2005_math";
:vpi_module "va_math";
S_0x5645d5eee010 .scope module, "alu" "alu" 2 1;
 .timescale 0 0;
    .port_info 0 /INPUT 2 "op"
    .port_info 1 /INPUT 4 "a"
    .port_info 2 /INPUT 4 "b"
    .port_info 3 /OUTPUT 4 "res"
L_0x5645d5f32ef0 .functor BUFZ 4, v0x5645d5f32ac0_0, C4<0000>, C4<0000>, C4<0000>;
o0x7f5f96f3e018 .functor BUFZ 4, C4<zzzz>; HiZ drive
v0x5645d5eee1b0_0 .net "a", 3 0, o0x7f5f96f3e018;  0 drivers
v0x5645d5f32ac0_0 .var "ans", 3 0;
o0x7f5f96f3e078 .functor BUFZ 4, C4<zzzz>; HiZ drive
v0x5645d5f32ba0_0 .net "b", 3 0, o0x7f5f96f3e078;  0 drivers
o0x7f5f96f3e0a8 .functor BUFZ 2, C4<zz>; HiZ drive
v0x5645d5f32c60_0 .net "op", 1 0, o0x7f5f96f3e0a8;  0 drivers
v0x5645d5f32d40_0 .net "res", 3 0, L_0x5645d5f32ef0;  1 drivers
E_0x5645d5f235c0 .event edge, v0x5645d5f32c60_0, v0x5645d5eee1b0_0, v0x5645d5f32ba0_0;
    .scope S_0x5645d5eee010;
T_0 ;
    %wait E_0x5645d5f235c0;
    %load/vec4 v0x5645d5f32c60_0;
    %dup/vec4;
    %pushi/vec4 0, 0, 2;
    %cmp/u;
    %jmp/1 T_0.0, 6;
    %dup/vec4;
    %pushi/vec4 1, 0, 2;
    %cmp/u;
    %jmp/1 T_0.1, 6;
    %dup/vec4;
    %pushi/vec4 2, 0, 2;
    %cmp/u;
    %jmp/1 T_0.2, 6;
    %dup/vec4;
    %pushi/vec4 3, 0, 2;
    %cmp/u;
    %jmp/1 T_0.3, 6;
    %pushi/vec4 0, 0, 4;
    %store/vec4 v0x5645d5f32ac0_0, 0, 4;
    %jmp T_0.5;
T_0.0 ;
    %load/vec4 v0x5645d5eee1b0_0;
    %inv;
    %store/vec4 v0x5645d5f32ac0_0, 0, 4;
    %jmp T_0.5;
T_0.1 ;
    %load/vec4 v0x5645d5f32ba0_0;
    %inv;
    %store/vec4 v0x5645d5f32ac0_0, 0, 4;
    %jmp T_0.5;
T_0.2 ;
    %load/vec4 v0x5645d5eee1b0_0;
    %load/vec4 v0x5645d5f32ba0_0;
    %and;
    %store/vec4 v0x5645d5f32ac0_0, 0, 4;
    %jmp T_0.5;
T_0.3 ;
    %load/vec4 v0x5645d5eee1b0_0;
    %load/vec4 v0x5645d5f32ba0_0;
    %or;
    %store/vec4 v0x5645d5f32ac0_0, 0, 4;
    %jmp T_0.5;
T_0.5 ;
    %pop/vec4 1;
    %jmp T_0;
    .thread T_0, $push;
# The file index is used to find the file name in the following table.
:file_names 3;
    "N/A";
    "<interactive>";
    "alu.v";
