#! /usr/bin/vvp
:ivl_version "11.0 (stable)" "(v11_0)";
:ivl_delay_selection "TYPICAL";
:vpi_time_precision + 0;
:vpi_module "/usr/lib/ivl/system.vpi";
:vpi_module "/usr/lib/ivl/vhdl_sys.vpi";
:vpi_module "/usr/lib/ivl/vhdl_textio.vpi";
:vpi_module "/usr/lib/ivl/v2005_math.vpi";
:vpi_module "/usr/lib/ivl/va_math.vpi";
S_0x559578b7b090 .scope module, "seg_4" "seg_4" 2 3;
 .timescale 0 0;
    .port_info 0 /INPUT 16 "SW";
    .port_info 1 /OUTPUT 7 "HEX3";
    .port_info 2 /OUTPUT 7 "HEX2";
    .port_info 3 /OUTPUT 7 "HEX1";
    .port_info 4 /OUTPUT 7 "HEX0";
v0x559578b96bf0_0 .net "HEX0", 6 0, L_0x559578b970e0;  1 drivers
v0x559578b96cb0_0 .net "HEX1", 6 0, L_0x559578b97290;  1 drivers
v0x559578b96d80_0 .net "HEX2", 6 0, L_0x559578b97470;  1 drivers
v0x559578b96e80_0 .net "HEX3", 6 0, L_0x559578b975d0;  1 drivers
o0x7fc9c079f3d8 .functor BUFZ 16, C4<zzzzzzzzzzzzzzzz>; HiZ drive
v0x559578b96f50_0 .net "SW", 15 0, o0x7fc9c079f3d8;  0 drivers
L_0x559578b971c0 .part o0x7fc9c079f3d8, 0, 4;
L_0x559578b97350 .part o0x7fc9c079f3d8, 4, 4;
L_0x559578b97530 .part o0x7fc9c079f3d8, 8, 4;
L_0x559578b97690 .part o0x7fc9c079f3d8, 12, 4;
S_0x559578b7b220 .scope module, "u1" "seg" 2 17, 3 1 0, S_0x559578b7b090;
 .timescale 0 0;
    .port_info 0 /INPUT 4 "SW";
    .port_info 1 /OUTPUT 7 "HEX0";
L_0x559578b970e0 .functor NOT 7, v0x559578b7b400_0, C4<0000000>, C4<0000000>, C4<0000000>;
v0x559578b7b400_0 .var "HEX", 6 0;
v0x559578b95a30_0 .net "HEX0", 6 0, L_0x559578b970e0;  alias, 1 drivers
v0x559578b95b10_0 .net "SW", 3 0, L_0x559578b971c0;  1 drivers
E_0x559578b40750 .event edge, v0x559578b95b10_0;
S_0x559578b95c30 .scope module, "u2" "seg" 2 18, 3 1 0, S_0x559578b7b090;
 .timescale 0 0;
    .port_info 0 /INPUT 4 "SW";
    .port_info 1 /OUTPUT 7 "HEX0";
L_0x559578b97290 .functor NOT 7, v0x559578b95e50_0, C4<0000000>, C4<0000000>, C4<0000000>;
v0x559578b95e50_0 .var "HEX", 6 0;
v0x559578b95f50_0 .net "HEX0", 6 0, L_0x559578b97290;  alias, 1 drivers
v0x559578b96030_0 .net "SW", 3 0, L_0x559578b97350;  1 drivers
E_0x559578b62e80 .event edge, v0x559578b96030_0;
S_0x559578b96150 .scope module, "u3" "seg" 2 19, 3 1 0, S_0x559578b7b090;
 .timescale 0 0;
    .port_info 0 /INPUT 4 "SW";
    .port_info 1 /OUTPUT 7 "HEX0";
L_0x559578b97470 .functor NOT 7, v0x559578b96350_0, C4<0000000>, C4<0000000>, C4<0000000>;
v0x559578b96350_0 .var "HEX", 6 0;
v0x559578b96450_0 .net "HEX0", 6 0, L_0x559578b97470;  alias, 1 drivers
v0x559578b96530_0 .net "SW", 3 0, L_0x559578b97530;  1 drivers
E_0x559578b6f490 .event edge, v0x559578b96530_0;
S_0x559578b96650 .scope module, "u4" "seg" 2 20, 3 1 0, S_0x559578b7b090;
 .timescale 0 0;
    .port_info 0 /INPUT 4 "SW";
    .port_info 1 /OUTPUT 7 "HEX0";
L_0x559578b975d0 .functor NOT 7, v0x559578b968f0_0, C4<0000000>, C4<0000000>, C4<0000000>;
v0x559578b968f0_0 .var "HEX", 6 0;
v0x559578b969f0_0 .net "HEX0", 6 0, L_0x559578b975d0;  alias, 1 drivers
v0x559578b96ad0_0 .net "SW", 3 0, L_0x559578b97690;  1 drivers
E_0x559578b96870 .event edge, v0x559578b96ad0_0;
    .scope S_0x559578b7b220;
T_0 ;
    %wait E_0x559578b40750;
    %load/vec4 v0x559578b95b10_0;
    %dup/vec4;
    %pushi/vec4 0, 0, 4;
    %cmp/u;
    %jmp/1 T_0.0, 6;
    %dup/vec4;
    %pushi/vec4 1, 0, 4;
    %cmp/u;
    %jmp/1 T_0.1, 6;
    %dup/vec4;
    %pushi/vec4 2, 0, 4;
    %cmp/u;
    %jmp/1 T_0.2, 6;
    %dup/vec4;
    %pushi/vec4 3, 0, 4;
    %cmp/u;
    %jmp/1 T_0.3, 6;
    %dup/vec4;
    %pushi/vec4 4, 0, 4;
    %cmp/u;
    %jmp/1 T_0.4, 6;
    %dup/vec4;
    %pushi/vec4 5, 0, 4;
    %cmp/u;
    %jmp/1 T_0.5, 6;
    %dup/vec4;
    %pushi/vec4 6, 0, 4;
    %cmp/u;
    %jmp/1 T_0.6, 6;
    %dup/vec4;
    %pushi/vec4 7, 0, 4;
    %cmp/u;
    %jmp/1 T_0.7, 6;
    %dup/vec4;
    %pushi/vec4 8, 0, 4;
    %cmp/u;
    %jmp/1 T_0.8, 6;
    %dup/vec4;
    %pushi/vec4 9, 0, 4;
    %cmp/u;
    %jmp/1 T_0.9, 6;
    %dup/vec4;
    %pushi/vec4 10, 0, 4;
    %cmp/u;
    %jmp/1 T_0.10, 6;
    %dup/vec4;
    %pushi/vec4 11, 0, 4;
    %cmp/u;
    %jmp/1 T_0.11, 6;
    %dup/vec4;
    %pushi/vec4 12, 0, 4;
    %cmp/u;
    %jmp/1 T_0.12, 6;
    %dup/vec4;
    %pushi/vec4 13, 0, 4;
    %cmp/u;
    %jmp/1 T_0.13, 6;
    %dup/vec4;
    %pushi/vec4 14, 0, 4;
    %cmp/u;
    %jmp/1 T_0.14, 6;
    %pushi/vec4 0, 0, 7;
    %store/vec4 v0x559578b7b400_0, 0, 7;
    %jmp T_0.16;
T_0.0 ;
    %pushi/vec4 63, 0, 7;
    %store/vec4 v0x559578b7b400_0, 0, 7;
    %jmp T_0.16;
T_0.1 ;
    %pushi/vec4 6, 0, 7;
    %store/vec4 v0x559578b7b400_0, 0, 7;
    %jmp T_0.16;
T_0.2 ;
    %pushi/vec4 91, 0, 7;
    %store/vec4 v0x559578b7b400_0, 0, 7;
    %jmp T_0.16;
T_0.3 ;
    %pushi/vec4 79, 0, 7;
    %store/vec4 v0x559578b7b400_0, 0, 7;
    %jmp T_0.16;
T_0.4 ;
    %pushi/vec4 102, 0, 7;
    %store/vec4 v0x559578b7b400_0, 0, 7;
    %jmp T_0.16;
T_0.5 ;
    %pushi/vec4 109, 0, 7;
    %store/vec4 v0x559578b7b400_0, 0, 7;
    %jmp T_0.16;
T_0.6 ;
    %pushi/vec4 125, 0, 7;
    %store/vec4 v0x559578b7b400_0, 0, 7;
    %jmp T_0.16;
T_0.7 ;
    %pushi/vec4 7, 0, 7;
    %store/vec4 v0x559578b7b400_0, 0, 7;
    %jmp T_0.16;
T_0.8 ;
    %pushi/vec4 127, 0, 7;
    %store/vec4 v0x559578b7b400_0, 0, 7;
    %jmp T_0.16;
T_0.9 ;
    %pushi/vec4 111, 0, 7;
    %store/vec4 v0x559578b7b400_0, 0, 7;
    %jmp T_0.16;
T_0.10 ;
    %pushi/vec4 118, 0, 7;
    %store/vec4 v0x559578b7b400_0, 0, 7;
    %jmp T_0.16;
T_0.11 ;
    %pushi/vec4 121, 0, 7;
    %store/vec4 v0x559578b7b400_0, 0, 7;
    %jmp T_0.16;
T_0.12 ;
    %pushi/vec4 56, 0, 7;
    %store/vec4 v0x559578b7b400_0, 0, 7;
    %jmp T_0.16;
T_0.13 ;
    %pushi/vec4 62, 0, 7;
    %store/vec4 v0x559578b7b400_0, 0, 7;
    %jmp T_0.16;
T_0.14 ;
    %pushi/vec4 119, 0, 7;
    %store/vec4 v0x559578b7b400_0, 0, 7;
    %jmp T_0.16;
T_0.16 ;
    %pop/vec4 1;
    %jmp T_0;
    .thread T_0, $push;
    .scope S_0x559578b95c30;
T_1 ;
    %wait E_0x559578b62e80;
    %load/vec4 v0x559578b96030_0;
    %dup/vec4;
    %pushi/vec4 0, 0, 4;
    %cmp/u;
    %jmp/1 T_1.0, 6;
    %dup/vec4;
    %pushi/vec4 1, 0, 4;
    %cmp/u;
    %jmp/1 T_1.1, 6;
    %dup/vec4;
    %pushi/vec4 2, 0, 4;
    %cmp/u;
    %jmp/1 T_1.2, 6;
    %dup/vec4;
    %pushi/vec4 3, 0, 4;
    %cmp/u;
    %jmp/1 T_1.3, 6;
    %dup/vec4;
    %pushi/vec4 4, 0, 4;
    %cmp/u;
    %jmp/1 T_1.4, 6;
    %dup/vec4;
    %pushi/vec4 5, 0, 4;
    %cmp/u;
    %jmp/1 T_1.5, 6;
    %dup/vec4;
    %pushi/vec4 6, 0, 4;
    %cmp/u;
    %jmp/1 T_1.6, 6;
    %dup/vec4;
    %pushi/vec4 7, 0, 4;
    %cmp/u;
    %jmp/1 T_1.7, 6;
    %dup/vec4;
    %pushi/vec4 8, 0, 4;
    %cmp/u;
    %jmp/1 T_1.8, 6;
    %dup/vec4;
    %pushi/vec4 9, 0, 4;
    %cmp/u;
    %jmp/1 T_1.9, 6;
    %dup/vec4;
    %pushi/vec4 10, 0, 4;
    %cmp/u;
    %jmp/1 T_1.10, 6;
    %dup/vec4;
    %pushi/vec4 11, 0, 4;
    %cmp/u;
    %jmp/1 T_1.11, 6;
    %dup/vec4;
    %pushi/vec4 12, 0, 4;
    %cmp/u;
    %jmp/1 T_1.12, 6;
    %dup/vec4;
    %pushi/vec4 13, 0, 4;
    %cmp/u;
    %jmp/1 T_1.13, 6;
    %dup/vec4;
    %pushi/vec4 14, 0, 4;
    %cmp/u;
    %jmp/1 T_1.14, 6;
    %pushi/vec4 0, 0, 7;
    %store/vec4 v0x559578b95e50_0, 0, 7;
    %jmp T_1.16;
T_1.0 ;
    %pushi/vec4 63, 0, 7;
    %store/vec4 v0x559578b95e50_0, 0, 7;
    %jmp T_1.16;
T_1.1 ;
    %pushi/vec4 6, 0, 7;
    %store/vec4 v0x559578b95e50_0, 0, 7;
    %jmp T_1.16;
T_1.2 ;
    %pushi/vec4 91, 0, 7;
    %store/vec4 v0x559578b95e50_0, 0, 7;
    %jmp T_1.16;
T_1.3 ;
    %pushi/vec4 79, 0, 7;
    %store/vec4 v0x559578b95e50_0, 0, 7;
    %jmp T_1.16;
T_1.4 ;
    %pushi/vec4 102, 0, 7;
    %store/vec4 v0x559578b95e50_0, 0, 7;
    %jmp T_1.16;
T_1.5 ;
    %pushi/vec4 109, 0, 7;
    %store/vec4 v0x559578b95e50_0, 0, 7;
    %jmp T_1.16;
T_1.6 ;
    %pushi/vec4 125, 0, 7;
    %store/vec4 v0x559578b95e50_0, 0, 7;
    %jmp T_1.16;
T_1.7 ;
    %pushi/vec4 7, 0, 7;
    %store/vec4 v0x559578b95e50_0, 0, 7;
    %jmp T_1.16;
T_1.8 ;
    %pushi/vec4 127, 0, 7;
    %store/vec4 v0x559578b95e50_0, 0, 7;
    %jmp T_1.16;
T_1.9 ;
    %pushi/vec4 111, 0, 7;
    %store/vec4 v0x559578b95e50_0, 0, 7;
    %jmp T_1.16;
T_1.10 ;
    %pushi/vec4 118, 0, 7;
    %store/vec4 v0x559578b95e50_0, 0, 7;
    %jmp T_1.16;
T_1.11 ;
    %pushi/vec4 121, 0, 7;
    %store/vec4 v0x559578b95e50_0, 0, 7;
    %jmp T_1.16;
T_1.12 ;
    %pushi/vec4 56, 0, 7;
    %store/vec4 v0x559578b95e50_0, 0, 7;
    %jmp T_1.16;
T_1.13 ;
    %pushi/vec4 62, 0, 7;
    %store/vec4 v0x559578b95e50_0, 0, 7;
    %jmp T_1.16;
T_1.14 ;
    %pushi/vec4 119, 0, 7;
    %store/vec4 v0x559578b95e50_0, 0, 7;
    %jmp T_1.16;
T_1.16 ;
    %pop/vec4 1;
    %jmp T_1;
    .thread T_1, $push;
    .scope S_0x559578b96150;
T_2 ;
    %wait E_0x559578b6f490;
    %load/vec4 v0x559578b96530_0;
    %dup/vec4;
    %pushi/vec4 0, 0, 4;
    %cmp/u;
    %jmp/1 T_2.0, 6;
    %dup/vec4;
    %pushi/vec4 1, 0, 4;
    %cmp/u;
    %jmp/1 T_2.1, 6;
    %dup/vec4;
    %pushi/vec4 2, 0, 4;
    %cmp/u;
    %jmp/1 T_2.2, 6;
    %dup/vec4;
    %pushi/vec4 3, 0, 4;
    %cmp/u;
    %jmp/1 T_2.3, 6;
    %dup/vec4;
    %pushi/vec4 4, 0, 4;
    %cmp/u;
    %jmp/1 T_2.4, 6;
    %dup/vec4;
    %pushi/vec4 5, 0, 4;
    %cmp/u;
    %jmp/1 T_2.5, 6;
    %dup/vec4;
    %pushi/vec4 6, 0, 4;
    %cmp/u;
    %jmp/1 T_2.6, 6;
    %dup/vec4;
    %pushi/vec4 7, 0, 4;
    %cmp/u;
    %jmp/1 T_2.7, 6;
    %dup/vec4;
    %pushi/vec4 8, 0, 4;
    %cmp/u;
    %jmp/1 T_2.8, 6;
    %dup/vec4;
    %pushi/vec4 9, 0, 4;
    %cmp/u;
    %jmp/1 T_2.9, 6;
    %dup/vec4;
    %pushi/vec4 10, 0, 4;
    %cmp/u;
    %jmp/1 T_2.10, 6;
    %dup/vec4;
    %pushi/vec4 11, 0, 4;
    %cmp/u;
    %jmp/1 T_2.11, 6;
    %dup/vec4;
    %pushi/vec4 12, 0, 4;
    %cmp/u;
    %jmp/1 T_2.12, 6;
    %dup/vec4;
    %pushi/vec4 13, 0, 4;
    %cmp/u;
    %jmp/1 T_2.13, 6;
    %dup/vec4;
    %pushi/vec4 14, 0, 4;
    %cmp/u;
    %jmp/1 T_2.14, 6;
    %pushi/vec4 0, 0, 7;
    %store/vec4 v0x559578b96350_0, 0, 7;
    %jmp T_2.16;
T_2.0 ;
    %pushi/vec4 63, 0, 7;
    %store/vec4 v0x559578b96350_0, 0, 7;
    %jmp T_2.16;
T_2.1 ;
    %pushi/vec4 6, 0, 7;
    %store/vec4 v0x559578b96350_0, 0, 7;
    %jmp T_2.16;
T_2.2 ;
    %pushi/vec4 91, 0, 7;
    %store/vec4 v0x559578b96350_0, 0, 7;
    %jmp T_2.16;
T_2.3 ;
    %pushi/vec4 79, 0, 7;
    %store/vec4 v0x559578b96350_0, 0, 7;
    %jmp T_2.16;
T_2.4 ;
    %pushi/vec4 102, 0, 7;
    %store/vec4 v0x559578b96350_0, 0, 7;
    %jmp T_2.16;
T_2.5 ;
    %pushi/vec4 109, 0, 7;
    %store/vec4 v0x559578b96350_0, 0, 7;
    %jmp T_2.16;
T_2.6 ;
    %pushi/vec4 125, 0, 7;
    %store/vec4 v0x559578b96350_0, 0, 7;
    %jmp T_2.16;
T_2.7 ;
    %pushi/vec4 7, 0, 7;
    %store/vec4 v0x559578b96350_0, 0, 7;
    %jmp T_2.16;
T_2.8 ;
    %pushi/vec4 127, 0, 7;
    %store/vec4 v0x559578b96350_0, 0, 7;
    %jmp T_2.16;
T_2.9 ;
    %pushi/vec4 111, 0, 7;
    %store/vec4 v0x559578b96350_0, 0, 7;
    %jmp T_2.16;
T_2.10 ;
    %pushi/vec4 118, 0, 7;
    %store/vec4 v0x559578b96350_0, 0, 7;
    %jmp T_2.16;
T_2.11 ;
    %pushi/vec4 121, 0, 7;
    %store/vec4 v0x559578b96350_0, 0, 7;
    %jmp T_2.16;
T_2.12 ;
    %pushi/vec4 56, 0, 7;
    %store/vec4 v0x559578b96350_0, 0, 7;
    %jmp T_2.16;
T_2.13 ;
    %pushi/vec4 62, 0, 7;
    %store/vec4 v0x559578b96350_0, 0, 7;
    %jmp T_2.16;
T_2.14 ;
    %pushi/vec4 119, 0, 7;
    %store/vec4 v0x559578b96350_0, 0, 7;
    %jmp T_2.16;
T_2.16 ;
    %pop/vec4 1;
    %jmp T_2;
    .thread T_2, $push;
    .scope S_0x559578b96650;
T_3 ;
    %wait E_0x559578b96870;
    %load/vec4 v0x559578b96ad0_0;
    %dup/vec4;
    %pushi/vec4 0, 0, 4;
    %cmp/u;
    %jmp/1 T_3.0, 6;
    %dup/vec4;
    %pushi/vec4 1, 0, 4;
    %cmp/u;
    %jmp/1 T_3.1, 6;
    %dup/vec4;
    %pushi/vec4 2, 0, 4;
    %cmp/u;
    %jmp/1 T_3.2, 6;
    %dup/vec4;
    %pushi/vec4 3, 0, 4;
    %cmp/u;
    %jmp/1 T_3.3, 6;
    %dup/vec4;
    %pushi/vec4 4, 0, 4;
    %cmp/u;
    %jmp/1 T_3.4, 6;
    %dup/vec4;
    %pushi/vec4 5, 0, 4;
    %cmp/u;
    %jmp/1 T_3.5, 6;
    %dup/vec4;
    %pushi/vec4 6, 0, 4;
    %cmp/u;
    %jmp/1 T_3.6, 6;
    %dup/vec4;
    %pushi/vec4 7, 0, 4;
    %cmp/u;
    %jmp/1 T_3.7, 6;
    %dup/vec4;
    %pushi/vec4 8, 0, 4;
    %cmp/u;
    %jmp/1 T_3.8, 6;
    %dup/vec4;
    %pushi/vec4 9, 0, 4;
    %cmp/u;
    %jmp/1 T_3.9, 6;
    %dup/vec4;
    %pushi/vec4 10, 0, 4;
    %cmp/u;
    %jmp/1 T_3.10, 6;
    %dup/vec4;
    %pushi/vec4 11, 0, 4;
    %cmp/u;
    %jmp/1 T_3.11, 6;
    %dup/vec4;
    %pushi/vec4 12, 0, 4;
    %cmp/u;
    %jmp/1 T_3.12, 6;
    %dup/vec4;
    %pushi/vec4 13, 0, 4;
    %cmp/u;
    %jmp/1 T_3.13, 6;
    %dup/vec4;
    %pushi/vec4 14, 0, 4;
    %cmp/u;
    %jmp/1 T_3.14, 6;
    %pushi/vec4 0, 0, 7;
    %store/vec4 v0x559578b968f0_0, 0, 7;
    %jmp T_3.16;
T_3.0 ;
    %pushi/vec4 63, 0, 7;
    %store/vec4 v0x559578b968f0_0, 0, 7;
    %jmp T_3.16;
T_3.1 ;
    %pushi/vec4 6, 0, 7;
    %store/vec4 v0x559578b968f0_0, 0, 7;
    %jmp T_3.16;
T_3.2 ;
    %pushi/vec4 91, 0, 7;
    %store/vec4 v0x559578b968f0_0, 0, 7;
    %jmp T_3.16;
T_3.3 ;
    %pushi/vec4 79, 0, 7;
    %store/vec4 v0x559578b968f0_0, 0, 7;
    %jmp T_3.16;
T_3.4 ;
    %pushi/vec4 102, 0, 7;
    %store/vec4 v0x559578b968f0_0, 0, 7;
    %jmp T_3.16;
T_3.5 ;
    %pushi/vec4 109, 0, 7;
    %store/vec4 v0x559578b968f0_0, 0, 7;
    %jmp T_3.16;
T_3.6 ;
    %pushi/vec4 125, 0, 7;
    %store/vec4 v0x559578b968f0_0, 0, 7;
    %jmp T_3.16;
T_3.7 ;
    %pushi/vec4 7, 0, 7;
    %store/vec4 v0x559578b968f0_0, 0, 7;
    %jmp T_3.16;
T_3.8 ;
    %pushi/vec4 127, 0, 7;
    %store/vec4 v0x559578b968f0_0, 0, 7;
    %jmp T_3.16;
T_3.9 ;
    %pushi/vec4 111, 0, 7;
    %store/vec4 v0x559578b968f0_0, 0, 7;
    %jmp T_3.16;
T_3.10 ;
    %pushi/vec4 118, 0, 7;
    %store/vec4 v0x559578b968f0_0, 0, 7;
    %jmp T_3.16;
T_3.11 ;
    %pushi/vec4 121, 0, 7;
    %store/vec4 v0x559578b968f0_0, 0, 7;
    %jmp T_3.16;
T_3.12 ;
    %pushi/vec4 56, 0, 7;
    %store/vec4 v0x559578b968f0_0, 0, 7;
    %jmp T_3.16;
T_3.13 ;
    %pushi/vec4 62, 0, 7;
    %store/vec4 v0x559578b968f0_0, 0, 7;
    %jmp T_3.16;
T_3.14 ;
    %pushi/vec4 119, 0, 7;
    %store/vec4 v0x559578b968f0_0, 0, 7;
    %jmp T_3.16;
T_3.16 ;
    %pop/vec4 1;
    %jmp T_3;
    .thread T_3, $push;
# The file index is used to find the file name in the following table.
:file_names 4;
    "N/A";
    "<interactive>";
    "seg_4.v";
    "./seg.v";
