#! /usr/bin/vvp
:ivl_version "11.0 (stable)" "(v11_0)";
:ivl_delay_selection "TYPICAL";
:vpi_time_precision + 0;
:vpi_module "/usr/lib/ivl/system.vpi";
:vpi_module "/usr/lib/ivl/vhdl_sys.vpi";
:vpi_module "/usr/lib/ivl/vhdl_textio.vpi";
:vpi_module "/usr/lib/ivl/v2005_math.vpi";
:vpi_module "/usr/lib/ivl/va_math.vpi";
S_0x560858035060 .scope module, "shift" "shift" 2 2;
 .timescale 0 0;
    .port_info 0 /INPUT 1 "clk";
    .port_info 1 /INPUT 1 "reset";
    .port_info 2 /OUTPUT 16 "out";
P_0x5608580339f0 .param/l "INIT" 0 2 4, C4<0000000000001010>;
P_0x560858033a30 .param/l "N" 0 2 3, +C4<00000000000000000000000000000100>;
o0x7f49bbb6a018 .functor BUFZ 1, C4<z>; HiZ drive
v0x560858035370_0 .net "clk", 0 0, o0x7f49bbb6a018;  0 drivers
v0x560858058590_0 .var "out", 15 0;
o0x7f49bbb6a078 .functor BUFZ 1, C4<z>; HiZ drive
v0x560858058670_0 .net "reset", 0 0, o0x7f49bbb6a078;  0 drivers
E_0x560858033d00 .event posedge, v0x560858058670_0, v0x560858035370_0;
    .scope S_0x560858035060;
T_0 ;
    %wait E_0x560858033d00;
    %load/vec4 v0x560858058670_0;
    %flag_set/vec4 8;
    %jmp/0xz  T_0.0, 8;
    %pushi/vec4 10, 0, 16;
    %assign/vec4 v0x560858058590_0, 0;
    %vpi_call 2 18 "$displayb", P_0x5608580339f0 {0 0 0};
    %jmp T_0.1;
T_0.0 ;
    %load/vec4 v0x560858058590_0;
    %parti/s 12, 0, 2;
    %load/vec4 v0x560858058590_0;
    %parti/s 4, 12, 5;
    %concat/vec4; draw_concat_vec4
    %assign/vec4 v0x560858058590_0, 0;
T_0.1 ;
    %jmp T_0;
    .thread T_0;
# The file index is used to find the file name in the following table.
:file_names 3;
    "N/A";
    "<interactive>";
    "shift.v";
