#! /usr/bin/vvp
:ivl_version "11.0 (stable)" "(v11_0)";
:ivl_delay_selection "TYPICAL";
:vpi_time_precision + 0;
:vpi_module "/usr/lib/ivl/system.vpi";
:vpi_module "/usr/lib/ivl/vhdl_sys.vpi";
:vpi_module "/usr/lib/ivl/vhdl_textio.vpi";
:vpi_module "/usr/lib/ivl/v2005_math.vpi";
:vpi_module "/usr/lib/ivl/va_math.vpi";
S_0x5641f39157a0 .scope module, "show" "show" 2 6;
 .timescale 0 0;
    .port_info 0 /INPUT 1 "SW";
    .port_info 1 /OUTPUT 4 "LEDR";
    .port_info 2 /INPUT 1 "CLOCK_50";
    .port_info 3 /OUTPUT 7 "HEX3";
    .port_info 4 /OUTPUT 7 "HEX2";
    .port_info 5 /OUTPUT 7 "HEX1";
    .port_info 6 /OUTPUT 7 "HEX0";
o0x7f25daaf3618 .functor BUFZ 1, C4<z>; HiZ drive
L_0x5641f395b8f0 .functor BUFZ 1, o0x7f25daaf3618, C4<0>, C4<0>, C4<0>;
o0x7f25daaf3738 .functor BUFZ 1, C4<z>; HiZ drive
L_0x5641f395b9d0 .functor BUFZ 1, o0x7f25daaf3738, C4<0>, C4<0>, C4<0>;
v0x5641f395a250_0 .net "CLOCK_50", 0 0, o0x7f25daaf3618;  0 drivers
v0x5641f395a320_0 .net "HEX0", 6 0, L_0x5641f395bba0;  1 drivers
v0x5641f395a410_0 .net "HEX1", 6 0, L_0x5641f395bcd0;  1 drivers
v0x5641f395a500_0 .net "HEX2", 6 0, L_0x5641f395be00;  1 drivers
v0x5641f395a610_0 .net "HEX3", 6 0, L_0x5641f395bf40;  1 drivers
v0x5641f395a770_0 .net "LEDR", 10 7, L_0x5641f395c8a0;  1 drivers
v0x5641f395a850_0 .net "SW", 17 17, o0x7f25daaf3738;  0 drivers
L_0x7f25daaaa018 .functor BUFT 1, C4<1010>, C4<0>, C4<0>, C4<0>;
v0x5641f395a930_0 .net/2u *"_ivl_10", 3 0, L_0x7f25daaaa018;  1 drivers
v0x5641f395aa10_0 .net *"_ivl_12", 0 0, L_0x5641f395c1e0;  1 drivers
v0x5641f395aad0_0 .net *"_ivl_17", 3 0, L_0x5641f395c300;  1 drivers
L_0x7f25daaaa060 .functor BUFT 1, C4<1010>, C4<0>, C4<0>, C4<0>;
v0x5641f395abb0_0 .net/2u *"_ivl_18", 3 0, L_0x7f25daaaa060;  1 drivers
v0x5641f395ac90_0 .net *"_ivl_20", 0 0, L_0x5641f395c4e0;  1 drivers
v0x5641f395ad50_0 .net *"_ivl_25", 3 0, L_0x5641f395c650;  1 drivers
L_0x7f25daaaa0a8 .functor BUFT 1, C4<1010>, C4<0>, C4<0>, C4<0>;
v0x5641f395ae30_0 .net/2u *"_ivl_26", 3 0, L_0x7f25daaaa0a8;  1 drivers
v0x5641f395af10_0 .net *"_ivl_28", 0 0, L_0x5641f395c730;  1 drivers
v0x5641f395afd0_0 .net *"_ivl_34", 3 0, L_0x5641f395ca80;  1 drivers
L_0x7f25daaaa0f0 .functor BUFT 1, C4<1010>, C4<0>, C4<0>, C4<0>;
v0x5641f395b0b0_0 .net/2u *"_ivl_35", 3 0, L_0x7f25daaaa0f0;  1 drivers
v0x5641f395b2a0_0 .net *"_ivl_37", 0 0, L_0x5641f395cb20;  1 drivers
v0x5641f395b360_0 .net *"_ivl_9", 3 0, L_0x5641f395c0e0;  1 drivers
v0x5641f395b440_0 .net "clk", 0 0, L_0x5641f395b8f0;  1 drivers
v0x5641f395b500_0 .net "clk_2", 0 0, v0x5641f395a160_0;  1 drivers
v0x5641f395b5a0_0 .net "reg_out", 43 0, v0x5641f3959830_0;  1 drivers
v0x5641f395b660_0 .net "reset", 0 0, L_0x5641f395b9d0;  1 drivers
v0x5641f395b750_0 .net "to_show", 15 0, L_0x5641f395ba60;  1 drivers
L_0x5641f395ba60 .part v0x5641f3959830_0, 28, 16;
L_0x5641f395c0e0 .part L_0x5641f395ba60, 0, 4;
L_0x5641f395c1e0 .cmp/eq 4, L_0x5641f395c0e0, L_0x7f25daaaa018;
L_0x5641f395c300 .part L_0x5641f395ba60, 4, 4;
L_0x5641f395c4e0 .cmp/eq 4, L_0x5641f395c300, L_0x7f25daaaa060;
L_0x5641f395c650 .part L_0x5641f395ba60, 8, 4;
L_0x5641f395c730 .cmp/eq 4, L_0x5641f395c650, L_0x7f25daaaa0a8;
L_0x5641f395c8a0 .concat8 [ 1 1 1 1], L_0x5641f395c1e0, L_0x5641f395c4e0, L_0x5641f395c730, L_0x5641f395cb20;
L_0x5641f395ca80 .part L_0x5641f395ba60, 12, 4;
L_0x5641f395cb20 .cmp/eq 4, L_0x5641f395ca80, L_0x7f25daaaa0f0;
S_0x5641f3928b10 .scope module, "u_seg" "seg_4" 2 38, 3 3 0, S_0x5641f39157a0;
 .timescale 0 0;
    .port_info 0 /INPUT 16 "SW";
    .port_info 1 /OUTPUT 7 "HEX3";
    .port_info 2 /OUTPUT 7 "HEX2";
    .port_info 3 /OUTPUT 7 "HEX1";
    .port_info 4 /OUTPUT 7 "HEX0";
v0x5641f3958eb0_0 .net "HEX0", 6 0, L_0x5641f395bba0;  alias, 1 drivers
v0x5641f3958f70_0 .net "HEX1", 6 0, L_0x5641f395bcd0;  alias, 1 drivers
v0x5641f3959040_0 .net "HEX2", 6 0, L_0x5641f395be00;  alias, 1 drivers
v0x5641f3959140_0 .net "HEX3", 6 0, L_0x5641f395bf40;  alias, 1 drivers
v0x5641f3959210_0 .net "SW", 15 0, L_0x5641f395ba60;  alias, 1 drivers
L_0x5641f395bc30 .part L_0x5641f395ba60, 0, 4;
L_0x5641f395bd60 .part L_0x5641f395ba60, 4, 4;
L_0x5641f395be70 .part L_0x5641f395ba60, 8, 4;
L_0x5641f395bfe0 .part L_0x5641f395ba60, 12, 4;
S_0x5641f3928cf0 .scope module, "u1" "seg" 3 17, 4 1 0, S_0x5641f3928b10;
 .timescale 0 0;
    .port_info 0 /INPUT 4 "SW";
    .port_info 1 /OUTPUT 7 "HEX0";
L_0x5641f395bba0 .functor NOT 7, v0x5641f38ee760_0, C4<0000000>, C4<0000000>, C4<0000000>;
v0x5641f38ee760_0 .var "HEX", 6 0;
v0x5641f3938140_0 .net "HEX0", 6 0, L_0x5641f395bba0;  alias, 1 drivers
v0x5641f39245a0_0 .net "SW", 3 0, L_0x5641f395bc30;  1 drivers
E_0x5641f392cbc0 .event edge, v0x5641f39245a0_0;
S_0x5641f3957eb0 .scope module, "u2" "seg" 3 18, 4 1 0, S_0x5641f3928b10;
 .timescale 0 0;
    .port_info 0 /INPUT 4 "SW";
    .port_info 1 /OUTPUT 7 "HEX0";
L_0x5641f395bcd0 .functor NOT 7, v0x5641f39580d0_0, C4<0000000>, C4<0000000>, C4<0000000>;
v0x5641f39580d0_0 .var "HEX", 6 0;
v0x5641f39581d0_0 .net "HEX0", 6 0, L_0x5641f395bcd0;  alias, 1 drivers
v0x5641f39582b0_0 .net "SW", 3 0, L_0x5641f395bd60;  1 drivers
E_0x5641f3910e80 .event edge, v0x5641f39582b0_0;
S_0x5641f39583d0 .scope module, "u3" "seg" 3 19, 4 1 0, S_0x5641f3928b10;
 .timescale 0 0;
    .port_info 0 /INPUT 4 "SW";
    .port_info 1 /OUTPUT 7 "HEX0";
L_0x5641f395be00 .functor NOT 7, v0x5641f3958610_0, C4<0000000>, C4<0000000>, C4<0000000>;
v0x5641f3958610_0 .var "HEX", 6 0;
v0x5641f3958710_0 .net "HEX0", 6 0, L_0x5641f395be00;  alias, 1 drivers
v0x5641f39587f0_0 .net "SW", 3 0, L_0x5641f395be70;  1 drivers
E_0x5641f39585b0 .event edge, v0x5641f39587f0_0;
S_0x5641f3958910 .scope module, "u4" "seg" 3 20, 4 1 0, S_0x5641f3928b10;
 .timescale 0 0;
    .port_info 0 /INPUT 4 "SW";
    .port_info 1 /OUTPUT 7 "HEX0";
L_0x5641f395bf40 .functor NOT 7, v0x5641f3958bb0_0, C4<0000000>, C4<0000000>, C4<0000000>;
v0x5641f3958bb0_0 .var "HEX", 6 0;
v0x5641f3958cb0_0 .net "HEX0", 6 0, L_0x5641f395bf40;  alias, 1 drivers
v0x5641f3958d90_0 .net "SW", 3 0, L_0x5641f395bfe0;  1 drivers
E_0x5641f3958b30 .event edge, v0x5641f3958d90_0;
S_0x5641f39593a0 .scope module, "u_shift" "shift" 2 33, 5 2 0, S_0x5641f39157a0;
 .timescale 0 0;
    .port_info 0 /INPUT 1 "clk";
    .port_info 1 /INPUT 1 "reset";
    .port_info 2 /OUTPUT 44 "out";
P_0x5641f391aa90 .param/l "INIT" 0 5 4, C4<10101011110011000000111110001101111011101111>;
P_0x5641f391aad0 .param/l "N" 0 5 3, +C4<00000000000000000000000000001011>;
v0x5641f3959750_0 .net "clk", 0 0, v0x5641f395a160_0;  alias, 1 drivers
v0x5641f3959830_0 .var "out", 43 0;
v0x5641f3959910_0 .net "reset", 0 0, L_0x5641f395b9d0;  alias, 1 drivers
E_0x5641f39596d0 .event posedge, v0x5641f3959910_0, v0x5641f3959750_0;
S_0x5641f3959a60 .scope module, "u_tik" "tiks" 2 28, 6 1 0, S_0x5641f39157a0;
 .timescale 0 0;
    .port_info 0 /INPUT 1 "CLOCK_50";
    .port_info 1 /INPUT 1 "reset";
    .port_info 2 /OUTPUT 1 "tik";
P_0x5641f38eef30 .param/l "BASE" 0 6 3, +C4<00000010111110101111000010000000>;
P_0x5641f38eef70 .param/l "CNT_MAX" 0 6 11, +C4<000000001011111010111100000111111>;
P_0x5641f38eefb0 .param/l "M" 0 6 2, +C4<00000000000000000000000000000001>;
v0x5641f3959ea0_0 .net "CLOCK_50", 0 0, o0x7f25daaf3618;  alias, 0 drivers
v0x5641f3959f80_0 .var "cnt", 31 0;
v0x5641f395a060_0 .net "reset", 0 0, L_0x5641f395b9d0;  alias, 1 drivers
v0x5641f395a160_0 .var "tik", 0 0;
E_0x5641f3959e40 .event posedge, v0x5641f3959910_0, v0x5641f3959ea0_0;
    .scope S_0x5641f3959a60;
T_0 ;
    %wait E_0x5641f3959e40;
    %load/vec4 v0x5641f395a060_0;
    %flag_set/vec4 8;
    %jmp/0xz  T_0.0, 8;
    %pushi/vec4 0, 0, 32;
    %assign/vec4 v0x5641f3959f80_0, 0;
    %pushi/vec4 0, 0, 1;
    %assign/vec4 v0x5641f395a160_0, 0;
    %jmp T_0.1;
T_0.0 ;
    %load/vec4 v0x5641f3959f80_0;
    %pad/u 33;
    %cmpi/ne 24999999, 0, 33;
    %jmp/0xz  T_0.2, 4;
    %load/vec4 v0x5641f3959f80_0;
    %addi 1, 0, 32;
    %assign/vec4 v0x5641f3959f80_0, 0;
    %jmp T_0.3;
T_0.2 ;
    %pushi/vec4 0, 0, 32;
    %assign/vec4 v0x5641f3959f80_0, 0;
    %load/vec4 v0x5641f395a160_0;
    %inv;
    %assign/vec4 v0x5641f395a160_0, 0;
T_0.3 ;
T_0.1 ;
    %jmp T_0;
    .thread T_0;
    .scope S_0x5641f39593a0;
T_1 ;
    %wait E_0x5641f39596d0;
    %load/vec4 v0x5641f3959910_0;
    %flag_set/vec4 8;
    %jmp/0xz  T_1.0, 8;
    %pushi/vec4 2882277261, 0, 32;
    %concati/vec4 3823, 0, 12;
    %assign/vec4 v0x5641f3959830_0, 0;
    %vpi_call 5 18 "$displayb", P_0x5641f391aa90 {0 0 0};
    %jmp T_1.1;
T_1.0 ;
    %load/vec4 v0x5641f3959830_0;
    %parti/s 40, 0, 2;
    %load/vec4 v0x5641f3959830_0;
    %parti/s 4, 40, 7;
    %concat/vec4; draw_concat_vec4
    %assign/vec4 v0x5641f3959830_0, 0;
T_1.1 ;
    %jmp T_1;
    .thread T_1;
    .scope S_0x5641f3928cf0;
T_2 ;
    %wait E_0x5641f392cbc0;
    %load/vec4 v0x5641f39245a0_0;
    %dup/vec4;
    %pushi/vec4 0, 0, 4;
    %cmp/u;
    %jmp/1 T_2.0, 6;
    %dup/vec4;
    %pushi/vec4 1, 0, 4;
    %cmp/u;
    %jmp/1 T_2.1, 6;
    %dup/vec4;
    %pushi/vec4 2, 0, 4;
    %cmp/u;
    %jmp/1 T_2.2, 6;
    %dup/vec4;
    %pushi/vec4 3, 0, 4;
    %cmp/u;
    %jmp/1 T_2.3, 6;
    %dup/vec4;
    %pushi/vec4 4, 0, 4;
    %cmp/u;
    %jmp/1 T_2.4, 6;
    %dup/vec4;
    %pushi/vec4 5, 0, 4;
    %cmp/u;
    %jmp/1 T_2.5, 6;
    %dup/vec4;
    %pushi/vec4 6, 0, 4;
    %cmp/u;
    %jmp/1 T_2.6, 6;
    %dup/vec4;
    %pushi/vec4 7, 0, 4;
    %cmp/u;
    %jmp/1 T_2.7, 6;
    %dup/vec4;
    %pushi/vec4 8, 0, 4;
    %cmp/u;
    %jmp/1 T_2.8, 6;
    %dup/vec4;
    %pushi/vec4 9, 0, 4;
    %cmp/u;
    %jmp/1 T_2.9, 6;
    %dup/vec4;
    %pushi/vec4 10, 0, 4;
    %cmp/u;
    %jmp/1 T_2.10, 6;
    %dup/vec4;
    %pushi/vec4 11, 0, 4;
    %cmp/u;
    %jmp/1 T_2.11, 6;
    %dup/vec4;
    %pushi/vec4 12, 0, 4;
    %cmp/u;
    %jmp/1 T_2.12, 6;
    %dup/vec4;
    %pushi/vec4 13, 0, 4;
    %cmp/u;
    %jmp/1 T_2.13, 6;
    %dup/vec4;
    %pushi/vec4 14, 0, 4;
    %cmp/u;
    %jmp/1 T_2.14, 6;
    %pushi/vec4 0, 0, 7;
    %store/vec4 v0x5641f38ee760_0, 0, 7;
    %jmp T_2.16;
T_2.0 ;
    %pushi/vec4 63, 0, 7;
    %store/vec4 v0x5641f38ee760_0, 0, 7;
    %jmp T_2.16;
T_2.1 ;
    %pushi/vec4 6, 0, 7;
    %store/vec4 v0x5641f38ee760_0, 0, 7;
    %jmp T_2.16;
T_2.2 ;
    %pushi/vec4 91, 0, 7;
    %store/vec4 v0x5641f38ee760_0, 0, 7;
    %jmp T_2.16;
T_2.3 ;
    %pushi/vec4 79, 0, 7;
    %store/vec4 v0x5641f38ee760_0, 0, 7;
    %jmp T_2.16;
T_2.4 ;
    %pushi/vec4 102, 0, 7;
    %store/vec4 v0x5641f38ee760_0, 0, 7;
    %jmp T_2.16;
T_2.5 ;
    %pushi/vec4 109, 0, 7;
    %store/vec4 v0x5641f38ee760_0, 0, 7;
    %jmp T_2.16;
T_2.6 ;
    %pushi/vec4 125, 0, 7;
    %store/vec4 v0x5641f38ee760_0, 0, 7;
    %jmp T_2.16;
T_2.7 ;
    %pushi/vec4 7, 0, 7;
    %store/vec4 v0x5641f38ee760_0, 0, 7;
    %jmp T_2.16;
T_2.8 ;
    %pushi/vec4 127, 0, 7;
    %store/vec4 v0x5641f38ee760_0, 0, 7;
    %jmp T_2.16;
T_2.9 ;
    %pushi/vec4 111, 0, 7;
    %store/vec4 v0x5641f38ee760_0, 0, 7;
    %jmp T_2.16;
T_2.10 ;
    %pushi/vec4 118, 0, 7;
    %store/vec4 v0x5641f38ee760_0, 0, 7;
    %jmp T_2.16;
T_2.11 ;
    %pushi/vec4 121, 0, 7;
    %store/vec4 v0x5641f38ee760_0, 0, 7;
    %jmp T_2.16;
T_2.12 ;
    %pushi/vec4 56, 0, 7;
    %store/vec4 v0x5641f38ee760_0, 0, 7;
    %jmp T_2.16;
T_2.13 ;
    %pushi/vec4 62, 0, 7;
    %store/vec4 v0x5641f38ee760_0, 0, 7;
    %jmp T_2.16;
T_2.14 ;
    %pushi/vec4 119, 0, 7;
    %store/vec4 v0x5641f38ee760_0, 0, 7;
    %jmp T_2.16;
T_2.16 ;
    %pop/vec4 1;
    %jmp T_2;
    .thread T_2, $push;
    .scope S_0x5641f3957eb0;
T_3 ;
    %wait E_0x5641f3910e80;
    %load/vec4 v0x5641f39582b0_0;
    %dup/vec4;
    %pushi/vec4 0, 0, 4;
    %cmp/u;
    %jmp/1 T_3.0, 6;
    %dup/vec4;
    %pushi/vec4 1, 0, 4;
    %cmp/u;
    %jmp/1 T_3.1, 6;
    %dup/vec4;
    %pushi/vec4 2, 0, 4;
    %cmp/u;
    %jmp/1 T_3.2, 6;
    %dup/vec4;
    %pushi/vec4 3, 0, 4;
    %cmp/u;
    %jmp/1 T_3.3, 6;
    %dup/vec4;
    %pushi/vec4 4, 0, 4;
    %cmp/u;
    %jmp/1 T_3.4, 6;
    %dup/vec4;
    %pushi/vec4 5, 0, 4;
    %cmp/u;
    %jmp/1 T_3.5, 6;
    %dup/vec4;
    %pushi/vec4 6, 0, 4;
    %cmp/u;
    %jmp/1 T_3.6, 6;
    %dup/vec4;
    %pushi/vec4 7, 0, 4;
    %cmp/u;
    %jmp/1 T_3.7, 6;
    %dup/vec4;
    %pushi/vec4 8, 0, 4;
    %cmp/u;
    %jmp/1 T_3.8, 6;
    %dup/vec4;
    %pushi/vec4 9, 0, 4;
    %cmp/u;
    %jmp/1 T_3.9, 6;
    %dup/vec4;
    %pushi/vec4 10, 0, 4;
    %cmp/u;
    %jmp/1 T_3.10, 6;
    %dup/vec4;
    %pushi/vec4 11, 0, 4;
    %cmp/u;
    %jmp/1 T_3.11, 6;
    %dup/vec4;
    %pushi/vec4 12, 0, 4;
    %cmp/u;
    %jmp/1 T_3.12, 6;
    %dup/vec4;
    %pushi/vec4 13, 0, 4;
    %cmp/u;
    %jmp/1 T_3.13, 6;
    %dup/vec4;
    %pushi/vec4 14, 0, 4;
    %cmp/u;
    %jmp/1 T_3.14, 6;
    %pushi/vec4 0, 0, 7;
    %store/vec4 v0x5641f39580d0_0, 0, 7;
    %jmp T_3.16;
T_3.0 ;
    %pushi/vec4 63, 0, 7;
    %store/vec4 v0x5641f39580d0_0, 0, 7;
    %jmp T_3.16;
T_3.1 ;
    %pushi/vec4 6, 0, 7;
    %store/vec4 v0x5641f39580d0_0, 0, 7;
    %jmp T_3.16;
T_3.2 ;
    %pushi/vec4 91, 0, 7;
    %store/vec4 v0x5641f39580d0_0, 0, 7;
    %jmp T_3.16;
T_3.3 ;
    %pushi/vec4 79, 0, 7;
    %store/vec4 v0x5641f39580d0_0, 0, 7;
    %jmp T_3.16;
T_3.4 ;
    %pushi/vec4 102, 0, 7;
    %store/vec4 v0x5641f39580d0_0, 0, 7;
    %jmp T_3.16;
T_3.5 ;
    %pushi/vec4 109, 0, 7;
    %store/vec4 v0x5641f39580d0_0, 0, 7;
    %jmp T_3.16;
T_3.6 ;
    %pushi/vec4 125, 0, 7;
    %store/vec4 v0x5641f39580d0_0, 0, 7;
    %jmp T_3.16;
T_3.7 ;
    %pushi/vec4 7, 0, 7;
    %store/vec4 v0x5641f39580d0_0, 0, 7;
    %jmp T_3.16;
T_3.8 ;
    %pushi/vec4 127, 0, 7;
    %store/vec4 v0x5641f39580d0_0, 0, 7;
    %jmp T_3.16;
T_3.9 ;
    %pushi/vec4 111, 0, 7;
    %store/vec4 v0x5641f39580d0_0, 0, 7;
    %jmp T_3.16;
T_3.10 ;
    %pushi/vec4 118, 0, 7;
    %store/vec4 v0x5641f39580d0_0, 0, 7;
    %jmp T_3.16;
T_3.11 ;
    %pushi/vec4 121, 0, 7;
    %store/vec4 v0x5641f39580d0_0, 0, 7;
    %jmp T_3.16;
T_3.12 ;
    %pushi/vec4 56, 0, 7;
    %store/vec4 v0x5641f39580d0_0, 0, 7;
    %jmp T_3.16;
T_3.13 ;
    %pushi/vec4 62, 0, 7;
    %store/vec4 v0x5641f39580d0_0, 0, 7;
    %jmp T_3.16;
T_3.14 ;
    %pushi/vec4 119, 0, 7;
    %store/vec4 v0x5641f39580d0_0, 0, 7;
    %jmp T_3.16;
T_3.16 ;
    %pop/vec4 1;
    %jmp T_3;
    .thread T_3, $push;
    .scope S_0x5641f39583d0;
T_4 ;
    %wait E_0x5641f39585b0;
    %load/vec4 v0x5641f39587f0_0;
    %dup/vec4;
    %pushi/vec4 0, 0, 4;
    %cmp/u;
    %jmp/1 T_4.0, 6;
    %dup/vec4;
    %pushi/vec4 1, 0, 4;
    %cmp/u;
    %jmp/1 T_4.1, 6;
    %dup/vec4;
    %pushi/vec4 2, 0, 4;
    %cmp/u;
    %jmp/1 T_4.2, 6;
    %dup/vec4;
    %pushi/vec4 3, 0, 4;
    %cmp/u;
    %jmp/1 T_4.3, 6;
    %dup/vec4;
    %pushi/vec4 4, 0, 4;
    %cmp/u;
    %jmp/1 T_4.4, 6;
    %dup/vec4;
    %pushi/vec4 5, 0, 4;
    %cmp/u;
    %jmp/1 T_4.5, 6;
    %dup/vec4;
    %pushi/vec4 6, 0, 4;
    %cmp/u;
    %jmp/1 T_4.6, 6;
    %dup/vec4;
    %pushi/vec4 7, 0, 4;
    %cmp/u;
    %jmp/1 T_4.7, 6;
    %dup/vec4;
    %pushi/vec4 8, 0, 4;
    %cmp/u;
    %jmp/1 T_4.8, 6;
    %dup/vec4;
    %pushi/vec4 9, 0, 4;
    %cmp/u;
    %jmp/1 T_4.9, 6;
    %dup/vec4;
    %pushi/vec4 10, 0, 4;
    %cmp/u;
    %jmp/1 T_4.10, 6;
    %dup/vec4;
    %pushi/vec4 11, 0, 4;
    %cmp/u;
    %jmp/1 T_4.11, 6;
    %dup/vec4;
    %pushi/vec4 12, 0, 4;
    %cmp/u;
    %jmp/1 T_4.12, 6;
    %dup/vec4;
    %pushi/vec4 13, 0, 4;
    %cmp/u;
    %jmp/1 T_4.13, 6;
    %dup/vec4;
    %pushi/vec4 14, 0, 4;
    %cmp/u;
    %jmp/1 T_4.14, 6;
    %pushi/vec4 0, 0, 7;
    %store/vec4 v0x5641f3958610_0, 0, 7;
    %jmp T_4.16;
T_4.0 ;
    %pushi/vec4 63, 0, 7;
    %store/vec4 v0x5641f3958610_0, 0, 7;
    %jmp T_4.16;
T_4.1 ;
    %pushi/vec4 6, 0, 7;
    %store/vec4 v0x5641f3958610_0, 0, 7;
    %jmp T_4.16;
T_4.2 ;
    %pushi/vec4 91, 0, 7;
    %store/vec4 v0x5641f3958610_0, 0, 7;
    %jmp T_4.16;
T_4.3 ;
    %pushi/vec4 79, 0, 7;
    %store/vec4 v0x5641f3958610_0, 0, 7;
    %jmp T_4.16;
T_4.4 ;
    %pushi/vec4 102, 0, 7;
    %store/vec4 v0x5641f3958610_0, 0, 7;
    %jmp T_4.16;
T_4.5 ;
    %pushi/vec4 109, 0, 7;
    %store/vec4 v0x5641f3958610_0, 0, 7;
    %jmp T_4.16;
T_4.6 ;
    %pushi/vec4 125, 0, 7;
    %store/vec4 v0x5641f3958610_0, 0, 7;
    %jmp T_4.16;
T_4.7 ;
    %pushi/vec4 7, 0, 7;
    %store/vec4 v0x5641f3958610_0, 0, 7;
    %jmp T_4.16;
T_4.8 ;
    %pushi/vec4 127, 0, 7;
    %store/vec4 v0x5641f3958610_0, 0, 7;
    %jmp T_4.16;
T_4.9 ;
    %pushi/vec4 111, 0, 7;
    %store/vec4 v0x5641f3958610_0, 0, 7;
    %jmp T_4.16;
T_4.10 ;
    %pushi/vec4 118, 0, 7;
    %store/vec4 v0x5641f3958610_0, 0, 7;
    %jmp T_4.16;
T_4.11 ;
    %pushi/vec4 121, 0, 7;
    %store/vec4 v0x5641f3958610_0, 0, 7;
    %jmp T_4.16;
T_4.12 ;
    %pushi/vec4 56, 0, 7;
    %store/vec4 v0x5641f3958610_0, 0, 7;
    %jmp T_4.16;
T_4.13 ;
    %pushi/vec4 62, 0, 7;
    %store/vec4 v0x5641f3958610_0, 0, 7;
    %jmp T_4.16;
T_4.14 ;
    %pushi/vec4 119, 0, 7;
    %store/vec4 v0x5641f3958610_0, 0, 7;
    %jmp T_4.16;
T_4.16 ;
    %pop/vec4 1;
    %jmp T_4;
    .thread T_4, $push;
    .scope S_0x5641f3958910;
T_5 ;
    %wait E_0x5641f3958b30;
    %load/vec4 v0x5641f3958d90_0;
    %dup/vec4;
    %pushi/vec4 0, 0, 4;
    %cmp/u;
    %jmp/1 T_5.0, 6;
    %dup/vec4;
    %pushi/vec4 1, 0, 4;
    %cmp/u;
    %jmp/1 T_5.1, 6;
    %dup/vec4;
    %pushi/vec4 2, 0, 4;
    %cmp/u;
    %jmp/1 T_5.2, 6;
    %dup/vec4;
    %pushi/vec4 3, 0, 4;
    %cmp/u;
    %jmp/1 T_5.3, 6;
    %dup/vec4;
    %pushi/vec4 4, 0, 4;
    %cmp/u;
    %jmp/1 T_5.4, 6;
    %dup/vec4;
    %pushi/vec4 5, 0, 4;
    %cmp/u;
    %jmp/1 T_5.5, 6;
    %dup/vec4;
    %pushi/vec4 6, 0, 4;
    %cmp/u;
    %jmp/1 T_5.6, 6;
    %dup/vec4;
    %pushi/vec4 7, 0, 4;
    %cmp/u;
    %jmp/1 T_5.7, 6;
    %dup/vec4;
    %pushi/vec4 8, 0, 4;
    %cmp/u;
    %jmp/1 T_5.8, 6;
    %dup/vec4;
    %pushi/vec4 9, 0, 4;
    %cmp/u;
    %jmp/1 T_5.9, 6;
    %dup/vec4;
    %pushi/vec4 10, 0, 4;
    %cmp/u;
    %jmp/1 T_5.10, 6;
    %dup/vec4;
    %pushi/vec4 11, 0, 4;
    %cmp/u;
    %jmp/1 T_5.11, 6;
    %dup/vec4;
    %pushi/vec4 12, 0, 4;
    %cmp/u;
    %jmp/1 T_5.12, 6;
    %dup/vec4;
    %pushi/vec4 13, 0, 4;
    %cmp/u;
    %jmp/1 T_5.13, 6;
    %dup/vec4;
    %pushi/vec4 14, 0, 4;
    %cmp/u;
    %jmp/1 T_5.14, 6;
    %pushi/vec4 0, 0, 7;
    %store/vec4 v0x5641f3958bb0_0, 0, 7;
    %jmp T_5.16;
T_5.0 ;
    %pushi/vec4 63, 0, 7;
    %store/vec4 v0x5641f3958bb0_0, 0, 7;
    %jmp T_5.16;
T_5.1 ;
    %pushi/vec4 6, 0, 7;
    %store/vec4 v0x5641f3958bb0_0, 0, 7;
    %jmp T_5.16;
T_5.2 ;
    %pushi/vec4 91, 0, 7;
    %store/vec4 v0x5641f3958bb0_0, 0, 7;
    %jmp T_5.16;
T_5.3 ;
    %pushi/vec4 79, 0, 7;
    %store/vec4 v0x5641f3958bb0_0, 0, 7;
    %jmp T_5.16;
T_5.4 ;
    %pushi/vec4 102, 0, 7;
    %store/vec4 v0x5641f3958bb0_0, 0, 7;
    %jmp T_5.16;
T_5.5 ;
    %pushi/vec4 109, 0, 7;
    %store/vec4 v0x5641f3958bb0_0, 0, 7;
    %jmp T_5.16;
T_5.6 ;
    %pushi/vec4 125, 0, 7;
    %store/vec4 v0x5641f3958bb0_0, 0, 7;
    %jmp T_5.16;
T_5.7 ;
    %pushi/vec4 7, 0, 7;
    %store/vec4 v0x5641f3958bb0_0, 0, 7;
    %jmp T_5.16;
T_5.8 ;
    %pushi/vec4 127, 0, 7;
    %store/vec4 v0x5641f3958bb0_0, 0, 7;
    %jmp T_5.16;
T_5.9 ;
    %pushi/vec4 111, 0, 7;
    %store/vec4 v0x5641f3958bb0_0, 0, 7;
    %jmp T_5.16;
T_5.10 ;
    %pushi/vec4 118, 0, 7;
    %store/vec4 v0x5641f3958bb0_0, 0, 7;
    %jmp T_5.16;
T_5.11 ;
    %pushi/vec4 121, 0, 7;
    %store/vec4 v0x5641f3958bb0_0, 0, 7;
    %jmp T_5.16;
T_5.12 ;
    %pushi/vec4 56, 0, 7;
    %store/vec4 v0x5641f3958bb0_0, 0, 7;
    %jmp T_5.16;
T_5.13 ;
    %pushi/vec4 62, 0, 7;
    %store/vec4 v0x5641f3958bb0_0, 0, 7;
    %jmp T_5.16;
T_5.14 ;
    %pushi/vec4 119, 0, 7;
    %store/vec4 v0x5641f3958bb0_0, 0, 7;
    %jmp T_5.16;
T_5.16 ;
    %pop/vec4 1;
    %jmp T_5;
    .thread T_5, $push;
# The file index is used to find the file name in the following table.
:file_names 7;
    "N/A";
    "<interactive>";
    "show.v";
    "./seg_4.v";
    "./seg.v";
    "./shift.v";
    "./tik.v";
