#! /usr/bin/vvp
:ivl_version "11.0 (stable)" "(v11_0)";
:ivl_delay_selection "TYPICAL";
:vpi_time_precision + 0;
:vpi_module "/usr/lib/ivl/system.vpi";
:vpi_module "/usr/lib/ivl/vhdl_sys.vpi";
:vpi_module "/usr/lib/ivl/vhdl_textio.vpi";
:vpi_module "/usr/lib/ivl/v2005_math.vpi";
:vpi_module "/usr/lib/ivl/va_math.vpi";
S_0x5613ad9edda0 .scope module, "tiks" "tiks" 2 1;
 .timescale 0 0;
    .port_info 0 /INPUT 1 "CLOCK_50";
    .port_info 1 /INPUT 1 "reset";
    .port_info 2 /OUTPUT 1 "tik";
P_0x5613ad9eef30 .param/l "BASE" 0 2 3, +C4<00000010111110101111000010000000>;
P_0x5613ad9eef70 .param/l "CNT_MAX" 0 2 11, +C4<000000000010011000100101100111111>;
P_0x5613ad9eefb0 .param/l "M" 0 2 2, +C4<00000000000000000000000000000101>;
o0x7f2537b66018 .functor BUFZ 1, C4<z>; HiZ drive
v0x5613ad9ee0f0_0 .net "CLOCK_50", 0 0, o0x7f2537b66018;  0 drivers
v0x5613ada37300_0 .var "cnt", 31 0;
o0x7f2537b66078 .functor BUFZ 1, C4<z>; HiZ drive
v0x5613ada373e0_0 .net "reset", 0 0, o0x7f2537b66078;  0 drivers
v0x5613ada374b0_0 .var "tik", 0 0;
E_0x5613ada265f0 .event posedge, v0x5613ada373e0_0, v0x5613ad9ee0f0_0;
    .scope S_0x5613ad9edda0;
T_0 ;
    %wait E_0x5613ada265f0;
    %load/vec4 v0x5613ada373e0_0;
    %flag_set/vec4 8;
    %jmp/0xz  T_0.0, 8;
    %pushi/vec4 0, 0, 32;
    %assign/vec4 v0x5613ada37300_0, 0;
    %pushi/vec4 0, 0, 1;
    %assign/vec4 v0x5613ada374b0_0, 0;
    %jmp T_0.1;
T_0.0 ;
    %load/vec4 v0x5613ada37300_0;
    %pad/u 33;
    %cmpi/ne 4999999, 0, 33;
    %jmp/0xz  T_0.2, 4;
    %load/vec4 v0x5613ada37300_0;
    %addi 1, 0, 32;
    %assign/vec4 v0x5613ada37300_0, 0;
    %jmp T_0.3;
T_0.2 ;
    %pushi/vec4 0, 0, 32;
    %assign/vec4 v0x5613ada37300_0, 0;
    %load/vec4 v0x5613ada374b0_0;
    %inv;
    %assign/vec4 v0x5613ada374b0_0, 0;
T_0.3 ;
T_0.1 ;
    %jmp T_0;
    .thread T_0;
# The file index is used to find the file name in the following table.
:file_names 3;
    "N/A";
    "<interactive>";
    "tik.v";
