#! /usr/bin/vvp
:ivl_version "11.0 (stable)" "(v11_0)";
:ivl_delay_selection "TYPICAL";
:vpi_time_precision + 0;
:vpi_module "/usr/lib/ivl/system.vpi";
:vpi_module "/usr/lib/ivl/vhdl_sys.vpi";
:vpi_module "/usr/lib/ivl/vhdl_textio.vpi";
:vpi_module "/usr/lib/ivl/v2005_math.vpi";
:vpi_module "/usr/lib/ivl/va_math.vpi";
S_0x5611a38a6ce0 .scope module, "clk" "clk" 2 4;
 .timescale 0 0;
    .port_info 0 /INPUT 1 "CLOCK_50";
    .port_info 1 /INPUT 18 "SW";
    .port_info 2 /OUTPUT 1 "tik";
P_0x5611a3881f30 .param/l "CNT_MAX" 0 2 14, +C4<000000000010011000100101100111111>;
P_0x5611a3881f70 .param/l "M" 0 2 5, +C4<00000000000000000000000000000101>;
P_0x5611a3881fb0 .param/l "R" 0 2 6, +C4<00000000000000000000000000111011>;
o0x7f4f7c969018 .functor BUFZ 1, C4<z>; HiZ drive
v0x5611a38a7010_0 .net "CLOCK_50", 0 0, o0x7f4f7c969018;  0 drivers
o0x7f4f7c969048 .functor BUFZ 18, C4<zzzzzzzzzzzzzzzzzz>; HiZ drive
v0x5611a38cadc0_0 .net "SW", 17 0, o0x7f4f7c969048;  0 drivers
v0x5611a38caea0_0 .var "cnt", 31 0;
v0x5611a38caf90_0 .net "reset", 0 0, L_0x5611a38cb1e0;  1 drivers
v0x5611a38cb050_0 .var "tik", 0 0;
E_0x5611a38b9a90 .event posedge, v0x5611a38caf90_0, v0x5611a38a7010_0;
L_0x5611a38cb1e0 .part o0x7f4f7c969048, 17, 1;
    .scope S_0x5611a38a6ce0;
T_0 ;
    %wait E_0x5611a38b9a90;
    %load/vec4 v0x5611a38caf90_0;
    %flag_set/vec4 8;
    %jmp/0xz  T_0.0, 8;
    %pushi/vec4 0, 0, 32;
    %assign/vec4 v0x5611a38caea0_0, 0;
    %pushi/vec4 0, 0, 1;
    %assign/vec4 v0x5611a38cb050_0, 0;
    %jmp T_0.1;
T_0.0 ;
    %load/vec4 v0x5611a38caea0_0;
    %pad/u 33;
    %cmpi/ne 4999999, 0, 33;
    %jmp/0xz  T_0.2, 4;
    %load/vec4 v0x5611a38caea0_0;
    %addi 1, 0, 32;
    %assign/vec4 v0x5611a38caea0_0, 0;
    %jmp T_0.3;
T_0.2 ;
    %pushi/vec4 0, 0, 32;
    %assign/vec4 v0x5611a38caea0_0, 0;
    %load/vec4 v0x5611a38cb050_0;
    %inv;
    %assign/vec4 v0x5611a38cb050_0, 0;
T_0.3 ;
T_0.1 ;
    %jmp T_0;
    .thread T_0;
# The file index is used to find the file name in the following table.
:file_names 3;
    "N/A";
    "<interactive>";
    "clk.v";
