#! /usr/bin/vvp
:ivl_version "11.0 (stable)" "(v11_0)";
:ivl_delay_selection "TYPICAL";
:vpi_time_precision + 0;
:vpi_module "/usr/lib/ivl/system.vpi";
:vpi_module "/usr/lib/ivl/vhdl_sys.vpi";
:vpi_module "/usr/lib/ivl/vhdl_textio.vpi";
:vpi_module "/usr/lib/ivl/v2005_math.vpi";
:vpi_module "/usr/lib/ivl/va_math.vpi";
S_0x5616b2383da0 .scope module, "cnt" "cnt" 2 1;
 .timescale 0 0;
    .port_info 0 /INPUT 1 "reset";
    .port_info 1 /INPUT 1 "to_cnt";
    .port_info 2 /OUTPUT 8 "sum";
P_0x5616b23a7d80 .param/l "BITS" 0 2 3, +C4<00000000000000000000000000001000>;
P_0x5616b23a7dc0 .param/l "MAX" 0 2 2, +C4<00000000000000000000000000001010>;
o0x7f46a14e9018 .functor BUFZ 1, C4<z>; HiZ drive
v0x5616b2384090_0 .net "reset", 0 0, o0x7f46a14e9018;  0 drivers
v0x5616b23cc620_0 .var "sum", 7 0;
o0x7f46a14e9078 .functor BUFZ 1, C4<z>; HiZ drive
v0x5616b23cc700_0 .net "to_cnt", 0 0, o0x7f46a14e9078;  0 drivers
E_0x5616b23bc5f0 .event posedge, v0x5616b2384090_0, v0x5616b23cc700_0;
    .scope S_0x5616b2383da0;
T_0 ;
    %wait E_0x5616b23bc5f0;
    %load/vec4 v0x5616b2384090_0;
    %flag_set/vec4 8;
    %jmp/0xz  T_0.0, 8;
    %pushi/vec4 0, 0, 8;
    %assign/vec4 v0x5616b23cc620_0, 0;
    %jmp T_0.1;
T_0.0 ;
    %load/vec4 v0x5616b23cc620_0;
    %pad/u 32;
    %cmpi/ne 9, 0, 32;
    %jmp/0xz  T_0.2, 4;
    %load/vec4 v0x5616b23cc620_0;
    %addi 1, 0, 8;
    %assign/vec4 v0x5616b23cc620_0, 0;
    %jmp T_0.3;
T_0.2 ;
    %pushi/vec4 0, 0, 8;
    %assign/vec4 v0x5616b23cc620_0, 0;
T_0.3 ;
T_0.1 ;
    %jmp T_0;
    .thread T_0;
# The file index is used to find the file name in the following table.
:file_names 3;
    "N/A";
    "<interactive>";
    "cnt.v";
