#! /usr/bin/vvp
:ivl_version "11.0 (stable)" "(v11_0)";
:ivl_delay_selection "TYPICAL";
:vpi_time_precision + 0;
:vpi_module "/usr/lib/ivl/system.vpi";
:vpi_module "/usr/lib/ivl/vhdl_sys.vpi";
:vpi_module "/usr/lib/ivl/vhdl_textio.vpi";
:vpi_module "/usr/lib/ivl/v2005_math.vpi";
:vpi_module "/usr/lib/ivl/va_math.vpi";
S_0x55f1292f4cd0 .scope module, "top" "top" 2 5;
 .timescale 0 0;
    .port_info 0 /INPUT 1 "CLOCK_50";
    .port_info 1 /INPUT 18 "SW";
    .port_info 2 /OUTPUT 7 "HEX2";
    .port_info 3 /OUTPUT 7 "HEX1";
    .port_info 4 /OUTPUT 7 "HEX0";
o0x7fb493ec04c8 .functor BUFZ 1, C4<z>; HiZ drive
v0x55f12935abf0_0 .net "CLOCK_50", 0 0, o0x7fb493ec04c8;  0 drivers
v0x55f12935acc0_0 .net "HEX0", 6 0, L_0x55f12935b8c0;  1 drivers
v0x55f12935ad90_0 .net "HEX1", 6 0, L_0x55f12935b7e0;  1 drivers
v0x55f12935ae90_0 .net "HEX2", 6 0, L_0x55f12935b720;  1 drivers
o0x7fb493ec04f8 .functor BUFZ 18, C4<zzzzzzzzzzzzzzzzzz>; HiZ drive
v0x55f12935af60_0 .net "SW", 17 0, o0x7fb493ec04f8;  0 drivers
v0x55f12935b050_0 .net "bcd_1", 3 0, L_0x55f12935b6b0;  1 drivers
v0x55f12935b140_0 .net "bcd_10", 3 0, L_0x55f12935b620;  1 drivers
v0x55f12935b230_0 .net "bcd_100", 3 0, L_0x55f12935b590;  1 drivers
v0x55f12935b340_0 .net "tik", 7 0, v0x55f12935aa80_0;  1 drivers
S_0x55f1292f4e60 .scope module, "u_1" "dec" 2 31, 3 1 0, S_0x55f1292f4cd0;
 .timescale 0 0;
    .port_info 0 /INPUT 4 "SW";
    .port_info 1 /OUTPUT 7 "HEX0";
L_0x55f12935b8c0 .functor NOT 7, v0x55f129336f40_0, C4<0000000>, C4<0000000>, C4<0000000>;
v0x55f129336f40_0 .var "HEX", 6 0;
v0x55f12933cde0_0 .net "HEX0", 6 0, L_0x55f12935b8c0;  alias, 1 drivers
v0x55f1293586e0_0 .net "SW", 3 0, L_0x55f12935b6b0;  alias, 1 drivers
E_0x55f129333e10 .event edge, v0x55f1293586e0_0;
S_0x55f129358800 .scope module, "u_10" "dec" 2 30, 3 1 0, S_0x55f1292f4cd0;
 .timescale 0 0;
    .port_info 0 /INPUT 4 "SW";
    .port_info 1 /OUTPUT 7 "HEX0";
L_0x55f12935b7e0 .functor NOT 7, v0x55f129358a20_0, C4<0000000>, C4<0000000>, C4<0000000>;
v0x55f129358a20_0 .var "HEX", 6 0;
v0x55f129358b20_0 .net "HEX0", 6 0, L_0x55f12935b7e0;  alias, 1 drivers
v0x55f129358c00_0 .net "SW", 3 0, L_0x55f12935b620;  alias, 1 drivers
E_0x55f129327800 .event edge, v0x55f129358c00_0;
S_0x55f129358d20 .scope module, "u_100" "dec" 2 29, 3 1 0, S_0x55f1292f4cd0;
 .timescale 0 0;
    .port_info 0 /INPUT 4 "SW";
    .port_info 1 /OUTPUT 7 "HEX0";
L_0x55f12935b720 .functor NOT 7, v0x55f129358f20_0, C4<0000000>, C4<0000000>, C4<0000000>;
v0x55f129358f20_0 .var "HEX", 6 0;
v0x55f129359020_0 .net "HEX0", 6 0, L_0x55f12935b720;  alias, 1 drivers
v0x55f129359100_0 .net "SW", 3 0, L_0x55f12935b590;  alias, 1 drivers
E_0x55f129327bc0 .event edge, v0x55f129359100_0;
S_0x55f129359220 .scope module, "u_bcd" "bcd" 2 28, 4 1 0, S_0x55f1292f4cd0;
 .timescale 0 0;
    .port_info 0 /INPUT 8 "bin";
    .port_info 1 /OUTPUT 4 "bcd_hun";
    .port_info 2 /OUTPUT 4 "bcd_ten";
    .port_info 3 /OUTPUT 4 "bcd_one";
L_0x55f12935b590 .functor BUFZ 4, v0x55f129359b80_0, C4<0000>, C4<0000>, C4<0000>;
L_0x55f12935b620 .functor BUFZ 4, v0x55f129359f10_0, C4<0000>, C4<0000>, C4<0000>;
L_0x55f12935b6b0 .functor BUFZ 4, v0x55f129359d40_0, C4<0000>, C4<0000>, C4<0000>;
v0x55f129359ab0_0 .net "bcd_hun", 3 0, L_0x55f12935b590;  alias, 1 drivers
v0x55f129359b80_0 .var "bcd_hun_r", 3 0;
v0x55f129359c40_0 .net "bcd_one", 3 0, L_0x55f12935b6b0;  alias, 1 drivers
v0x55f129359d40_0 .var "bcd_one_r", 3 0;
v0x55f129359e00_0 .net "bcd_ten", 3 0, L_0x55f12935b620;  alias, 1 drivers
v0x55f129359f10_0 .var "bcd_ten_r", 3 0;
v0x55f129359fd0_0 .net "bin", 7 0, v0x55f12935aa80_0;  alias, 1 drivers
v0x55f12935a0b0_0 .var "bin_r", 7 0;
v0x55f12935a190_0 .var/i "i", 31 0;
E_0x55f129359470 .event edge, v0x55f129359fd0_0;
S_0x55f1293594d0 .scope task, "check_all" "check_all" 4 45, 4 45 0, S_0x55f129359220;
 .timescale 0 0;
TD_top.u_bcd.check_all ;
    %load/vec4 v0x55f129359d40_0;
    %pad/u 32;
    %cmpi/u 4, 0, 32;
    %flag_or 5, 4; GT is !LE
    %flag_inv 5;
    %jmp/0xz  T_0.0, 5;
    %load/vec4 v0x55f129359d40_0;
    %addi 3, 0, 4;
    %store/vec4 v0x55f129359d40_0, 0, 4;
T_0.0 ;
    %load/vec4 v0x55f129359f10_0;
    %pad/u 32;
    %cmpi/u 4, 0, 32;
    %flag_or 5, 4; GT is !LE
    %flag_inv 5;
    %jmp/0xz  T_0.2, 5;
    %load/vec4 v0x55f129359f10_0;
    %addi 3, 0, 4;
    %store/vec4 v0x55f129359f10_0, 0, 4;
T_0.2 ;
    %load/vec4 v0x55f129359b80_0;
    %pad/u 32;
    %cmpi/u 4, 0, 32;
    %flag_or 5, 4; GT is !LE
    %flag_inv 5;
    %jmp/0xz  T_0.4, 5;
    %load/vec4 v0x55f129359b80_0;
    %addi 3, 0, 4;
    %store/vec4 v0x55f129359b80_0, 0, 4;
T_0.4 ;
    %end;
S_0x55f1293596d0 .scope task, "init_all" "init_all" 4 32, 4 32 0, S_0x55f129359220;
 .timescale 0 0;
TD_top.u_bcd.init_all ;
    %load/vec4 v0x55f129359fd0_0;
    %store/vec4 v0x55f12935a0b0_0, 0, 8;
    %pushi/vec4 0, 0, 4;
    %store/vec4 v0x55f129359b80_0, 0, 4;
    %pushi/vec4 0, 0, 4;
    %store/vec4 v0x55f129359f10_0, 0, 4;
    %pushi/vec4 0, 0, 4;
    %store/vec4 v0x55f129359d40_0, 0, 4;
    %end;
S_0x55f1293598d0 .scope task, "shift_all" "shift_all" 4 41, 4 41 0, S_0x55f129359220;
 .timescale 0 0;
TD_top.u_bcd.shift_all ;
    %load/vec4 v0x55f129359b80_0;
    %load/vec4 v0x55f129359f10_0;
    %concat/vec4; draw_concat_vec4
    %load/vec4 v0x55f129359d40_0;
    %concat/vec4; draw_concat_vec4
    %load/vec4 v0x55f12935a0b0_0;
    %concat/vec4; draw_concat_vec4
    %ix/load 4, 1, 0;
    %flag_set/imm 4, 0;
    %shiftl 4;
    %split/vec4 8;
    %store/vec4 v0x55f12935a0b0_0, 0, 8;
    %split/vec4 4;
    %store/vec4 v0x55f129359d40_0, 0, 4;
    %split/vec4 4;
    %store/vec4 v0x55f129359f10_0, 0, 4;
    %store/vec4 v0x55f129359b80_0, 0, 4;
    %end;
S_0x55f12935a320 .scope module, "u_clk" "clk" 2 22, 5 4 0, S_0x55f1292f4cd0;
 .timescale 0 0;
    .port_info 0 /INPUT 1 "CLOCK_50";
    .port_info 1 /INPUT 18 "SW";
    .port_info 2 /OUTPUT 8 "tik";
P_0x55f1292f5f30 .param/l "CNT_MAX" 0 5 14, +C4<000000000100110001001011001111111>;
P_0x55f1292f5f70 .param/l "M" 0 5 5, +C4<00000000000000000000000000000101>;
P_0x55f1292f5fb0 .param/l "R" 0 5 6, +C4<00000000000000000000000000111011>;
v0x55f12935a710_0 .net "CLOCK_50", 0 0, o0x7fb493ec04c8;  alias, 0 drivers
v0x55f12935a7f0_0 .net "SW", 17 0, o0x7fb493ec04f8;  alias, 0 drivers
v0x55f12935a8d0_0 .var "cnt", 31 0;
v0x55f12935a9c0_0 .net "reset", 0 0, L_0x55f12935b4a0;  1 drivers
v0x55f12935aa80_0 .var "tik", 7 0;
E_0x55f12935a690 .event posedge, v0x55f12935a9c0_0, v0x55f12935a710_0;
L_0x55f12935b4a0 .part o0x7fb493ec04f8, 17, 1;
    .scope S_0x55f12935a320;
T_3 ;
    %wait E_0x55f12935a690;
    %load/vec4 v0x55f12935a9c0_0;
    %flag_set/vec4 8;
    %jmp/0xz  T_3.0, 8;
    %pushi/vec4 0, 0, 32;
    %assign/vec4 v0x55f12935a8d0_0, 0;
    %pushi/vec4 0, 0, 8;
    %assign/vec4 v0x55f12935aa80_0, 0;
    %jmp T_3.1;
T_3.0 ;
    %load/vec4 v0x55f12935a8d0_0;
    %pad/u 33;
    %cmpi/ne 9999999, 0, 33;
    %jmp/0xz  T_3.2, 4;
    %load/vec4 v0x55f12935a8d0_0;
    %addi 1, 0, 32;
    %assign/vec4 v0x55f12935a8d0_0, 0;
    %jmp T_3.3;
T_3.2 ;
    %pushi/vec4 0, 0, 32;
    %assign/vec4 v0x55f12935a8d0_0, 0;
    %load/vec4 v0x55f12935aa80_0;
    %pad/u 32;
    %cmpi/ne 59, 0, 32;
    %jmp/0xz  T_3.4, 4;
    %load/vec4 v0x55f12935aa80_0;
    %addi 1, 0, 8;
    %assign/vec4 v0x55f12935aa80_0, 0;
    %jmp T_3.5;
T_3.4 ;
    %pushi/vec4 0, 0, 8;
    %assign/vec4 v0x55f12935aa80_0, 0;
T_3.5 ;
T_3.3 ;
T_3.1 ;
    %jmp T_3;
    .thread T_3;
    .scope S_0x55f129359220;
T_4 ;
    %wait E_0x55f129359470;
    %fork TD_top.u_bcd.init_all, S_0x55f1293596d0;
    %join;
    %pushi/vec4 0, 0, 32;
    %store/vec4 v0x55f12935a190_0, 0, 32;
T_4.0 ;
    %load/vec4 v0x55f12935a190_0;
    %cmpi/s 8, 0, 32;
    %jmp/0xz T_4.1, 5;
    %fork TD_top.u_bcd.check_all, S_0x55f1293594d0;
    %join;
    %fork TD_top.u_bcd.shift_all, S_0x55f1293598d0;
    %join;
    %load/vec4 v0x55f12935a190_0;
    %addi 1, 0, 32;
    %store/vec4 v0x55f12935a190_0, 0, 32;
    %jmp T_4.0;
T_4.1 ;
    %jmp T_4;
    .thread T_4, $push;
    .scope S_0x55f129358d20;
T_5 ;
    %wait E_0x55f129327bc0;
    %load/vec4 v0x55f129359100_0;
    %dup/vec4;
    %pushi/vec4 0, 0, 4;
    %cmp/u;
    %jmp/1 T_5.0, 6;
    %dup/vec4;
    %pushi/vec4 1, 0, 4;
    %cmp/u;
    %jmp/1 T_5.1, 6;
    %dup/vec4;
    %pushi/vec4 2, 0, 4;
    %cmp/u;
    %jmp/1 T_5.2, 6;
    %dup/vec4;
    %pushi/vec4 3, 0, 4;
    %cmp/u;
    %jmp/1 T_5.3, 6;
    %dup/vec4;
    %pushi/vec4 4, 0, 4;
    %cmp/u;
    %jmp/1 T_5.4, 6;
    %dup/vec4;
    %pushi/vec4 5, 0, 4;
    %cmp/u;
    %jmp/1 T_5.5, 6;
    %dup/vec4;
    %pushi/vec4 6, 0, 4;
    %cmp/u;
    %jmp/1 T_5.6, 6;
    %dup/vec4;
    %pushi/vec4 7, 0, 4;
    %cmp/u;
    %jmp/1 T_5.7, 6;
    %dup/vec4;
    %pushi/vec4 8, 0, 4;
    %cmp/u;
    %jmp/1 T_5.8, 6;
    %dup/vec4;
    %pushi/vec4 9, 0, 4;
    %cmp/u;
    %jmp/1 T_5.9, 6;
    %pushi/vec4 0, 0, 7;
    %store/vec4 v0x55f129358f20_0, 0, 7;
    %jmp T_5.11;
T_5.0 ;
    %pushi/vec4 63, 0, 7;
    %store/vec4 v0x55f129358f20_0, 0, 7;
    %jmp T_5.11;
T_5.1 ;
    %pushi/vec4 6, 0, 7;
    %store/vec4 v0x55f129358f20_0, 0, 7;
    %jmp T_5.11;
T_5.2 ;
    %pushi/vec4 91, 0, 7;
    %store/vec4 v0x55f129358f20_0, 0, 7;
    %jmp T_5.11;
T_5.3 ;
    %pushi/vec4 79, 0, 7;
    %store/vec4 v0x55f129358f20_0, 0, 7;
    %jmp T_5.11;
T_5.4 ;
    %pushi/vec4 102, 0, 7;
    %store/vec4 v0x55f129358f20_0, 0, 7;
    %jmp T_5.11;
T_5.5 ;
    %pushi/vec4 109, 0, 7;
    %store/vec4 v0x55f129358f20_0, 0, 7;
    %jmp T_5.11;
T_5.6 ;
    %pushi/vec4 125, 0, 7;
    %store/vec4 v0x55f129358f20_0, 0, 7;
    %jmp T_5.11;
T_5.7 ;
    %pushi/vec4 7, 0, 7;
    %store/vec4 v0x55f129358f20_0, 0, 7;
    %jmp T_5.11;
T_5.8 ;
    %pushi/vec4 127, 0, 7;
    %store/vec4 v0x55f129358f20_0, 0, 7;
    %jmp T_5.11;
T_5.9 ;
    %pushi/vec4 111, 0, 7;
    %store/vec4 v0x55f129358f20_0, 0, 7;
    %jmp T_5.11;
T_5.11 ;
    %pop/vec4 1;
    %jmp T_5;
    .thread T_5, $push;
    .scope S_0x55f129358800;
T_6 ;
    %wait E_0x55f129327800;
    %load/vec4 v0x55f129358c00_0;
    %dup/vec4;
    %pushi/vec4 0, 0, 4;
    %cmp/u;
    %jmp/1 T_6.0, 6;
    %dup/vec4;
    %pushi/vec4 1, 0, 4;
    %cmp/u;
    %jmp/1 T_6.1, 6;
    %dup/vec4;
    %pushi/vec4 2, 0, 4;
    %cmp/u;
    %jmp/1 T_6.2, 6;
    %dup/vec4;
    %pushi/vec4 3, 0, 4;
    %cmp/u;
    %jmp/1 T_6.3, 6;
    %dup/vec4;
    %pushi/vec4 4, 0, 4;
    %cmp/u;
    %jmp/1 T_6.4, 6;
    %dup/vec4;
    %pushi/vec4 5, 0, 4;
    %cmp/u;
    %jmp/1 T_6.5, 6;
    %dup/vec4;
    %pushi/vec4 6, 0, 4;
    %cmp/u;
    %jmp/1 T_6.6, 6;
    %dup/vec4;
    %pushi/vec4 7, 0, 4;
    %cmp/u;
    %jmp/1 T_6.7, 6;
    %dup/vec4;
    %pushi/vec4 8, 0, 4;
    %cmp/u;
    %jmp/1 T_6.8, 6;
    %dup/vec4;
    %pushi/vec4 9, 0, 4;
    %cmp/u;
    %jmp/1 T_6.9, 6;
    %pushi/vec4 0, 0, 7;
    %store/vec4 v0x55f129358a20_0, 0, 7;
    %jmp T_6.11;
T_6.0 ;
    %pushi/vec4 63, 0, 7;
    %store/vec4 v0x55f129358a20_0, 0, 7;
    %jmp T_6.11;
T_6.1 ;
    %pushi/vec4 6, 0, 7;
    %store/vec4 v0x55f129358a20_0, 0, 7;
    %jmp T_6.11;
T_6.2 ;
    %pushi/vec4 91, 0, 7;
    %store/vec4 v0x55f129358a20_0, 0, 7;
    %jmp T_6.11;
T_6.3 ;
    %pushi/vec4 79, 0, 7;
    %store/vec4 v0x55f129358a20_0, 0, 7;
    %jmp T_6.11;
T_6.4 ;
    %pushi/vec4 102, 0, 7;
    %store/vec4 v0x55f129358a20_0, 0, 7;
    %jmp T_6.11;
T_6.5 ;
    %pushi/vec4 109, 0, 7;
    %store/vec4 v0x55f129358a20_0, 0, 7;
    %jmp T_6.11;
T_6.6 ;
    %pushi/vec4 125, 0, 7;
    %store/vec4 v0x55f129358a20_0, 0, 7;
    %jmp T_6.11;
T_6.7 ;
    %pushi/vec4 7, 0, 7;
    %store/vec4 v0x55f129358a20_0, 0, 7;
    %jmp T_6.11;
T_6.8 ;
    %pushi/vec4 127, 0, 7;
    %store/vec4 v0x55f129358a20_0, 0, 7;
    %jmp T_6.11;
T_6.9 ;
    %pushi/vec4 111, 0, 7;
    %store/vec4 v0x55f129358a20_0, 0, 7;
    %jmp T_6.11;
T_6.11 ;
    %pop/vec4 1;
    %jmp T_6;
    .thread T_6, $push;
    .scope S_0x55f1292f4e60;
T_7 ;
    %wait E_0x55f129333e10;
    %load/vec4 v0x55f1293586e0_0;
    %dup/vec4;
    %pushi/vec4 0, 0, 4;
    %cmp/u;
    %jmp/1 T_7.0, 6;
    %dup/vec4;
    %pushi/vec4 1, 0, 4;
    %cmp/u;
    %jmp/1 T_7.1, 6;
    %dup/vec4;
    %pushi/vec4 2, 0, 4;
    %cmp/u;
    %jmp/1 T_7.2, 6;
    %dup/vec4;
    %pushi/vec4 3, 0, 4;
    %cmp/u;
    %jmp/1 T_7.3, 6;
    %dup/vec4;
    %pushi/vec4 4, 0, 4;
    %cmp/u;
    %jmp/1 T_7.4, 6;
    %dup/vec4;
    %pushi/vec4 5, 0, 4;
    %cmp/u;
    %jmp/1 T_7.5, 6;
    %dup/vec4;
    %pushi/vec4 6, 0, 4;
    %cmp/u;
    %jmp/1 T_7.6, 6;
    %dup/vec4;
    %pushi/vec4 7, 0, 4;
    %cmp/u;
    %jmp/1 T_7.7, 6;
    %dup/vec4;
    %pushi/vec4 8, 0, 4;
    %cmp/u;
    %jmp/1 T_7.8, 6;
    %dup/vec4;
    %pushi/vec4 9, 0, 4;
    %cmp/u;
    %jmp/1 T_7.9, 6;
    %pushi/vec4 0, 0, 7;
    %store/vec4 v0x55f129336f40_0, 0, 7;
    %jmp T_7.11;
T_7.0 ;
    %pushi/vec4 63, 0, 7;
    %store/vec4 v0x55f129336f40_0, 0, 7;
    %jmp T_7.11;
T_7.1 ;
    %pushi/vec4 6, 0, 7;
    %store/vec4 v0x55f129336f40_0, 0, 7;
    %jmp T_7.11;
T_7.2 ;
    %pushi/vec4 91, 0, 7;
    %store/vec4 v0x55f129336f40_0, 0, 7;
    %jmp T_7.11;
T_7.3 ;
    %pushi/vec4 79, 0, 7;
    %store/vec4 v0x55f129336f40_0, 0, 7;
    %jmp T_7.11;
T_7.4 ;
    %pushi/vec4 102, 0, 7;
    %store/vec4 v0x55f129336f40_0, 0, 7;
    %jmp T_7.11;
T_7.5 ;
    %pushi/vec4 109, 0, 7;
    %store/vec4 v0x55f129336f40_0, 0, 7;
    %jmp T_7.11;
T_7.6 ;
    %pushi/vec4 125, 0, 7;
    %store/vec4 v0x55f129336f40_0, 0, 7;
    %jmp T_7.11;
T_7.7 ;
    %pushi/vec4 7, 0, 7;
    %store/vec4 v0x55f129336f40_0, 0, 7;
    %jmp T_7.11;
T_7.8 ;
    %pushi/vec4 127, 0, 7;
    %store/vec4 v0x55f129336f40_0, 0, 7;
    %jmp T_7.11;
T_7.9 ;
    %pushi/vec4 111, 0, 7;
    %store/vec4 v0x55f129336f40_0, 0, 7;
    %jmp T_7.11;
T_7.11 ;
    %pop/vec4 1;
    %jmp T_7;
    .thread T_7, $push;
# The file index is used to find the file name in the following table.
:file_names 6;
    "N/A";
    "<interactive>";
    "show_clk.v";
    "./dec.v";
    "./bcd.v";
    "./clk.v";
