#! /usr/bin/vvp
:ivl_version "11.0 (stable)" "(v11_0)";
:ivl_delay_selection "TYPICAL";
:vpi_time_precision + 0;
:vpi_module "/usr/lib/ivl/system.vpi";
:vpi_module "/usr/lib/ivl/vhdl_sys.vpi";
:vpi_module "/usr/lib/ivl/vhdl_textio.vpi";
:vpi_module "/usr/lib/ivl/v2005_math.vpi";
:vpi_module "/usr/lib/ivl/va_math.vpi";
S_0x56004240db70 .scope module, "timer" "timer" 2 4;
 .timescale 0 0;
    .port_info 0 /INPUT 18 "SW";
    .port_info 1 /INPUT 1 "KEY";
    .port_info 2 /INPUT 1 "CLOCK_50";
    .port_info 3 /OUTPUT 7 "HEX7";
    .port_info 4 /OUTPUT 7 "HEX6";
    .port_info 5 /OUTPUT 7 "HEX5";
    .port_info 6 /OUTPUT 7 "HEX4";
    .port_info 7 /OUTPUT 7 "HEX3";
    .port_info 8 /OUTPUT 7 "HEX2";
    .port_info 9 /OUTPUT 7 "HEX1";
    .port_info 10 /OUTPUT 7 "HEX0";
o0x7fc714aa2018 .functor BUFZ 1, C4<z>; HiZ drive
v0x56004244a9d0_0 .net "CLOCK_50", 0 0, o0x7fc714aa2018;  0 drivers
o0x7fc714aa28e8 .functor BUFZ 7, C4<zzzzzzz>; HiZ drive
v0x56004244aa90_0 .net "HEX0", 6 0, o0x7fc714aa28e8;  0 drivers
o0x7fc714aa2918 .functor BUFZ 7, C4<zzzzzzz>; HiZ drive
v0x56004244ab50_0 .net "HEX1", 6 0, o0x7fc714aa2918;  0 drivers
o0x7fc714aa2948 .functor BUFZ 7, C4<zzzzzzz>; HiZ drive
v0x56004244ac40_0 .net "HEX2", 6 0, o0x7fc714aa2948;  0 drivers
o0x7fc714aa2978 .functor BUFZ 7, C4<zzzzzzz>; HiZ drive
v0x56004244ad20_0 .net "HEX3", 6 0, o0x7fc714aa2978;  0 drivers
o0x7fc714aa29a8 .functor BUFZ 7, C4<zzzzzzz>; HiZ drive
v0x56004244ae00_0 .net "HEX4", 6 0, o0x7fc714aa29a8;  0 drivers
o0x7fc714aa29d8 .functor BUFZ 7, C4<zzzzzzz>; HiZ drive
v0x56004244aee0_0 .net "HEX5", 6 0, o0x7fc714aa29d8;  0 drivers
o0x7fc714aa2a08 .functor BUFZ 7, C4<zzzzzzz>; HiZ drive
v0x56004244afc0_0 .net "HEX6", 6 0, o0x7fc714aa2a08;  0 drivers
o0x7fc714aa2a38 .functor BUFZ 7, C4<zzzzzzz>; HiZ drive
v0x56004244b0a0_0 .net "HEX7", 6 0, o0x7fc714aa2a38;  0 drivers
o0x7fc714aa2a68 .functor BUFZ 1, C4<z>; HiZ drive
v0x56004244b210_0 .net "KEY", 0 0, o0x7fc714aa2a68;  0 drivers
o0x7fc714aa2048 .functor BUFZ 18, C4<zzzzzzzzzzzzzzzzzz>; HiZ drive
v0x56004244b2f0_0 .net "SW", 17 0, o0x7fc714aa2048;  0 drivers
L_0x7fc714a59060 .functor BUFT 1, C4<00>, C4<0>, C4<0>, C4<0>;
v0x56004244b3b0_0 .net *"_ivl_10", 1 0, L_0x7fc714a59060;  1 drivers
L_0x7fc714a590a8 .functor BUFT 1, C4<00>, C4<0>, C4<0>, C4<0>;
v0x56004244b470_0 .net *"_ivl_15", 1 0, L_0x7fc714a590a8;  1 drivers
L_0x7fc714a59018 .functor BUFT 1, C4<00>, C4<0>, C4<0>, C4<0>;
v0x56004244b550_0 .net *"_ivl_5", 1 0, L_0x7fc714a59018;  1 drivers
v0x56004244b630_0 .var "min", 7 0;
v0x56004244b710_0 .net "min_1", 3 0, L_0x56004244c790;  1 drivers
v0x56004244b800_0 .net "min_10", 3 0, L_0x56004244c6b0;  1 drivers
v0x56004244b9e0_0 .net "min_100", 3 0, L_0x56004244c5d0;  1 drivers
v0x56004244bab0_0 .var "msec", 7 0;
v0x56004244bb70_0 .net "msec_1", 3 0, L_0x56004244cee0;  1 drivers
v0x56004244bc60_0 .net "msec_10", 3 0, L_0x56004244ce20;  1 drivers
v0x56004244bd30_0 .net "msec_100", 3 0, L_0x56004244cd60;  1 drivers
v0x56004244be00_0 .net "reset", 0 0, L_0x56004244c460;  1 drivers
v0x56004244bea0_0 .var "sec", 7 0;
v0x56004244bf80_0 .net "sec_1", 3 0, L_0x56004244cb50;  1 drivers
v0x56004244c070_0 .net "sec_10", 3 0, L_0x56004244ca90;  1 drivers
v0x56004244c140_0 .net "sec_100", 3 0, L_0x56004244c9d0;  1 drivers
v0x56004244c210_0 .net "tik", 0 0, v0x560042447950_0;  1 drivers
E_0x560042419de0 .event posedge, v0x56004244be00_0, v0x560042447950_0;
L_0x56004244c460 .part o0x7fc714aa2048, 17, 1;
L_0x56004244c850 .concat [ 8 2 0 0], v0x56004244b630_0, L_0x7fc714a59018;
L_0x56004244cc10 .concat [ 8 2 0 0], v0x56004244bea0_0, L_0x7fc714a59060;
L_0x56004244cfa0 .concat [ 8 2 0 0], v0x56004244bab0_0, L_0x7fc714a590a8;
S_0x56004240f7c0 .scope module, "u_clk" "clk" 2 35, 3 4 0, S_0x56004240db70;
 .timescale 0 0;
    .port_info 0 /INPUT 1 "CLOCK_50";
    .port_info 1 /INPUT 18 "SW";
    .port_info 2 /OUTPUT 1 "tik";
P_0x5600423dbf30 .param/l "CNT_MAX" 0 3 14, +C4<000000000000000000110000110100111>;
P_0x5600423dbf70 .param/l "M" 0 3 5, +C4<00000000000000000000001111101000>;
P_0x5600423dbfb0 .param/l "R" 0 3 6, +C4<00000000000000000000000000111011>;
v0x560042420290_0 .net "CLOCK_50", 0 0, o0x7fc714aa2018;  alias, 0 drivers
v0x5600424217a0_0 .net "SW", 17 0, o0x7fc714aa2048;  alias, 0 drivers
v0x5600424477d0_0 .var "cnt", 31 0;
v0x560042447890_0 .net "reset", 0 0, L_0x56004244c530;  1 drivers
v0x560042447950_0 .var "tik", 0 0;
E_0x56004241ab80 .event posedge, v0x560042447890_0, v0x560042420290_0;
L_0x56004244c530 .part o0x7fc714aa2048, 17, 1;
S_0x56004240fb10 .scope module, "u_min" "bcd" 2 36, 4 1 0, S_0x56004240db70;
 .timescale 0 0;
    .port_info 0 /INPUT 10 "bin";
    .port_info 1 /OUTPUT 4 "bcd_hun";
    .port_info 2 /OUTPUT 4 "bcd_ten";
    .port_info 3 /OUTPUT 4 "bcd_one";
L_0x56004244c5d0 .functor BUFZ 4, v0x560042447f40_0, C4<0000>, C4<0000>, C4<0000>;
L_0x56004244c6b0 .functor BUFZ 4, v0x5600424482f0_0, C4<0000>, C4<0000>, C4<0000>;
L_0x56004244c790 .functor BUFZ 4, v0x5600424480e0_0, C4<0000>, C4<0000>, C4<0000>;
v0x560042447e80_0 .net "bcd_hun", 3 0, L_0x56004244c5d0;  alias, 1 drivers
v0x560042447f40_0 .var "bcd_hun_r", 3 0;
v0x560042448020_0 .net "bcd_one", 3 0, L_0x56004244c790;  alias, 1 drivers
v0x5600424480e0_0 .var "bcd_one_r", 3 0;
v0x5600424481c0_0 .net "bcd_ten", 3 0, L_0x56004244c6b0;  alias, 1 drivers
v0x5600424482f0_0 .var "bcd_ten_r", 3 0;
v0x5600424483d0_0 .net "bin", 9 0, L_0x56004244c850;  1 drivers
v0x5600424484b0_0 .var "bin_r", 7 0;
v0x560042448590_0 .var/i "i", 31 0;
E_0x5600423fdec0 .event edge, v0x5600424483d0_0;
S_0x560042410d80 .scope task, "check_all" "check_all" 4 45, 4 45 0, S_0x56004240fb10;
 .timescale 0 0;
TD_timer.u_min.check_all ;
    %load/vec4 v0x5600424480e0_0;
    %pad/u 32;
    %cmpi/u 4, 0, 32;
    %flag_or 5, 4; GT is !LE
    %flag_inv 5;
    %jmp/0xz  T_0.0, 5;
    %load/vec4 v0x5600424480e0_0;
    %addi 3, 0, 4;
    %store/vec4 v0x5600424480e0_0, 0, 4;
T_0.0 ;
    %load/vec4 v0x5600424482f0_0;
    %pad/u 32;
    %cmpi/u 4, 0, 32;
    %flag_or 5, 4; GT is !LE
    %flag_inv 5;
    %jmp/0xz  T_0.2, 5;
    %load/vec4 v0x5600424482f0_0;
    %addi 3, 0, 4;
    %store/vec4 v0x5600424482f0_0, 0, 4;
T_0.2 ;
    %load/vec4 v0x560042447f40_0;
    %pad/u 32;
    %cmpi/u 4, 0, 32;
    %flag_or 5, 4; GT is !LE
    %flag_inv 5;
    %jmp/0xz  T_0.4, 5;
    %load/vec4 v0x560042447f40_0;
    %addi 3, 0, 4;
    %store/vec4 v0x560042447f40_0, 0, 4;
T_0.4 ;
    %end;
S_0x560042427f40 .scope task, "init_all" "init_all" 4 32, 4 32 0, S_0x56004240fb10;
 .timescale 0 0;
TD_timer.u_min.init_all ;
    %load/vec4 v0x5600424483d0_0;
    %pad/u 8;
    %store/vec4 v0x5600424484b0_0, 0, 8;
    %pushi/vec4 0, 0, 4;
    %store/vec4 v0x560042447f40_0, 0, 4;
    %pushi/vec4 0, 0, 4;
    %store/vec4 v0x5600424482f0_0, 0, 4;
    %pushi/vec4 0, 0, 4;
    %store/vec4 v0x5600424480e0_0, 0, 4;
    %end;
S_0x560042447ca0 .scope task, "shift_all" "shift_all" 4 41, 4 41 0, S_0x56004240fb10;
 .timescale 0 0;
TD_timer.u_min.shift_all ;
    %load/vec4 v0x560042447f40_0;
    %load/vec4 v0x5600424482f0_0;
    %concat/vec4; draw_concat_vec4
    %load/vec4 v0x5600424480e0_0;
    %concat/vec4; draw_concat_vec4
    %load/vec4 v0x5600424484b0_0;
    %concat/vec4; draw_concat_vec4
    %ix/load 4, 1, 0;
    %flag_set/imm 4, 0;
    %shiftl 4;
    %split/vec4 8;
    %store/vec4 v0x5600424484b0_0, 0, 8;
    %split/vec4 4;
    %store/vec4 v0x5600424480e0_0, 0, 4;
    %split/vec4 4;
    %store/vec4 v0x5600424482f0_0, 0, 4;
    %store/vec4 v0x560042447f40_0, 0, 4;
    %end;
S_0x5600424486f0 .scope module, "u_msec" "bcd" 2 48, 4 1 0, S_0x56004240db70;
 .timescale 0 0;
    .port_info 0 /INPUT 10 "bin";
    .port_info 1 /OUTPUT 4 "bcd_hun";
    .port_info 2 /OUTPUT 4 "bcd_ten";
    .port_info 3 /OUTPUT 4 "bcd_one";
L_0x56004244cd60 .functor BUFZ 4, v0x560042448fe0_0, C4<0000>, C4<0000>, C4<0000>;
L_0x56004244ce20 .functor BUFZ 4, v0x5600424493c0_0, C4<0000>, C4<0000>, C4<0000>;
L_0x56004244cee0 .functor BUFZ 4, v0x5600424491b0_0, C4<0000>, C4<0000>, C4<0000>;
v0x560042448f20_0 .net "bcd_hun", 3 0, L_0x56004244cd60;  alias, 1 drivers
v0x560042448fe0_0 .var "bcd_hun_r", 3 0;
v0x5600424490c0_0 .net "bcd_one", 3 0, L_0x56004244cee0;  alias, 1 drivers
v0x5600424491b0_0 .var "bcd_one_r", 3 0;
v0x560042449290_0 .net "bcd_ten", 3 0, L_0x56004244ce20;  alias, 1 drivers
v0x5600424493c0_0 .var "bcd_ten_r", 3 0;
v0x5600424494a0_0 .net "bin", 9 0, L_0x56004244cfa0;  1 drivers
v0x560042449580_0 .var "bin_r", 7 0;
v0x560042449660_0 .var/i "i", 31 0;
E_0x560042429470 .event edge, v0x5600424494a0_0;
S_0x560042448910 .scope task, "check_all" "check_all" 4 45, 4 45 0, S_0x5600424486f0;
 .timescale 0 0;
TD_timer.u_msec.check_all ;
    %load/vec4 v0x5600424491b0_0;
    %pad/u 32;
    %cmpi/u 4, 0, 32;
    %flag_or 5, 4; GT is !LE
    %flag_inv 5;
    %jmp/0xz  T_3.6, 5;
    %load/vec4 v0x5600424491b0_0;
    %addi 3, 0, 4;
    %store/vec4 v0x5600424491b0_0, 0, 4;
T_3.6 ;
    %load/vec4 v0x5600424493c0_0;
    %pad/u 32;
    %cmpi/u 4, 0, 32;
    %flag_or 5, 4; GT is !LE
    %flag_inv 5;
    %jmp/0xz  T_3.8, 5;
    %load/vec4 v0x5600424493c0_0;
    %addi 3, 0, 4;
    %store/vec4 v0x5600424493c0_0, 0, 4;
T_3.8 ;
    %load/vec4 v0x560042448fe0_0;
    %pad/u 32;
    %cmpi/u 4, 0, 32;
    %flag_or 5, 4; GT is !LE
    %flag_inv 5;
    %jmp/0xz  T_3.10, 5;
    %load/vec4 v0x560042448fe0_0;
    %addi 3, 0, 4;
    %store/vec4 v0x560042448fe0_0, 0, 4;
T_3.10 ;
    %end;
S_0x560042448b10 .scope task, "init_all" "init_all" 4 32, 4 32 0, S_0x5600424486f0;
 .timescale 0 0;
TD_timer.u_msec.init_all ;
    %load/vec4 v0x5600424494a0_0;
    %pad/u 8;
    %store/vec4 v0x560042449580_0, 0, 8;
    %pushi/vec4 0, 0, 4;
    %store/vec4 v0x560042448fe0_0, 0, 4;
    %pushi/vec4 0, 0, 4;
    %store/vec4 v0x5600424493c0_0, 0, 4;
    %pushi/vec4 0, 0, 4;
    %store/vec4 v0x5600424491b0_0, 0, 4;
    %end;
S_0x560042448d10 .scope task, "shift_all" "shift_all" 4 41, 4 41 0, S_0x5600424486f0;
 .timescale 0 0;
TD_timer.u_msec.shift_all ;
    %load/vec4 v0x560042448fe0_0;
    %load/vec4 v0x5600424493c0_0;
    %concat/vec4; draw_concat_vec4
    %load/vec4 v0x5600424491b0_0;
    %concat/vec4; draw_concat_vec4
    %load/vec4 v0x560042449580_0;
    %concat/vec4; draw_concat_vec4
    %ix/load 4, 1, 0;
    %flag_set/imm 4, 0;
    %shiftl 4;
    %split/vec4 8;
    %store/vec4 v0x560042449580_0, 0, 8;
    %split/vec4 4;
    %store/vec4 v0x5600424491b0_0, 0, 4;
    %split/vec4 4;
    %store/vec4 v0x5600424493c0_0, 0, 4;
    %store/vec4 v0x560042448fe0_0, 0, 4;
    %end;
S_0x560042449850 .scope module, "u_sec" "bcd" 2 42, 4 1 0, S_0x56004240db70;
 .timescale 0 0;
    .port_info 0 /INPUT 10 "bin";
    .port_info 1 /OUTPUT 4 "bcd_hun";
    .port_info 2 /OUTPUT 4 "bcd_ten";
    .port_info 3 /OUTPUT 4 "bcd_one";
L_0x56004244c9d0 .functor BUFZ 4, v0x56004244a160_0, C4<0000>, C4<0000>, C4<0000>;
L_0x56004244ca90 .functor BUFZ 4, v0x56004244a540_0, C4<0000>, C4<0000>, C4<0000>;
L_0x56004244cb50 .functor BUFZ 4, v0x56004244a330_0, C4<0000>, C4<0000>, C4<0000>;
v0x56004244a0a0_0 .net "bcd_hun", 3 0, L_0x56004244c9d0;  alias, 1 drivers
v0x56004244a160_0 .var "bcd_hun_r", 3 0;
v0x56004244a240_0 .net "bcd_one", 3 0, L_0x56004244cb50;  alias, 1 drivers
v0x56004244a330_0 .var "bcd_one_r", 3 0;
v0x56004244a410_0 .net "bcd_ten", 3 0, L_0x56004244ca90;  alias, 1 drivers
v0x56004244a540_0 .var "bcd_ten_r", 3 0;
v0x56004244a620_0 .net "bin", 9 0, L_0x56004244cc10;  1 drivers
v0x56004244a700_0 .var "bin_r", 7 0;
v0x56004244a7e0_0 .var/i "i", 31 0;
E_0x560042429750 .event edge, v0x56004244a620_0;
S_0x560042449a90 .scope task, "check_all" "check_all" 4 45, 4 45 0, S_0x560042449850;
 .timescale 0 0;
TD_timer.u_sec.check_all ;
    %load/vec4 v0x56004244a330_0;
    %pad/u 32;
    %cmpi/u 4, 0, 32;
    %flag_or 5, 4; GT is !LE
    %flag_inv 5;
    %jmp/0xz  T_6.12, 5;
    %load/vec4 v0x56004244a330_0;
    %addi 3, 0, 4;
    %store/vec4 v0x56004244a330_0, 0, 4;
T_6.12 ;
    %load/vec4 v0x56004244a540_0;
    %pad/u 32;
    %cmpi/u 4, 0, 32;
    %flag_or 5, 4; GT is !LE
    %flag_inv 5;
    %jmp/0xz  T_6.14, 5;
    %load/vec4 v0x56004244a540_0;
    %addi 3, 0, 4;
    %store/vec4 v0x56004244a540_0, 0, 4;
T_6.14 ;
    %load/vec4 v0x56004244a160_0;
    %pad/u 32;
    %cmpi/u 4, 0, 32;
    %flag_or 5, 4; GT is !LE
    %flag_inv 5;
    %jmp/0xz  T_6.16, 5;
    %load/vec4 v0x56004244a160_0;
    %addi 3, 0, 4;
    %store/vec4 v0x56004244a160_0, 0, 4;
T_6.16 ;
    %end;
S_0x560042449c90 .scope task, "init_all" "init_all" 4 32, 4 32 0, S_0x560042449850;
 .timescale 0 0;
TD_timer.u_sec.init_all ;
    %load/vec4 v0x56004244a620_0;
    %pad/u 8;
    %store/vec4 v0x56004244a700_0, 0, 8;
    %pushi/vec4 0, 0, 4;
    %store/vec4 v0x56004244a160_0, 0, 4;
    %pushi/vec4 0, 0, 4;
    %store/vec4 v0x56004244a540_0, 0, 4;
    %pushi/vec4 0, 0, 4;
    %store/vec4 v0x56004244a330_0, 0, 4;
    %end;
S_0x560042449e90 .scope task, "shift_all" "shift_all" 4 41, 4 41 0, S_0x560042449850;
 .timescale 0 0;
TD_timer.u_sec.shift_all ;
    %load/vec4 v0x56004244a160_0;
    %load/vec4 v0x56004244a540_0;
    %concat/vec4; draw_concat_vec4
    %load/vec4 v0x56004244a330_0;
    %concat/vec4; draw_concat_vec4
    %load/vec4 v0x56004244a700_0;
    %concat/vec4; draw_concat_vec4
    %ix/load 4, 1, 0;
    %flag_set/imm 4, 0;
    %shiftl 4;
    %split/vec4 8;
    %store/vec4 v0x56004244a700_0, 0, 8;
    %split/vec4 4;
    %store/vec4 v0x56004244a330_0, 0, 4;
    %split/vec4 4;
    %store/vec4 v0x56004244a540_0, 0, 4;
    %store/vec4 v0x56004244a160_0, 0, 4;
    %end;
    .scope S_0x56004240f7c0;
T_9 ;
    %wait E_0x56004241ab80;
    %load/vec4 v0x560042447890_0;
    %flag_set/vec4 8;
    %jmp/0xz  T_9.0, 8;
    %pushi/vec4 0, 0, 32;
    %assign/vec4 v0x5600424477d0_0, 0;
    %pushi/vec4 0, 0, 1;
    %assign/vec4 v0x560042447950_0, 0;
    %jmp T_9.1;
T_9.0 ;
    %load/vec4 v0x5600424477d0_0;
    %pad/u 33;
    %cmpi/ne 24999, 0, 33;
    %jmp/0xz  T_9.2, 4;
    %load/vec4 v0x5600424477d0_0;
    %addi 1, 0, 32;
    %assign/vec4 v0x5600424477d0_0, 0;
    %jmp T_9.3;
T_9.2 ;
    %pushi/vec4 0, 0, 32;
    %assign/vec4 v0x5600424477d0_0, 0;
    %load/vec4 v0x560042447950_0;
    %inv;
    %assign/vec4 v0x560042447950_0, 0;
T_9.3 ;
T_9.1 ;
    %jmp T_9;
    .thread T_9;
    .scope S_0x56004240fb10;
T_10 ;
    %wait E_0x5600423fdec0;
    %fork TD_timer.u_min.init_all, S_0x560042427f40;
    %join;
    %pushi/vec4 0, 0, 32;
    %store/vec4 v0x560042448590_0, 0, 32;
T_10.0 ;
    %load/vec4 v0x560042448590_0;
    %cmpi/s 8, 0, 32;
    %jmp/0xz T_10.1, 5;
    %fork TD_timer.u_min.check_all, S_0x560042410d80;
    %join;
    %fork TD_timer.u_min.shift_all, S_0x560042447ca0;
    %join;
    %load/vec4 v0x560042448590_0;
    %addi 1, 0, 32;
    %store/vec4 v0x560042448590_0, 0, 32;
    %jmp T_10.0;
T_10.1 ;
    %jmp T_10;
    .thread T_10, $push;
    .scope S_0x560042449850;
T_11 ;
    %wait E_0x560042429750;
    %fork TD_timer.u_sec.init_all, S_0x560042449c90;
    %join;
    %pushi/vec4 0, 0, 32;
    %store/vec4 v0x56004244a7e0_0, 0, 32;
T_11.0 ;
    %load/vec4 v0x56004244a7e0_0;
    %cmpi/s 8, 0, 32;
    %jmp/0xz T_11.1, 5;
    %fork TD_timer.u_sec.check_all, S_0x560042449a90;
    %join;
    %fork TD_timer.u_sec.shift_all, S_0x560042449e90;
    %join;
    %load/vec4 v0x56004244a7e0_0;
    %addi 1, 0, 32;
    %store/vec4 v0x56004244a7e0_0, 0, 32;
    %jmp T_11.0;
T_11.1 ;
    %jmp T_11;
    .thread T_11, $push;
    .scope S_0x5600424486f0;
T_12 ;
    %wait E_0x560042429470;
    %fork TD_timer.u_msec.init_all, S_0x560042448b10;
    %join;
    %pushi/vec4 0, 0, 32;
    %store/vec4 v0x560042449660_0, 0, 32;
T_12.0 ;
    %load/vec4 v0x560042449660_0;
    %cmpi/s 8, 0, 32;
    %jmp/0xz T_12.1, 5;
    %fork TD_timer.u_msec.check_all, S_0x560042448910;
    %join;
    %fork TD_timer.u_msec.shift_all, S_0x560042448d10;
    %join;
    %load/vec4 v0x560042449660_0;
    %addi 1, 0, 32;
    %store/vec4 v0x560042449660_0, 0, 32;
    %jmp T_12.0;
T_12.1 ;
    %jmp T_12;
    .thread T_12, $push;
    .scope S_0x56004240db70;
T_13 ;
    %wait E_0x560042419de0;
    %load/vec4 v0x56004244be00_0;
    %flag_set/vec4 8;
    %jmp/0xz  T_13.0, 8;
    %pushi/vec4 0, 0, 8;
    %assign/vec4 v0x56004244b630_0, 0;
    %pushi/vec4 0, 0, 8;
    %assign/vec4 v0x56004244bea0_0, 0;
    %pushi/vec4 0, 0, 8;
    %assign/vec4 v0x56004244bab0_0, 0;
    %jmp T_13.1;
T_13.0 ;
    %load/vec4 v0x56004244bab0_0;
    %pad/u 32;
    %cmpi/e 999, 0, 32;
    %jmp/0xz  T_13.2, 4;
    %pushi/vec4 0, 0, 8;
    %assign/vec4 v0x56004244bab0_0, 0;
    %load/vec4 v0x56004244bea0_0;
    %pad/u 32;
    %cmpi/e 59, 0, 32;
    %jmp/0xz  T_13.4, 4;
    %pushi/vec4 0, 0, 8;
    %assign/vec4 v0x56004244bea0_0, 0;
    %load/vec4 v0x56004244b630_0;
    %pad/u 32;
    %cmpi/e 59, 0, 32;
    %jmp/0xz  T_13.6, 4;
    %pushi/vec4 0, 0, 8;
    %assign/vec4 v0x56004244b630_0, 0;
    %jmp T_13.7;
T_13.6 ;
    %load/vec4 v0x56004244b630_0;
    %addi 1, 0, 8;
    %assign/vec4 v0x56004244b630_0, 0;
T_13.7 ;
    %jmp T_13.5;
T_13.4 ;
    %load/vec4 v0x56004244bea0_0;
    %addi 1, 0, 8;
    %assign/vec4 v0x56004244bea0_0, 0;
T_13.5 ;
    %jmp T_13.3;
T_13.2 ;
    %load/vec4 v0x56004244bab0_0;
    %addi 1, 0, 8;
    %assign/vec4 v0x56004244bab0_0, 0;
T_13.3 ;
T_13.1 ;
    %jmp T_13;
    .thread T_13;
# The file index is used to find the file name in the following table.
:file_names 5;
    "N/A";
    "<interactive>";
    "time.v";
    "./clk.v";
    "./bcd.v";
