#! /usr/bin/vvp
:ivl_version "11.0 (stable)" "(v11_0)";
:ivl_delay_selection "TYPICAL";
:vpi_time_precision + 0;
:vpi_module "/usr/lib/ivl/system.vpi";
:vpi_module "/usr/lib/ivl/vhdl_sys.vpi";
:vpi_module "/usr/lib/ivl/vhdl_textio.vpi";
:vpi_module "/usr/lib/ivl/v2005_math.vpi";
:vpi_module "/usr/lib/ivl/va_math.vpi";
S_0x55628ae49620 .scope module, "cnt_rev" "cnt_rev" 2 1;
 .timescale 0 0;
    .port_info 0 /INPUT 1 "clk";
    .port_info 1 /INPUT 1 "reset";
    .port_info 2 /INPUT 1 "en";
    .port_info 3 /INPUT 4 "light_rgyl";
    .port_info 4 /OUTPUT 8 "cnt";
P_0x55628ae497b0 .param/l "g_t" 0 2 3, +C4<00000000000000000000000000000011>;
P_0x55628ae497f0 .param/l "l_t" 0 2 5, +C4<00000000000000000000000000000011>;
P_0x55628ae49830 .param/l "r_t" 0 2 2, +C4<00000000000000000000000000000011>;
P_0x55628ae49870 .param/l "y_t" 0 2 4, +C4<00000000000000000000000000000011>;
o0x7f49d9e3c018 .functor BUFZ 1, C4<z>; HiZ drive
v0x55628ae49ae0_0 .net "clk", 0 0, o0x7f49d9e3c018;  0 drivers
v0x55628ae6f130_0 .var "cnt", 7 0;
o0x7f49d9e3c078 .functor BUFZ 1, C4<z>; HiZ drive
v0x55628ae6f210_0 .net "en", 0 0, o0x7f49d9e3c078;  0 drivers
v0x55628ae6f2e0_0 .var "flag_now", 3 0;
o0x7f49d9e3c0d8 .functor BUFZ 4, C4<zzzz>; HiZ drive
v0x55628ae6f3c0_0 .net "light_rgyl", 3 0, o0x7f49d9e3c0d8;  0 drivers
o0x7f49d9e3c108 .functor BUFZ 1, C4<z>; HiZ drive
v0x55628ae6f4f0_0 .net "reset", 0 0, o0x7f49d9e3c108;  0 drivers
E_0x55628ae5bfa0 .event posedge, v0x55628ae6f4f0_0, v0x55628ae49ae0_0;
    .scope S_0x55628ae49620;
T_0 ;
    %wait E_0x55628ae5bfa0;
    %load/vec4 v0x55628ae6f4f0_0;
    %load/vec4 v0x55628ae6f210_0;
    %nor/r;
    %or;
    %flag_set/vec4 8;
    %jmp/0xz  T_0.0, 8;
    %pushi/vec4 0, 0, 8;
    %assign/vec4 v0x55628ae6f130_0, 0;
    %pushi/vec4 0, 0, 4;
    %assign/vec4 v0x55628ae6f2e0_0, 0;
    %jmp T_0.1;
T_0.0 ;
    %load/vec4 v0x55628ae6f2e0_0;
    %load/vec4 v0x55628ae6f3c0_0;
    %cmp/ne;
    %jmp/0xz  T_0.2, 4;
    %load/vec4 v0x55628ae6f3c0_0;
    %assign/vec4 v0x55628ae6f2e0_0, 0;
    %load/vec4 v0x55628ae6f3c0_0;
    %dup/vec4;
    %pushi/vec4 1, 0, 4;
    %cmp/u;
    %jmp/1 T_0.4, 6;
    %dup/vec4;
    %pushi/vec4 2, 0, 4;
    %cmp/u;
    %jmp/1 T_0.5, 6;
    %dup/vec4;
    %pushi/vec4 4, 0, 4;
    %cmp/u;
    %jmp/1 T_0.6, 6;
    %dup/vec4;
    %pushi/vec4 8, 0, 4;
    %cmp/u;
    %jmp/1 T_0.7, 6;
    %pushi/vec4 0, 0, 8;
    %assign/vec4 v0x55628ae6f130_0, 0;
    %jmp T_0.9;
T_0.4 ;
    %pushi/vec4 2, 0, 8;
    %assign/vec4 v0x55628ae6f130_0, 0;
    %jmp T_0.9;
T_0.5 ;
    %pushi/vec4 2, 0, 8;
    %assign/vec4 v0x55628ae6f130_0, 0;
    %jmp T_0.9;
T_0.6 ;
    %pushi/vec4 2, 0, 8;
    %assign/vec4 v0x55628ae6f130_0, 0;
    %jmp T_0.9;
T_0.7 ;
    %pushi/vec4 2, 0, 8;
    %assign/vec4 v0x55628ae6f130_0, 0;
    %jmp T_0.9;
T_0.9 ;
    %pop/vec4 1;
    %jmp T_0.3;
T_0.2 ;
    %load/vec4 v0x55628ae6f130_0;
    %subi 1, 0, 8;
    %assign/vec4 v0x55628ae6f130_0, 0;
T_0.3 ;
T_0.1 ;
    %jmp T_0;
    .thread T_0;
# The file index is used to find the file name in the following table.
:file_names 3;
    "N/A";
    "<interactive>";
    "cnt_rev.v";
