#! /usr/bin/vvp
:ivl_version "11.0 (stable)" "(v11_0)";
:ivl_delay_selection "TYPICAL";
:vpi_time_precision + 0;
:vpi_module "/usr/lib/ivl/system.vpi";
:vpi_module "/usr/lib/ivl/vhdl_sys.vpi";
:vpi_module "/usr/lib/ivl/vhdl_textio.vpi";
:vpi_module "/usr/lib/ivl/v2005_math.vpi";
:vpi_module "/usr/lib/ivl/va_math.vpi";
S_0x55b62c21a320 .scope module, "traffic_light" "traffic_light" 2 3;
 .timescale 0 0;
    .port_info 0 /INPUT 1 "clk";
    .port_info 1 /INPUT 1 "reset";
    .port_info 2 /OUTPUT 4 "light_ew_rgyl";
    .port_info 3 /OUTPUT 4 "light_sn_rgyl";
    .port_info 4 /OUTPUT 1 "on";
L_0x55b62c24f5e0 .functor OR 1, L_0x55b62c24f180, L_0x55b62c24f460, C4<0>, C4<0>;
L_0x55b62c24ff70 .functor AND 1, L_0x55b62c24fbb0, L_0x55b62c24fe00, C4<1>, C4<1>;
L_0x55b62c24fd40 .functor AND 1, L_0x55b62c24ff70, L_0x55b62c2501f0, C4<1>, C4<1>;
L_0x55b62c250690 .functor AND 1, L_0x55b62c24fd40, L_0x55b62c250550, C4<1>, C4<1>;
L_0x55b62c2510e0 .functor OR 1, L_0x55b62c2508c0, L_0x55b62c250fa0, C4<0>, C4<0>;
L_0x55b62c251de0 .functor AND 1, L_0x55b62c251850, L_0x55b62c251b70, C4<1>, C4<1>;
L_0x55b62c252270 .functor AND 1, L_0x55b62c251de0, L_0x55b62c252020, C4<1>, C4<1>;
L_0x55b62c2526d0 .functor AND 1, L_0x55b62c252270, L_0x55b62c252470, C4<1>, C4<1>;
v0x55b62c21a4b0_0 .net *"_ivl_101", 31 0, L_0x55b62c250df0;  1 drivers
L_0x7f719ec635b8 .functor BUFT 1, C4<0000000000000000000000000000>, C4<0>, C4<0>, C4<0>;
v0x55b62c23a1f0_0 .net *"_ivl_104", 27 0, L_0x7f719ec635b8;  1 drivers
L_0x7f719ec63600 .functor BUFT 1, C4<00000000000000000000000000001001>, C4<0>, C4<0>, C4<0>;
v0x55b62c23a2d0_0 .net/2u *"_ivl_105", 31 0, L_0x7f719ec63600;  1 drivers
v0x55b62c23a390_0 .net *"_ivl_107", 0 0, L_0x55b62c250fa0;  1 drivers
v0x55b62c23a450_0 .net *"_ivl_110", 0 0, L_0x55b62c2510e0;  1 drivers
v0x55b62c23a560_0 .net *"_ivl_113", 31 0, L_0x55b62c2511f0;  1 drivers
L_0x7f719ec63648 .functor BUFT 1, C4<0000000000000000000000000000>, C4<0>, C4<0>, C4<0>;
v0x55b62c23a640_0 .net *"_ivl_116", 27 0, L_0x7f719ec63648;  1 drivers
L_0x7f719ec63690 .functor BUFT 1, C4<00000000000000000000000000000110>, C4<0>, C4<0>, C4<0>;
v0x55b62c23a720_0 .net/2u *"_ivl_117", 31 0, L_0x7f719ec63690;  1 drivers
v0x55b62c23a800_0 .net *"_ivl_119", 0 0, L_0x55b62c2513b0;  1 drivers
v0x55b62c23a8c0_0 .net *"_ivl_12", 31 0, L_0x55b62c24f040;  1 drivers
v0x55b62c23a9a0_0 .net *"_ivl_124", 31 0, L_0x55b62c251760;  1 drivers
L_0x7f719ec636d8 .functor BUFT 1, C4<0000000000000000000000000000>, C4<0>, C4<0>, C4<0>;
v0x55b62c23aa80_0 .net *"_ivl_127", 27 0, L_0x7f719ec636d8;  1 drivers
L_0x7f719ec63720 .functor BUFT 1, C4<00000000000000000000000000000110>, C4<0>, C4<0>, C4<0>;
v0x55b62c23ab60_0 .net/2u *"_ivl_128", 31 0, L_0x7f719ec63720;  1 drivers
v0x55b62c23ac40_0 .net *"_ivl_130", 0 0, L_0x55b62c251850;  1 drivers
v0x55b62c23ad00_0 .net *"_ivl_132", 31 0, L_0x55b62c251a80;  1 drivers
L_0x7f719ec63768 .functor BUFT 1, C4<0000000000000000000000000000>, C4<0>, C4<0>, C4<0>;
v0x55b62c23ade0_0 .net *"_ivl_135", 27 0, L_0x7f719ec63768;  1 drivers
L_0x7f719ec637b0 .functor BUFT 1, C4<00000000000000000000000000000111>, C4<0>, C4<0>, C4<0>;
v0x55b62c23aec0_0 .net/2u *"_ivl_136", 31 0, L_0x7f719ec637b0;  1 drivers
v0x55b62c23b0b0_0 .net *"_ivl_138", 0 0, L_0x55b62c251b70;  1 drivers
v0x55b62c23b170_0 .net *"_ivl_141", 0 0, L_0x55b62c251de0;  1 drivers
v0x55b62c23b230_0 .net *"_ivl_142", 31 0, L_0x55b62c251f30;  1 drivers
L_0x7f719ec637f8 .functor BUFT 1, C4<0000000000000000000000000000>, C4<0>, C4<0>, C4<0>;
v0x55b62c23b310_0 .net *"_ivl_145", 27 0, L_0x7f719ec637f8;  1 drivers
L_0x7f719ec63840 .functor BUFT 1, C4<00000000000000000000000000001001>, C4<0>, C4<0>, C4<0>;
v0x55b62c23b3f0_0 .net/2u *"_ivl_146", 31 0, L_0x7f719ec63840;  1 drivers
v0x55b62c23b4d0_0 .net *"_ivl_148", 0 0, L_0x55b62c252020;  1 drivers
L_0x7f719ec630a8 .functor BUFT 1, C4<0000000000000000000000000000>, C4<0>, C4<0>, C4<0>;
v0x55b62c23b590_0 .net *"_ivl_15", 27 0, L_0x7f719ec630a8;  1 drivers
v0x55b62c23b670_0 .net *"_ivl_151", 0 0, L_0x55b62c252270;  1 drivers
v0x55b62c23b730_0 .net *"_ivl_152", 31 0, L_0x55b62c252380;  1 drivers
L_0x7f719ec63888 .functor BUFT 1, C4<0000000000000000000000000000>, C4<0>, C4<0>, C4<0>;
v0x55b62c23b810_0 .net *"_ivl_155", 27 0, L_0x7f719ec63888;  1 drivers
L_0x7f719ec638d0 .functor BUFT 1, C4<00000000000000000000000000001000>, C4<0>, C4<0>, C4<0>;
v0x55b62c23b8f0_0 .net/2u *"_ivl_156", 31 0, L_0x7f719ec638d0;  1 drivers
v0x55b62c23b9d0_0 .net *"_ivl_158", 0 0, L_0x55b62c252470;  1 drivers
L_0x7f719ec630f0 .functor BUFT 1, C4<00000000000000000000000000000010>, C4<0>, C4<0>, C4<0>;
v0x55b62c23ba90_0 .net/2u *"_ivl_16", 31 0, L_0x7f719ec630f0;  1 drivers
v0x55b62c23bb70_0 .net *"_ivl_161", 0 0, L_0x55b62c2526d0;  1 drivers
v0x55b62c23bc30_0 .net *"_ivl_162", 31 0, L_0x55b62c252880;  1 drivers
L_0x7f719ec63918 .functor BUFT 1, C4<0000000000000000000000000000>, C4<0>, C4<0>, C4<0>;
v0x55b62c23bd10_0 .net *"_ivl_165", 27 0, L_0x7f719ec63918;  1 drivers
L_0x7f719ec63960 .functor BUFT 1, C4<00000000000000000000000000000000>, C4<0>, C4<0>, C4<0>;
v0x55b62c23c000_0 .net/2u *"_ivl_166", 31 0, L_0x7f719ec63960;  1 drivers
v0x55b62c23c0e0_0 .net *"_ivl_18", 0 0, L_0x55b62c24f180;  1 drivers
v0x55b62c23c1a0_0 .net *"_ivl_2", 31 0, L_0x55b62c23ed70;  1 drivers
v0x55b62c23c280_0 .net *"_ivl_20", 31 0, L_0x55b62c24f320;  1 drivers
L_0x7f719ec63138 .functor BUFT 1, C4<0000000000000000000000000000>, C4<0>, C4<0>, C4<0>;
v0x55b62c23c360_0 .net *"_ivl_23", 27 0, L_0x7f719ec63138;  1 drivers
L_0x7f719ec63180 .functor BUFT 1, C4<00000000000000000000000000000100>, C4<0>, C4<0>, C4<0>;
v0x55b62c23c440_0 .net/2u *"_ivl_24", 31 0, L_0x7f719ec63180;  1 drivers
v0x55b62c23c520_0 .net *"_ivl_26", 0 0, L_0x55b62c24f460;  1 drivers
v0x55b62c23c5e0_0 .net *"_ivl_29", 0 0, L_0x55b62c24f5e0;  1 drivers
v0x55b62c23c6a0_0 .net *"_ivl_32", 31 0, L_0x55b62c24f6f0;  1 drivers
L_0x7f719ec631c8 .functor BUFT 1, C4<0000000000000000000000000000>, C4<0>, C4<0>, C4<0>;
v0x55b62c23c780_0 .net *"_ivl_35", 27 0, L_0x7f719ec631c8;  1 drivers
L_0x7f719ec63210 .functor BUFT 1, C4<00000000000000000000000000000001>, C4<0>, C4<0>, C4<0>;
v0x55b62c23c860_0 .net/2u *"_ivl_36", 31 0, L_0x7f719ec63210;  1 drivers
v0x55b62c23c940_0 .net *"_ivl_38", 0 0, L_0x55b62c24f790;  1 drivers
v0x55b62c23ca00_0 .net *"_ivl_43", 31 0, L_0x55b62c24fab0;  1 drivers
L_0x7f719ec63258 .functor BUFT 1, C4<0000000000000000000000000000>, C4<0>, C4<0>, C4<0>;
v0x55b62c23cae0_0 .net *"_ivl_46", 27 0, L_0x7f719ec63258;  1 drivers
L_0x7f719ec632a0 .functor BUFT 1, C4<00000000000000000000000000000001>, C4<0>, C4<0>, C4<0>;
v0x55b62c23cbc0_0 .net/2u *"_ivl_47", 31 0, L_0x7f719ec632a0;  1 drivers
v0x55b62c23cca0_0 .net *"_ivl_49", 0 0, L_0x55b62c24fbb0;  1 drivers
L_0x7f719ec63018 .functor BUFT 1, C4<0000000000000000000000000000>, C4<0>, C4<0>, C4<0>;
v0x55b62c23cd60_0 .net *"_ivl_5", 27 0, L_0x7f719ec63018;  1 drivers
v0x55b62c23ce40_0 .net *"_ivl_51", 31 0, L_0x55b62c24fca0;  1 drivers
L_0x7f719ec632e8 .functor BUFT 1, C4<0000000000000000000000000000>, C4<0>, C4<0>, C4<0>;
v0x55b62c23cf20_0 .net *"_ivl_54", 27 0, L_0x7f719ec632e8;  1 drivers
L_0x7f719ec63330 .functor BUFT 1, C4<00000000000000000000000000000010>, C4<0>, C4<0>, C4<0>;
v0x55b62c23d000_0 .net/2u *"_ivl_55", 31 0, L_0x7f719ec63330;  1 drivers
v0x55b62c23d0e0_0 .net *"_ivl_57", 0 0, L_0x55b62c24fe00;  1 drivers
L_0x7f719ec63060 .functor BUFT 1, C4<00000000000000000000000000000011>, C4<0>, C4<0>, C4<0>;
v0x55b62c23d1a0_0 .net/2u *"_ivl_6", 31 0, L_0x7f719ec63060;  1 drivers
v0x55b62c23d280_0 .net *"_ivl_60", 0 0, L_0x55b62c24ff70;  1 drivers
v0x55b62c23d340_0 .net *"_ivl_61", 31 0, L_0x55b62c250080;  1 drivers
L_0x7f719ec63378 .functor BUFT 1, C4<0000000000000000000000000000>, C4<0>, C4<0>, C4<0>;
v0x55b62c23d420_0 .net *"_ivl_64", 27 0, L_0x7f719ec63378;  1 drivers
L_0x7f719ec633c0 .functor BUFT 1, C4<00000000000000000000000000000100>, C4<0>, C4<0>, C4<0>;
v0x55b62c23d500_0 .net/2u *"_ivl_65", 31 0, L_0x7f719ec633c0;  1 drivers
v0x55b62c23d5e0_0 .net *"_ivl_67", 0 0, L_0x55b62c2501f0;  1 drivers
v0x55b62c23d6a0_0 .net *"_ivl_70", 0 0, L_0x55b62c24fd40;  1 drivers
v0x55b62c23d760_0 .net *"_ivl_71", 31 0, L_0x55b62c2503d0;  1 drivers
L_0x7f719ec63408 .functor BUFT 1, C4<0000000000000000000000000000>, C4<0>, C4<0>, C4<0>;
v0x55b62c23d840_0 .net *"_ivl_74", 27 0, L_0x7f719ec63408;  1 drivers
L_0x7f719ec63450 .functor BUFT 1, C4<00000000000000000000000000000011>, C4<0>, C4<0>, C4<0>;
v0x55b62c23d920_0 .net/2u *"_ivl_75", 31 0, L_0x7f719ec63450;  1 drivers
v0x55b62c23da00_0 .net *"_ivl_77", 0 0, L_0x55b62c250550;  1 drivers
v0x55b62c23ded0_0 .net *"_ivl_8", 0 0, L_0x55b62c24eed0;  1 drivers
v0x55b62c23df90_0 .net *"_ivl_80", 0 0, L_0x55b62c250690;  1 drivers
v0x55b62c23e050_0 .net *"_ivl_83", 31 0, L_0x55b62c250820;  1 drivers
L_0x7f719ec63498 .functor BUFT 1, C4<0000000000000000000000000000>, C4<0>, C4<0>, C4<0>;
v0x55b62c23e130_0 .net *"_ivl_86", 27 0, L_0x7f719ec63498;  1 drivers
L_0x7f719ec634e0 .functor BUFT 1, C4<00000000000000000000000000001000>, C4<0>, C4<0>, C4<0>;
v0x55b62c23e210_0 .net/2u *"_ivl_87", 31 0, L_0x7f719ec634e0;  1 drivers
v0x55b62c23e2f0_0 .net *"_ivl_89", 0 0, L_0x55b62c250ac0;  1 drivers
v0x55b62c23e3b0_0 .net *"_ivl_93", 31 0, L_0x55b62c250bb0;  1 drivers
L_0x7f719ec63528 .functor BUFT 1, C4<0000000000000000000000000000>, C4<0>, C4<0>, C4<0>;
v0x55b62c23e490_0 .net *"_ivl_96", 27 0, L_0x7f719ec63528;  1 drivers
L_0x7f719ec63570 .functor BUFT 1, C4<00000000000000000000000000000111>, C4<0>, C4<0>, C4<0>;
v0x55b62c23e570_0 .net/2u *"_ivl_97", 31 0, L_0x7f719ec63570;  1 drivers
v0x55b62c23e650_0 .net *"_ivl_99", 0 0, L_0x55b62c2508c0;  1 drivers
o0x7f719ecace28 .functor BUFZ 1, C4<z>; HiZ drive
v0x55b62c23e710_0 .net "clk", 0 0, o0x7f719ecace28;  0 drivers
v0x55b62c23e7d0_0 .var "cnt", 7 0;
v0x55b62c23e8b0_0 .net "light_ew_rgyl", 3 0, L_0x55b62c24f920;  1 drivers
v0x55b62c23e990_0 .net "light_sn_rgyl", 3 0, L_0x55b62c2514f0;  1 drivers
v0x55b62c23ea70_0 .net "on", 0 0, L_0x55b62c252b80;  1 drivers
o0x7f719ecacf18 .functor BUFZ 1, C4<z>; HiZ drive
v0x55b62c23eb30_0 .net "reset", 0 0, o0x7f719ecacf18;  0 drivers
v0x55b62c23ebf0_0 .var "status", 3 0;
E_0x55b62c1cc790 .event posedge, v0x55b62c23eb30_0, v0x55b62c23e710_0;
L_0x55b62c23ed70 .concat [ 4 28 0 0], v0x55b62c23ebf0_0, L_0x7f719ec63018;
L_0x55b62c24eed0 .cmp/eq 32, L_0x55b62c23ed70, L_0x7f719ec63060;
L_0x55b62c24f040 .concat [ 4 28 0 0], v0x55b62c23ebf0_0, L_0x7f719ec630a8;
L_0x55b62c24f180 .cmp/eq 32, L_0x55b62c24f040, L_0x7f719ec630f0;
L_0x55b62c24f320 .concat [ 4 28 0 0], v0x55b62c23ebf0_0, L_0x7f719ec63138;
L_0x55b62c24f460 .cmp/eq 32, L_0x55b62c24f320, L_0x7f719ec63180;
L_0x55b62c24f6f0 .concat [ 4 28 0 0], v0x55b62c23ebf0_0, L_0x7f719ec631c8;
L_0x55b62c24f790 .cmp/eq 32, L_0x55b62c24f6f0, L_0x7f719ec63210;
L_0x55b62c24f920 .concat8 [ 1 1 1 1], L_0x55b62c24eed0, L_0x55b62c24f5e0, L_0x55b62c24f790, L_0x55b62c250690;
L_0x55b62c24fab0 .concat [ 4 28 0 0], v0x55b62c23ebf0_0, L_0x7f719ec63258;
L_0x55b62c24fbb0 .cmp/ne 32, L_0x55b62c24fab0, L_0x7f719ec632a0;
L_0x55b62c24fca0 .concat [ 4 28 0 0], v0x55b62c23ebf0_0, L_0x7f719ec632e8;
L_0x55b62c24fe00 .cmp/ne 32, L_0x55b62c24fca0, L_0x7f719ec63330;
L_0x55b62c250080 .concat [ 4 28 0 0], v0x55b62c23ebf0_0, L_0x7f719ec63378;
L_0x55b62c2501f0 .cmp/ne 32, L_0x55b62c250080, L_0x7f719ec633c0;
L_0x55b62c2503d0 .concat [ 4 28 0 0], v0x55b62c23ebf0_0, L_0x7f719ec63408;
L_0x55b62c250550 .cmp/ne 32, L_0x55b62c2503d0, L_0x7f719ec63450;
L_0x55b62c250820 .concat [ 4 28 0 0], v0x55b62c23ebf0_0, L_0x7f719ec63498;
L_0x55b62c250ac0 .cmp/eq 32, L_0x55b62c250820, L_0x7f719ec634e0;
L_0x55b62c250bb0 .concat [ 4 28 0 0], v0x55b62c23ebf0_0, L_0x7f719ec63528;
L_0x55b62c2508c0 .cmp/eq 32, L_0x55b62c250bb0, L_0x7f719ec63570;
L_0x55b62c250df0 .concat [ 4 28 0 0], v0x55b62c23ebf0_0, L_0x7f719ec635b8;
L_0x55b62c250fa0 .cmp/eq 32, L_0x55b62c250df0, L_0x7f719ec63600;
L_0x55b62c2511f0 .concat [ 4 28 0 0], v0x55b62c23ebf0_0, L_0x7f719ec63648;
L_0x55b62c2513b0 .cmp/eq 32, L_0x55b62c2511f0, L_0x7f719ec63690;
L_0x55b62c2514f0 .concat8 [ 1 1 1 1], L_0x55b62c250ac0, L_0x55b62c2510e0, L_0x55b62c2513b0, L_0x55b62c2526d0;
L_0x55b62c251760 .concat [ 4 28 0 0], v0x55b62c23ebf0_0, L_0x7f719ec636d8;
L_0x55b62c251850 .cmp/ne 32, L_0x55b62c251760, L_0x7f719ec63720;
L_0x55b62c251a80 .concat [ 4 28 0 0], v0x55b62c23ebf0_0, L_0x7f719ec63768;
L_0x55b62c251b70 .cmp/ne 32, L_0x55b62c251a80, L_0x7f719ec637b0;
L_0x55b62c251f30 .concat [ 4 28 0 0], v0x55b62c23ebf0_0, L_0x7f719ec637f8;
L_0x55b62c252020 .cmp/ne 32, L_0x55b62c251f30, L_0x7f719ec63840;
L_0x55b62c252380 .concat [ 4 28 0 0], v0x55b62c23ebf0_0, L_0x7f719ec63888;
L_0x55b62c252470 .cmp/ne 32, L_0x55b62c252380, L_0x7f719ec638d0;
L_0x55b62c252880 .concat [ 4 28 0 0], v0x55b62c23ebf0_0, L_0x7f719ec63918;
L_0x55b62c252b80 .cmp/ne 32, L_0x55b62c252880, L_0x7f719ec63960;
    .scope S_0x55b62c21a320;
T_0 ;
    %wait E_0x55b62c1cc790;
    %load/vec4 v0x55b62c23eb30_0;
    %flag_set/vec4 8;
    %jmp/0xz  T_0.0, 8;
    %pushi/vec4 0, 0, 4;
    %assign/vec4 v0x55b62c23ebf0_0, 0;
    %pushi/vec4 0, 0, 8;
    %assign/vec4 v0x55b62c23e7d0_0, 0;
    %jmp T_0.1;
T_0.0 ;
    %load/vec4 v0x55b62c23ebf0_0;
    %dup/vec4;
    %pushi/vec4 0, 0, 4;
    %cmp/u;
    %jmp/1 T_0.2, 6;
    %dup/vec4;
    %pushi/vec4 6, 0, 4;
    %cmp/u;
    %jmp/1 T_0.3, 6;
    %dup/vec4;
    %pushi/vec4 7, 0, 4;
    %cmp/u;
    %jmp/1 T_0.4, 6;
    %dup/vec4;
    %pushi/vec4 8, 0, 4;
    %cmp/u;
    %jmp/1 T_0.5, 6;
    %dup/vec4;
    %pushi/vec4 9, 0, 4;
    %cmp/u;
    %jmp/1 T_0.6, 6;
    %dup/vec4;
    %pushi/vec4 10, 0, 4;
    %cmp/u;
    %jmp/1 T_0.7, 6;
    %dup/vec4;
    %pushi/vec4 1, 0, 4;
    %cmp/u;
    %jmp/1 T_0.8, 6;
    %dup/vec4;
    %pushi/vec4 2, 0, 4;
    %cmp/u;
    %jmp/1 T_0.9, 6;
    %dup/vec4;
    %pushi/vec4 3, 0, 4;
    %cmp/u;
    %jmp/1 T_0.10, 6;
    %dup/vec4;
    %pushi/vec4 4, 0, 4;
    %cmp/u;
    %jmp/1 T_0.11, 6;
    %dup/vec4;
    %pushi/vec4 5, 0, 4;
    %cmp/u;
    %jmp/1 T_0.12, 6;
    %pushi/vec4 0, 0, 4;
    %assign/vec4 v0x55b62c23ebf0_0, 0;
    %jmp T_0.14;
T_0.2 ;
    %load/vec4 v0x55b62c23e7d0_0;
    %pad/u 32;
    %addi 1, 0, 32;
    %cmpi/e 3, 0, 32;
    %jmp/0xz  T_0.15, 4;
    %pushi/vec4 0, 0, 8;
    %assign/vec4 v0x55b62c23e7d0_0, 0;
    %pushi/vec4 6, 0, 4;
    %assign/vec4 v0x55b62c23ebf0_0, 0;
    %jmp T_0.16;
T_0.15 ;
    %load/vec4 v0x55b62c23e7d0_0;
    %addi 1, 0, 8;
    %assign/vec4 v0x55b62c23e7d0_0, 0;
T_0.16 ;
    %jmp T_0.14;
T_0.3 ;
    %load/vec4 v0x55b62c23e7d0_0;
    %pad/u 32;
    %addi 1, 0, 32;
    %cmpi/e 30, 0, 32;
    %jmp/0xz  T_0.17, 4;
    %pushi/vec4 0, 0, 8;
    %assign/vec4 v0x55b62c23e7d0_0, 0;
    %pushi/vec4 7, 0, 4;
    %assign/vec4 v0x55b62c23ebf0_0, 0;
    %jmp T_0.18;
T_0.17 ;
    %load/vec4 v0x55b62c23e7d0_0;
    %addi 1, 0, 8;
    %assign/vec4 v0x55b62c23e7d0_0, 0;
T_0.18 ;
    %jmp T_0.14;
T_0.4 ;
    %load/vec4 v0x55b62c23e7d0_0;
    %pad/u 32;
    %addi 1, 0, 32;
    %cmpi/e 5, 0, 32;
    %jmp/0xz  T_0.19, 4;
    %pushi/vec4 0, 0, 8;
    %assign/vec4 v0x55b62c23e7d0_0, 0;
    %pushi/vec4 8, 0, 4;
    %assign/vec4 v0x55b62c23ebf0_0, 0;
    %jmp T_0.20;
T_0.19 ;
    %load/vec4 v0x55b62c23e7d0_0;
    %addi 1, 0, 8;
    %assign/vec4 v0x55b62c23e7d0_0, 0;
T_0.20 ;
    %jmp T_0.14;
T_0.5 ;
    %load/vec4 v0x55b62c23e7d0_0;
    %pad/u 32;
    %addi 1, 0, 32;
    %cmpi/e 15, 0, 32;
    %jmp/0xz  T_0.21, 4;
    %pushi/vec4 0, 0, 8;
    %assign/vec4 v0x55b62c23e7d0_0, 0;
    %pushi/vec4 9, 0, 4;
    %assign/vec4 v0x55b62c23ebf0_0, 0;
    %jmp T_0.22;
T_0.21 ;
    %load/vec4 v0x55b62c23e7d0_0;
    %addi 1, 0, 8;
    %assign/vec4 v0x55b62c23e7d0_0, 0;
T_0.22 ;
    %jmp T_0.14;
T_0.6 ;
    %load/vec4 v0x55b62c23e7d0_0;
    %pad/u 32;
    %addi 1, 0, 32;
    %cmpi/e 5, 0, 32;
    %jmp/0xz  T_0.23, 4;
    %pushi/vec4 0, 0, 8;
    %assign/vec4 v0x55b62c23e7d0_0, 0;
    %pushi/vec4 10, 0, 4;
    %assign/vec4 v0x55b62c23ebf0_0, 0;
    %jmp T_0.24;
T_0.23 ;
    %load/vec4 v0x55b62c23e7d0_0;
    %addi 1, 0, 8;
    %assign/vec4 v0x55b62c23e7d0_0, 0;
T_0.24 ;
    %jmp T_0.14;
T_0.7 ;
    %load/vec4 v0x55b62c23e7d0_0;
    %pad/u 32;
    %addi 1, 0, 32;
    %cmpi/e 3, 0, 32;
    %jmp/0xz  T_0.25, 4;
    %pushi/vec4 0, 0, 8;
    %assign/vec4 v0x55b62c23e7d0_0, 0;
    %pushi/vec4 1, 0, 4;
    %assign/vec4 v0x55b62c23ebf0_0, 0;
    %jmp T_0.26;
T_0.25 ;
    %load/vec4 v0x55b62c23e7d0_0;
    %addi 1, 0, 8;
    %assign/vec4 v0x55b62c23e7d0_0, 0;
T_0.26 ;
    %jmp T_0.14;
T_0.8 ;
    %load/vec4 v0x55b62c23e7d0_0;
    %pad/u 32;
    %addi 1, 0, 32;
    %cmpi/e 40, 0, 32;
    %jmp/0xz  T_0.27, 4;
    %pushi/vec4 0, 0, 8;
    %assign/vec4 v0x55b62c23e7d0_0, 0;
    %pushi/vec4 2, 0, 4;
    %assign/vec4 v0x55b62c23ebf0_0, 0;
    %jmp T_0.28;
T_0.27 ;
    %load/vec4 v0x55b62c23e7d0_0;
    %addi 1, 0, 8;
    %assign/vec4 v0x55b62c23e7d0_0, 0;
T_0.28 ;
    %jmp T_0.14;
T_0.9 ;
    %load/vec4 v0x55b62c23e7d0_0;
    %pad/u 32;
    %addi 1, 0, 32;
    %cmpi/e 5, 0, 32;
    %jmp/0xz  T_0.29, 4;
    %pushi/vec4 0, 0, 8;
    %assign/vec4 v0x55b62c23e7d0_0, 0;
    %pushi/vec4 3, 0, 4;
    %assign/vec4 v0x55b62c23ebf0_0, 0;
    %jmp T_0.30;
T_0.29 ;
    %load/vec4 v0x55b62c23e7d0_0;
    %addi 1, 0, 8;
    %assign/vec4 v0x55b62c23e7d0_0, 0;
T_0.30 ;
    %jmp T_0.14;
T_0.10 ;
    %load/vec4 v0x55b62c23e7d0_0;
    %pad/u 32;
    %addi 1, 0, 32;
    %cmpi/e 15, 0, 32;
    %jmp/0xz  T_0.31, 4;
    %pushi/vec4 0, 0, 8;
    %assign/vec4 v0x55b62c23e7d0_0, 0;
    %pushi/vec4 4, 0, 4;
    %assign/vec4 v0x55b62c23ebf0_0, 0;
    %jmp T_0.32;
T_0.31 ;
    %load/vec4 v0x55b62c23e7d0_0;
    %addi 1, 0, 8;
    %assign/vec4 v0x55b62c23e7d0_0, 0;
T_0.32 ;
    %jmp T_0.14;
T_0.11 ;
    %load/vec4 v0x55b62c23e7d0_0;
    %pad/u 32;
    %addi 1, 0, 32;
    %cmpi/e 5, 0, 32;
    %jmp/0xz  T_0.33, 4;
    %pushi/vec4 0, 0, 8;
    %assign/vec4 v0x55b62c23e7d0_0, 0;
    %pushi/vec4 5, 0, 4;
    %assign/vec4 v0x55b62c23ebf0_0, 0;
    %jmp T_0.34;
T_0.33 ;
    %load/vec4 v0x55b62c23e7d0_0;
    %addi 1, 0, 8;
    %assign/vec4 v0x55b62c23e7d0_0, 0;
T_0.34 ;
    %jmp T_0.14;
T_0.12 ;
    %load/vec4 v0x55b62c23e7d0_0;
    %pad/u 32;
    %addi 1, 0, 32;
    %cmpi/e 2, 0, 32;
    %jmp/0xz  T_0.35, 4;
    %pushi/vec4 0, 0, 8;
    %assign/vec4 v0x55b62c23e7d0_0, 0;
    %pushi/vec4 6, 0, 4;
    %assign/vec4 v0x55b62c23ebf0_0, 0;
    %jmp T_0.36;
T_0.35 ;
    %load/vec4 v0x55b62c23e7d0_0;
    %addi 1, 0, 8;
    %assign/vec4 v0x55b62c23e7d0_0, 0;
T_0.36 ;
    %jmp T_0.14;
T_0.14 ;
    %pop/vec4 1;
T_0.1 ;
    %jmp T_0;
    .thread T_0;
# The file index is used to find the file name in the following table.
:file_names 3;
    "N/A";
    "<interactive>";
    "light.v";
