#! /usr/bin/vvp
:ivl_version "11.0 (stable)" "(v11_0)";
:ivl_delay_selection "TYPICAL";
:vpi_time_precision + 0;
:vpi_module "/usr/lib/ivl/system.vpi";
:vpi_module "/usr/lib/ivl/vhdl_sys.vpi";
:vpi_module "/usr/lib/ivl/vhdl_textio.vpi";
:vpi_module "/usr/lib/ivl/v2005_math.vpi";
:vpi_module "/usr/lib/ivl/va_math.vpi";
S_0x5599f9e24240 .scope module, "test" "test" 2 5;
 .timescale 0 0;
v0x5599f9e6a510_0 .net "bcd_ew_1", 3 0, L_0x5599f9e7ee70;  1 drivers
v0x5599f9e6a5f0_0 .net "bcd_ew_10", 3 0, L_0x5599f9e7e6a0;  1 drivers
v0x5599f9e6a690_0 .net "bcd_sn_1", 3 0, L_0x5599f9e7f060;  1 drivers
v0x5599f9e6a730_0 .net "bcd_sn_10", 3 0, L_0x5599f9e7efa0;  1 drivers
v0x5599f9e6a800_0 .var "clk", 0 0;
v0x5599f9e6a8f0_0 .net "cnt_ew", 7 0, v0x5599f9e64640_0;  1 drivers
v0x5599f9e6a9e0_0 .net "cnt_sn", 7 0, v0x5599f9e652e0_0;  1 drivers
v0x5599f9e6aad0_0 .net "en", 0 0, L_0x5599f9e7ec00;  1 drivers
v0x5599f9e6ab70_0 .net "light_ew_rgyl", 3 0, L_0x5599f9e7b990;  1 drivers
v0x5599f9e6ac30_0 .net "light_sn_rgyl", 3 0, L_0x5599f9e7d550;  1 drivers
v0x5599f9e6acd0_0 .var "reset", 0 0;
S_0x5599f9e243d0 .scope module, "u_bcd_ew" "bcd" 2 61, 3 1 0, S_0x5599f9e24240;
 .timescale 0 0;
    .port_info 0 /INPUT 8 "bin";
    .port_info 1 /OUTPUT 4 "bcd_hun";
    .port_info 2 /OUTPUT 4 "bcd_ten";
    .port_info 3 /OUTPUT 4 "bcd_one";
L_0x5599f9e7e630 .functor BUFZ 4, v0x5599f9e39d90_0, C4<0000>, C4<0000>, C4<0000>;
L_0x5599f9e7e6a0 .functor BUFZ 4, v0x5599f9e62970_0, C4<0000>, C4<0000>, C4<0000>;
L_0x5599f9e7ee70 .functor BUFZ 4, v0x5599f9e3e680_0, C4<0000>, C4<0000>, C4<0000>;
v0x5599f9e39cf0_0 .net "bcd_hun", 3 0, L_0x5599f9e7e630;  1 drivers
v0x5599f9e39d90_0 .var "bcd_hun_r", 3 0;
v0x5599f9e3e5b0_0 .net "bcd_one", 3 0, L_0x5599f9e7ee70;  alias, 1 drivers
v0x5599f9e3e680_0 .var "bcd_one_r", 3 0;
v0x5599f9e62840_0 .net "bcd_ten", 3 0, L_0x5599f9e7e6a0;  alias, 1 drivers
v0x5599f9e62970_0 .var "bcd_ten_r", 3 0;
v0x5599f9e62a50_0 .net "bin", 7 0, v0x5599f9e64640_0;  alias, 1 drivers
v0x5599f9e62b30_0 .var "bin_r", 7 0;
v0x5599f9e62c10_0 .var/i "i", 31 0;
E_0x5599f9e20ed0 .event edge, v0x5599f9e62a50_0;
S_0x5599f9e0c740 .scope task, "check_all" "check_all" 3 45, 3 45 0, S_0x5599f9e243d0;
 .timescale 0 0;
TD_test.u_bcd_ew.check_all ;
    %load/vec4 v0x5599f9e3e680_0;
    %pad/u 32;
    %cmpi/u 4, 0, 32;
    %flag_or 5, 4; GT is !LE
    %flag_inv 5;
    %jmp/0xz  T_0.0, 5;
    %load/vec4 v0x5599f9e3e680_0;
    %addi 3, 0, 4;
    %store/vec4 v0x5599f9e3e680_0, 0, 4;
T_0.0 ;
    %load/vec4 v0x5599f9e62970_0;
    %pad/u 32;
    %cmpi/u 4, 0, 32;
    %flag_or 5, 4; GT is !LE
    %flag_inv 5;
    %jmp/0xz  T_0.2, 5;
    %load/vec4 v0x5599f9e62970_0;
    %addi 3, 0, 4;
    %store/vec4 v0x5599f9e62970_0, 0, 4;
T_0.2 ;
    %load/vec4 v0x5599f9e39d90_0;
    %pad/u 32;
    %cmpi/u 4, 0, 32;
    %flag_or 5, 4; GT is !LE
    %flag_inv 5;
    %jmp/0xz  T_0.4, 5;
    %load/vec4 v0x5599f9e39d90_0;
    %addi 3, 0, 4;
    %store/vec4 v0x5599f9e39d90_0, 0, 4;
T_0.4 ;
    %end;
S_0x5599f9e0c920 .scope task, "init_all" "init_all" 3 32, 3 32 0, S_0x5599f9e243d0;
 .timescale 0 0;
TD_test.u_bcd_ew.init_all ;
    %load/vec4 v0x5599f9e62a50_0;
    %store/vec4 v0x5599f9e62b30_0, 0, 8;
    %pushi/vec4 0, 0, 4;
    %store/vec4 v0x5599f9e39d90_0, 0, 4;
    %pushi/vec4 0, 0, 4;
    %store/vec4 v0x5599f9e62970_0, 0, 4;
    %pushi/vec4 0, 0, 4;
    %store/vec4 v0x5599f9e3e680_0, 0, 4;
    %end;
S_0x5599f9dcccd0 .scope task, "shift_all" "shift_all" 3 41, 3 41 0, S_0x5599f9e243d0;
 .timescale 0 0;
TD_test.u_bcd_ew.shift_all ;
    %load/vec4 v0x5599f9e39d90_0;
    %load/vec4 v0x5599f9e62970_0;
    %concat/vec4; draw_concat_vec4
    %load/vec4 v0x5599f9e3e680_0;
    %concat/vec4; draw_concat_vec4
    %load/vec4 v0x5599f9e62b30_0;
    %concat/vec4; draw_concat_vec4
    %ix/load 4, 1, 0;
    %flag_set/imm 4, 0;
    %shiftl 4;
    %split/vec4 8;
    %store/vec4 v0x5599f9e62b30_0, 0, 8;
    %split/vec4 4;
    %store/vec4 v0x5599f9e3e680_0, 0, 4;
    %split/vec4 4;
    %store/vec4 v0x5599f9e62970_0, 0, 4;
    %store/vec4 v0x5599f9e39d90_0, 0, 4;
    %end;
S_0x5599f9e62d70 .scope module, "u_bcd_sn" "bcd" 2 62, 3 1 0, S_0x5599f9e24240;
 .timescale 0 0;
    .port_info 0 /INPUT 8 "bin";
    .port_info 1 /OUTPUT 4 "bcd_hun";
    .port_info 2 /OUTPUT 4 "bcd_ten";
    .port_info 3 /OUTPUT 4 "bcd_one";
L_0x5599f9e7ef30 .functor BUFZ 4, v0x5599f9e635e0_0, C4<0000>, C4<0000>, C4<0000>;
L_0x5599f9e7efa0 .functor BUFZ 4, v0x5599f9e63990_0, C4<0000>, C4<0000>, C4<0000>;
L_0x5599f9e7f060 .functor BUFZ 4, v0x5599f9e63780_0, C4<0000>, C4<0000>, C4<0000>;
v0x5599f9e63520_0 .net "bcd_hun", 3 0, L_0x5599f9e7ef30;  1 drivers
v0x5599f9e635e0_0 .var "bcd_hun_r", 3 0;
v0x5599f9e636c0_0 .net "bcd_one", 3 0, L_0x5599f9e7f060;  alias, 1 drivers
v0x5599f9e63780_0 .var "bcd_one_r", 3 0;
v0x5599f9e63860_0 .net "bcd_ten", 3 0, L_0x5599f9e7efa0;  alias, 1 drivers
v0x5599f9e63990_0 .var "bcd_ten_r", 3 0;
v0x5599f9e63a70_0 .net "bin", 7 0, v0x5599f9e652e0_0;  alias, 1 drivers
v0x5599f9e63b50_0 .var "bin_r", 7 0;
v0x5599f9e63c30_0 .var/i "i", 31 0;
E_0x5599f9e21c70 .event edge, v0x5599f9e63a70_0;
S_0x5599f9e62f40 .scope task, "check_all" "check_all" 3 45, 3 45 0, S_0x5599f9e62d70;
 .timescale 0 0;
TD_test.u_bcd_sn.check_all ;
    %load/vec4 v0x5599f9e63780_0;
    %pad/u 32;
    %cmpi/u 4, 0, 32;
    %flag_or 5, 4; GT is !LE
    %flag_inv 5;
    %jmp/0xz  T_3.6, 5;
    %load/vec4 v0x5599f9e63780_0;
    %addi 3, 0, 4;
    %store/vec4 v0x5599f9e63780_0, 0, 4;
T_3.6 ;
    %load/vec4 v0x5599f9e63990_0;
    %pad/u 32;
    %cmpi/u 4, 0, 32;
    %flag_or 5, 4; GT is !LE
    %flag_inv 5;
    %jmp/0xz  T_3.8, 5;
    %load/vec4 v0x5599f9e63990_0;
    %addi 3, 0, 4;
    %store/vec4 v0x5599f9e63990_0, 0, 4;
T_3.8 ;
    %load/vec4 v0x5599f9e635e0_0;
    %pad/u 32;
    %cmpi/u 4, 0, 32;
    %flag_or 5, 4; GT is !LE
    %flag_inv 5;
    %jmp/0xz  T_3.10, 5;
    %load/vec4 v0x5599f9e635e0_0;
    %addi 3, 0, 4;
    %store/vec4 v0x5599f9e635e0_0, 0, 4;
T_3.10 ;
    %end;
S_0x5599f9e63140 .scope task, "init_all" "init_all" 3 32, 3 32 0, S_0x5599f9e62d70;
 .timescale 0 0;
TD_test.u_bcd_sn.init_all ;
    %load/vec4 v0x5599f9e63a70_0;
    %store/vec4 v0x5599f9e63b50_0, 0, 8;
    %pushi/vec4 0, 0, 4;
    %store/vec4 v0x5599f9e635e0_0, 0, 4;
    %pushi/vec4 0, 0, 4;
    %store/vec4 v0x5599f9e63990_0, 0, 4;
    %pushi/vec4 0, 0, 4;
    %store/vec4 v0x5599f9e63780_0, 0, 4;
    %end;
S_0x5599f9e63340 .scope task, "shift_all" "shift_all" 3 41, 3 41 0, S_0x5599f9e62d70;
 .timescale 0 0;
TD_test.u_bcd_sn.shift_all ;
    %load/vec4 v0x5599f9e635e0_0;
    %load/vec4 v0x5599f9e63990_0;
    %concat/vec4; draw_concat_vec4
    %load/vec4 v0x5599f9e63780_0;
    %concat/vec4; draw_concat_vec4
    %load/vec4 v0x5599f9e63b50_0;
    %concat/vec4; draw_concat_vec4
    %ix/load 4, 1, 0;
    %flag_set/imm 4, 0;
    %shiftl 4;
    %split/vec4 8;
    %store/vec4 v0x5599f9e63b50_0, 0, 8;
    %split/vec4 4;
    %store/vec4 v0x5599f9e63780_0, 0, 4;
    %split/vec4 4;
    %store/vec4 v0x5599f9e63990_0, 0, 4;
    %store/vec4 v0x5599f9e635e0_0, 0, 4;
    %end;
S_0x5599f9e63d90 .scope module, "u_cnt_ew" "cnt_rev" 2 31, 4 3 0, S_0x5599f9e24240;
 .timescale 0 0;
    .port_info 0 /INPUT 1 "clk";
    .port_info 1 /INPUT 1 "reset";
    .port_info 2 /INPUT 1 "en";
    .port_info 3 /OUTPUT 8 "cnt";
P_0x5599f9e63f20 .param/l "g_t" 0 4 5, +C4<00000000000000000000000000101000>;
P_0x5599f9e63f60 .param/l "init_state" 0 4 9, +C4<00000000000000000000000000000100>;
P_0x5599f9e63fa0 .param/l "init_time" 0 4 10, +C4<00000000000000000000000000111001>;
P_0x5599f9e63fe0 .param/l "l_t" 0 4 8, +C4<00000000000000000000000000001111>;
P_0x5599f9e64020 .param/l "r_t" 0 4 4, +C4<00000000000000000000000000111100>;
P_0x5599f9e64060 .param/l "y_n_t" 0 4 7, +C4<00000000000000000000000000000101>;
P_0x5599f9e640a0 .param/l "y_t" 0 4 6, +C4<00000000000000000000000000000101>;
v0x5599f9e64560_0 .net "clk", 0 0, v0x5599f9e6a800_0;  1 drivers
v0x5599f9e64640_0 .var "cnt", 7 0;
v0x5599f9e64730_0 .net "en", 0 0, L_0x5599f9e7ec00;  alias, 1 drivers
v0x5599f9e64800_0 .net "reset", 0 0, v0x5599f9e6acd0_0;  1 drivers
v0x5599f9e648a0_0 .var "state", 3 0;
E_0x5599f9deff00 .event posedge, v0x5599f9e64800_0, v0x5599f9e64560_0;
S_0x5599f9e64a50 .scope module, "u_cnt_sn" "cnt_rev" 2 47, 4 3 0, S_0x5599f9e24240;
 .timescale 0 0;
    .port_info 0 /INPUT 1 "clk";
    .port_info 1 /INPUT 1 "reset";
    .port_info 2 /INPUT 1 "en";
    .port_info 3 /OUTPUT 8 "cnt";
P_0x5599f9e64c30 .param/l "g_t" 0 4 5, +C4<00000000000000000000000000011110>;
P_0x5599f9e64c70 .param/l "init_state" 0 4 9, +C4<00000000000000000000000000000000>;
P_0x5599f9e64cb0 .param/l "init_time" 0 4 10, +C4<00000000000000000000000000011101>;
P_0x5599f9e64cf0 .param/l "l_t" 0 4 8, +C4<00000000000000000000000000001111>;
P_0x5599f9e64d30 .param/l "r_t" 0 4 4, +C4<00000000000000000000000001000110>;
P_0x5599f9e64d70 .param/l "y_n_t" 0 4 7, +C4<00000000000000000000000000000101>;
P_0x5599f9e64db0 .param/l "y_t" 0 4 6, +C4<00000000000000000000000000000101>;
v0x5599f9e651f0_0 .net "clk", 0 0, v0x5599f9e6a800_0;  alias, 1 drivers
v0x5599f9e652e0_0 .var "cnt", 7 0;
v0x5599f9e653b0_0 .net "en", 0 0, L_0x5599f9e7ec00;  alias, 1 drivers
v0x5599f9e654b0_0 .net "reset", 0 0, v0x5599f9e6acd0_0;  alias, 1 drivers
v0x5599f9e65580_0 .var "state", 3 0;
S_0x5599f9e656b0 .scope module, "u_light" "traffic_light" 2 13, 5 3 0, S_0x5599f9e24240;
 .timescale 0 0;
    .port_info 0 /INPUT 1 "clk";
    .port_info 1 /INPUT 1 "reset";
    .port_info 2 /OUTPUT 4 "light_ew_rgyl";
    .port_info 3 /OUTPUT 4 "light_sn_rgyl";
    .port_info 4 /OUTPUT 1 "on";
L_0x5599f9e7b5c0 .functor OR 1, L_0x5599f9e7b160, L_0x5599f9e7b440, C4<0>, C4<0>;
L_0x5599f9e7c090 .functor AND 1, L_0x5599f9e7bd00, L_0x5599f9e7bf50, C4<1>, C4<1>;
L_0x5599f9e7be90 .functor AND 1, L_0x5599f9e7c090, L_0x5599f9e7c310, C4<1>, C4<1>;
L_0x5599f9e7c7b0 .functor AND 1, L_0x5599f9e7be90, L_0x5599f9e7c670, C4<1>, C4<1>;
L_0x5599f9e7d140 .functor OR 1, L_0x5599f9e7c9e0, L_0x5599f9e7d000, C4<0>, C4<0>;
L_0x5599f9e7de60 .functor AND 1, L_0x5599f9e7d900, L_0x5599f9e7dc20, C4<1>, C4<1>;
L_0x5599f9e7e2f0 .functor AND 1, L_0x5599f9e7de60, L_0x5599f9e7e0a0, C4<1>, C4<1>;
L_0x5599f9e7e750 .functor AND 1, L_0x5599f9e7e2f0, L_0x5599f9e7e4f0, C4<1>, C4<1>;
v0x5599f9e65960_0 .net *"_ivl_101", 31 0, L_0x5599f9e7ce50;  1 drivers
L_0x7f31177815b8 .functor BUFT 1, C4<0000000000000000000000000000>, C4<0>, C4<0>, C4<0>;
v0x5599f9e65a60_0 .net *"_ivl_104", 27 0, L_0x7f31177815b8;  1 drivers
L_0x7f3117781600 .functor BUFT 1, C4<00000000000000000000000000001001>, C4<0>, C4<0>, C4<0>;
v0x5599f9e65b40_0 .net/2u *"_ivl_105", 31 0, L_0x7f3117781600;  1 drivers
v0x5599f9e65c00_0 .net *"_ivl_107", 0 0, L_0x5599f9e7d000;  1 drivers
v0x5599f9e65cc0_0 .net *"_ivl_110", 0 0, L_0x5599f9e7d140;  1 drivers
v0x5599f9e65dd0_0 .net *"_ivl_113", 31 0, L_0x5599f9e7d250;  1 drivers
L_0x7f3117781648 .functor BUFT 1, C4<0000000000000000000000000000>, C4<0>, C4<0>, C4<0>;
v0x5599f9e65eb0_0 .net *"_ivl_116", 27 0, L_0x7f3117781648;  1 drivers
L_0x7f3117781690 .functor BUFT 1, C4<00000000000000000000000000000110>, C4<0>, C4<0>, C4<0>;
v0x5599f9e65f90_0 .net/2u *"_ivl_117", 31 0, L_0x7f3117781690;  1 drivers
v0x5599f9e66070_0 .net *"_ivl_119", 0 0, L_0x5599f9e7d410;  1 drivers
v0x5599f9e66130_0 .net *"_ivl_12", 31 0, L_0x5599f9e7b020;  1 drivers
v0x5599f9e66210_0 .net *"_ivl_124", 31 0, L_0x5599f9e7d810;  1 drivers
L_0x7f31177816d8 .functor BUFT 1, C4<0000000000000000000000000000>, C4<0>, C4<0>, C4<0>;
v0x5599f9e662f0_0 .net *"_ivl_127", 27 0, L_0x7f31177816d8;  1 drivers
L_0x7f3117781720 .functor BUFT 1, C4<00000000000000000000000000000110>, C4<0>, C4<0>, C4<0>;
v0x5599f9e663d0_0 .net/2u *"_ivl_128", 31 0, L_0x7f3117781720;  1 drivers
v0x5599f9e664b0_0 .net *"_ivl_130", 0 0, L_0x5599f9e7d900;  1 drivers
v0x5599f9e66570_0 .net *"_ivl_132", 31 0, L_0x5599f9e7db30;  1 drivers
L_0x7f3117781768 .functor BUFT 1, C4<0000000000000000000000000000>, C4<0>, C4<0>, C4<0>;
v0x5599f9e66650_0 .net *"_ivl_135", 27 0, L_0x7f3117781768;  1 drivers
L_0x7f31177817b0 .functor BUFT 1, C4<00000000000000000000000000000111>, C4<0>, C4<0>, C4<0>;
v0x5599f9e66730_0 .net/2u *"_ivl_136", 31 0, L_0x7f31177817b0;  1 drivers
v0x5599f9e66810_0 .net *"_ivl_138", 0 0, L_0x5599f9e7dc20;  1 drivers
v0x5599f9e668d0_0 .net *"_ivl_141", 0 0, L_0x5599f9e7de60;  1 drivers
v0x5599f9e66990_0 .net *"_ivl_142", 31 0, L_0x5599f9e7dfb0;  1 drivers
L_0x7f31177817f8 .functor BUFT 1, C4<0000000000000000000000000000>, C4<0>, C4<0>, C4<0>;
v0x5599f9e66a70_0 .net *"_ivl_145", 27 0, L_0x7f31177817f8;  1 drivers
L_0x7f3117781840 .functor BUFT 1, C4<00000000000000000000000000001001>, C4<0>, C4<0>, C4<0>;
v0x5599f9e66b50_0 .net/2u *"_ivl_146", 31 0, L_0x7f3117781840;  1 drivers
v0x5599f9e66c30_0 .net *"_ivl_148", 0 0, L_0x5599f9e7e0a0;  1 drivers
L_0x7f31177810a8 .functor BUFT 1, C4<0000000000000000000000000000>, C4<0>, C4<0>, C4<0>;
v0x5599f9e66cf0_0 .net *"_ivl_15", 27 0, L_0x7f31177810a8;  1 drivers
v0x5599f9e66dd0_0 .net *"_ivl_151", 0 0, L_0x5599f9e7e2f0;  1 drivers
v0x5599f9e66e90_0 .net *"_ivl_152", 31 0, L_0x5599f9e7e400;  1 drivers
L_0x7f3117781888 .functor BUFT 1, C4<0000000000000000000000000000>, C4<0>, C4<0>, C4<0>;
v0x5599f9e66f70_0 .net *"_ivl_155", 27 0, L_0x7f3117781888;  1 drivers
L_0x7f31177818d0 .functor BUFT 1, C4<00000000000000000000000000001000>, C4<0>, C4<0>, C4<0>;
v0x5599f9e67050_0 .net/2u *"_ivl_156", 31 0, L_0x7f31177818d0;  1 drivers
v0x5599f9e67130_0 .net *"_ivl_158", 0 0, L_0x5599f9e7e4f0;  1 drivers
L_0x7f31177810f0 .functor BUFT 1, C4<00000000000000000000000000000010>, C4<0>, C4<0>, C4<0>;
v0x5599f9e671f0_0 .net/2u *"_ivl_16", 31 0, L_0x7f31177810f0;  1 drivers
v0x5599f9e672d0_0 .net *"_ivl_161", 0 0, L_0x5599f9e7e750;  1 drivers
v0x5599f9e67390_0 .net *"_ivl_162", 31 0, L_0x5599f9e7e900;  1 drivers
L_0x7f3117781918 .functor BUFT 1, C4<0000000000000000000000000000>, C4<0>, C4<0>, C4<0>;
v0x5599f9e67470_0 .net *"_ivl_165", 27 0, L_0x7f3117781918;  1 drivers
L_0x7f3117781960 .functor BUFT 1, C4<00000000000000000000000000000000>, C4<0>, C4<0>, C4<0>;
v0x5599f9e67760_0 .net/2u *"_ivl_166", 31 0, L_0x7f3117781960;  1 drivers
v0x5599f9e67840_0 .net *"_ivl_18", 0 0, L_0x5599f9e7b160;  1 drivers
v0x5599f9e67900_0 .net *"_ivl_2", 31 0, L_0x5599f9e6ad70;  1 drivers
v0x5599f9e679e0_0 .net *"_ivl_20", 31 0, L_0x5599f9e7b300;  1 drivers
L_0x7f3117781138 .functor BUFT 1, C4<0000000000000000000000000000>, C4<0>, C4<0>, C4<0>;
v0x5599f9e67ac0_0 .net *"_ivl_23", 27 0, L_0x7f3117781138;  1 drivers
L_0x7f3117781180 .functor BUFT 1, C4<00000000000000000000000000000100>, C4<0>, C4<0>, C4<0>;
v0x5599f9e67ba0_0 .net/2u *"_ivl_24", 31 0, L_0x7f3117781180;  1 drivers
v0x5599f9e67c80_0 .net *"_ivl_26", 0 0, L_0x5599f9e7b440;  1 drivers
v0x5599f9e67d40_0 .net *"_ivl_29", 0 0, L_0x5599f9e7b5c0;  1 drivers
v0x5599f9e67e00_0 .net *"_ivl_32", 31 0, L_0x5599f9e7b6d0;  1 drivers
L_0x7f31177811c8 .functor BUFT 1, C4<0000000000000000000000000000>, C4<0>, C4<0>, C4<0>;
v0x5599f9e67ee0_0 .net *"_ivl_35", 27 0, L_0x7f31177811c8;  1 drivers
L_0x7f3117781210 .functor BUFT 1, C4<00000000000000000000000000000001>, C4<0>, C4<0>, C4<0>;
v0x5599f9e67fc0_0 .net/2u *"_ivl_36", 31 0, L_0x7f3117781210;  1 drivers
v0x5599f9e680a0_0 .net *"_ivl_38", 0 0, L_0x5599f9e7b800;  1 drivers
v0x5599f9e68160_0 .net *"_ivl_43", 31 0, L_0x5599f9e7bb70;  1 drivers
L_0x7f3117781258 .functor BUFT 1, C4<0000000000000000000000000000>, C4<0>, C4<0>, C4<0>;
v0x5599f9e68240_0 .net *"_ivl_46", 27 0, L_0x7f3117781258;  1 drivers
L_0x7f31177812a0 .functor BUFT 1, C4<00000000000000000000000000000001>, C4<0>, C4<0>, C4<0>;
v0x5599f9e68320_0 .net/2u *"_ivl_47", 31 0, L_0x7f31177812a0;  1 drivers
v0x5599f9e68400_0 .net *"_ivl_49", 0 0, L_0x5599f9e7bd00;  1 drivers
L_0x7f3117781018 .functor BUFT 1, C4<0000000000000000000000000000>, C4<0>, C4<0>, C4<0>;
v0x5599f9e684c0_0 .net *"_ivl_5", 27 0, L_0x7f3117781018;  1 drivers
v0x5599f9e685a0_0 .net *"_ivl_51", 31 0, L_0x5599f9e7bdf0;  1 drivers
L_0x7f31177812e8 .functor BUFT 1, C4<0000000000000000000000000000>, C4<0>, C4<0>, C4<0>;
v0x5599f9e68680_0 .net *"_ivl_54", 27 0, L_0x7f31177812e8;  1 drivers
L_0x7f3117781330 .functor BUFT 1, C4<00000000000000000000000000000010>, C4<0>, C4<0>, C4<0>;
v0x5599f9e68760_0 .net/2u *"_ivl_55", 31 0, L_0x7f3117781330;  1 drivers
v0x5599f9e68840_0 .net *"_ivl_57", 0 0, L_0x5599f9e7bf50;  1 drivers
L_0x7f3117781060 .functor BUFT 1, C4<00000000000000000000000000000011>, C4<0>, C4<0>, C4<0>;
v0x5599f9e68900_0 .net/2u *"_ivl_6", 31 0, L_0x7f3117781060;  1 drivers
v0x5599f9e689e0_0 .net *"_ivl_60", 0 0, L_0x5599f9e7c090;  1 drivers
v0x5599f9e68aa0_0 .net *"_ivl_61", 31 0, L_0x5599f9e7c1a0;  1 drivers
L_0x7f3117781378 .functor BUFT 1, C4<0000000000000000000000000000>, C4<0>, C4<0>, C4<0>;
v0x5599f9e68b80_0 .net *"_ivl_64", 27 0, L_0x7f3117781378;  1 drivers
L_0x7f31177813c0 .functor BUFT 1, C4<00000000000000000000000000000100>, C4<0>, C4<0>, C4<0>;
v0x5599f9e68c60_0 .net/2u *"_ivl_65", 31 0, L_0x7f31177813c0;  1 drivers
v0x5599f9e68d40_0 .net *"_ivl_67", 0 0, L_0x5599f9e7c310;  1 drivers
v0x5599f9e68e00_0 .net *"_ivl_70", 0 0, L_0x5599f9e7be90;  1 drivers
v0x5599f9e68ec0_0 .net *"_ivl_71", 31 0, L_0x5599f9e7c4f0;  1 drivers
L_0x7f3117781408 .functor BUFT 1, C4<0000000000000000000000000000>, C4<0>, C4<0>, C4<0>;
v0x5599f9e68fa0_0 .net *"_ivl_74", 27 0, L_0x7f3117781408;  1 drivers
L_0x7f3117781450 .functor BUFT 1, C4<00000000000000000000000000000011>, C4<0>, C4<0>, C4<0>;
v0x5599f9e69080_0 .net/2u *"_ivl_75", 31 0, L_0x7f3117781450;  1 drivers
v0x5599f9e69160_0 .net *"_ivl_77", 0 0, L_0x5599f9e7c670;  1 drivers
v0x5599f9e69630_0 .net *"_ivl_8", 0 0, L_0x5599f9e7aeb0;  1 drivers
v0x5599f9e696f0_0 .net *"_ivl_80", 0 0, L_0x5599f9e7c7b0;  1 drivers
v0x5599f9e697b0_0 .net *"_ivl_83", 31 0, L_0x5599f9e7c940;  1 drivers
L_0x7f3117781498 .functor BUFT 1, C4<0000000000000000000000000000>, C4<0>, C4<0>, C4<0>;
v0x5599f9e69890_0 .net *"_ivl_86", 27 0, L_0x7f3117781498;  1 drivers
L_0x7f31177814e0 .functor BUFT 1, C4<00000000000000000000000000001000>, C4<0>, C4<0>, C4<0>;
v0x5599f9e69970_0 .net/2u *"_ivl_87", 31 0, L_0x7f31177814e0;  1 drivers
v0x5599f9e69a50_0 .net *"_ivl_89", 0 0, L_0x5599f9e7cad0;  1 drivers
v0x5599f9e69b10_0 .net *"_ivl_93", 31 0, L_0x5599f9e7cc10;  1 drivers
L_0x7f3117781528 .functor BUFT 1, C4<0000000000000000000000000000>, C4<0>, C4<0>, C4<0>;
v0x5599f9e69bf0_0 .net *"_ivl_96", 27 0, L_0x7f3117781528;  1 drivers
L_0x7f3117781570 .functor BUFT 1, C4<00000000000000000000000000000111>, C4<0>, C4<0>, C4<0>;
v0x5599f9e69cd0_0 .net/2u *"_ivl_97", 31 0, L_0x7f3117781570;  1 drivers
v0x5599f9e69db0_0 .net *"_ivl_99", 0 0, L_0x5599f9e7c9e0;  1 drivers
v0x5599f9e69e70_0 .net "clk", 0 0, v0x5599f9e6a800_0;  alias, 1 drivers
v0x5599f9e69f10_0 .var "cnt", 7 0;
v0x5599f9e69ff0_0 .net "light_ew_rgyl", 3 0, L_0x5599f9e7b990;  alias, 1 drivers
v0x5599f9e6a0d0_0 .net "light_sn_rgyl", 3 0, L_0x5599f9e7d550;  alias, 1 drivers
v0x5599f9e6a1b0_0 .net "on", 0 0, L_0x5599f9e7ec00;  alias, 1 drivers
v0x5599f9e6a2a0_0 .net "reset", 0 0, v0x5599f9e6acd0_0;  alias, 1 drivers
v0x5599f9e6a390_0 .var "status", 3 0;
L_0x5599f9e6ad70 .concat [ 4 28 0 0], v0x5599f9e6a390_0, L_0x7f3117781018;
L_0x5599f9e7aeb0 .cmp/eq 32, L_0x5599f9e6ad70, L_0x7f3117781060;
L_0x5599f9e7b020 .concat [ 4 28 0 0], v0x5599f9e6a390_0, L_0x7f31177810a8;
L_0x5599f9e7b160 .cmp/eq 32, L_0x5599f9e7b020, L_0x7f31177810f0;
L_0x5599f9e7b300 .concat [ 4 28 0 0], v0x5599f9e6a390_0, L_0x7f3117781138;
L_0x5599f9e7b440 .cmp/eq 32, L_0x5599f9e7b300, L_0x7f3117781180;
L_0x5599f9e7b6d0 .concat [ 4 28 0 0], v0x5599f9e6a390_0, L_0x7f31177811c8;
L_0x5599f9e7b800 .cmp/eq 32, L_0x5599f9e7b6d0, L_0x7f3117781210;
L_0x5599f9e7b990 .concat8 [ 1 1 1 1], L_0x5599f9e7aeb0, L_0x5599f9e7b5c0, L_0x5599f9e7b800, L_0x5599f9e7c7b0;
L_0x5599f9e7bb70 .concat [ 4 28 0 0], v0x5599f9e6a390_0, L_0x7f3117781258;
L_0x5599f9e7bd00 .cmp/ne 32, L_0x5599f9e7bb70, L_0x7f31177812a0;
L_0x5599f9e7bdf0 .concat [ 4 28 0 0], v0x5599f9e6a390_0, L_0x7f31177812e8;
L_0x5599f9e7bf50 .cmp/ne 32, L_0x5599f9e7bdf0, L_0x7f3117781330;
L_0x5599f9e7c1a0 .concat [ 4 28 0 0], v0x5599f9e6a390_0, L_0x7f3117781378;
L_0x5599f9e7c310 .cmp/ne 32, L_0x5599f9e7c1a0, L_0x7f31177813c0;
L_0x5599f9e7c4f0 .concat [ 4 28 0 0], v0x5599f9e6a390_0, L_0x7f3117781408;
L_0x5599f9e7c670 .cmp/ne 32, L_0x5599f9e7c4f0, L_0x7f3117781450;
L_0x5599f9e7c940 .concat [ 4 28 0 0], v0x5599f9e6a390_0, L_0x7f3117781498;
L_0x5599f9e7cad0 .cmp/eq 32, L_0x5599f9e7c940, L_0x7f31177814e0;
L_0x5599f9e7cc10 .concat [ 4 28 0 0], v0x5599f9e6a390_0, L_0x7f3117781528;
L_0x5599f9e7c9e0 .cmp/eq 32, L_0x5599f9e7cc10, L_0x7f3117781570;
L_0x5599f9e7ce50 .concat [ 4 28 0 0], v0x5599f9e6a390_0, L_0x7f31177815b8;
L_0x5599f9e7d000 .cmp/eq 32, L_0x5599f9e7ce50, L_0x7f3117781600;
L_0x5599f9e7d250 .concat [ 4 28 0 0], v0x5599f9e6a390_0, L_0x7f3117781648;
L_0x5599f9e7d410 .cmp/eq 32, L_0x5599f9e7d250, L_0x7f3117781690;
L_0x5599f9e7d550 .concat8 [ 1 1 1 1], L_0x5599f9e7cad0, L_0x5599f9e7d140, L_0x5599f9e7d410, L_0x5599f9e7e750;
L_0x5599f9e7d810 .concat [ 4 28 0 0], v0x5599f9e6a390_0, L_0x7f31177816d8;
L_0x5599f9e7d900 .cmp/ne 32, L_0x5599f9e7d810, L_0x7f3117781720;
L_0x5599f9e7db30 .concat [ 4 28 0 0], v0x5599f9e6a390_0, L_0x7f3117781768;
L_0x5599f9e7dc20 .cmp/ne 32, L_0x5599f9e7db30, L_0x7f31177817b0;
L_0x5599f9e7dfb0 .concat [ 4 28 0 0], v0x5599f9e6a390_0, L_0x7f31177817f8;
L_0x5599f9e7e0a0 .cmp/ne 32, L_0x5599f9e7dfb0, L_0x7f3117781840;
L_0x5599f9e7e400 .concat [ 4 28 0 0], v0x5599f9e6a390_0, L_0x7f3117781888;
L_0x5599f9e7e4f0 .cmp/ne 32, L_0x5599f9e7e400, L_0x7f31177818d0;
L_0x5599f9e7e900 .concat [ 4 28 0 0], v0x5599f9e6a390_0, L_0x7f3117781918;
L_0x5599f9e7ec00 .cmp/ne 32, L_0x5599f9e7e900, L_0x7f3117781960;
    .scope S_0x5599f9e656b0;
T_6 ;
    %wait E_0x5599f9deff00;
    %load/vec4 v0x5599f9e6a2a0_0;
    %flag_set/vec4 8;
    %jmp/0xz  T_6.0, 8;
    %pushi/vec4 0, 0, 4;
    %assign/vec4 v0x5599f9e6a390_0, 0;
    %pushi/vec4 0, 0, 8;
    %assign/vec4 v0x5599f9e69f10_0, 0;
    %jmp T_6.1;
T_6.0 ;
    %load/vec4 v0x5599f9e6a390_0;
    %dup/vec4;
    %pushi/vec4 0, 0, 4;
    %cmp/u;
    %jmp/1 T_6.2, 6;
    %dup/vec4;
    %pushi/vec4 6, 0, 4;
    %cmp/u;
    %jmp/1 T_6.3, 6;
    %dup/vec4;
    %pushi/vec4 7, 0, 4;
    %cmp/u;
    %jmp/1 T_6.4, 6;
    %dup/vec4;
    %pushi/vec4 8, 0, 4;
    %cmp/u;
    %jmp/1 T_6.5, 6;
    %dup/vec4;
    %pushi/vec4 9, 0, 4;
    %cmp/u;
    %jmp/1 T_6.6, 6;
    %dup/vec4;
    %pushi/vec4 10, 0, 4;
    %cmp/u;
    %jmp/1 T_6.7, 6;
    %dup/vec4;
    %pushi/vec4 1, 0, 4;
    %cmp/u;
    %jmp/1 T_6.8, 6;
    %dup/vec4;
    %pushi/vec4 2, 0, 4;
    %cmp/u;
    %jmp/1 T_6.9, 6;
    %dup/vec4;
    %pushi/vec4 3, 0, 4;
    %cmp/u;
    %jmp/1 T_6.10, 6;
    %dup/vec4;
    %pushi/vec4 4, 0, 4;
    %cmp/u;
    %jmp/1 T_6.11, 6;
    %dup/vec4;
    %pushi/vec4 5, 0, 4;
    %cmp/u;
    %jmp/1 T_6.12, 6;
    %pushi/vec4 0, 0, 4;
    %assign/vec4 v0x5599f9e6a390_0, 0;
    %jmp T_6.14;
T_6.2 ;
    %load/vec4 v0x5599f9e69f10_0;
    %pad/u 32;
    %addi 1, 0, 32;
    %cmpi/e 3, 0, 32;
    %jmp/0xz  T_6.15, 4;
    %pushi/vec4 0, 0, 8;
    %assign/vec4 v0x5599f9e69f10_0, 0;
    %pushi/vec4 6, 0, 4;
    %assign/vec4 v0x5599f9e6a390_0, 0;
    %jmp T_6.16;
T_6.15 ;
    %load/vec4 v0x5599f9e69f10_0;
    %addi 1, 0, 8;
    %assign/vec4 v0x5599f9e69f10_0, 0;
T_6.16 ;
    %jmp T_6.14;
T_6.3 ;
    %load/vec4 v0x5599f9e69f10_0;
    %pad/u 32;
    %addi 1, 0, 32;
    %cmpi/e 30, 0, 32;
    %jmp/0xz  T_6.17, 4;
    %pushi/vec4 0, 0, 8;
    %assign/vec4 v0x5599f9e69f10_0, 0;
    %pushi/vec4 7, 0, 4;
    %assign/vec4 v0x5599f9e6a390_0, 0;
    %jmp T_6.18;
T_6.17 ;
    %load/vec4 v0x5599f9e69f10_0;
    %addi 1, 0, 8;
    %assign/vec4 v0x5599f9e69f10_0, 0;
T_6.18 ;
    %jmp T_6.14;
T_6.4 ;
    %load/vec4 v0x5599f9e69f10_0;
    %pad/u 32;
    %addi 1, 0, 32;
    %cmpi/e 5, 0, 32;
    %jmp/0xz  T_6.19, 4;
    %pushi/vec4 0, 0, 8;
    %assign/vec4 v0x5599f9e69f10_0, 0;
    %pushi/vec4 8, 0, 4;
    %assign/vec4 v0x5599f9e6a390_0, 0;
    %jmp T_6.20;
T_6.19 ;
    %load/vec4 v0x5599f9e69f10_0;
    %addi 1, 0, 8;
    %assign/vec4 v0x5599f9e69f10_0, 0;
T_6.20 ;
    %jmp T_6.14;
T_6.5 ;
    %load/vec4 v0x5599f9e69f10_0;
    %pad/u 32;
    %addi 1, 0, 32;
    %cmpi/e 15, 0, 32;
    %jmp/0xz  T_6.21, 4;
    %pushi/vec4 0, 0, 8;
    %assign/vec4 v0x5599f9e69f10_0, 0;
    %pushi/vec4 9, 0, 4;
    %assign/vec4 v0x5599f9e6a390_0, 0;
    %jmp T_6.22;
T_6.21 ;
    %load/vec4 v0x5599f9e69f10_0;
    %addi 1, 0, 8;
    %assign/vec4 v0x5599f9e69f10_0, 0;
T_6.22 ;
    %jmp T_6.14;
T_6.6 ;
    %load/vec4 v0x5599f9e69f10_0;
    %pad/u 32;
    %addi 1, 0, 32;
    %cmpi/e 5, 0, 32;
    %jmp/0xz  T_6.23, 4;
    %pushi/vec4 0, 0, 8;
    %assign/vec4 v0x5599f9e69f10_0, 0;
    %pushi/vec4 10, 0, 4;
    %assign/vec4 v0x5599f9e6a390_0, 0;
    %jmp T_6.24;
T_6.23 ;
    %load/vec4 v0x5599f9e69f10_0;
    %addi 1, 0, 8;
    %assign/vec4 v0x5599f9e69f10_0, 0;
T_6.24 ;
    %jmp T_6.14;
T_6.7 ;
    %load/vec4 v0x5599f9e69f10_0;
    %pad/u 32;
    %addi 1, 0, 32;
    %cmpi/e 3, 0, 32;
    %jmp/0xz  T_6.25, 4;
    %pushi/vec4 0, 0, 8;
    %assign/vec4 v0x5599f9e69f10_0, 0;
    %pushi/vec4 1, 0, 4;
    %assign/vec4 v0x5599f9e6a390_0, 0;
    %jmp T_6.26;
T_6.25 ;
    %load/vec4 v0x5599f9e69f10_0;
    %addi 1, 0, 8;
    %assign/vec4 v0x5599f9e69f10_0, 0;
T_6.26 ;
    %jmp T_6.14;
T_6.8 ;
    %load/vec4 v0x5599f9e69f10_0;
    %pad/u 32;
    %addi 1, 0, 32;
    %cmpi/e 40, 0, 32;
    %jmp/0xz  T_6.27, 4;
    %pushi/vec4 0, 0, 8;
    %assign/vec4 v0x5599f9e69f10_0, 0;
    %pushi/vec4 2, 0, 4;
    %assign/vec4 v0x5599f9e6a390_0, 0;
    %jmp T_6.28;
T_6.27 ;
    %load/vec4 v0x5599f9e69f10_0;
    %addi 1, 0, 8;
    %assign/vec4 v0x5599f9e69f10_0, 0;
T_6.28 ;
    %jmp T_6.14;
T_6.9 ;
    %load/vec4 v0x5599f9e69f10_0;
    %pad/u 32;
    %addi 1, 0, 32;
    %cmpi/e 5, 0, 32;
    %jmp/0xz  T_6.29, 4;
    %pushi/vec4 0, 0, 8;
    %assign/vec4 v0x5599f9e69f10_0, 0;
    %pushi/vec4 3, 0, 4;
    %assign/vec4 v0x5599f9e6a390_0, 0;
    %jmp T_6.30;
T_6.29 ;
    %load/vec4 v0x5599f9e69f10_0;
    %addi 1, 0, 8;
    %assign/vec4 v0x5599f9e69f10_0, 0;
T_6.30 ;
    %jmp T_6.14;
T_6.10 ;
    %load/vec4 v0x5599f9e69f10_0;
    %pad/u 32;
    %addi 1, 0, 32;
    %cmpi/e 15, 0, 32;
    %jmp/0xz  T_6.31, 4;
    %pushi/vec4 0, 0, 8;
    %assign/vec4 v0x5599f9e69f10_0, 0;
    %pushi/vec4 4, 0, 4;
    %assign/vec4 v0x5599f9e6a390_0, 0;
    %jmp T_6.32;
T_6.31 ;
    %load/vec4 v0x5599f9e69f10_0;
    %addi 1, 0, 8;
    %assign/vec4 v0x5599f9e69f10_0, 0;
T_6.32 ;
    %jmp T_6.14;
T_6.11 ;
    %load/vec4 v0x5599f9e69f10_0;
    %pad/u 32;
    %addi 1, 0, 32;
    %cmpi/e 5, 0, 32;
    %jmp/0xz  T_6.33, 4;
    %pushi/vec4 0, 0, 8;
    %assign/vec4 v0x5599f9e69f10_0, 0;
    %pushi/vec4 5, 0, 4;
    %assign/vec4 v0x5599f9e6a390_0, 0;
    %jmp T_6.34;
T_6.33 ;
    %load/vec4 v0x5599f9e69f10_0;
    %addi 1, 0, 8;
    %assign/vec4 v0x5599f9e69f10_0, 0;
T_6.34 ;
    %jmp T_6.14;
T_6.12 ;
    %load/vec4 v0x5599f9e69f10_0;
    %pad/u 32;
    %addi 1, 0, 32;
    %cmpi/e 2, 0, 32;
    %jmp/0xz  T_6.35, 4;
    %pushi/vec4 0, 0, 8;
    %assign/vec4 v0x5599f9e69f10_0, 0;
    %pushi/vec4 6, 0, 4;
    %assign/vec4 v0x5599f9e6a390_0, 0;
    %jmp T_6.36;
T_6.35 ;
    %load/vec4 v0x5599f9e69f10_0;
    %addi 1, 0, 8;
    %assign/vec4 v0x5599f9e69f10_0, 0;
T_6.36 ;
    %jmp T_6.14;
T_6.14 ;
    %pop/vec4 1;
T_6.1 ;
    %jmp T_6;
    .thread T_6;
    .scope S_0x5599f9e63d90;
T_7 ;
    %wait E_0x5599f9deff00;
    %load/vec4 v0x5599f9e64800_0;
    %flag_set/vec4 8;
    %jmp/0xz  T_7.0, 8;
    %pushi/vec4 0, 0, 8;
    %assign/vec4 v0x5599f9e64640_0, 0;
    %pushi/vec4 57, 0, 8;
    %assign/vec4 v0x5599f9e64640_0, 0;
    %pushi/vec4 4, 0, 4;
    %assign/vec4 v0x5599f9e648a0_0, 0;
    %jmp T_7.1;
T_7.0 ;
    %load/vec4 v0x5599f9e64730_0;
    %pad/u 32;
    %cmpi/e 0, 0, 32;
    %jmp/0xz  T_7.2, 4;
    %pushi/vec4 0, 0, 8;
    %assign/vec4 v0x5599f9e64640_0, 0;
    %pushi/vec4 57, 0, 8;
    %assign/vec4 v0x5599f9e64640_0, 0;
    %pushi/vec4 4, 0, 4;
    %assign/vec4 v0x5599f9e648a0_0, 0;
    %jmp T_7.3;
T_7.2 ;
    %load/vec4 v0x5599f9e64640_0;
    %pad/u 32;
    %cmpi/e 0, 0, 32;
    %jmp/0xz  T_7.4, 4;
    %load/vec4 v0x5599f9e648a0_0;
    %dup/vec4;
    %pushi/vec4 0, 0, 4;
    %cmp/u;
    %jmp/1 T_7.6, 6;
    %dup/vec4;
    %pushi/vec4 1, 0, 4;
    %cmp/u;
    %jmp/1 T_7.7, 6;
    %dup/vec4;
    %pushi/vec4 2, 0, 4;
    %cmp/u;
    %jmp/1 T_7.8, 6;
    %dup/vec4;
    %pushi/vec4 3, 0, 4;
    %cmp/u;
    %jmp/1 T_7.9, 6;
    %dup/vec4;
    %pushi/vec4 4, 0, 4;
    %cmp/u;
    %jmp/1 T_7.10, 6;
    %pushi/vec4 0, 0, 4;
    %assign/vec4 v0x5599f9e648a0_0, 0;
    %pushi/vec4 0, 0, 8;
    %assign/vec4 v0x5599f9e64640_0, 0;
    %jmp T_7.12;
T_7.6 ;
    %pushi/vec4 1, 0, 4;
    %assign/vec4 v0x5599f9e648a0_0, 0;
    %pushi/vec4 4, 0, 8;
    %assign/vec4 v0x5599f9e64640_0, 0;
    %jmp T_7.12;
T_7.7 ;
    %pushi/vec4 2, 0, 4;
    %assign/vec4 v0x5599f9e648a0_0, 0;
    %pushi/vec4 14, 0, 8;
    %assign/vec4 v0x5599f9e64640_0, 0;
    %jmp T_7.12;
T_7.8 ;
    %pushi/vec4 3, 0, 4;
    %assign/vec4 v0x5599f9e648a0_0, 0;
    %pushi/vec4 4, 0, 8;
    %assign/vec4 v0x5599f9e64640_0, 0;
    %jmp T_7.12;
T_7.9 ;
    %pushi/vec4 4, 0, 4;
    %assign/vec4 v0x5599f9e648a0_0, 0;
    %pushi/vec4 59, 0, 8;
    %assign/vec4 v0x5599f9e64640_0, 0;
    %jmp T_7.12;
T_7.10 ;
    %pushi/vec4 0, 0, 4;
    %assign/vec4 v0x5599f9e648a0_0, 0;
    %pushi/vec4 39, 0, 8;
    %assign/vec4 v0x5599f9e64640_0, 0;
    %jmp T_7.12;
T_7.12 ;
    %pop/vec4 1;
    %jmp T_7.5;
T_7.4 ;
    %load/vec4 v0x5599f9e64640_0;
    %subi 1, 0, 8;
    %assign/vec4 v0x5599f9e64640_0, 0;
T_7.5 ;
T_7.3 ;
T_7.1 ;
    %jmp T_7;
    .thread T_7;
    .scope S_0x5599f9e64a50;
T_8 ;
    %wait E_0x5599f9deff00;
    %load/vec4 v0x5599f9e654b0_0;
    %flag_set/vec4 8;
    %jmp/0xz  T_8.0, 8;
    %pushi/vec4 0, 0, 8;
    %assign/vec4 v0x5599f9e652e0_0, 0;
    %pushi/vec4 29, 0, 8;
    %assign/vec4 v0x5599f9e652e0_0, 0;
    %pushi/vec4 0, 0, 4;
    %assign/vec4 v0x5599f9e65580_0, 0;
    %jmp T_8.1;
T_8.0 ;
    %load/vec4 v0x5599f9e653b0_0;
    %pad/u 32;
    %cmpi/e 0, 0, 32;
    %jmp/0xz  T_8.2, 4;
    %pushi/vec4 0, 0, 8;
    %assign/vec4 v0x5599f9e652e0_0, 0;
    %pushi/vec4 29, 0, 8;
    %assign/vec4 v0x5599f9e652e0_0, 0;
    %pushi/vec4 0, 0, 4;
    %assign/vec4 v0x5599f9e65580_0, 0;
    %jmp T_8.3;
T_8.2 ;
    %load/vec4 v0x5599f9e652e0_0;
    %pad/u 32;
    %cmpi/e 0, 0, 32;
    %jmp/0xz  T_8.4, 4;
    %load/vec4 v0x5599f9e65580_0;
    %dup/vec4;
    %pushi/vec4 0, 0, 4;
    %cmp/u;
    %jmp/1 T_8.6, 6;
    %dup/vec4;
    %pushi/vec4 1, 0, 4;
    %cmp/u;
    %jmp/1 T_8.7, 6;
    %dup/vec4;
    %pushi/vec4 2, 0, 4;
    %cmp/u;
    %jmp/1 T_8.8, 6;
    %dup/vec4;
    %pushi/vec4 3, 0, 4;
    %cmp/u;
    %jmp/1 T_8.9, 6;
    %dup/vec4;
    %pushi/vec4 4, 0, 4;
    %cmp/u;
    %jmp/1 T_8.10, 6;
    %pushi/vec4 0, 0, 4;
    %assign/vec4 v0x5599f9e65580_0, 0;
    %pushi/vec4 0, 0, 8;
    %assign/vec4 v0x5599f9e652e0_0, 0;
    %jmp T_8.12;
T_8.6 ;
    %pushi/vec4 1, 0, 4;
    %assign/vec4 v0x5599f9e65580_0, 0;
    %pushi/vec4 4, 0, 8;
    %assign/vec4 v0x5599f9e652e0_0, 0;
    %jmp T_8.12;
T_8.7 ;
    %pushi/vec4 2, 0, 4;
    %assign/vec4 v0x5599f9e65580_0, 0;
    %pushi/vec4 14, 0, 8;
    %assign/vec4 v0x5599f9e652e0_0, 0;
    %jmp T_8.12;
T_8.8 ;
    %pushi/vec4 3, 0, 4;
    %assign/vec4 v0x5599f9e65580_0, 0;
    %pushi/vec4 4, 0, 8;
    %assign/vec4 v0x5599f9e652e0_0, 0;
    %jmp T_8.12;
T_8.9 ;
    %pushi/vec4 4, 0, 4;
    %assign/vec4 v0x5599f9e65580_0, 0;
    %pushi/vec4 69, 0, 8;
    %assign/vec4 v0x5599f9e652e0_0, 0;
    %jmp T_8.12;
T_8.10 ;
    %pushi/vec4 0, 0, 4;
    %assign/vec4 v0x5599f9e65580_0, 0;
    %pushi/vec4 29, 0, 8;
    %assign/vec4 v0x5599f9e652e0_0, 0;
    %jmp T_8.12;
T_8.12 ;
    %pop/vec4 1;
    %jmp T_8.5;
T_8.4 ;
    %load/vec4 v0x5599f9e652e0_0;
    %subi 1, 0, 8;
    %assign/vec4 v0x5599f9e652e0_0, 0;
T_8.5 ;
T_8.3 ;
T_8.1 ;
    %jmp T_8;
    .thread T_8;
    .scope S_0x5599f9e243d0;
T_9 ;
    %wait E_0x5599f9e20ed0;
    %fork TD_test.u_bcd_ew.init_all, S_0x5599f9e0c920;
    %join;
    %pushi/vec4 0, 0, 32;
    %store/vec4 v0x5599f9e62c10_0, 0, 32;
T_9.0 ;
    %load/vec4 v0x5599f9e62c10_0;
    %cmpi/s 8, 0, 32;
    %jmp/0xz T_9.1, 5;
    %fork TD_test.u_bcd_ew.check_all, S_0x5599f9e0c740;
    %join;
    %fork TD_test.u_bcd_ew.shift_all, S_0x5599f9dcccd0;
    %join;
    %load/vec4 v0x5599f9e62c10_0;
    %addi 1, 0, 32;
    %store/vec4 v0x5599f9e62c10_0, 0, 32;
    %jmp T_9.0;
T_9.1 ;
    %jmp T_9;
    .thread T_9, $push;
    .scope S_0x5599f9e62d70;
T_10 ;
    %wait E_0x5599f9e21c70;
    %fork TD_test.u_bcd_sn.init_all, S_0x5599f9e63140;
    %join;
    %pushi/vec4 0, 0, 32;
    %store/vec4 v0x5599f9e63c30_0, 0, 32;
T_10.0 ;
    %load/vec4 v0x5599f9e63c30_0;
    %cmpi/s 8, 0, 32;
    %jmp/0xz T_10.1, 5;
    %fork TD_test.u_bcd_sn.check_all, S_0x5599f9e62f40;
    %join;
    %fork TD_test.u_bcd_sn.shift_all, S_0x5599f9e63340;
    %join;
    %load/vec4 v0x5599f9e63c30_0;
    %addi 1, 0, 32;
    %store/vec4 v0x5599f9e63c30_0, 0, 32;
    %jmp T_10.0;
T_10.1 ;
    %jmp T_10;
    .thread T_10, $push;
    .scope S_0x5599f9e24240;
T_11 ;
    %delay 1, 0;
    %load/vec4 v0x5599f9e6a800_0;
    %inv;
    %store/vec4 v0x5599f9e6a800_0, 0, 1;
    %jmp T_11;
    .thread T_11;
    .scope S_0x5599f9e24240;
T_12 ;
    %vpi_call 2 67 "$dumpfile", "test.vcd" {0 0 0};
    %vpi_call 2 68 "$dumpvars" {0 0 0};
    %pushi/vec4 0, 0, 1;
    %store/vec4 v0x5599f9e6a800_0, 0, 1;
    %pushi/vec4 1, 0, 1;
    %store/vec4 v0x5599f9e6acd0_0, 0, 1;
    %delay 2, 0;
    %pushi/vec4 0, 0, 1;
    %store/vec4 v0x5599f9e6acd0_0, 0, 1;
    %delay 800, 0;
    %vpi_call 2 75 "$finish" {0 0 0};
    %end;
    .thread T_12;
# The file index is used to find the file name in the following table.
:file_names 6;
    "N/A";
    "<interactive>";
    "light_cnt_tb.v";
    "./bcd.v";
    "./cnt_rev.v";
    "./light.v";
