#! /usr/bin/vvp
:ivl_version "11.0 (stable)" "(v11_0)";
:ivl_delay_selection "TYPICAL";
:vpi_time_precision + 0;
:vpi_module "/usr/lib/ivl/system.vpi";
:vpi_module "/usr/lib/ivl/vhdl_sys.vpi";
:vpi_module "/usr/lib/ivl/vhdl_textio.vpi";
:vpi_module "/usr/lib/ivl/v2005_math.vpi";
:vpi_module "/usr/lib/ivl/va_math.vpi";
S_0x5649091b4d20 .scope module, "top" "top" 2 9;
 .timescale 0 0;
    .port_info 0 /INPUT 1 "CLOCK_50";
    .port_info 1 /INPUT 1 "SW";
    .port_info 2 /OUTPUT 8 "LEDR";
    .port_info 3 /OUTPUT 7 "HEX5";
    .port_info 4 /OUTPUT 7 "HEX4";
    .port_info 5 /OUTPUT 7 "HEX1";
    .port_info 6 /OUTPUT 7 "HEX0";
o0x7f6ef0cf9d28 .functor BUFZ 1, C4<z>; HiZ drive
L_0x56490926fa10 .functor BUFZ 1, o0x7f6ef0cf9d28, C4<0>, C4<0>, C4<0>;
L_0x5649092834e0 .functor BUFZ 4, L_0x5649092806b0, C4<0000>, C4<0000>, C4<0000>;
L_0x564909283d20 .functor BUFZ 4, L_0x564909282400, C4<0000>, C4<0000>, C4<0000>;
o0x7f6ef0cf84f8 .functor BUFZ 1, C4<z>; HiZ drive
v0x56490926e940_0 .net "CLOCK_50", 0 0, o0x7f6ef0cf84f8;  0 drivers
v0x56490926ea00_0 .net "HEX0", 6 0, L_0x5649092841c0;  1 drivers
v0x56490926eaf0_0 .net "HEX1", 6 0, L_0x564909284300;  1 drivers
v0x56490926ebe0_0 .net "HEX4", 6 0, L_0x5649092844c0;  1 drivers
v0x56490926ecf0_0 .net "HEX5", 6 0, L_0x564909284600;  1 drivers
v0x56490926ee50_0 .net "LEDR", 14 7, L_0x564909283550;  1 drivers
v0x56490926ef30_0 .net "SW", 17 17, o0x7f6ef0cf9d28;  0 drivers
v0x56490926f010_0 .net *"_ivl_10", 3 0, L_0x564909283d20;  1 drivers
v0x56490926f0f0_0 .net *"_ivl_5", 3 0, L_0x5649092834e0;  1 drivers
v0x56490926f1d0_0 .net "bcd_ew_1", 3 0, v0x564909239e40_0;  1 drivers
v0x56490926f290_0 .net "bcd_ew_10", 3 0, v0x564909264590_0;  1 drivers
v0x56490926f330_0 .net "bcd_sn_1", 3 0, v0x564909265440_0;  1 drivers
v0x56490926f3d0_0 .net "bcd_sn_10", 3 0, v0x564909265650_0;  1 drivers
v0x56490926f470_0 .net "clk", 0 0, v0x564909266150_0;  1 drivers
v0x56490926f510_0 .net "cnt_ew", 7 0, v0x564909266b70_0;  1 drivers
v0x56490926f5b0_0 .net "cnt_sn", 7 0, v0x564909267820_0;  1 drivers
v0x56490926f670_0 .net "en", 0 0, L_0x564909283ab0;  1 drivers
v0x56490926f710_0 .net "light_ew_rgyl", 3 0, L_0x5649092806b0;  1 drivers
v0x56490926f7d0_0 .net "light_sn_rgyl", 3 0, L_0x564909282400;  1 drivers
v0x56490926f870_0 .net "reset", 0 0, L_0x56490926fa10;  1 drivers
L_0x564909283550 .concat8 [ 4 4 0 0], L_0x564909283d20, L_0x5649092834e0;
L_0x5649092847a0 .concat [ 4 4 4 4], v0x564909265440_0, v0x564909265650_0, v0x564909239e40_0, v0x564909264590_0;
S_0x5649091b4f60 .scope module, "u_bcd_ew" "bcd" 2 107, 3 1 0, S_0x5649091b4d20;
 .timescale 0 0;
    .port_info 0 /INPUT 8 "bin";
    .port_info 1 /OUTPUT 4 "bcd_hun";
    .port_info 2 /OUTPUT 4 "bcd_ten";
    .port_info 3 /OUTPUT 4 "bcd_one";
P_0x56490923e9e0 .param/l "BW" 0 3 1, +C4<00000000000000000000000000001000>;
L_0x564909283de0 .functor BUFZ 4, v0x564909235610_0, C4<0000>, C4<0000>, C4<0000>;
v0x564909235570_0 .net "bcd_hun", 3 0, L_0x564909283de0;  1 drivers
v0x564909235610_0 .var "bcd_hun_r", 3 0;
v0x564909239d70_0 .net "bcd_one", 3 0, v0x564909239e40_0;  alias, 1 drivers
v0x564909239e40_0 .var "bcd_one_r", 3 0;
v0x564909264460_0 .net "bcd_ten", 3 0, v0x564909264590_0;  alias, 1 drivers
v0x564909264590_0 .var "bcd_ten_r", 3 0;
v0x564909264670_0 .net "bin", 7 0, v0x564909266b70_0;  alias, 1 drivers
v0x564909264750_0 .var "bin_r", 9 0;
v0x564909264830_0 .var/i "i", 31 0;
E_0x564909209380 .event edge, v0x564909264670_0;
S_0x56490920c770 .scope task, "check_all" "check_all" 3 45, 3 45 0, S_0x5649091b4f60;
 .timescale 0 0;
TD_top.u_bcd_ew.check_all ;
    %load/vec4 v0x564909239e40_0;
    %pad/u 32;
    %cmpi/u 4, 0, 32;
    %flag_or 5, 4; GT is !LE
    %flag_inv 5;
    %jmp/0xz  T_0.0, 5;
    %load/vec4 v0x564909239e40_0;
    %addi 3, 0, 4;
    %store/vec4 v0x564909239e40_0, 0, 4;
T_0.0 ;
    %load/vec4 v0x564909264590_0;
    %pad/u 32;
    %cmpi/u 4, 0, 32;
    %flag_or 5, 4; GT is !LE
    %flag_inv 5;
    %jmp/0xz  T_0.2, 5;
    %load/vec4 v0x564909264590_0;
    %addi 3, 0, 4;
    %store/vec4 v0x564909264590_0, 0, 4;
T_0.2 ;
    %load/vec4 v0x564909235610_0;
    %pad/u 32;
    %cmpi/u 4, 0, 32;
    %flag_or 5, 4; GT is !LE
    %flag_inv 5;
    %jmp/0xz  T_0.4, 5;
    %load/vec4 v0x564909235610_0;
    %addi 3, 0, 4;
    %store/vec4 v0x564909235610_0, 0, 4;
T_0.4 ;
    %end;
S_0x56490920c900 .scope task, "init_all" "init_all" 3 32, 3 32 0, S_0x5649091b4f60;
 .timescale 0 0;
TD_top.u_bcd_ew.init_all ;
    %load/vec4 v0x564909264670_0;
    %pad/u 10;
    %store/vec4 v0x564909264750_0, 0, 10;
    %pushi/vec4 0, 0, 4;
    %store/vec4 v0x564909235610_0, 0, 4;
    %pushi/vec4 0, 0, 4;
    %store/vec4 v0x564909264590_0, 0, 4;
    %pushi/vec4 0, 0, 4;
    %store/vec4 v0x564909239e40_0, 0, 4;
    %end;
S_0x56490920ca90 .scope task, "shift_all" "shift_all" 3 41, 3 41 0, S_0x5649091b4f60;
 .timescale 0 0;
TD_top.u_bcd_ew.shift_all ;
    %load/vec4 v0x564909235610_0;
    %load/vec4 v0x564909264590_0;
    %concat/vec4; draw_concat_vec4
    %load/vec4 v0x564909239e40_0;
    %concat/vec4; draw_concat_vec4
    %load/vec4 v0x564909264750_0;
    %concat/vec4; draw_concat_vec4
    %ix/load 4, 1, 0;
    %flag_set/imm 4, 0;
    %shiftl 4;
    %split/vec4 10;
    %store/vec4 v0x564909264750_0, 0, 10;
    %split/vec4 4;
    %store/vec4 v0x564909239e40_0, 0, 4;
    %split/vec4 4;
    %store/vec4 v0x564909264590_0, 0, 4;
    %store/vec4 v0x564909235610_0, 0, 4;
    %end;
S_0x564909264990 .scope module, "u_bcd_sn" "bcd" 2 108, 3 1 0, S_0x5649091b4d20;
 .timescale 0 0;
    .port_info 0 /INPUT 8 "bin";
    .port_info 1 /OUTPUT 4 "bcd_hun";
    .port_info 2 /OUTPUT 4 "bcd_ten";
    .port_info 3 /OUTPUT 4 "bcd_one";
P_0x564909264b40 .param/l "BW" 0 3 1, +C4<00000000000000000000000000001000>;
L_0x564909283fd0 .functor BUFZ 4, v0x5649092652a0_0, C4<0000>, C4<0000>, C4<0000>;
v0x5649092651e0_0 .net "bcd_hun", 3 0, L_0x564909283fd0;  1 drivers
v0x5649092652a0_0 .var "bcd_hun_r", 3 0;
v0x564909265380_0 .net "bcd_one", 3 0, v0x564909265440_0;  alias, 1 drivers
v0x564909265440_0 .var "bcd_one_r", 3 0;
v0x564909265520_0 .net "bcd_ten", 3 0, v0x564909265650_0;  alias, 1 drivers
v0x564909265650_0 .var "bcd_ten_r", 3 0;
v0x564909265730_0 .net "bin", 7 0, v0x564909267820_0;  alias, 1 drivers
v0x564909265810_0 .var "bin_r", 9 0;
v0x5649092658f0_0 .var/i "i", 31 0;
E_0x56490920a120 .event edge, v0x564909265730_0;
S_0x564909264c00 .scope task, "check_all" "check_all" 3 45, 3 45 0, S_0x564909264990;
 .timescale 0 0;
TD_top.u_bcd_sn.check_all ;
    %load/vec4 v0x564909265440_0;
    %pad/u 32;
    %cmpi/u 4, 0, 32;
    %flag_or 5, 4; GT is !LE
    %flag_inv 5;
    %jmp/0xz  T_3.6, 5;
    %load/vec4 v0x564909265440_0;
    %addi 3, 0, 4;
    %store/vec4 v0x564909265440_0, 0, 4;
T_3.6 ;
    %load/vec4 v0x564909265650_0;
    %pad/u 32;
    %cmpi/u 4, 0, 32;
    %flag_or 5, 4; GT is !LE
    %flag_inv 5;
    %jmp/0xz  T_3.8, 5;
    %load/vec4 v0x564909265650_0;
    %addi 3, 0, 4;
    %store/vec4 v0x564909265650_0, 0, 4;
T_3.8 ;
    %load/vec4 v0x5649092652a0_0;
    %pad/u 32;
    %cmpi/u 4, 0, 32;
    %flag_or 5, 4; GT is !LE
    %flag_inv 5;
    %jmp/0xz  T_3.10, 5;
    %load/vec4 v0x5649092652a0_0;
    %addi 3, 0, 4;
    %store/vec4 v0x5649092652a0_0, 0, 4;
T_3.10 ;
    %end;
S_0x564909264e00 .scope task, "init_all" "init_all" 3 32, 3 32 0, S_0x564909264990;
 .timescale 0 0;
TD_top.u_bcd_sn.init_all ;
    %load/vec4 v0x564909265730_0;
    %pad/u 10;
    %store/vec4 v0x564909265810_0, 0, 10;
    %pushi/vec4 0, 0, 4;
    %store/vec4 v0x5649092652a0_0, 0, 4;
    %pushi/vec4 0, 0, 4;
    %store/vec4 v0x564909265650_0, 0, 4;
    %pushi/vec4 0, 0, 4;
    %store/vec4 v0x564909265440_0, 0, 4;
    %end;
S_0x564909265000 .scope task, "shift_all" "shift_all" 3 41, 3 41 0, S_0x564909264990;
 .timescale 0 0;
TD_top.u_bcd_sn.shift_all ;
    %load/vec4 v0x5649092652a0_0;
    %load/vec4 v0x564909265650_0;
    %concat/vec4; draw_concat_vec4
    %load/vec4 v0x564909265440_0;
    %concat/vec4; draw_concat_vec4
    %load/vec4 v0x564909265810_0;
    %concat/vec4; draw_concat_vec4
    %ix/load 4, 1, 0;
    %flag_set/imm 4, 0;
    %shiftl 4;
    %split/vec4 10;
    %store/vec4 v0x564909265810_0, 0, 10;
    %split/vec4 4;
    %store/vec4 v0x564909265440_0, 0, 4;
    %split/vec4 4;
    %store/vec4 v0x564909265650_0, 0, 4;
    %store/vec4 v0x5649092652a0_0, 0, 4;
    %end;
S_0x564909265a50 .scope module, "u_clk" "tiks" 2 35, 4 1 0, S_0x5649091b4d20;
 .timescale 0 0;
    .port_info 0 /INPUT 1 "CLOCK_50";
    .port_info 1 /INPUT 1 "reset";
    .port_info 2 /OUTPUT 1 "tik";
P_0x564909265be0 .param/l "BASE" 0 4 3, +C4<00000010111110101111000010000000>;
P_0x564909265c20 .param/l "CNT_MAX" 0 4 11, +C4<000000000010111110101111000001111>;
P_0x564909265c60 .param/l "M" 0 4 2, +C4<00000000000000000000000000000100>;
v0x564909265ec0_0 .net "CLOCK_50", 0 0, o0x7f6ef0cf84f8;  alias, 0 drivers
v0x564909265fa0_0 .var "cnt", 31 0;
v0x564909266080_0 .net "reset", 0 0, L_0x56490926fa10;  alias, 1 drivers
v0x564909266150_0 .var "tik", 0 0;
E_0x5649091d7fa0 .event posedge, v0x564909266080_0, v0x564909265ec0_0;
S_0x564909266290 .scope module, "u_cnt_ew" "cnt_rev" 2 75, 5 3 0, S_0x5649091b4d20;
 .timescale 0 0;
    .port_info 0 /INPUT 1 "clk";
    .port_info 1 /INPUT 1 "reset";
    .port_info 2 /INPUT 1 "en";
    .port_info 3 /OUTPUT 8 "cnt";
P_0x564909266470 .param/l "g_t" 0 5 5, +C4<00000000000000000000000000101000>;
P_0x5649092664b0 .param/l "init_state" 0 5 9, +C4<00000000000000000000000000000100>;
P_0x5649092664f0 .param/l "init_time" 0 5 10, +C4<00000000000000000000000000111001>;
P_0x564909266530 .param/l "l_t" 0 5 8, +C4<00000000000000000000000000001111>;
P_0x564909266570 .param/l "r_t" 0 5 4, +C4<00000000000000000000000000111100>;
P_0x5649092665b0 .param/l "y_n_t" 0 5 7, +C4<00000000000000000000000000000101>;
P_0x5649092665f0 .param/l "y_t" 0 5 6, +C4<00000000000000000000000000000101>;
v0x564909266a80_0 .net "clk", 0 0, v0x564909266150_0;  alias, 1 drivers
v0x564909266b70_0 .var "cnt", 7 0;
v0x564909266c40_0 .net "en", 0 0, L_0x564909283ab0;  alias, 1 drivers
v0x564909266d10_0 .net "reset", 0 0, L_0x56490926fa10;  alias, 1 drivers
v0x564909266de0_0 .var "state", 3 0;
E_0x564909248710 .event posedge, v0x564909266080_0, v0x564909266150_0;
S_0x564909266f50 .scope module, "u_cnt_sn" "cnt_rev" 2 90, 5 3 0, S_0x5649091b4d20;
 .timescale 0 0;
    .port_info 0 /INPUT 1 "clk";
    .port_info 1 /INPUT 1 "reset";
    .port_info 2 /INPUT 1 "en";
    .port_info 3 /OUTPUT 8 "cnt";
P_0x564909267180 .param/l "g_t" 0 5 5, +C4<00000000000000000000000000011110>;
P_0x5649092671c0 .param/l "init_state" 0 5 9, +C4<00000000000000000000000000000000>;
P_0x564909267200 .param/l "init_time" 0 5 10, +C4<00000000000000000000000000011101>;
P_0x564909267240 .param/l "l_t" 0 5 8, +C4<00000000000000000000000000001111>;
P_0x564909267280 .param/l "r_t" 0 5 4, +C4<00000000000000000000000001000110>;
P_0x5649092672c0 .param/l "y_n_t" 0 5 7, +C4<00000000000000000000000000000101>;
P_0x564909267300 .param/l "y_t" 0 5 6, +C4<00000000000000000000000000000101>;
v0x564909267710_0 .net "clk", 0 0, v0x564909266150_0;  alias, 1 drivers
v0x564909267820_0 .var "cnt", 7 0;
v0x5649092678e0_0 .net "en", 0 0, L_0x564909283ab0;  alias, 1 drivers
v0x5649092679e0_0 .net "reset", 0 0, L_0x56490926fa10;  alias, 1 drivers
v0x564909267ad0_0 .var "state", 3 0;
S_0x564909267c20 .scope module, "u_light" "traffic_light" 2 51, 6 3 0, S_0x5649091b4d20;
 .timescale 0 0;
    .port_info 0 /INPUT 1 "clk";
    .port_info 1 /INPUT 1 "reset";
    .port_info 2 /OUTPUT 4 "light_ew_rgyl";
    .port_info 3 /OUTPUT 4 "light_sn_rgyl";
    .port_info 4 /OUTPUT 1 "on";
L_0x564909280370 .functor OR 1, L_0x56490927ff10, L_0x5649092801f0, C4<0>, C4<0>;
L_0x564909280d20 .functor AND 1, L_0x564909280990, L_0x564909280be0, C4<1>, C4<1>;
L_0x564909280b20 .functor AND 1, L_0x564909280d20, L_0x564909280fa0, C4<1>, C4<1>;
L_0x564909281550 .functor AND 1, L_0x564909280b20, L_0x564909281410, C4<1>, C4<1>;
L_0x564909281ff0 .functor OR 1, L_0x564909281780, L_0x564909281eb0, C4<0>, C4<0>;
L_0x564909282d10 .functor AND 1, L_0x5649092827b0, L_0x564909282ad0, C4<1>, C4<1>;
L_0x5649092831a0 .functor AND 1, L_0x564909282d10, L_0x564909282f50, C4<1>, C4<1>;
L_0x564909283600 .functor AND 1, L_0x5649092831a0, L_0x5649092833a0, C4<1>, C4<1>;
v0x564909267e80_0 .net *"_ivl_101", 31 0, L_0x564909281d00;  1 drivers
L_0x7f6ef0caf5b8 .functor BUFT 1, C4<0000000000000000000000000000>, C4<0>, C4<0>, C4<0>;
v0x564909267f80_0 .net *"_ivl_104", 27 0, L_0x7f6ef0caf5b8;  1 drivers
L_0x7f6ef0caf600 .functor BUFT 1, C4<00000000000000000000000000001001>, C4<0>, C4<0>, C4<0>;
v0x564909268060_0 .net/2u *"_ivl_105", 31 0, L_0x7f6ef0caf600;  1 drivers
v0x564909268120_0 .net *"_ivl_107", 0 0, L_0x564909281eb0;  1 drivers
v0x5649092681e0_0 .net *"_ivl_110", 0 0, L_0x564909281ff0;  1 drivers
v0x5649092682f0_0 .net *"_ivl_113", 31 0, L_0x564909282100;  1 drivers
L_0x7f6ef0caf648 .functor BUFT 1, C4<0000000000000000000000000000>, C4<0>, C4<0>, C4<0>;
v0x5649092683d0_0 .net *"_ivl_116", 27 0, L_0x7f6ef0caf648;  1 drivers
L_0x7f6ef0caf690 .functor BUFT 1, C4<00000000000000000000000000000110>, C4<0>, C4<0>, C4<0>;
v0x5649092684b0_0 .net/2u *"_ivl_117", 31 0, L_0x7f6ef0caf690;  1 drivers
v0x564909268590_0 .net *"_ivl_119", 0 0, L_0x5649092822c0;  1 drivers
v0x564909268650_0 .net *"_ivl_12", 31 0, L_0x56490927fdd0;  1 drivers
v0x564909268730_0 .net *"_ivl_124", 31 0, L_0x5649092826c0;  1 drivers
L_0x7f6ef0caf6d8 .functor BUFT 1, C4<0000000000000000000000000000>, C4<0>, C4<0>, C4<0>;
v0x564909268810_0 .net *"_ivl_127", 27 0, L_0x7f6ef0caf6d8;  1 drivers
L_0x7f6ef0caf720 .functor BUFT 1, C4<00000000000000000000000000000110>, C4<0>, C4<0>, C4<0>;
v0x5649092688f0_0 .net/2u *"_ivl_128", 31 0, L_0x7f6ef0caf720;  1 drivers
v0x5649092689d0_0 .net *"_ivl_130", 0 0, L_0x5649092827b0;  1 drivers
v0x564909268a90_0 .net *"_ivl_132", 31 0, L_0x5649092829e0;  1 drivers
L_0x7f6ef0caf768 .functor BUFT 1, C4<0000000000000000000000000000>, C4<0>, C4<0>, C4<0>;
v0x564909268b70_0 .net *"_ivl_135", 27 0, L_0x7f6ef0caf768;  1 drivers
L_0x7f6ef0caf7b0 .functor BUFT 1, C4<00000000000000000000000000000111>, C4<0>, C4<0>, C4<0>;
v0x564909268c50_0 .net/2u *"_ivl_136", 31 0, L_0x7f6ef0caf7b0;  1 drivers
v0x564909268e40_0 .net *"_ivl_138", 0 0, L_0x564909282ad0;  1 drivers
v0x564909268f00_0 .net *"_ivl_141", 0 0, L_0x564909282d10;  1 drivers
v0x564909268fc0_0 .net *"_ivl_142", 31 0, L_0x564909282e60;  1 drivers
L_0x7f6ef0caf7f8 .functor BUFT 1, C4<0000000000000000000000000000>, C4<0>, C4<0>, C4<0>;
v0x5649092690a0_0 .net *"_ivl_145", 27 0, L_0x7f6ef0caf7f8;  1 drivers
L_0x7f6ef0caf840 .functor BUFT 1, C4<00000000000000000000000000001001>, C4<0>, C4<0>, C4<0>;
v0x564909269180_0 .net/2u *"_ivl_146", 31 0, L_0x7f6ef0caf840;  1 drivers
v0x564909269260_0 .net *"_ivl_148", 0 0, L_0x564909282f50;  1 drivers
L_0x7f6ef0caf0a8 .functor BUFT 1, C4<0000000000000000000000000000>, C4<0>, C4<0>, C4<0>;
v0x564909269320_0 .net *"_ivl_15", 27 0, L_0x7f6ef0caf0a8;  1 drivers
v0x564909269400_0 .net *"_ivl_151", 0 0, L_0x5649092831a0;  1 drivers
v0x5649092694c0_0 .net *"_ivl_152", 31 0, L_0x5649092832b0;  1 drivers
L_0x7f6ef0caf888 .functor BUFT 1, C4<0000000000000000000000000000>, C4<0>, C4<0>, C4<0>;
v0x5649092695a0_0 .net *"_ivl_155", 27 0, L_0x7f6ef0caf888;  1 drivers
L_0x7f6ef0caf8d0 .functor BUFT 1, C4<00000000000000000000000000001000>, C4<0>, C4<0>, C4<0>;
v0x564909269680_0 .net/2u *"_ivl_156", 31 0, L_0x7f6ef0caf8d0;  1 drivers
v0x564909269760_0 .net *"_ivl_158", 0 0, L_0x5649092833a0;  1 drivers
L_0x7f6ef0caf0f0 .functor BUFT 1, C4<00000000000000000000000000000010>, C4<0>, C4<0>, C4<0>;
v0x564909269820_0 .net/2u *"_ivl_16", 31 0, L_0x7f6ef0caf0f0;  1 drivers
v0x564909269900_0 .net *"_ivl_161", 0 0, L_0x564909283600;  1 drivers
v0x5649092699c0_0 .net *"_ivl_162", 31 0, L_0x5649092837b0;  1 drivers
L_0x7f6ef0caf918 .functor BUFT 1, C4<0000000000000000000000000000>, C4<0>, C4<0>, C4<0>;
v0x564909269aa0_0 .net *"_ivl_165", 27 0, L_0x7f6ef0caf918;  1 drivers
L_0x7f6ef0caf960 .functor BUFT 1, C4<00000000000000000000000000000000>, C4<0>, C4<0>, C4<0>;
v0x564909269d90_0 .net/2u *"_ivl_166", 31 0, L_0x7f6ef0caf960;  1 drivers
v0x564909269e70_0 .net *"_ivl_18", 0 0, L_0x56490927ff10;  1 drivers
v0x564909269f30_0 .net *"_ivl_2", 31 0, L_0x56490926fad0;  1 drivers
v0x56490926a010_0 .net *"_ivl_20", 31 0, L_0x5649092800b0;  1 drivers
L_0x7f6ef0caf138 .functor BUFT 1, C4<0000000000000000000000000000>, C4<0>, C4<0>, C4<0>;
v0x56490926a0f0_0 .net *"_ivl_23", 27 0, L_0x7f6ef0caf138;  1 drivers
L_0x7f6ef0caf180 .functor BUFT 1, C4<00000000000000000000000000000100>, C4<0>, C4<0>, C4<0>;
v0x56490926a1d0_0 .net/2u *"_ivl_24", 31 0, L_0x7f6ef0caf180;  1 drivers
v0x56490926a2b0_0 .net *"_ivl_26", 0 0, L_0x5649092801f0;  1 drivers
v0x56490926a370_0 .net *"_ivl_29", 0 0, L_0x564909280370;  1 drivers
v0x56490926a430_0 .net *"_ivl_32", 31 0, L_0x564909280480;  1 drivers
L_0x7f6ef0caf1c8 .functor BUFT 1, C4<0000000000000000000000000000>, C4<0>, C4<0>, C4<0>;
v0x56490926a510_0 .net *"_ivl_35", 27 0, L_0x7f6ef0caf1c8;  1 drivers
L_0x7f6ef0caf210 .functor BUFT 1, C4<00000000000000000000000000000001>, C4<0>, C4<0>, C4<0>;
v0x56490926a5f0_0 .net/2u *"_ivl_36", 31 0, L_0x7f6ef0caf210;  1 drivers
v0x56490926a6d0_0 .net *"_ivl_38", 0 0, L_0x564909280520;  1 drivers
v0x56490926a790_0 .net *"_ivl_43", 31 0, L_0x564909280890;  1 drivers
L_0x7f6ef0caf258 .functor BUFT 1, C4<0000000000000000000000000000>, C4<0>, C4<0>, C4<0>;
v0x56490926a870_0 .net *"_ivl_46", 27 0, L_0x7f6ef0caf258;  1 drivers
L_0x7f6ef0caf2a0 .functor BUFT 1, C4<00000000000000000000000000000001>, C4<0>, C4<0>, C4<0>;
v0x56490926a950_0 .net/2u *"_ivl_47", 31 0, L_0x7f6ef0caf2a0;  1 drivers
v0x56490926aa30_0 .net *"_ivl_49", 0 0, L_0x564909280990;  1 drivers
L_0x7f6ef0caf018 .functor BUFT 1, C4<0000000000000000000000000000>, C4<0>, C4<0>, C4<0>;
v0x56490926aaf0_0 .net *"_ivl_5", 27 0, L_0x7f6ef0caf018;  1 drivers
v0x56490926abd0_0 .net *"_ivl_51", 31 0, L_0x564909280a80;  1 drivers
L_0x7f6ef0caf2e8 .functor BUFT 1, C4<0000000000000000000000000000>, C4<0>, C4<0>, C4<0>;
v0x56490926acb0_0 .net *"_ivl_54", 27 0, L_0x7f6ef0caf2e8;  1 drivers
L_0x7f6ef0caf330 .functor BUFT 1, C4<00000000000000000000000000000010>, C4<0>, C4<0>, C4<0>;
v0x56490926ad90_0 .net/2u *"_ivl_55", 31 0, L_0x7f6ef0caf330;  1 drivers
v0x56490926ae70_0 .net *"_ivl_57", 0 0, L_0x564909280be0;  1 drivers
L_0x7f6ef0caf060 .functor BUFT 1, C4<00000000000000000000000000000011>, C4<0>, C4<0>, C4<0>;
v0x56490926af30_0 .net/2u *"_ivl_6", 31 0, L_0x7f6ef0caf060;  1 drivers
v0x56490926b010_0 .net *"_ivl_60", 0 0, L_0x564909280d20;  1 drivers
v0x56490926b0d0_0 .net *"_ivl_61", 31 0, L_0x564909280e30;  1 drivers
L_0x7f6ef0caf378 .functor BUFT 1, C4<0000000000000000000000000000>, C4<0>, C4<0>, C4<0>;
v0x56490926b1b0_0 .net *"_ivl_64", 27 0, L_0x7f6ef0caf378;  1 drivers
L_0x7f6ef0caf3c0 .functor BUFT 1, C4<00000000000000000000000000000100>, C4<0>, C4<0>, C4<0>;
v0x56490926b290_0 .net/2u *"_ivl_65", 31 0, L_0x7f6ef0caf3c0;  1 drivers
v0x56490926b370_0 .net *"_ivl_67", 0 0, L_0x564909280fa0;  1 drivers
v0x56490926b430_0 .net *"_ivl_70", 0 0, L_0x564909280b20;  1 drivers
v0x56490926b4f0_0 .net *"_ivl_71", 31 0, L_0x564909281180;  1 drivers
L_0x7f6ef0caf408 .functor BUFT 1, C4<0000000000000000000000000000>, C4<0>, C4<0>, C4<0>;
v0x56490926b5d0_0 .net *"_ivl_74", 27 0, L_0x7f6ef0caf408;  1 drivers
L_0x7f6ef0caf450 .functor BUFT 1, C4<00000000000000000000000000000011>, C4<0>, C4<0>, C4<0>;
v0x56490926b6b0_0 .net/2u *"_ivl_75", 31 0, L_0x7f6ef0caf450;  1 drivers
v0x56490926b790_0 .net *"_ivl_77", 0 0, L_0x564909281410;  1 drivers
v0x56490926bc60_0 .net *"_ivl_8", 0 0, L_0x56490927fc60;  1 drivers
v0x56490926bd20_0 .net *"_ivl_80", 0 0, L_0x564909281550;  1 drivers
v0x56490926bde0_0 .net *"_ivl_83", 31 0, L_0x5649092816e0;  1 drivers
L_0x7f6ef0caf498 .functor BUFT 1, C4<0000000000000000000000000000>, C4<0>, C4<0>, C4<0>;
v0x56490926bec0_0 .net *"_ivl_86", 27 0, L_0x7f6ef0caf498;  1 drivers
L_0x7f6ef0caf4e0 .functor BUFT 1, C4<00000000000000000000000000001000>, C4<0>, C4<0>, C4<0>;
v0x56490926bfa0_0 .net/2u *"_ivl_87", 31 0, L_0x7f6ef0caf4e0;  1 drivers
v0x56490926c080_0 .net *"_ivl_89", 0 0, L_0x564909281980;  1 drivers
v0x56490926c140_0 .net *"_ivl_93", 31 0, L_0x564909281ac0;  1 drivers
L_0x7f6ef0caf528 .functor BUFT 1, C4<0000000000000000000000000000>, C4<0>, C4<0>, C4<0>;
v0x56490926c220_0 .net *"_ivl_96", 27 0, L_0x7f6ef0caf528;  1 drivers
L_0x7f6ef0caf570 .functor BUFT 1, C4<00000000000000000000000000000111>, C4<0>, C4<0>, C4<0>;
v0x56490926c300_0 .net/2u *"_ivl_97", 31 0, L_0x7f6ef0caf570;  1 drivers
v0x56490926c3e0_0 .net *"_ivl_99", 0 0, L_0x564909281780;  1 drivers
v0x56490926c4a0_0 .net "clk", 0 0, v0x564909266150_0;  alias, 1 drivers
v0x56490926c540_0 .var "cnt", 7 0;
v0x56490926c620_0 .net "light_ew_rgyl", 3 0, L_0x5649092806b0;  alias, 1 drivers
v0x56490926c700_0 .net "light_sn_rgyl", 3 0, L_0x564909282400;  alias, 1 drivers
v0x56490926c7e0_0 .net "on", 0 0, L_0x564909283ab0;  alias, 1 drivers
v0x56490926c880_0 .net "reset", 0 0, L_0x56490926fa10;  alias, 1 drivers
v0x56490926c920_0 .var "status", 3 0;
L_0x56490926fad0 .concat [ 4 28 0 0], v0x56490926c920_0, L_0x7f6ef0caf018;
L_0x56490927fc60 .cmp/eq 32, L_0x56490926fad0, L_0x7f6ef0caf060;
L_0x56490927fdd0 .concat [ 4 28 0 0], v0x56490926c920_0, L_0x7f6ef0caf0a8;
L_0x56490927ff10 .cmp/eq 32, L_0x56490927fdd0, L_0x7f6ef0caf0f0;
L_0x5649092800b0 .concat [ 4 28 0 0], v0x56490926c920_0, L_0x7f6ef0caf138;
L_0x5649092801f0 .cmp/eq 32, L_0x5649092800b0, L_0x7f6ef0caf180;
L_0x564909280480 .concat [ 4 28 0 0], v0x56490926c920_0, L_0x7f6ef0caf1c8;
L_0x564909280520 .cmp/eq 32, L_0x564909280480, L_0x7f6ef0caf210;
L_0x5649092806b0 .concat8 [ 1 1 1 1], L_0x56490927fc60, L_0x564909280370, L_0x564909280520, L_0x564909281550;
L_0x564909280890 .concat [ 4 28 0 0], v0x56490926c920_0, L_0x7f6ef0caf258;
L_0x564909280990 .cmp/ne 32, L_0x564909280890, L_0x7f6ef0caf2a0;
L_0x564909280a80 .concat [ 4 28 0 0], v0x56490926c920_0, L_0x7f6ef0caf2e8;
L_0x564909280be0 .cmp/ne 32, L_0x564909280a80, L_0x7f6ef0caf330;
L_0x564909280e30 .concat [ 4 28 0 0], v0x56490926c920_0, L_0x7f6ef0caf378;
L_0x564909280fa0 .cmp/ne 32, L_0x564909280e30, L_0x7f6ef0caf3c0;
L_0x564909281180 .concat [ 4 28 0 0], v0x56490926c920_0, L_0x7f6ef0caf408;
L_0x564909281410 .cmp/ne 32, L_0x564909281180, L_0x7f6ef0caf450;
L_0x5649092816e0 .concat [ 4 28 0 0], v0x56490926c920_0, L_0x7f6ef0caf498;
L_0x564909281980 .cmp/eq 32, L_0x5649092816e0, L_0x7f6ef0caf4e0;
L_0x564909281ac0 .concat [ 4 28 0 0], v0x56490926c920_0, L_0x7f6ef0caf528;
L_0x564909281780 .cmp/eq 32, L_0x564909281ac0, L_0x7f6ef0caf570;
L_0x564909281d00 .concat [ 4 28 0 0], v0x56490926c920_0, L_0x7f6ef0caf5b8;
L_0x564909281eb0 .cmp/eq 32, L_0x564909281d00, L_0x7f6ef0caf600;
L_0x564909282100 .concat [ 4 28 0 0], v0x56490926c920_0, L_0x7f6ef0caf648;
L_0x5649092822c0 .cmp/eq 32, L_0x564909282100, L_0x7f6ef0caf690;
L_0x564909282400 .concat8 [ 1 1 1 1], L_0x564909281980, L_0x564909281ff0, L_0x5649092822c0, L_0x564909283600;
L_0x5649092826c0 .concat [ 4 28 0 0], v0x56490926c920_0, L_0x7f6ef0caf6d8;
L_0x5649092827b0 .cmp/ne 32, L_0x5649092826c0, L_0x7f6ef0caf720;
L_0x5649092829e0 .concat [ 4 28 0 0], v0x56490926c920_0, L_0x7f6ef0caf768;
L_0x564909282ad0 .cmp/ne 32, L_0x5649092829e0, L_0x7f6ef0caf7b0;
L_0x564909282e60 .concat [ 4 28 0 0], v0x56490926c920_0, L_0x7f6ef0caf7f8;
L_0x564909282f50 .cmp/ne 32, L_0x564909282e60, L_0x7f6ef0caf840;
L_0x5649092832b0 .concat [ 4 28 0 0], v0x56490926c920_0, L_0x7f6ef0caf888;
L_0x5649092833a0 .cmp/ne 32, L_0x5649092832b0, L_0x7f6ef0caf8d0;
L_0x5649092837b0 .concat [ 4 28 0 0], v0x56490926c920_0, L_0x7f6ef0caf918;
L_0x564909283ab0 .cmp/ne 32, L_0x5649092837b0, L_0x7f6ef0caf960;
S_0x56490926caa0 .scope module, "u_seg" "seg_4" 2 110, 7 3 0, S_0x5649091b4d20;
 .timescale 0 0;
    .port_info 0 /INPUT 16 "SW";
    .port_info 1 /OUTPUT 7 "HEX3";
    .port_info 2 /OUTPUT 7 "HEX2";
    .port_info 3 /OUTPUT 7 "HEX1";
    .port_info 4 /OUTPUT 7 "HEX0";
v0x56490926e420_0 .net "HEX0", 6 0, L_0x5649092841c0;  alias, 1 drivers
v0x56490926e510_0 .net "HEX1", 6 0, L_0x564909284300;  alias, 1 drivers
v0x56490926e5e0_0 .net "HEX2", 6 0, L_0x5649092844c0;  alias, 1 drivers
v0x56490926e6e0_0 .net "HEX3", 6 0, L_0x564909284600;  alias, 1 drivers
v0x56490926e7b0_0 .net "SW", 15 0, L_0x5649092847a0;  1 drivers
L_0x564909284230 .part L_0x5649092847a0, 0, 4;
L_0x5649092843a0 .part L_0x5649092847a0, 4, 4;
L_0x564909284530 .part L_0x5649092847a0, 8, 4;
L_0x5649092846a0 .part L_0x5649092847a0, 12, 4;
S_0x56490926cd00 .scope module, "u1" "seg" 7 17, 8 1 0, S_0x56490926caa0;
 .timescale 0 0;
    .port_info 0 /INPUT 4 "SW";
    .port_info 1 /OUTPUT 7 "HEX0";
L_0x5649092841c0 .functor NOT 7, v0x56490926cfa0_0, C4<0000000>, C4<0000000>, C4<0000000>;
v0x56490926cfa0_0 .var "HEX", 6 0;
v0x56490926d0a0_0 .net "HEX0", 6 0, L_0x5649092841c0;  alias, 1 drivers
v0x56490926d180_0 .net "SW", 3 0, L_0x564909284230;  1 drivers
E_0x56490926cf20 .event edge, v0x56490926d180_0;
S_0x56490926d2a0 .scope module, "u2" "seg" 7 18, 8 1 0, S_0x56490926caa0;
 .timescale 0 0;
    .port_info 0 /INPUT 4 "SW";
    .port_info 1 /OUTPUT 7 "HEX0";
L_0x564909284300 .functor NOT 7, v0x56490926d540_0, C4<0000000>, C4<0000000>, C4<0000000>;
v0x56490926d540_0 .var "HEX", 6 0;
v0x56490926d640_0 .net "HEX0", 6 0, L_0x564909284300;  alias, 1 drivers
v0x56490926d720_0 .net "SW", 3 0, L_0x5649092843a0;  1 drivers
E_0x56490926d4c0 .event edge, v0x56490926d720_0;
S_0x56490926d870 .scope module, "u3" "seg" 7 19, 8 1 0, S_0x56490926caa0;
 .timescale 0 0;
    .port_info 0 /INPUT 4 "SW";
    .port_info 1 /OUTPUT 7 "HEX0";
L_0x5649092844c0 .functor NOT 7, v0x56490926db20_0, C4<0000000>, C4<0000000>, C4<0000000>;
v0x56490926db20_0 .var "HEX", 6 0;
v0x56490926dc20_0 .net "HEX0", 6 0, L_0x5649092844c0;  alias, 1 drivers
v0x56490926dd00_0 .net "SW", 3 0, L_0x564909284530;  1 drivers
E_0x56490926dac0 .event edge, v0x56490926dd00_0;
S_0x56490926de50 .scope module, "u4" "seg" 7 20, 8 1 0, S_0x56490926caa0;
 .timescale 0 0;
    .port_info 0 /INPUT 4 "SW";
    .port_info 1 /OUTPUT 7 "HEX0";
L_0x564909284600 .functor NOT 7, v0x56490926e0f0_0, C4<0000000>, C4<0000000>, C4<0000000>;
v0x56490926e0f0_0 .var "HEX", 6 0;
v0x56490926e1f0_0 .net "HEX0", 6 0, L_0x564909284600;  alias, 1 drivers
v0x56490926e2d0_0 .net "SW", 3 0, L_0x5649092846a0;  1 drivers
E_0x56490926e070 .event edge, v0x56490926e2d0_0;
    .scope S_0x564909265a50;
T_6 ;
    %wait E_0x5649091d7fa0;
    %load/vec4 v0x564909266080_0;
    %flag_set/vec4 8;
    %jmp/0xz  T_6.0, 8;
    %pushi/vec4 0, 0, 32;
    %assign/vec4 v0x564909265fa0_0, 0;
    %pushi/vec4 0, 0, 1;
    %assign/vec4 v0x564909266150_0, 0;
    %jmp T_6.1;
T_6.0 ;
    %load/vec4 v0x564909265fa0_0;
    %pad/u 33;
    %cmpi/ne 6249999, 0, 33;
    %jmp/0xz  T_6.2, 4;
    %load/vec4 v0x564909265fa0_0;
    %addi 1, 0, 32;
    %assign/vec4 v0x564909265fa0_0, 0;
    %jmp T_6.3;
T_6.2 ;
    %pushi/vec4 0, 0, 32;
    %assign/vec4 v0x564909265fa0_0, 0;
    %load/vec4 v0x564909266150_0;
    %inv;
    %assign/vec4 v0x564909266150_0, 0;
T_6.3 ;
T_6.1 ;
    %jmp T_6;
    .thread T_6;
    .scope S_0x564909267c20;
T_7 ;
    %wait E_0x564909248710;
    %load/vec4 v0x56490926c880_0;
    %flag_set/vec4 8;
    %jmp/0xz  T_7.0, 8;
    %pushi/vec4 0, 0, 4;
    %assign/vec4 v0x56490926c920_0, 0;
    %pushi/vec4 0, 0, 8;
    %assign/vec4 v0x56490926c540_0, 0;
    %jmp T_7.1;
T_7.0 ;
    %load/vec4 v0x56490926c920_0;
    %dup/vec4;
    %pushi/vec4 0, 0, 4;
    %cmp/u;
    %jmp/1 T_7.2, 6;
    %dup/vec4;
    %pushi/vec4 6, 0, 4;
    %cmp/u;
    %jmp/1 T_7.3, 6;
    %dup/vec4;
    %pushi/vec4 7, 0, 4;
    %cmp/u;
    %jmp/1 T_7.4, 6;
    %dup/vec4;
    %pushi/vec4 8, 0, 4;
    %cmp/u;
    %jmp/1 T_7.5, 6;
    %dup/vec4;
    %pushi/vec4 9, 0, 4;
    %cmp/u;
    %jmp/1 T_7.6, 6;
    %dup/vec4;
    %pushi/vec4 10, 0, 4;
    %cmp/u;
    %jmp/1 T_7.7, 6;
    %dup/vec4;
    %pushi/vec4 1, 0, 4;
    %cmp/u;
    %jmp/1 T_7.8, 6;
    %dup/vec4;
    %pushi/vec4 2, 0, 4;
    %cmp/u;
    %jmp/1 T_7.9, 6;
    %dup/vec4;
    %pushi/vec4 3, 0, 4;
    %cmp/u;
    %jmp/1 T_7.10, 6;
    %dup/vec4;
    %pushi/vec4 4, 0, 4;
    %cmp/u;
    %jmp/1 T_7.11, 6;
    %dup/vec4;
    %pushi/vec4 5, 0, 4;
    %cmp/u;
    %jmp/1 T_7.12, 6;
    %pushi/vec4 0, 0, 4;
    %assign/vec4 v0x56490926c920_0, 0;
    %jmp T_7.14;
T_7.2 ;
    %load/vec4 v0x56490926c540_0;
    %pad/u 32;
    %addi 1, 0, 32;
    %cmpi/e 3, 0, 32;
    %jmp/0xz  T_7.15, 4;
    %pushi/vec4 0, 0, 8;
    %assign/vec4 v0x56490926c540_0, 0;
    %pushi/vec4 6, 0, 4;
    %assign/vec4 v0x56490926c920_0, 0;
    %jmp T_7.16;
T_7.15 ;
    %load/vec4 v0x56490926c540_0;
    %addi 1, 0, 8;
    %assign/vec4 v0x56490926c540_0, 0;
T_7.16 ;
    %jmp T_7.14;
T_7.3 ;
    %load/vec4 v0x56490926c540_0;
    %pad/u 32;
    %addi 1, 0, 32;
    %cmpi/e 30, 0, 32;
    %jmp/0xz  T_7.17, 4;
    %pushi/vec4 0, 0, 8;
    %assign/vec4 v0x56490926c540_0, 0;
    %pushi/vec4 7, 0, 4;
    %assign/vec4 v0x56490926c920_0, 0;
    %jmp T_7.18;
T_7.17 ;
    %load/vec4 v0x56490926c540_0;
    %addi 1, 0, 8;
    %assign/vec4 v0x56490926c540_0, 0;
T_7.18 ;
    %jmp T_7.14;
T_7.4 ;
    %load/vec4 v0x56490926c540_0;
    %pad/u 32;
    %addi 1, 0, 32;
    %cmpi/e 5, 0, 32;
    %jmp/0xz  T_7.19, 4;
    %pushi/vec4 0, 0, 8;
    %assign/vec4 v0x56490926c540_0, 0;
    %pushi/vec4 8, 0, 4;
    %assign/vec4 v0x56490926c920_0, 0;
    %jmp T_7.20;
T_7.19 ;
    %load/vec4 v0x56490926c540_0;
    %addi 1, 0, 8;
    %assign/vec4 v0x56490926c540_0, 0;
T_7.20 ;
    %jmp T_7.14;
T_7.5 ;
    %load/vec4 v0x56490926c540_0;
    %pad/u 32;
    %addi 1, 0, 32;
    %cmpi/e 15, 0, 32;
    %jmp/0xz  T_7.21, 4;
    %pushi/vec4 0, 0, 8;
    %assign/vec4 v0x56490926c540_0, 0;
    %pushi/vec4 9, 0, 4;
    %assign/vec4 v0x56490926c920_0, 0;
    %jmp T_7.22;
T_7.21 ;
    %load/vec4 v0x56490926c540_0;
    %addi 1, 0, 8;
    %assign/vec4 v0x56490926c540_0, 0;
T_7.22 ;
    %jmp T_7.14;
T_7.6 ;
    %load/vec4 v0x56490926c540_0;
    %pad/u 32;
    %addi 1, 0, 32;
    %cmpi/e 5, 0, 32;
    %jmp/0xz  T_7.23, 4;
    %pushi/vec4 0, 0, 8;
    %assign/vec4 v0x56490926c540_0, 0;
    %pushi/vec4 10, 0, 4;
    %assign/vec4 v0x56490926c920_0, 0;
    %jmp T_7.24;
T_7.23 ;
    %load/vec4 v0x56490926c540_0;
    %addi 1, 0, 8;
    %assign/vec4 v0x56490926c540_0, 0;
T_7.24 ;
    %jmp T_7.14;
T_7.7 ;
    %load/vec4 v0x56490926c540_0;
    %pad/u 32;
    %addi 1, 0, 32;
    %cmpi/e 3, 0, 32;
    %jmp/0xz  T_7.25, 4;
    %pushi/vec4 0, 0, 8;
    %assign/vec4 v0x56490926c540_0, 0;
    %pushi/vec4 1, 0, 4;
    %assign/vec4 v0x56490926c920_0, 0;
    %jmp T_7.26;
T_7.25 ;
    %load/vec4 v0x56490926c540_0;
    %addi 1, 0, 8;
    %assign/vec4 v0x56490926c540_0, 0;
T_7.26 ;
    %jmp T_7.14;
T_7.8 ;
    %load/vec4 v0x56490926c540_0;
    %pad/u 32;
    %addi 1, 0, 32;
    %cmpi/e 40, 0, 32;
    %jmp/0xz  T_7.27, 4;
    %pushi/vec4 0, 0, 8;
    %assign/vec4 v0x56490926c540_0, 0;
    %pushi/vec4 2, 0, 4;
    %assign/vec4 v0x56490926c920_0, 0;
    %jmp T_7.28;
T_7.27 ;
    %load/vec4 v0x56490926c540_0;
    %addi 1, 0, 8;
    %assign/vec4 v0x56490926c540_0, 0;
T_7.28 ;
    %jmp T_7.14;
T_7.9 ;
    %load/vec4 v0x56490926c540_0;
    %pad/u 32;
    %addi 1, 0, 32;
    %cmpi/e 5, 0, 32;
    %jmp/0xz  T_7.29, 4;
    %pushi/vec4 0, 0, 8;
    %assign/vec4 v0x56490926c540_0, 0;
    %pushi/vec4 3, 0, 4;
    %assign/vec4 v0x56490926c920_0, 0;
    %jmp T_7.30;
T_7.29 ;
    %load/vec4 v0x56490926c540_0;
    %addi 1, 0, 8;
    %assign/vec4 v0x56490926c540_0, 0;
T_7.30 ;
    %jmp T_7.14;
T_7.10 ;
    %load/vec4 v0x56490926c540_0;
    %pad/u 32;
    %addi 1, 0, 32;
    %cmpi/e 15, 0, 32;
    %jmp/0xz  T_7.31, 4;
    %pushi/vec4 0, 0, 8;
    %assign/vec4 v0x56490926c540_0, 0;
    %pushi/vec4 4, 0, 4;
    %assign/vec4 v0x56490926c920_0, 0;
    %jmp T_7.32;
T_7.31 ;
    %load/vec4 v0x56490926c540_0;
    %addi 1, 0, 8;
    %assign/vec4 v0x56490926c540_0, 0;
T_7.32 ;
    %jmp T_7.14;
T_7.11 ;
    %load/vec4 v0x56490926c540_0;
    %pad/u 32;
    %addi 1, 0, 32;
    %cmpi/e 5, 0, 32;
    %jmp/0xz  T_7.33, 4;
    %pushi/vec4 0, 0, 8;
    %assign/vec4 v0x56490926c540_0, 0;
    %pushi/vec4 5, 0, 4;
    %assign/vec4 v0x56490926c920_0, 0;
    %jmp T_7.34;
T_7.33 ;
    %load/vec4 v0x56490926c540_0;
    %addi 1, 0, 8;
    %assign/vec4 v0x56490926c540_0, 0;
T_7.34 ;
    %jmp T_7.14;
T_7.12 ;
    %load/vec4 v0x56490926c540_0;
    %pad/u 32;
    %addi 1, 0, 32;
    %cmpi/e 2, 0, 32;
    %jmp/0xz  T_7.35, 4;
    %pushi/vec4 0, 0, 8;
    %assign/vec4 v0x56490926c540_0, 0;
    %pushi/vec4 6, 0, 4;
    %assign/vec4 v0x56490926c920_0, 0;
    %jmp T_7.36;
T_7.35 ;
    %load/vec4 v0x56490926c540_0;
    %addi 1, 0, 8;
    %assign/vec4 v0x56490926c540_0, 0;
T_7.36 ;
    %jmp T_7.14;
T_7.14 ;
    %pop/vec4 1;
T_7.1 ;
    %jmp T_7;
    .thread T_7;
    .scope S_0x564909266290;
T_8 ;
    %wait E_0x564909248710;
    %load/vec4 v0x564909266d10_0;
    %flag_set/vec4 8;
    %jmp/0xz  T_8.0, 8;
    %pushi/vec4 0, 0, 8;
    %assign/vec4 v0x564909266b70_0, 0;
    %pushi/vec4 57, 0, 8;
    %assign/vec4 v0x564909266b70_0, 0;
    %pushi/vec4 4, 0, 4;
    %assign/vec4 v0x564909266de0_0, 0;
    %jmp T_8.1;
T_8.0 ;
    %load/vec4 v0x564909266c40_0;
    %pad/u 32;
    %cmpi/e 0, 0, 32;
    %jmp/0xz  T_8.2, 4;
    %pushi/vec4 0, 0, 8;
    %assign/vec4 v0x564909266b70_0, 0;
    %pushi/vec4 57, 0, 8;
    %assign/vec4 v0x564909266b70_0, 0;
    %pushi/vec4 4, 0, 4;
    %assign/vec4 v0x564909266de0_0, 0;
    %jmp T_8.3;
T_8.2 ;
    %load/vec4 v0x564909266b70_0;
    %pad/u 32;
    %cmpi/e 0, 0, 32;
    %jmp/0xz  T_8.4, 4;
    %load/vec4 v0x564909266de0_0;
    %dup/vec4;
    %pushi/vec4 0, 0, 4;
    %cmp/u;
    %jmp/1 T_8.6, 6;
    %dup/vec4;
    %pushi/vec4 1, 0, 4;
    %cmp/u;
    %jmp/1 T_8.7, 6;
    %dup/vec4;
    %pushi/vec4 2, 0, 4;
    %cmp/u;
    %jmp/1 T_8.8, 6;
    %dup/vec4;
    %pushi/vec4 3, 0, 4;
    %cmp/u;
    %jmp/1 T_8.9, 6;
    %dup/vec4;
    %pushi/vec4 4, 0, 4;
    %cmp/u;
    %jmp/1 T_8.10, 6;
    %pushi/vec4 0, 0, 4;
    %assign/vec4 v0x564909266de0_0, 0;
    %pushi/vec4 0, 0, 8;
    %assign/vec4 v0x564909266b70_0, 0;
    %jmp T_8.12;
T_8.6 ;
    %pushi/vec4 1, 0, 4;
    %assign/vec4 v0x564909266de0_0, 0;
    %pushi/vec4 4, 0, 8;
    %assign/vec4 v0x564909266b70_0, 0;
    %jmp T_8.12;
T_8.7 ;
    %pushi/vec4 2, 0, 4;
    %assign/vec4 v0x564909266de0_0, 0;
    %pushi/vec4 14, 0, 8;
    %assign/vec4 v0x564909266b70_0, 0;
    %jmp T_8.12;
T_8.8 ;
    %pushi/vec4 3, 0, 4;
    %assign/vec4 v0x564909266de0_0, 0;
    %pushi/vec4 4, 0, 8;
    %assign/vec4 v0x564909266b70_0, 0;
    %jmp T_8.12;
T_8.9 ;
    %pushi/vec4 4, 0, 4;
    %assign/vec4 v0x564909266de0_0, 0;
    %pushi/vec4 59, 0, 8;
    %assign/vec4 v0x564909266b70_0, 0;
    %jmp T_8.12;
T_8.10 ;
    %pushi/vec4 0, 0, 4;
    %assign/vec4 v0x564909266de0_0, 0;
    %pushi/vec4 39, 0, 8;
    %assign/vec4 v0x564909266b70_0, 0;
    %jmp T_8.12;
T_8.12 ;
    %pop/vec4 1;
    %jmp T_8.5;
T_8.4 ;
    %load/vec4 v0x564909266b70_0;
    %subi 1, 0, 8;
    %assign/vec4 v0x564909266b70_0, 0;
T_8.5 ;
T_8.3 ;
T_8.1 ;
    %jmp T_8;
    .thread T_8;
    .scope S_0x564909266f50;
T_9 ;
    %wait E_0x564909248710;
    %load/vec4 v0x5649092679e0_0;
    %flag_set/vec4 8;
    %jmp/0xz  T_9.0, 8;
    %pushi/vec4 0, 0, 8;
    %assign/vec4 v0x564909267820_0, 0;
    %pushi/vec4 29, 0, 8;
    %assign/vec4 v0x564909267820_0, 0;
    %pushi/vec4 0, 0, 4;
    %assign/vec4 v0x564909267ad0_0, 0;
    %jmp T_9.1;
T_9.0 ;
    %load/vec4 v0x5649092678e0_0;
    %pad/u 32;
    %cmpi/e 0, 0, 32;
    %jmp/0xz  T_9.2, 4;
    %pushi/vec4 0, 0, 8;
    %assign/vec4 v0x564909267820_0, 0;
    %pushi/vec4 29, 0, 8;
    %assign/vec4 v0x564909267820_0, 0;
    %pushi/vec4 0, 0, 4;
    %assign/vec4 v0x564909267ad0_0, 0;
    %jmp T_9.3;
T_9.2 ;
    %load/vec4 v0x564909267820_0;
    %pad/u 32;
    %cmpi/e 0, 0, 32;
    %jmp/0xz  T_9.4, 4;
    %load/vec4 v0x564909267ad0_0;
    %dup/vec4;
    %pushi/vec4 0, 0, 4;
    %cmp/u;
    %jmp/1 T_9.6, 6;
    %dup/vec4;
    %pushi/vec4 1, 0, 4;
    %cmp/u;
    %jmp/1 T_9.7, 6;
    %dup/vec4;
    %pushi/vec4 2, 0, 4;
    %cmp/u;
    %jmp/1 T_9.8, 6;
    %dup/vec4;
    %pushi/vec4 3, 0, 4;
    %cmp/u;
    %jmp/1 T_9.9, 6;
    %dup/vec4;
    %pushi/vec4 4, 0, 4;
    %cmp/u;
    %jmp/1 T_9.10, 6;
    %pushi/vec4 0, 0, 4;
    %assign/vec4 v0x564909267ad0_0, 0;
    %pushi/vec4 0, 0, 8;
    %assign/vec4 v0x564909267820_0, 0;
    %jmp T_9.12;
T_9.6 ;
    %pushi/vec4 1, 0, 4;
    %assign/vec4 v0x564909267ad0_0, 0;
    %pushi/vec4 4, 0, 8;
    %assign/vec4 v0x564909267820_0, 0;
    %jmp T_9.12;
T_9.7 ;
    %pushi/vec4 2, 0, 4;
    %assign/vec4 v0x564909267ad0_0, 0;
    %pushi/vec4 14, 0, 8;
    %assign/vec4 v0x564909267820_0, 0;
    %jmp T_9.12;
T_9.8 ;
    %pushi/vec4 3, 0, 4;
    %assign/vec4 v0x564909267ad0_0, 0;
    %pushi/vec4 4, 0, 8;
    %assign/vec4 v0x564909267820_0, 0;
    %jmp T_9.12;
T_9.9 ;
    %pushi/vec4 4, 0, 4;
    %assign/vec4 v0x564909267ad0_0, 0;
    %pushi/vec4 69, 0, 8;
    %assign/vec4 v0x564909267820_0, 0;
    %jmp T_9.12;
T_9.10 ;
    %pushi/vec4 0, 0, 4;
    %assign/vec4 v0x564909267ad0_0, 0;
    %pushi/vec4 29, 0, 8;
    %assign/vec4 v0x564909267820_0, 0;
    %jmp T_9.12;
T_9.12 ;
    %pop/vec4 1;
    %jmp T_9.5;
T_9.4 ;
    %load/vec4 v0x564909267820_0;
    %subi 1, 0, 8;
    %assign/vec4 v0x564909267820_0, 0;
T_9.5 ;
T_9.3 ;
T_9.1 ;
    %jmp T_9;
    .thread T_9;
    .scope S_0x5649091b4f60;
T_10 ;
    %wait E_0x564909209380;
    %fork TD_top.u_bcd_ew.init_all, S_0x56490920c900;
    %join;
    %pushi/vec4 0, 0, 32;
    %store/vec4 v0x564909264830_0, 0, 32;
T_10.0 ;
    %load/vec4 v0x564909264830_0;
    %cmpi/s 8, 0, 32;
    %jmp/0xz T_10.1, 5;
    %fork TD_top.u_bcd_ew.check_all, S_0x56490920c770;
    %join;
    %fork TD_top.u_bcd_ew.shift_all, S_0x56490920ca90;
    %join;
    %load/vec4 v0x564909264830_0;
    %addi 1, 0, 32;
    %store/vec4 v0x564909264830_0, 0, 32;
    %jmp T_10.0;
T_10.1 ;
    %jmp T_10;
    .thread T_10, $push;
    .scope S_0x564909264990;
T_11 ;
    %wait E_0x56490920a120;
    %fork TD_top.u_bcd_sn.init_all, S_0x564909264e00;
    %join;
    %pushi/vec4 0, 0, 32;
    %store/vec4 v0x5649092658f0_0, 0, 32;
T_11.0 ;
    %load/vec4 v0x5649092658f0_0;
    %cmpi/s 8, 0, 32;
    %jmp/0xz T_11.1, 5;
    %fork TD_top.u_bcd_sn.check_all, S_0x564909264c00;
    %join;
    %fork TD_top.u_bcd_sn.shift_all, S_0x564909265000;
    %join;
    %load/vec4 v0x5649092658f0_0;
    %addi 1, 0, 32;
    %store/vec4 v0x5649092658f0_0, 0, 32;
    %jmp T_11.0;
T_11.1 ;
    %jmp T_11;
    .thread T_11, $push;
    .scope S_0x56490926cd00;
T_12 ;
    %wait E_0x56490926cf20;
    %load/vec4 v0x56490926d180_0;
    %dup/vec4;
    %pushi/vec4 0, 0, 4;
    %cmp/u;
    %jmp/1 T_12.0, 6;
    %dup/vec4;
    %pushi/vec4 1, 0, 4;
    %cmp/u;
    %jmp/1 T_12.1, 6;
    %dup/vec4;
    %pushi/vec4 2, 0, 4;
    %cmp/u;
    %jmp/1 T_12.2, 6;
    %dup/vec4;
    %pushi/vec4 3, 0, 4;
    %cmp/u;
    %jmp/1 T_12.3, 6;
    %dup/vec4;
    %pushi/vec4 4, 0, 4;
    %cmp/u;
    %jmp/1 T_12.4, 6;
    %dup/vec4;
    %pushi/vec4 5, 0, 4;
    %cmp/u;
    %jmp/1 T_12.5, 6;
    %dup/vec4;
    %pushi/vec4 6, 0, 4;
    %cmp/u;
    %jmp/1 T_12.6, 6;
    %dup/vec4;
    %pushi/vec4 7, 0, 4;
    %cmp/u;
    %jmp/1 T_12.7, 6;
    %dup/vec4;
    %pushi/vec4 8, 0, 4;
    %cmp/u;
    %jmp/1 T_12.8, 6;
    %dup/vec4;
    %pushi/vec4 9, 0, 4;
    %cmp/u;
    %jmp/1 T_12.9, 6;
    %dup/vec4;
    %pushi/vec4 10, 0, 4;
    %cmp/u;
    %jmp/1 T_12.10, 6;
    %dup/vec4;
    %pushi/vec4 11, 0, 4;
    %cmp/u;
    %jmp/1 T_12.11, 6;
    %dup/vec4;
    %pushi/vec4 12, 0, 4;
    %cmp/u;
    %jmp/1 T_12.12, 6;
    %dup/vec4;
    %pushi/vec4 13, 0, 4;
    %cmp/u;
    %jmp/1 T_12.13, 6;
    %dup/vec4;
    %pushi/vec4 14, 0, 4;
    %cmp/u;
    %jmp/1 T_12.14, 6;
    %pushi/vec4 0, 0, 7;
    %store/vec4 v0x56490926cfa0_0, 0, 7;
    %jmp T_12.16;
T_12.0 ;
    %pushi/vec4 63, 0, 7;
    %store/vec4 v0x56490926cfa0_0, 0, 7;
    %jmp T_12.16;
T_12.1 ;
    %pushi/vec4 6, 0, 7;
    %store/vec4 v0x56490926cfa0_0, 0, 7;
    %jmp T_12.16;
T_12.2 ;
    %pushi/vec4 91, 0, 7;
    %store/vec4 v0x56490926cfa0_0, 0, 7;
    %jmp T_12.16;
T_12.3 ;
    %pushi/vec4 79, 0, 7;
    %store/vec4 v0x56490926cfa0_0, 0, 7;
    %jmp T_12.16;
T_12.4 ;
    %pushi/vec4 102, 0, 7;
    %store/vec4 v0x56490926cfa0_0, 0, 7;
    %jmp T_12.16;
T_12.5 ;
    %pushi/vec4 109, 0, 7;
    %store/vec4 v0x56490926cfa0_0, 0, 7;
    %jmp T_12.16;
T_12.6 ;
    %pushi/vec4 125, 0, 7;
    %store/vec4 v0x56490926cfa0_0, 0, 7;
    %jmp T_12.16;
T_12.7 ;
    %pushi/vec4 7, 0, 7;
    %store/vec4 v0x56490926cfa0_0, 0, 7;
    %jmp T_12.16;
T_12.8 ;
    %pushi/vec4 127, 0, 7;
    %store/vec4 v0x56490926cfa0_0, 0, 7;
    %jmp T_12.16;
T_12.9 ;
    %pushi/vec4 111, 0, 7;
    %store/vec4 v0x56490926cfa0_0, 0, 7;
    %jmp T_12.16;
T_12.10 ;
    %pushi/vec4 118, 0, 7;
    %store/vec4 v0x56490926cfa0_0, 0, 7;
    %jmp T_12.16;
T_12.11 ;
    %pushi/vec4 121, 0, 7;
    %store/vec4 v0x56490926cfa0_0, 0, 7;
    %jmp T_12.16;
T_12.12 ;
    %pushi/vec4 56, 0, 7;
    %store/vec4 v0x56490926cfa0_0, 0, 7;
    %jmp T_12.16;
T_12.13 ;
    %pushi/vec4 62, 0, 7;
    %store/vec4 v0x56490926cfa0_0, 0, 7;
    %jmp T_12.16;
T_12.14 ;
    %pushi/vec4 119, 0, 7;
    %store/vec4 v0x56490926cfa0_0, 0, 7;
    %jmp T_12.16;
T_12.16 ;
    %pop/vec4 1;
    %jmp T_12;
    .thread T_12, $push;
    .scope S_0x56490926d2a0;
T_13 ;
    %wait E_0x56490926d4c0;
    %load/vec4 v0x56490926d720_0;
    %dup/vec4;
    %pushi/vec4 0, 0, 4;
    %cmp/u;
    %jmp/1 T_13.0, 6;
    %dup/vec4;
    %pushi/vec4 1, 0, 4;
    %cmp/u;
    %jmp/1 T_13.1, 6;
    %dup/vec4;
    %pushi/vec4 2, 0, 4;
    %cmp/u;
    %jmp/1 T_13.2, 6;
    %dup/vec4;
    %pushi/vec4 3, 0, 4;
    %cmp/u;
    %jmp/1 T_13.3, 6;
    %dup/vec4;
    %pushi/vec4 4, 0, 4;
    %cmp/u;
    %jmp/1 T_13.4, 6;
    %dup/vec4;
    %pushi/vec4 5, 0, 4;
    %cmp/u;
    %jmp/1 T_13.5, 6;
    %dup/vec4;
    %pushi/vec4 6, 0, 4;
    %cmp/u;
    %jmp/1 T_13.6, 6;
    %dup/vec4;
    %pushi/vec4 7, 0, 4;
    %cmp/u;
    %jmp/1 T_13.7, 6;
    %dup/vec4;
    %pushi/vec4 8, 0, 4;
    %cmp/u;
    %jmp/1 T_13.8, 6;
    %dup/vec4;
    %pushi/vec4 9, 0, 4;
    %cmp/u;
    %jmp/1 T_13.9, 6;
    %dup/vec4;
    %pushi/vec4 10, 0, 4;
    %cmp/u;
    %jmp/1 T_13.10, 6;
    %dup/vec4;
    %pushi/vec4 11, 0, 4;
    %cmp/u;
    %jmp/1 T_13.11, 6;
    %dup/vec4;
    %pushi/vec4 12, 0, 4;
    %cmp/u;
    %jmp/1 T_13.12, 6;
    %dup/vec4;
    %pushi/vec4 13, 0, 4;
    %cmp/u;
    %jmp/1 T_13.13, 6;
    %dup/vec4;
    %pushi/vec4 14, 0, 4;
    %cmp/u;
    %jmp/1 T_13.14, 6;
    %pushi/vec4 0, 0, 7;
    %store/vec4 v0x56490926d540_0, 0, 7;
    %jmp T_13.16;
T_13.0 ;
    %pushi/vec4 63, 0, 7;
    %store/vec4 v0x56490926d540_0, 0, 7;
    %jmp T_13.16;
T_13.1 ;
    %pushi/vec4 6, 0, 7;
    %store/vec4 v0x56490926d540_0, 0, 7;
    %jmp T_13.16;
T_13.2 ;
    %pushi/vec4 91, 0, 7;
    %store/vec4 v0x56490926d540_0, 0, 7;
    %jmp T_13.16;
T_13.3 ;
    %pushi/vec4 79, 0, 7;
    %store/vec4 v0x56490926d540_0, 0, 7;
    %jmp T_13.16;
T_13.4 ;
    %pushi/vec4 102, 0, 7;
    %store/vec4 v0x56490926d540_0, 0, 7;
    %jmp T_13.16;
T_13.5 ;
    %pushi/vec4 109, 0, 7;
    %store/vec4 v0x56490926d540_0, 0, 7;
    %jmp T_13.16;
T_13.6 ;
    %pushi/vec4 125, 0, 7;
    %store/vec4 v0x56490926d540_0, 0, 7;
    %jmp T_13.16;
T_13.7 ;
    %pushi/vec4 7, 0, 7;
    %store/vec4 v0x56490926d540_0, 0, 7;
    %jmp T_13.16;
T_13.8 ;
    %pushi/vec4 127, 0, 7;
    %store/vec4 v0x56490926d540_0, 0, 7;
    %jmp T_13.16;
T_13.9 ;
    %pushi/vec4 111, 0, 7;
    %store/vec4 v0x56490926d540_0, 0, 7;
    %jmp T_13.16;
T_13.10 ;
    %pushi/vec4 118, 0, 7;
    %store/vec4 v0x56490926d540_0, 0, 7;
    %jmp T_13.16;
T_13.11 ;
    %pushi/vec4 121, 0, 7;
    %store/vec4 v0x56490926d540_0, 0, 7;
    %jmp T_13.16;
T_13.12 ;
    %pushi/vec4 56, 0, 7;
    %store/vec4 v0x56490926d540_0, 0, 7;
    %jmp T_13.16;
T_13.13 ;
    %pushi/vec4 62, 0, 7;
    %store/vec4 v0x56490926d540_0, 0, 7;
    %jmp T_13.16;
T_13.14 ;
    %pushi/vec4 119, 0, 7;
    %store/vec4 v0x56490926d540_0, 0, 7;
    %jmp T_13.16;
T_13.16 ;
    %pop/vec4 1;
    %jmp T_13;
    .thread T_13, $push;
    .scope S_0x56490926d870;
T_14 ;
    %wait E_0x56490926dac0;
    %load/vec4 v0x56490926dd00_0;
    %dup/vec4;
    %pushi/vec4 0, 0, 4;
    %cmp/u;
    %jmp/1 T_14.0, 6;
    %dup/vec4;
    %pushi/vec4 1, 0, 4;
    %cmp/u;
    %jmp/1 T_14.1, 6;
    %dup/vec4;
    %pushi/vec4 2, 0, 4;
    %cmp/u;
    %jmp/1 T_14.2, 6;
    %dup/vec4;
    %pushi/vec4 3, 0, 4;
    %cmp/u;
    %jmp/1 T_14.3, 6;
    %dup/vec4;
    %pushi/vec4 4, 0, 4;
    %cmp/u;
    %jmp/1 T_14.4, 6;
    %dup/vec4;
    %pushi/vec4 5, 0, 4;
    %cmp/u;
    %jmp/1 T_14.5, 6;
    %dup/vec4;
    %pushi/vec4 6, 0, 4;
    %cmp/u;
    %jmp/1 T_14.6, 6;
    %dup/vec4;
    %pushi/vec4 7, 0, 4;
    %cmp/u;
    %jmp/1 T_14.7, 6;
    %dup/vec4;
    %pushi/vec4 8, 0, 4;
    %cmp/u;
    %jmp/1 T_14.8, 6;
    %dup/vec4;
    %pushi/vec4 9, 0, 4;
    %cmp/u;
    %jmp/1 T_14.9, 6;
    %dup/vec4;
    %pushi/vec4 10, 0, 4;
    %cmp/u;
    %jmp/1 T_14.10, 6;
    %dup/vec4;
    %pushi/vec4 11, 0, 4;
    %cmp/u;
    %jmp/1 T_14.11, 6;
    %dup/vec4;
    %pushi/vec4 12, 0, 4;
    %cmp/u;
    %jmp/1 T_14.12, 6;
    %dup/vec4;
    %pushi/vec4 13, 0, 4;
    %cmp/u;
    %jmp/1 T_14.13, 6;
    %dup/vec4;
    %pushi/vec4 14, 0, 4;
    %cmp/u;
    %jmp/1 T_14.14, 6;
    %pushi/vec4 0, 0, 7;
    %store/vec4 v0x56490926db20_0, 0, 7;
    %jmp T_14.16;
T_14.0 ;
    %pushi/vec4 63, 0, 7;
    %store/vec4 v0x56490926db20_0, 0, 7;
    %jmp T_14.16;
T_14.1 ;
    %pushi/vec4 6, 0, 7;
    %store/vec4 v0x56490926db20_0, 0, 7;
    %jmp T_14.16;
T_14.2 ;
    %pushi/vec4 91, 0, 7;
    %store/vec4 v0x56490926db20_0, 0, 7;
    %jmp T_14.16;
T_14.3 ;
    %pushi/vec4 79, 0, 7;
    %store/vec4 v0x56490926db20_0, 0, 7;
    %jmp T_14.16;
T_14.4 ;
    %pushi/vec4 102, 0, 7;
    %store/vec4 v0x56490926db20_0, 0, 7;
    %jmp T_14.16;
T_14.5 ;
    %pushi/vec4 109, 0, 7;
    %store/vec4 v0x56490926db20_0, 0, 7;
    %jmp T_14.16;
T_14.6 ;
    %pushi/vec4 125, 0, 7;
    %store/vec4 v0x56490926db20_0, 0, 7;
    %jmp T_14.16;
T_14.7 ;
    %pushi/vec4 7, 0, 7;
    %store/vec4 v0x56490926db20_0, 0, 7;
    %jmp T_14.16;
T_14.8 ;
    %pushi/vec4 127, 0, 7;
    %store/vec4 v0x56490926db20_0, 0, 7;
    %jmp T_14.16;
T_14.9 ;
    %pushi/vec4 111, 0, 7;
    %store/vec4 v0x56490926db20_0, 0, 7;
    %jmp T_14.16;
T_14.10 ;
    %pushi/vec4 118, 0, 7;
    %store/vec4 v0x56490926db20_0, 0, 7;
    %jmp T_14.16;
T_14.11 ;
    %pushi/vec4 121, 0, 7;
    %store/vec4 v0x56490926db20_0, 0, 7;
    %jmp T_14.16;
T_14.12 ;
    %pushi/vec4 56, 0, 7;
    %store/vec4 v0x56490926db20_0, 0, 7;
    %jmp T_14.16;
T_14.13 ;
    %pushi/vec4 62, 0, 7;
    %store/vec4 v0x56490926db20_0, 0, 7;
    %jmp T_14.16;
T_14.14 ;
    %pushi/vec4 119, 0, 7;
    %store/vec4 v0x56490926db20_0, 0, 7;
    %jmp T_14.16;
T_14.16 ;
    %pop/vec4 1;
    %jmp T_14;
    .thread T_14, $push;
    .scope S_0x56490926de50;
T_15 ;
    %wait E_0x56490926e070;
    %load/vec4 v0x56490926e2d0_0;
    %dup/vec4;
    %pushi/vec4 0, 0, 4;
    %cmp/u;
    %jmp/1 T_15.0, 6;
    %dup/vec4;
    %pushi/vec4 1, 0, 4;
    %cmp/u;
    %jmp/1 T_15.1, 6;
    %dup/vec4;
    %pushi/vec4 2, 0, 4;
    %cmp/u;
    %jmp/1 T_15.2, 6;
    %dup/vec4;
    %pushi/vec4 3, 0, 4;
    %cmp/u;
    %jmp/1 T_15.3, 6;
    %dup/vec4;
    %pushi/vec4 4, 0, 4;
    %cmp/u;
    %jmp/1 T_15.4, 6;
    %dup/vec4;
    %pushi/vec4 5, 0, 4;
    %cmp/u;
    %jmp/1 T_15.5, 6;
    %dup/vec4;
    %pushi/vec4 6, 0, 4;
    %cmp/u;
    %jmp/1 T_15.6, 6;
    %dup/vec4;
    %pushi/vec4 7, 0, 4;
    %cmp/u;
    %jmp/1 T_15.7, 6;
    %dup/vec4;
    %pushi/vec4 8, 0, 4;
    %cmp/u;
    %jmp/1 T_15.8, 6;
    %dup/vec4;
    %pushi/vec4 9, 0, 4;
    %cmp/u;
    %jmp/1 T_15.9, 6;
    %dup/vec4;
    %pushi/vec4 10, 0, 4;
    %cmp/u;
    %jmp/1 T_15.10, 6;
    %dup/vec4;
    %pushi/vec4 11, 0, 4;
    %cmp/u;
    %jmp/1 T_15.11, 6;
    %dup/vec4;
    %pushi/vec4 12, 0, 4;
    %cmp/u;
    %jmp/1 T_15.12, 6;
    %dup/vec4;
    %pushi/vec4 13, 0, 4;
    %cmp/u;
    %jmp/1 T_15.13, 6;
    %dup/vec4;
    %pushi/vec4 14, 0, 4;
    %cmp/u;
    %jmp/1 T_15.14, 6;
    %pushi/vec4 0, 0, 7;
    %store/vec4 v0x56490926e0f0_0, 0, 7;
    %jmp T_15.16;
T_15.0 ;
    %pushi/vec4 63, 0, 7;
    %store/vec4 v0x56490926e0f0_0, 0, 7;
    %jmp T_15.16;
T_15.1 ;
    %pushi/vec4 6, 0, 7;
    %store/vec4 v0x56490926e0f0_0, 0, 7;
    %jmp T_15.16;
T_15.2 ;
    %pushi/vec4 91, 0, 7;
    %store/vec4 v0x56490926e0f0_0, 0, 7;
    %jmp T_15.16;
T_15.3 ;
    %pushi/vec4 79, 0, 7;
    %store/vec4 v0x56490926e0f0_0, 0, 7;
    %jmp T_15.16;
T_15.4 ;
    %pushi/vec4 102, 0, 7;
    %store/vec4 v0x56490926e0f0_0, 0, 7;
    %jmp T_15.16;
T_15.5 ;
    %pushi/vec4 109, 0, 7;
    %store/vec4 v0x56490926e0f0_0, 0, 7;
    %jmp T_15.16;
T_15.6 ;
    %pushi/vec4 125, 0, 7;
    %store/vec4 v0x56490926e0f0_0, 0, 7;
    %jmp T_15.16;
T_15.7 ;
    %pushi/vec4 7, 0, 7;
    %store/vec4 v0x56490926e0f0_0, 0, 7;
    %jmp T_15.16;
T_15.8 ;
    %pushi/vec4 127, 0, 7;
    %store/vec4 v0x56490926e0f0_0, 0, 7;
    %jmp T_15.16;
T_15.9 ;
    %pushi/vec4 111, 0, 7;
    %store/vec4 v0x56490926e0f0_0, 0, 7;
    %jmp T_15.16;
T_15.10 ;
    %pushi/vec4 118, 0, 7;
    %store/vec4 v0x56490926e0f0_0, 0, 7;
    %jmp T_15.16;
T_15.11 ;
    %pushi/vec4 121, 0, 7;
    %store/vec4 v0x56490926e0f0_0, 0, 7;
    %jmp T_15.16;
T_15.12 ;
    %pushi/vec4 56, 0, 7;
    %store/vec4 v0x56490926e0f0_0, 0, 7;
    %jmp T_15.16;
T_15.13 ;
    %pushi/vec4 62, 0, 7;
    %store/vec4 v0x56490926e0f0_0, 0, 7;
    %jmp T_15.16;
T_15.14 ;
    %pushi/vec4 119, 0, 7;
    %store/vec4 v0x56490926e0f0_0, 0, 7;
    %jmp T_15.16;
T_15.16 ;
    %pop/vec4 1;
    %jmp T_15;
    .thread T_15, $push;
# The file index is used to find the file name in the following table.
:file_names 9;
    "N/A";
    "<interactive>";
    "top.v";
    "./bcd.v";
    "./tik.v";
    "./cnt_rev.v";
    "./light.v";
    "./seg_4.v";
    "./seg.v";
