#! /usr/bin/vvp
:ivl_version "11.0 (stable)" "(v11_0)";
:ivl_delay_selection "TYPICAL";
:vpi_time_precision + 0;
:vpi_module "/usr/lib/ivl/system.vpi";
:vpi_module "/usr/lib/ivl/vhdl_sys.vpi";
:vpi_module "/usr/lib/ivl/vhdl_textio.vpi";
:vpi_module "/usr/lib/ivl/v2005_math.vpi";
:vpi_module "/usr/lib/ivl/va_math.vpi";
S_0x56216fe13da0 .scope module, "clock_hms" "clock_hms" 2 3;
 .timescale 0 0;
    .port_info 0 /INPUT 1 "clk";
    .port_info 1 /INPUT 1 "reset";
    .port_info 2 /INPUT 1 "en";
    .port_info 3 /INPUT 1 "set";
    .port_info 4 /INPUT 6 "set_h";
    .port_info 5 /INPUT 6 "set_m";
    .port_info 6 /INPUT 6 "set_s";
    .port_info 7 /OUTPUT 6 "out_h";
    .port_info 8 /OUTPUT 6 "out_m";
    .port_info 9 /OUTPUT 6 "out_s";
    .port_info 10 /NODIR 0 "unnamed";
P_0x56216fe14f30 .param/l "max_h" 0 2 4, +C4<00000000000000000000000000001100>;
P_0x56216fe14f70 .param/l "max_m" 0 2 5, +C4<00000000000000000000000000010111>;
P_0x56216fe14fb0 .param/l "max_s" 0 2 6, +C4<00000000000000000000000000101001>;
o0x7fa030a6c018 .functor BUFZ 1, C4<z>; HiZ drive
v0x56216fe3c370_0 .net "clk", 0 0, o0x7fa030a6c018;  0 drivers
o0x7fa030a6c048 .functor BUFZ 1, C4<z>; HiZ drive
v0x56216fe64d90_0 .net "en", 0 0, o0x7fa030a6c048;  0 drivers
v0x56216fe64e50_0 .var "out_h", 5 0;
v0x56216fe64f40_0 .var "out_m", 5 0;
v0x56216fe65020_0 .var "out_s", 5 0;
o0x7fa030a6c108 .functor BUFZ 1, C4<z>; HiZ drive
v0x56216fe65150_0 .net "reset", 0 0, o0x7fa030a6c108;  0 drivers
o0x7fa030a6c138 .functor BUFZ 1, C4<z>; HiZ drive
v0x56216fe65210_0 .net "set", 0 0, o0x7fa030a6c138;  0 drivers
o0x7fa030a6c168 .functor BUFZ 6, C4<zzzzzz>; HiZ drive
v0x56216fe652d0_0 .net "set_h", 5 0, o0x7fa030a6c168;  0 drivers
o0x7fa030a6c198 .functor BUFZ 6, C4<zzzzzz>; HiZ drive
v0x56216fe653b0_0 .net "set_m", 5 0, o0x7fa030a6c198;  0 drivers
o0x7fa030a6c1c8 .functor BUFZ 6, C4<zzzzzz>; HiZ drive
v0x56216fe65490_0 .net "set_s", 5 0, o0x7fa030a6c1c8;  0 drivers
v0x56216fe65570_0 .var "status", 0 0;
E_0x56216fe4d690 .event posedge, v0x56216fe65150_0, v0x56216fe3c370_0;
    .scope S_0x56216fe13da0;
T_0 ;
    %wait E_0x56216fe4d690;
    %load/vec4 v0x56216fe65150_0;
    %flag_set/vec4 8;
    %jmp/0xz  T_0.0, 8;
    %pushi/vec4 8, 0, 6;
    %assign/vec4 v0x56216fe64e50_0, 0;
    %pushi/vec4 0, 0, 6;
    %assign/vec4 v0x56216fe64f40_0, 0;
    %pushi/vec4 0, 0, 6;
    %assign/vec4 v0x56216fe65020_0, 0;
    %pushi/vec4 0, 0, 1;
    %assign/vec4 v0x56216fe65570_0, 0;
    %jmp T_0.1;
T_0.0 ;
    %load/vec4 v0x56216fe65570_0;
    %dup/vec4;
    %pushi/vec4 0, 0, 1;
    %cmp/u;
    %jmp/1 T_0.2, 6;
    %dup/vec4;
    %pushi/vec4 1, 0, 1;
    %cmp/u;
    %jmp/1 T_0.3, 6;
    %pushi/vec4 0, 0, 1;
    %assign/vec4 v0x56216fe65570_0, 0;
    %load/vec4 v0x56216fe64e50_0;
    %assign/vec4 v0x56216fe64e50_0, 0;
    %load/vec4 v0x56216fe64f40_0;
    %assign/vec4 v0x56216fe64f40_0, 0;
    %load/vec4 v0x56216fe65020_0;
    %assign/vec4 v0x56216fe65020_0, 0;
    %jmp T_0.5;
T_0.2 ;
    %load/vec4 v0x56216fe65210_0;
    %assign/vec4 v0x56216fe65570_0, 0;
    %load/vec4 v0x56216fe65210_0;
    %flag_set/vec4 8;
    %jmp/0xz  T_0.6, 8;
    %load/vec4 v0x56216fe65490_0;
    %assign/vec4 v0x56216fe65020_0, 0;
    %load/vec4 v0x56216fe653b0_0;
    %assign/vec4 v0x56216fe64f40_0, 0;
    %load/vec4 v0x56216fe652d0_0;
    %assign/vec4 v0x56216fe64e50_0, 0;
    %jmp T_0.7;
T_0.6 ;
    %load/vec4 v0x56216fe65020_0;
    %pad/u 32;
    %cmpi/e 40, 0, 32;
    %jmp/0xz  T_0.8, 4;
    %pushi/vec4 0, 0, 6;
    %assign/vec4 v0x56216fe65020_0, 0;
    %load/vec4 v0x56216fe64f40_0;
    %pad/u 32;
    %cmpi/e 22, 0, 32;
    %jmp/0xz  T_0.10, 4;
    %pushi/vec4 0, 0, 6;
    %assign/vec4 v0x56216fe64f40_0, 0;
    %load/vec4 v0x56216fe64e50_0;
    %pad/u 32;
    %cmpi/e 11, 0, 32;
    %jmp/0xz  T_0.12, 4;
    %pushi/vec4 0, 0, 6;
    %assign/vec4 v0x56216fe64e50_0, 0;
    %jmp T_0.13;
T_0.12 ;
    %load/vec4 v0x56216fe64e50_0;
    %addi 1, 0, 6;
    %assign/vec4 v0x56216fe64e50_0, 0;
T_0.13 ;
    %jmp T_0.11;
T_0.10 ;
    %load/vec4 v0x56216fe64f40_0;
    %addi 1, 0, 6;
    %assign/vec4 v0x56216fe64f40_0, 0;
T_0.11 ;
    %jmp T_0.9;
T_0.8 ;
    %load/vec4 v0x56216fe65020_0;
    %addi 1, 0, 6;
    %assign/vec4 v0x56216fe65020_0, 0;
T_0.9 ;
T_0.7 ;
    %jmp T_0.5;
T_0.3 ;
    %pushi/vec4 0, 0, 1;
    %assign/vec4 v0x56216fe65570_0, 0;
    %jmp T_0.5;
T_0.5 ;
    %pop/vec4 1;
T_0.1 ;
    %jmp T_0;
    .thread T_0;
# The file index is used to find the file name in the following table.
:file_names 3;
    "N/A";
    "<interactive>";
    "clock_hms.v";
