#! /usr/bin/vvp
:ivl_version "11.0 (stable)" "(v11_0)";
:ivl_delay_selection "TYPICAL";
:vpi_time_precision + 0;
:vpi_module "/usr/lib/ivl/system.vpi";
:vpi_module "/usr/lib/ivl/vhdl_sys.vpi";
:vpi_module "/usr/lib/ivl/vhdl_textio.vpi";
:vpi_module "/usr/lib/ivl/v2005_math.vpi";
:vpi_module "/usr/lib/ivl/va_math.vpi";
S_0x55af2674d540 .scope module, "ctrl" "ctrl" 2 7;
 .timescale 0 0;
    .port_info 0 /INPUT 1 "clk";
    .port_info 1 /INPUT 1 "reset";
    .port_info 2 /INPUT 1 "en";
    .port_info 3 /OUTPUT 1 "alarm_on";
    .port_info 4 /OUTPUT 1 "alarming";
    .port_info 5 /INPUT 1 "mod_choose";
    .port_info 6 /INPUT 1 "bit_choose";
    .port_info 7 /INPUT 1 "val_add";
    .port_info 8 /INPUT 1 "val_sub";
    .port_info 9 /INPUT 1 "val_set";
    .port_info 10 /INPUT 1 "clear";
    .port_info 11 /OUTPUT 6 "out_h";
    .port_info 12 /OUTPUT 6 "out_m";
    .port_info 13 /OUTPUT 6 "out_s";
    .port_info 14 /OUTPUT 4 "led";
P_0x55af2673b680 .param/l "max_h" 0 2 8, +C4<00000000000000000000000000001100>;
P_0x55af2673b6c0 .param/l "max_m" 0 2 9, +C4<00000000000000000000000000010111>;
P_0x55af2673b700 .param/l "max_s" 0 2 10, +C4<00000000000000000000000000101001>;
o0x7f58340401a8 .functor BUFZ 1, C4<z>; HiZ drive
L_0x55af2674d3a0 .functor BUFZ 1, o0x7f58340401a8, C4<0>, C4<0>, C4<0>;
o0x7f5834040178 .functor BUFZ 1, C4<z>; HiZ drive
o0x7f58340401d8 .functor BUFZ 1, C4<z>; HiZ drive
L_0x55af2674e240 .functor OR 1, o0x7f5834040178, o0x7f58340401d8, C4<0>, C4<0>;
L_0x55af267873e0 .functor OR 1, L_0x55af267886b0, L_0x55af267885c0, C4<0>, C4<0>;
v0x55af2676fe20_0 .net *"_ivl_0", 31 0, L_0x55af26774710;  1 drivers
v0x55af2676ff20_0 .net *"_ivl_12", 31 0, L_0x55af267851c0;  1 drivers
L_0x7f5833ff5138 .functor BUFT 1, C4<000000000000000000000000000000>, C4<0>, C4<0>, C4<0>;
v0x55af26770000_0 .net *"_ivl_15", 29 0, L_0x7f5833ff5138;  1 drivers
L_0x7f5833ff5180 .functor BUFT 1, C4<00000000000000000000000000000011>, C4<0>, C4<0>, C4<0>;
v0x55af267700f0_0 .net/2u *"_ivl_16", 31 0, L_0x7f5833ff5180;  1 drivers
v0x55af267701d0_0 .net *"_ivl_20", 31 0, L_0x55af267854c0;  1 drivers
L_0x7f5833ff51c8 .functor BUFT 1, C4<000000000000000000000000000000>, C4<0>, C4<0>, C4<0>;
v0x55af267702b0_0 .net *"_ivl_23", 29 0, L_0x7f5833ff51c8;  1 drivers
L_0x7f5833ff5210 .functor BUFT 1, C4<00000000000000000000000000000000>, C4<0>, C4<0>, C4<0>;
v0x55af26770390_0 .net/2u *"_ivl_24", 31 0, L_0x7f5833ff5210;  1 drivers
v0x55af26770470_0 .net *"_ivl_26", 0 0, L_0x55af267855b0;  1 drivers
L_0x7f5833ff5258 .functor BUFT 1, C4<000>, C4<0>, C4<0>, C4<0>;
v0x55af26770530_0 .net/2s *"_ivl_28", 2 0, L_0x7f5833ff5258;  1 drivers
L_0x7f5833ff5018 .functor BUFT 1, C4<000000000000000000000000000000>, C4<0>, C4<0>, C4<0>;
v0x55af26770610_0 .net *"_ivl_3", 29 0, L_0x7f5833ff5018;  1 drivers
v0x55af267706f0_0 .net *"_ivl_30", 31 0, L_0x55af267857c0;  1 drivers
L_0x7f5833ff52a0 .functor BUFT 1, C4<000000000000000000000000000000>, C4<0>, C4<0>, C4<0>;
v0x55af267707d0_0 .net *"_ivl_33", 29 0, L_0x7f5833ff52a0;  1 drivers
L_0x7f5833ff52e8 .functor BUFT 1, C4<00000000000000000000000000000011>, C4<0>, C4<0>, C4<0>;
v0x55af267708b0_0 .net/2u *"_ivl_34", 31 0, L_0x7f5833ff52e8;  1 drivers
v0x55af26770990_0 .net *"_ivl_36", 0 0, L_0x55af267858f0;  1 drivers
L_0x7f5833ff5330 .functor BUFT 1, C4<001>, C4<0>, C4<0>, C4<0>;
v0x55af26770a50_0 .net/2s *"_ivl_38", 2 0, L_0x7f5833ff5330;  1 drivers
L_0x7f5833ff5060 .functor BUFT 1, C4<00000000000000000000000000000001>, C4<0>, C4<0>, C4<0>;
v0x55af26770b30_0 .net/2u *"_ivl_4", 31 0, L_0x7f5833ff5060;  1 drivers
v0x55af26770c10_0 .net *"_ivl_40", 31 0, L_0x55af26785a30;  1 drivers
L_0x7f5833ff5378 .functor BUFT 1, C4<000000000000000000000000000000>, C4<0>, C4<0>, C4<0>;
v0x55af26770e00_0 .net *"_ivl_43", 29 0, L_0x7f5833ff5378;  1 drivers
L_0x7f5833ff53c0 .functor BUFT 1, C4<00000000000000000000000000000010>, C4<0>, C4<0>, C4<0>;
v0x55af26770ee0_0 .net/2u *"_ivl_44", 31 0, L_0x7f5833ff53c0;  1 drivers
v0x55af26770fc0_0 .net *"_ivl_46", 0 0, L_0x55af26785b20;  1 drivers
L_0x7f5833ff5408 .functor BUFT 1, C4<010>, C4<0>, C4<0>, C4<0>;
v0x55af26771080_0 .net/2s *"_ivl_48", 2 0, L_0x7f5833ff5408;  1 drivers
v0x55af26771160_0 .net *"_ivl_50", 31 0, L_0x55af26785cc0;  1 drivers
L_0x7f5833ff5450 .functor BUFT 1, C4<000000000000000000000000000000>, C4<0>, C4<0>, C4<0>;
v0x55af26771240_0 .net *"_ivl_53", 29 0, L_0x7f5833ff5450;  1 drivers
L_0x7f5833ff5498 .functor BUFT 1, C4<00000000000000000000000000000001>, C4<0>, C4<0>, C4<0>;
v0x55af26771320_0 .net/2u *"_ivl_54", 31 0, L_0x7f5833ff5498;  1 drivers
v0x55af26771400_0 .net *"_ivl_56", 0 0, L_0x55af26785d60;  1 drivers
L_0x7f5833ff54e0 .functor BUFT 1, C4<011>, C4<0>, C4<0>, C4<0>;
v0x55af267714c0_0 .net/2s *"_ivl_58", 2 0, L_0x7f5833ff54e0;  1 drivers
L_0x7f5833ff5528 .functor BUFT 1, C4<000>, C4<0>, C4<0>, C4<0>;
v0x55af267715a0_0 .net/2s *"_ivl_60", 2 0, L_0x7f5833ff5528;  1 drivers
v0x55af26771680_0 .net *"_ivl_62", 2 0, L_0x55af26785f40;  1 drivers
v0x55af26771760_0 .net *"_ivl_64", 2 0, L_0x55af26786100;  1 drivers
v0x55af26771840_0 .net *"_ivl_66", 2 0, L_0x55af26786310;  1 drivers
v0x55af26771920_0 .net *"_ivl_68", 2 0, L_0x55af267864a0;  1 drivers
v0x55af26771a00_0 .net *"_ivl_72", 31 0, L_0x55af26788520;  1 drivers
L_0x7f5833ff5960 .functor BUFT 1, C4<0000000000000000000000000000000>, C4<0>, C4<0>, C4<0>;
v0x55af26771ae0_0 .net *"_ivl_75", 30 0, L_0x7f5833ff5960;  1 drivers
L_0x7f5833ff59a8 .functor BUFT 1, C4<00000000000000000000000000000011>, C4<0>, C4<0>, C4<0>;
v0x55af26771dd0_0 .net/2u *"_ivl_76", 31 0, L_0x7f5833ff59a8;  1 drivers
v0x55af26771eb0_0 .net *"_ivl_78", 0 0, L_0x55af267886b0;  1 drivers
v0x55af26771f70_0 .net *"_ivl_80", 31 0, L_0x55af267887f0;  1 drivers
L_0x7f5833ff59f0 .functor BUFT 1, C4<0000000000000000000000000000000>, C4<0>, C4<0>, C4<0>;
v0x55af26772050_0 .net *"_ivl_83", 30 0, L_0x7f5833ff59f0;  1 drivers
L_0x7f5833ff5a38 .functor BUFT 1, C4<00000000000000000000000000000001>, C4<0>, C4<0>, C4<0>;
v0x55af26772130_0 .net/2u *"_ivl_84", 31 0, L_0x7f5833ff5a38;  1 drivers
v0x55af26772210_0 .net *"_ivl_86", 0 0, L_0x55af267885c0;  1 drivers
v0x55af267722d0_0 .var "alarm_loaded", 0 0;
o0x7f5834040088 .functor BUFZ 1, C4<z>; HiZ drive
v0x55af26772390_0 .net "alarm_on", 0 0, o0x7f5834040088;  0 drivers
v0x55af26772450_0 .var "alarm_set", 0 0;
v0x55af267724f0_0 .net "alarming", 0 0, v0x55af26769770_0;  1 drivers
o0x7f58340400b8 .functor BUFZ 1, C4<z>; HiZ drive
v0x55af267725c0_0 .net "bit_choose", 0 0, o0x7f58340400b8;  0 drivers
v0x55af26772660_0 .var "bit_now", 0 0;
o0x7f583403e1c8 .functor BUFZ 1, C4<z>; HiZ drive
v0x55af26772730_0 .net "clear", 0 0, o0x7f583403e1c8;  0 drivers
o0x7f583403e1f8 .functor BUFZ 1, C4<z>; HiZ drive
v0x55af26772800_0 .net "clk", 0 0, o0x7f583403e1f8;  0 drivers
v0x55af267728a0_0 .net "clock_h", 5 0, v0x55af2676dc30_0;  1 drivers
v0x55af26772940_0 .net "clock_m", 5 0, v0x55af2676dd20_0;  1 drivers
v0x55af267729e0_0 .net "clock_s", 5 0, v0x55af2676de30_0;  1 drivers
v0x55af26772a80_0 .var "clock_set", 0 0;
o0x7f583403ecd8 .functor BUFZ 1, C4<z>; HiZ drive
v0x55af26772b50_0 .net "en", 0 0, o0x7f583403ecd8;  0 drivers
v0x55af26772bf0_0 .net "led", 3 0, L_0x55af26788390;  1 drivers
o0x7f58340400e8 .functor BUFZ 1, C4<z>; HiZ drive
v0x55af26772c90_0 .net "mod_choose", 0 0, o0x7f58340400e8;  0 drivers
v0x55af26772d30_0 .var "mod_now", 1 0;
v0x55af26772e10_0 .net "out_h", 5 0, L_0x55af26786800;  1 drivers
v0x55af26772f00_0 .net "out_m", 5 0, L_0x55af267868f0;  1 drivers
v0x55af26772fd0_0 .net "out_s", 5 0, L_0x55af26786a30;  1 drivers
o0x7f583403e2e8 .functor BUFZ 1, C4<z>; HiZ drive
v0x55af267730a0_0 .net "reset", 0 0, o0x7f583403e2e8;  0 drivers
v0x55af26773140_0 .net "saved_h", 5 0, v0x55af26769dd0_0;  1 drivers
v0x55af26773210_0 .net "saved_m", 5 0, v0x55af26769fc0_0;  1 drivers
v0x55af267732e0_0 .net "saved_s", 5 0, v0x55af2676a0a0_0;  1 drivers
v0x55af267733b0_0 .var "set_h", 5 0;
v0x55af26773450_0 .var "set_m", 5 0;
v0x55af26773510_0 .var "set_s", 5 0;
v0x55af26773a30_0 .var "status", 0 0;
v0x55af26773af0_0 .net "stop_h", 5 0, v0x55af2676f7e0_0;  1 drivers
v0x55af26773c00_0 .net "stop_m", 5 0, v0x55af2676f8e0_0;  1 drivers
v0x55af26773d10_0 .net "stop_s", 5 0, v0x55af2676f9b0_0;  1 drivers
v0x55af26773e20_0 .net "stopwatch_pause_resume", 0 0, L_0x55af2674e240;  1 drivers
v0x55af26773ec0_0 .net "stopwatch_set", 0 0, L_0x55af2674d3a0;  1 drivers
v0x55af26773f60_0 .net "switch", 1 0, L_0x55af267866c0;  1 drivers
v0x55af26774000_0 .var "temp_h", 5 0;
v0x55af267740f0_0 .var "temp_m", 5 0;
v0x55af267741e0_0 .var "temp_s", 5 0;
v0x55af267742f0_0 .net "val_add", 0 0, o0x7f5834040178;  0 drivers
v0x55af267743b0_0 .net "val_set", 0 0, o0x7f58340401a8;  0 drivers
v0x55af26774470_0 .net "val_sub", 0 0, o0x7f58340401d8;  0 drivers
L_0x55af26774710 .concat [ 2 30 0 0], v0x55af26772d30_0, L_0x7f5833ff5018;
L_0x55af26784830 .cmp/eq 32, L_0x55af26774710, L_0x7f5833ff5060;
L_0x55af267851c0 .concat [ 2 30 0 0], v0x55af26772d30_0, L_0x7f5833ff5138;
L_0x55af26785350 .cmp/eq 32, L_0x55af267851c0, L_0x7f5833ff5180;
L_0x55af267854c0 .concat [ 2 30 0 0], v0x55af26772d30_0, L_0x7f5833ff51c8;
L_0x55af267855b0 .cmp/eq 32, L_0x55af267854c0, L_0x7f5833ff5210;
L_0x55af267857c0 .concat [ 2 30 0 0], v0x55af26772d30_0, L_0x7f5833ff52a0;
L_0x55af267858f0 .cmp/eq 32, L_0x55af267857c0, L_0x7f5833ff52e8;
L_0x55af26785a30 .concat [ 2 30 0 0], v0x55af26772d30_0, L_0x7f5833ff5378;
L_0x55af26785b20 .cmp/eq 32, L_0x55af26785a30, L_0x7f5833ff53c0;
L_0x55af26785cc0 .concat [ 2 30 0 0], v0x55af26772d30_0, L_0x7f5833ff5450;
L_0x55af26785d60 .cmp/eq 32, L_0x55af26785cc0, L_0x7f5833ff5498;
L_0x55af26785f40 .functor MUXZ 3, L_0x7f5833ff5528, L_0x7f5833ff54e0, L_0x55af26785d60, C4<>;
L_0x55af26786100 .functor MUXZ 3, L_0x55af26785f40, L_0x7f5833ff5408, L_0x55af26785b20, C4<>;
L_0x55af26786310 .functor MUXZ 3, L_0x55af26786100, L_0x7f5833ff5330, L_0x55af267858f0, C4<>;
L_0x55af267864a0 .functor MUXZ 3, L_0x55af26786310, L_0x7f5833ff5258, L_0x55af267855b0, C4<>;
L_0x55af267866c0 .part L_0x55af267864a0, 0, 2;
L_0x55af26788520 .concat [ 1 31 0 0], v0x55af26773a30_0, L_0x7f5833ff5960;
L_0x55af267886b0 .cmp/eq 32, L_0x55af26788520, L_0x7f5833ff59a8;
L_0x55af267887f0 .concat [ 1 31 0 0], v0x55af26773a30_0, L_0x7f5833ff59f0;
L_0x55af267885c0 .cmp/eq 32, L_0x55af267887f0, L_0x7f5833ff5a38;
S_0x55af26711e30 .scope module, "u_alarm" "alarm" 2 100, 3 3 0, S_0x55af2674d540;
 .timescale 0 0;
    .port_info 0 /INPUT 1 "clk";
    .port_info 1 /INPUT 1 "reset";
    .port_info 2 /INPUT 1 "set";
    .port_info 3 /INPUT 1 "en";
    .port_info 4 /OUTPUT 1 "alarming";
    .port_info 5 /INPUT 1 "clear";
    .port_info 6 /INPUT 6 "set_h";
    .port_info 7 /INPUT 6 "set_m";
    .port_info 8 /INPUT 6 "set_s";
    .port_info 9 /INPUT 6 "hms_h";
    .port_info 10 /INPUT 6 "hms_m";
    .port_info 11 /INPUT 6 "hms_s";
    .port_info 12 /OUTPUT 6 "saved_h";
    .port_info 13 /OUTPUT 6 "saved_m";
    .port_info 14 /OUTPUT 6 "saved_s";
L_0x55af2672e580 .functor BUFZ 1, v0x55af26772450_0, C4<0>, C4<0>, C4<0>;
L_0x55af266ef010 .functor AND 1, L_0x55af26784d70, L_0x55af26784e10, C4<1>, C4<1>;
L_0x55af267850b0 .functor AND 1, L_0x55af266ef010, L_0x55af26784f80, C4<1>, C4<1>;
v0x55af2674e360_0 .net *"_ivl_0", 31 0, L_0x55af26784a10;  1 drivers
v0x55af2674e430_0 .net *"_ivl_10", 0 0, L_0x55af26784d70;  1 drivers
v0x55af2672ffe0_0 .net *"_ivl_12", 0 0, L_0x55af26784e10;  1 drivers
v0x55af267300e0_0 .net *"_ivl_15", 0 0, L_0x55af266ef010;  1 drivers
v0x55af266ef0e0_0 .net *"_ivl_16", 0 0, L_0x55af26784f80;  1 drivers
L_0x7f5833ff50a8 .functor BUFT 1, C4<0000000000000000000000000000000>, C4<0>, C4<0>, C4<0>;
v0x55af266ef1b0_0 .net *"_ivl_3", 30 0, L_0x7f5833ff50a8;  1 drivers
L_0x7f5833ff50f0 .functor BUFT 1, C4<00000000000000000000000000000000>, C4<0>, C4<0>, C4<0>;
v0x55af2670d250_0 .net/2u *"_ivl_4", 31 0, L_0x7f5833ff50f0;  1 drivers
v0x55af267696b0_0 .net "alarm_on", 0 0, L_0x55af26784b60;  1 drivers
v0x55af26769770_0 .var "alarming", 0 0;
v0x55af26769830_0 .net "clear", 0 0, o0x7f583403e1c8;  alias, 0 drivers
v0x55af267698f0_0 .net "clk", 0 0, o0x7f583403e1f8;  alias, 0 drivers
v0x55af267699b0_0 .net "en", 0 0, L_0x55af26785350;  1 drivers
v0x55af26769a70_0 .net "hms_h", 5 0, v0x55af2676dc30_0;  alias, 1 drivers
v0x55af26769b50_0 .net "hms_m", 5 0, v0x55af2676dd20_0;  alias, 1 drivers
v0x55af26769c30_0 .net "hms_s", 5 0, v0x55af2676de30_0;  alias, 1 drivers
v0x55af26769d10_0 .net "reset", 0 0, o0x7f583403e2e8;  alias, 0 drivers
v0x55af26769dd0_0 .var "saved_h", 5 0;
v0x55af26769fc0_0 .var "saved_m", 5 0;
v0x55af2676a0a0_0 .var "saved_s", 5 0;
v0x55af2676a180_0 .net "set", 0 0, v0x55af26772450_0;  1 drivers
v0x55af2676a240_0 .net "set_h", 5 0, v0x55af267733b0_0;  1 drivers
v0x55af2676a320_0 .net "set_m", 5 0, v0x55af26773450_0;  1 drivers
v0x55af2676a400_0 .net "set_s", 5 0, v0x55af26773510_0;  1 drivers
v0x55af2676a4e0_0 .net "status", 0 0, L_0x55af2672e580;  1 drivers
v0x55af2676a5a0_0 .net "time_is_right", 0 0, L_0x55af267850b0;  1 drivers
E_0x55af26706580 .event posedge, v0x55af26769d10_0, v0x55af267698f0_0;
L_0x55af26784a10 .concat [ 1 31 0 0], L_0x55af2672e580, L_0x7f5833ff50a8;
L_0x55af26784b60 .cmp/eq 32, L_0x55af26784a10, L_0x7f5833ff50f0;
L_0x55af26784d70 .cmp/eeq 6, v0x55af2676dc30_0, v0x55af26769dd0_0;
L_0x55af26784e10 .cmp/eeq 6, v0x55af2676dd20_0, v0x55af26769fc0_0;
L_0x55af26784f80 .cmp/eeq 6, v0x55af2676de30_0, v0x55af2676a0a0_0;
S_0x55af2676a840 .scope module, "u_choose" "display_choose" 2 133, 4 1 0, S_0x55af2674d540;
 .timescale 0 0;
    .port_info 0 /INPUT 1 "clk";
    .port_info 1 /INPUT 1 "reset";
    .port_info 2 /INPUT 1 "en";
    .port_info 3 /INPUT 2 "switch";
    .port_info 4 /INPUT 6 "clock_h";
    .port_info 5 /INPUT 6 "clock_m";
    .port_info 6 /INPUT 6 "clock_s";
    .port_info 7 /INPUT 6 "alarm_h";
    .port_info 8 /INPUT 6 "alarm_m";
    .port_info 9 /INPUT 6 "alarm_s";
    .port_info 10 /INPUT 6 "stopwatch_h";
    .port_info 11 /INPUT 6 "stopwatch_m";
    .port_info 12 /INPUT 6 "stopwatch_s";
    .port_info 13 /INPUT 6 "temp_h";
    .port_info 14 /INPUT 6 "temp_m";
    .port_info 15 /INPUT 6 "temp_s";
    .port_info 16 /OUTPUT 6 "out_h";
    .port_info 17 /OUTPUT 6 "out_m";
    .port_info 18 /OUTPUT 6 "out_s";
v0x55af2676ac60_0 .net *"_ivl_10", 0 0, L_0x55af26786c10;  1 drivers
v0x55af2676ad20_0 .net *"_ivl_12", 17 0, L_0x55af26786d50;  1 drivers
v0x55af2676ae00_0 .net *"_ivl_14", 31 0, L_0x55af26786e30;  1 drivers
L_0x7f5833ff5600 .functor BUFT 1, C4<000000000000000000000000000000>, C4<0>, C4<0>, C4<0>;
v0x55af2676aec0_0 .net *"_ivl_17", 29 0, L_0x7f5833ff5600;  1 drivers
L_0x7f5833ff5648 .functor BUFT 1, C4<00000000000000000000000000000001>, C4<0>, C4<0>, C4<0>;
v0x55af2676afa0_0 .net/2u *"_ivl_18", 31 0, L_0x7f5833ff5648;  1 drivers
v0x55af2676b0d0_0 .net *"_ivl_20", 0 0, L_0x55af26786ed0;  1 drivers
v0x55af2676b190_0 .net *"_ivl_22", 17 0, L_0x55af26787060;  1 drivers
v0x55af2676b270_0 .net *"_ivl_24", 31 0, L_0x55af26787100;  1 drivers
L_0x7f5833ff5690 .functor BUFT 1, C4<000000000000000000000000000000>, C4<0>, C4<0>, C4<0>;
v0x55af2676b350_0 .net *"_ivl_27", 29 0, L_0x7f5833ff5690;  1 drivers
L_0x7f5833ff56d8 .functor BUFT 1, C4<00000000000000000000000000000010>, C4<0>, C4<0>, C4<0>;
v0x55af2676b430_0 .net/2u *"_ivl_28", 31 0, L_0x7f5833ff56d8;  1 drivers
v0x55af2676b510_0 .net *"_ivl_30", 0 0, L_0x55af26787200;  1 drivers
v0x55af2676b5d0_0 .net *"_ivl_32", 17 0, L_0x55af26787340;  1 drivers
v0x55af2676b6b0_0 .net *"_ivl_34", 31 0, L_0x55af26787450;  1 drivers
L_0x7f5833ff5720 .functor BUFT 1, C4<000000000000000000000000000000>, C4<0>, C4<0>, C4<0>;
v0x55af2676b790_0 .net *"_ivl_37", 29 0, L_0x7f5833ff5720;  1 drivers
L_0x7f5833ff5768 .functor BUFT 1, C4<00000000000000000000000000000011>, C4<0>, C4<0>, C4<0>;
v0x55af2676b870_0 .net/2u *"_ivl_38", 31 0, L_0x7f5833ff5768;  1 drivers
v0x55af2676b950_0 .net *"_ivl_4", 31 0, L_0x55af26786b20;  1 drivers
v0x55af2676ba30_0 .net *"_ivl_40", 0 0, L_0x55af26787540;  1 drivers
v0x55af2676bc00_0 .net *"_ivl_42", 17 0, L_0x55af26787700;  1 drivers
L_0x7f5833ff57b0 .functor BUFT 1, C4<000000000000000000>, C4<0>, C4<0>, C4<0>;
v0x55af2676bce0_0 .net/2u *"_ivl_44", 17 0, L_0x7f5833ff57b0;  1 drivers
v0x55af2676bdc0_0 .net *"_ivl_46", 17 0, L_0x55af26787950;  1 drivers
v0x55af2676bea0_0 .net *"_ivl_48", 17 0, L_0x55af26787a80;  1 drivers
v0x55af2676bf80_0 .net *"_ivl_50", 17 0, L_0x55af26787c10;  1 drivers
v0x55af2676c060_0 .net *"_ivl_52", 17 0, L_0x55af26787e40;  1 drivers
L_0x7f5833ff5570 .functor BUFT 1, C4<000000000000000000000000000000>, C4<0>, C4<0>, C4<0>;
v0x55af2676c140_0 .net *"_ivl_7", 29 0, L_0x7f5833ff5570;  1 drivers
L_0x7f5833ff55b8 .functor BUFT 1, C4<00000000000000000000000000000000>, C4<0>, C4<0>, C4<0>;
v0x55af2676c220_0 .net/2u *"_ivl_8", 31 0, L_0x7f5833ff55b8;  1 drivers
v0x55af2676c300_0 .net "alarm_h", 5 0, v0x55af26774000_0;  1 drivers
v0x55af2676c3e0_0 .net "alarm_m", 5 0, v0x55af267740f0_0;  1 drivers
v0x55af2676c4c0_0 .net "alarm_s", 5 0, v0x55af267741e0_0;  1 drivers
v0x55af2676c5a0_0 .net "clk", 0 0, o0x7f583403e1f8;  alias, 0 drivers
v0x55af2676c640_0 .net "clock_h", 5 0, v0x55af2676dc30_0;  alias, 1 drivers
v0x55af2676c6e0_0 .net "clock_m", 5 0, v0x55af2676dd20_0;  alias, 1 drivers
v0x55af2676c780_0 .net "clock_s", 5 0, v0x55af2676de30_0;  alias, 1 drivers
v0x55af2676c820_0 .net "en", 0 0, o0x7f583403ecd8;  alias, 0 drivers
v0x55af2676cad0_0 .net "out_h", 5 0, L_0x55af26786800;  alias, 1 drivers
v0x55af2676cbb0_0 .net "out_m", 5 0, L_0x55af267868f0;  alias, 1 drivers
v0x55af2676cc90_0 .net "out_s", 5 0, L_0x55af26786a30;  alias, 1 drivers
v0x55af2676cd70_0 .net "reset", 0 0, o0x7f583403e2e8;  alias, 0 drivers
v0x55af2676ce40_0 .net "stopwatch_h", 5 0, v0x55af2676f7e0_0;  alias, 1 drivers
v0x55af2676cf00_0 .net "stopwatch_m", 5 0, v0x55af2676f8e0_0;  alias, 1 drivers
v0x55af2676cfe0_0 .net "stopwatch_s", 5 0, v0x55af2676f9b0_0;  alias, 1 drivers
v0x55af2676d0c0_0 .net "switch", 1 0, L_0x55af267866c0;  alias, 1 drivers
v0x55af2676d1a0_0 .net "temp_h", 5 0, v0x55af26774000_0;  alias, 1 drivers
v0x55af2676d290_0 .net "temp_m", 5 0, v0x55af267740f0_0;  alias, 1 drivers
v0x55af2676d360_0 .net "temp_s", 5 0, v0x55af267741e0_0;  alias, 1 drivers
L_0x55af26786800 .part L_0x55af26787e40, 12, 6;
L_0x55af267868f0 .part L_0x55af26787e40, 6, 6;
L_0x55af26786a30 .part L_0x55af26787e40, 0, 6;
L_0x55af26786b20 .concat [ 2 30 0 0], L_0x55af267866c0, L_0x7f5833ff5570;
L_0x55af26786c10 .cmp/eq 32, L_0x55af26786b20, L_0x7f5833ff55b8;
L_0x55af26786d50 .concat [ 6 6 6 0], v0x55af2676de30_0, v0x55af2676dd20_0, v0x55af2676dc30_0;
L_0x55af26786e30 .concat [ 2 30 0 0], L_0x55af267866c0, L_0x7f5833ff5600;
L_0x55af26786ed0 .cmp/eq 32, L_0x55af26786e30, L_0x7f5833ff5648;
L_0x55af26787060 .concat [ 6 6 6 0], v0x55af267741e0_0, v0x55af267740f0_0, v0x55af26774000_0;
L_0x55af26787100 .concat [ 2 30 0 0], L_0x55af267866c0, L_0x7f5833ff5690;
L_0x55af26787200 .cmp/eq 32, L_0x55af26787100, L_0x7f5833ff56d8;
L_0x55af26787340 .concat [ 6 6 6 0], v0x55af2676f9b0_0, v0x55af2676f8e0_0, v0x55af2676f7e0_0;
L_0x55af26787450 .concat [ 2 30 0 0], L_0x55af267866c0, L_0x7f5833ff5720;
L_0x55af26787540 .cmp/eq 32, L_0x55af26787450, L_0x7f5833ff5768;
L_0x55af26787700 .concat [ 6 6 6 0], v0x55af267741e0_0, v0x55af267740f0_0, v0x55af26774000_0;
L_0x55af26787950 .functor MUXZ 18, L_0x7f5833ff57b0, L_0x55af26787700, L_0x55af26787540, C4<>;
L_0x55af26787a80 .functor MUXZ 18, L_0x55af26787950, L_0x55af26787340, L_0x55af26787200, C4<>;
L_0x55af26787c10 .functor MUXZ 18, L_0x55af26787a80, L_0x55af26787060, L_0x55af26786ed0, C4<>;
L_0x55af26787e40 .functor MUXZ 18, L_0x55af26787c10, L_0x55af26786d50, L_0x55af26786c10, C4<>;
S_0x55af2676d710 .scope module, "u_clock" "clock_hms" 2 58, 5 3 0, S_0x55af2674d540;
 .timescale 0 0;
    .port_info 0 /INPUT 1 "clk";
    .port_info 1 /INPUT 1 "reset";
    .port_info 2 /INPUT 1 "en";
    .port_info 3 /INPUT 1 "set";
    .port_info 4 /INPUT 6 "set_h";
    .port_info 5 /INPUT 6 "set_m";
    .port_info 6 /INPUT 6 "set_s";
    .port_info 7 /OUTPUT 6 "out_h";
    .port_info 8 /OUTPUT 6 "out_m";
    .port_info 9 /OUTPUT 6 "out_s";
    .port_info 10 /NODIR 0 "";
P_0x55af2676d8d0 .param/l "max_h" 0 5 4, +C4<00000000000000000000000000001100>;
P_0x55af2676d910 .param/l "max_m" 0 5 5, +C4<00000000000000000000000000010111>;
P_0x55af2676d950 .param/l "max_s" 0 5 6, +C4<00000000000000000000000000101001>;
v0x55af2676a9f0_0 .net "clk", 0 0, o0x7f583403e1f8;  alias, 0 drivers
v0x55af2676db70_0 .net "en", 0 0, L_0x55af26784830;  1 drivers
v0x55af2676dc30_0 .var "out_h", 5 0;
v0x55af2676dd20_0 .var "out_m", 5 0;
v0x55af2676de30_0 .var "out_s", 5 0;
v0x55af2676df90_0 .net "reset", 0 0, o0x7f583403e2e8;  alias, 0 drivers
v0x55af2676e080_0 .net "set", 0 0, v0x55af26772a80_0;  1 drivers
v0x55af2676e140_0 .net "set_h", 5 0, v0x55af267733b0_0;  alias, 1 drivers
v0x55af2676e200_0 .net "set_m", 5 0, v0x55af26773450_0;  alias, 1 drivers
v0x55af2676e2a0_0 .net "set_s", 5 0, v0x55af26773510_0;  alias, 1 drivers
v0x55af2676e340_0 .var "status", 0 0;
S_0x55af2676e580 .scope module, "u_show_bit" "show_bit" 2 159, 6 1 0, S_0x55af2674d540;
 .timescale 0 0;
    .port_info 0 /INPUT 1 "bit";
    .port_info 1 /INPUT 1 "en";
    .port_info 2 /OUTPUT 4 "led";
v0x55af2676e780_0 .net *"_ivl_0", 31 0, L_0x55af26787f80;  1 drivers
L_0x7f5833ff58d0 .functor BUFT 1, C4<1100>, C4<0>, C4<0>, C4<0>;
v0x55af2676e880_0 .net/2u *"_ivl_10", 3 0, L_0x7f5833ff58d0;  1 drivers
v0x55af2676e960_0 .net *"_ivl_12", 3 0, L_0x55af26788200;  1 drivers
L_0x7f5833ff5918 .functor BUFT 1, C4<0000>, C4<0>, C4<0>, C4<0>;
v0x55af2676ea20_0 .net/2u *"_ivl_14", 3 0, L_0x7f5833ff5918;  1 drivers
L_0x7f5833ff57f8 .functor BUFT 1, C4<0000000000000000000000000000000>, C4<0>, C4<0>, C4<0>;
v0x55af2676eb00_0 .net *"_ivl_3", 30 0, L_0x7f5833ff57f8;  1 drivers
L_0x7f5833ff5840 .functor BUFT 1, C4<00000000000000000000000000000000>, C4<0>, C4<0>, C4<0>;
v0x55af2676ec30_0 .net/2u *"_ivl_4", 31 0, L_0x7f5833ff5840;  1 drivers
v0x55af2676ed10_0 .net *"_ivl_6", 0 0, L_0x55af267880c0;  1 drivers
L_0x7f5833ff5888 .functor BUFT 1, C4<0011>, C4<0>, C4<0>, C4<0>;
v0x55af2676edd0_0 .net/2u *"_ivl_8", 3 0, L_0x7f5833ff5888;  1 drivers
v0x55af2676eeb0_0 .net "bit", 0 0, v0x55af26772660_0;  1 drivers
v0x55af2676ef70_0 .net "en", 0 0, L_0x55af267873e0;  1 drivers
v0x55af2676f030_0 .net "led", 3 0, L_0x55af26788390;  alias, 1 drivers
L_0x55af26787f80 .concat [ 1 31 0 0], v0x55af26772660_0, L_0x7f5833ff57f8;
L_0x55af267880c0 .cmp/eq 32, L_0x55af26787f80, L_0x7f5833ff5840;
L_0x55af26788200 .functor MUXZ 4, L_0x7f5833ff58d0, L_0x7f5833ff5888, L_0x55af267880c0, C4<>;
L_0x55af26788390 .functor MUXZ 4, L_0x7f5833ff5918, L_0x55af26788200, L_0x55af267873e0, C4<>;
S_0x55af2676f190 .scope module, "u_stop" "stopwatch" 2 82, 7 3 0, S_0x55af2674d540;
 .timescale 0 0;
    .port_info 0 /INPUT 1 "clk";
    .port_info 1 /INPUT 1 "reset";
    .port_info 2 /INPUT 1 "en";
    .port_info 3 /INPUT 1 "set";
    .port_info 4 /INPUT 1 "pause_resume";
    .port_info 5 /OUTPUT 6 "out_h";
    .port_info 6 /OUTPUT 6 "out_m";
    .port_info 7 /OUTPUT 6 "out_s";
P_0x55af2676f370 .param/l "max_h" 0 7 4, +C4<00000000000000000000000000001100>;
P_0x55af2676f3b0 .param/l "max_m" 0 7 5, +C4<00000000000000000000000000010111>;
P_0x55af2676f3f0 .param/l "max_s" 0 7 6, +C4<00000000000000000000000000101001>;
v0x55af2676f650_0 .net "clk", 0 0, o0x7f583403e1f8;  alias, 0 drivers
v0x55af2676f6f0_0 .net "en", 0 0, o0x7f583403ecd8;  alias, 0 drivers
v0x55af2676f7e0_0 .var "out_h", 5 0;
v0x55af2676f8e0_0 .var "out_m", 5 0;
v0x55af2676f9b0_0 .var "out_s", 5 0;
v0x55af2676faa0_0 .net "pause_resume", 0 0, L_0x55af2674e240;  alias, 1 drivers
v0x55af2676fb40_0 .net "reset", 0 0, o0x7f583403e2e8;  alias, 0 drivers
v0x55af2676fbe0_0 .net "set", 0 0, L_0x55af2674d3a0;  alias, 1 drivers
v0x55af2676fc80_0 .var "status", 0 0;
    .scope S_0x55af2676d710;
T_0 ;
    %wait E_0x55af26706580;
    %load/vec4 v0x55af2676df90_0;
    %flag_set/vec4 8;
    %jmp/0xz  T_0.0, 8;
    %pushi/vec4 8, 0, 6;
    %assign/vec4 v0x55af2676dc30_0, 0;
    %pushi/vec4 0, 0, 6;
    %assign/vec4 v0x55af2676dd20_0, 0;
    %pushi/vec4 0, 0, 6;
    %assign/vec4 v0x55af2676de30_0, 0;
    %jmp T_0.1;
T_0.0 ;
    %load/vec4 v0x55af2676e080_0;
    %assign/vec4 v0x55af2676e340_0, 0;
    %load/vec4 v0x55af2676e340_0;
    %dup/vec4;
    %pushi/vec4 0, 0, 1;
    %cmp/u;
    %jmp/1 T_0.2, 6;
    %dup/vec4;
    %pushi/vec4 1, 0, 1;
    %cmp/u;
    %jmp/1 T_0.3, 6;
    %load/vec4 v0x55af2676dc30_0;
    %assign/vec4 v0x55af2676dc30_0, 0;
    %load/vec4 v0x55af2676dd20_0;
    %assign/vec4 v0x55af2676dd20_0, 0;
    %load/vec4 v0x55af2676de30_0;
    %assign/vec4 v0x55af2676de30_0, 0;
    %jmp T_0.5;
T_0.2 ;
    %load/vec4 v0x55af2676de30_0;
    %pad/u 32;
    %cmpi/e 40, 0, 32;
    %jmp/0xz  T_0.6, 4;
    %pushi/vec4 0, 0, 6;
    %assign/vec4 v0x55af2676de30_0, 0;
    %load/vec4 v0x55af2676dd20_0;
    %pad/u 32;
    %cmpi/e 22, 0, 32;
    %jmp/0xz  T_0.8, 4;
    %pushi/vec4 0, 0, 6;
    %assign/vec4 v0x55af2676dd20_0, 0;
    %load/vec4 v0x55af2676dc30_0;
    %pad/u 32;
    %cmpi/e 11, 0, 32;
    %jmp/0xz  T_0.10, 4;
    %pushi/vec4 0, 0, 6;
    %assign/vec4 v0x55af2676dc30_0, 0;
    %jmp T_0.11;
T_0.10 ;
    %load/vec4 v0x55af2676dc30_0;
    %addi 1, 0, 6;
    %assign/vec4 v0x55af2676dc30_0, 0;
T_0.11 ;
    %jmp T_0.9;
T_0.8 ;
    %load/vec4 v0x55af2676dd20_0;
    %addi 1, 0, 6;
    %assign/vec4 v0x55af2676dd20_0, 0;
T_0.9 ;
    %jmp T_0.7;
T_0.6 ;
    %load/vec4 v0x55af2676de30_0;
    %addi 1, 0, 6;
    %assign/vec4 v0x55af2676de30_0, 0;
T_0.7 ;
    %jmp T_0.5;
T_0.3 ;
    %load/vec4 v0x55af2676db70_0;
    %flag_set/vec4 8;
    %jmp/0xz  T_0.12, 8;
    %load/vec4 v0x55af2676e2a0_0;
    %assign/vec4 v0x55af2676de30_0, 0;
    %load/vec4 v0x55af2676e200_0;
    %assign/vec4 v0x55af2676dd20_0, 0;
    %load/vec4 v0x55af2676e140_0;
    %assign/vec4 v0x55af2676dc30_0, 0;
    %pushi/vec4 0, 0, 1;
    %assign/vec4 v0x55af2676e340_0, 0;
    %jmp T_0.13;
T_0.12 ;
    %load/vec4 v0x55af2676dc30_0;
    %assign/vec4 v0x55af2676dc30_0, 0;
    %load/vec4 v0x55af2676dd20_0;
    %assign/vec4 v0x55af2676dd20_0, 0;
    %load/vec4 v0x55af2676de30_0;
    %assign/vec4 v0x55af2676de30_0, 0;
T_0.13 ;
    %jmp T_0.5;
T_0.5 ;
    %pop/vec4 1;
T_0.1 ;
    %jmp T_0;
    .thread T_0;
    .scope S_0x55af2676f190;
T_1 ;
    %wait E_0x55af26706580;
    %load/vec4 v0x55af2676fb40_0;
    %flag_set/vec4 8;
    %jmp/0xz  T_1.0, 8;
    %pushi/vec4 0, 0, 18;
    %split/vec4 6;
    %assign/vec4 v0x55af2676f9b0_0, 0;
    %split/vec4 6;
    %assign/vec4 v0x55af2676f8e0_0, 0;
    %assign/vec4 v0x55af2676f7e0_0, 0;
    %pushi/vec4 0, 0, 1;
    %assign/vec4 v0x55af2676fc80_0, 0;
    %jmp T_1.1;
T_1.0 ;
    %load/vec4 v0x55af2676fbe0_0;
    %flag_set/vec4 8;
    %jmp/0xz  T_1.2, 8;
    %pushi/vec4 0, 0, 1;
    %assign/vec4 v0x55af2676fc80_0, 0;
    %pushi/vec4 0, 0, 18;
    %split/vec4 6;
    %assign/vec4 v0x55af2676f9b0_0, 0;
    %split/vec4 6;
    %assign/vec4 v0x55af2676f8e0_0, 0;
    %assign/vec4 v0x55af2676f7e0_0, 0;
    %jmp T_1.3;
T_1.2 ;
    %load/vec4 v0x55af2676fc80_0;
    %dup/vec4;
    %pushi/vec4 0, 0, 1;
    %cmp/u;
    %jmp/1 T_1.4, 6;
    %dup/vec4;
    %pushi/vec4 1, 0, 1;
    %cmp/u;
    %jmp/1 T_1.5, 6;
    %pushi/vec4 0, 0, 1;
    %assign/vec4 v0x55af2676fc80_0, 0;
    %pushi/vec4 0, 0, 18;
    %split/vec4 6;
    %assign/vec4 v0x55af2676f9b0_0, 0;
    %split/vec4 6;
    %assign/vec4 v0x55af2676f8e0_0, 0;
    %assign/vec4 v0x55af2676f7e0_0, 0;
    %jmp T_1.7;
T_1.4 ;
    %load/vec4 v0x55af2676faa0_0;
    %flag_set/vec4 8;
    %jmp/0xz  T_1.8, 8;
    %pushi/vec4 1, 0, 1;
    %assign/vec4 v0x55af2676fc80_0, 0;
    %jmp T_1.9;
T_1.8 ;
    %load/vec4 v0x55af2676f7e0_0;
    %load/vec4 v0x55af2676f8e0_0;
    %concat/vec4; draw_concat_vec4
    %load/vec4 v0x55af2676f9b0_0;
    %concat/vec4; draw_concat_vec4
    %split/vec4 6;
    %assign/vec4 v0x55af2676f9b0_0, 0;
    %split/vec4 6;
    %assign/vec4 v0x55af2676f8e0_0, 0;
    %assign/vec4 v0x55af2676f7e0_0, 0;
T_1.9 ;
    %jmp T_1.7;
T_1.5 ;
    %load/vec4 v0x55af2676faa0_0;
    %flag_set/vec4 8;
    %jmp/0xz  T_1.10, 8;
    %pushi/vec4 0, 0, 1;
    %assign/vec4 v0x55af2676fc80_0, 0;
    %jmp T_1.11;
T_1.10 ;
    %load/vec4 v0x55af2676f9b0_0;
    %pad/u 32;
    %cmpi/e 40, 0, 32;
    %jmp/0xz  T_1.12, 4;
    %pushi/vec4 0, 0, 6;
    %assign/vec4 v0x55af2676f9b0_0, 0;
    %load/vec4 v0x55af2676f8e0_0;
    %pad/u 32;
    %cmpi/e 22, 0, 32;
    %jmp/0xz  T_1.14, 4;
    %pushi/vec4 0, 0, 6;
    %assign/vec4 v0x55af2676f8e0_0, 0;
    %load/vec4 v0x55af2676f7e0_0;
    %pad/u 32;
    %cmpi/e 11, 0, 32;
    %jmp/0xz  T_1.16, 4;
    %pushi/vec4 0, 0, 6;
    %assign/vec4 v0x55af2676f7e0_0, 0;
    %jmp T_1.17;
T_1.16 ;
    %load/vec4 v0x55af2676f7e0_0;
    %addi 1, 0, 6;
    %assign/vec4 v0x55af2676f7e0_0, 0;
T_1.17 ;
    %jmp T_1.15;
T_1.14 ;
    %load/vec4 v0x55af2676f8e0_0;
    %addi 1, 0, 6;
    %assign/vec4 v0x55af2676f8e0_0, 0;
T_1.15 ;
    %jmp T_1.13;
T_1.12 ;
    %load/vec4 v0x55af2676f9b0_0;
    %addi 1, 0, 6;
    %assign/vec4 v0x55af2676f9b0_0, 0;
T_1.13 ;
T_1.11 ;
    %jmp T_1.7;
T_1.7 ;
    %pop/vec4 1;
T_1.3 ;
T_1.1 ;
    %jmp T_1;
    .thread T_1;
    .scope S_0x55af26711e30;
T_2 ;
    %wait E_0x55af26706580;
    %load/vec4 v0x55af26769d10_0;
    %flag_set/vec4 8;
    %jmp/0xz  T_2.0, 8;
    %pushi/vec4 8, 0, 6;
    %assign/vec4 v0x55af26769dd0_0, 0;
    %pushi/vec4 0, 0, 6;
    %assign/vec4 v0x55af26769fc0_0, 0;
    %pushi/vec4 0, 0, 6;
    %assign/vec4 v0x55af2676a0a0_0, 0;
    %pushi/vec4 0, 0, 1;
    %assign/vec4 v0x55af26769770_0, 0;
    %jmp T_2.1;
T_2.0 ;
    %load/vec4 v0x55af2676a4e0_0;
    %dup/vec4;
    %pushi/vec4 0, 0, 1;
    %cmp/u;
    %jmp/1 T_2.2, 6;
    %dup/vec4;
    %pushi/vec4 1, 0, 1;
    %cmp/u;
    %jmp/1 T_2.3, 6;
    %load/vec4 v0x55af26769dd0_0;
    %assign/vec4 v0x55af26769dd0_0, 0;
    %load/vec4 v0x55af26769fc0_0;
    %assign/vec4 v0x55af26769fc0_0, 0;
    %load/vec4 v0x55af2676a0a0_0;
    %assign/vec4 v0x55af2676a0a0_0, 0;
    %jmp T_2.5;
T_2.2 ;
    %load/vec4 v0x55af26769770_0;
    %pad/u 32;
    %cmpi/e 0, 0, 32;
    %jmp/0xz  T_2.6, 4;
    %load/vec4 v0x55af2676a5a0_0;
    %flag_set/vec4 8;
    %jmp/0xz  T_2.8, 8;
    %pushi/vec4 1, 0, 1;
    %assign/vec4 v0x55af26769770_0, 0;
    %jmp T_2.9;
T_2.8 ;
    %load/vec4 v0x55af26769770_0;
    %assign/vec4 v0x55af26769770_0, 0;
T_2.9 ;
    %jmp T_2.7;
T_2.6 ;
    %load/vec4 v0x55af26769830_0;
    %flag_set/vec4 8;
    %jmp/0xz  T_2.10, 8;
    %pushi/vec4 0, 0, 1;
    %assign/vec4 v0x55af26769770_0, 0;
    %jmp T_2.11;
T_2.10 ;
    %load/vec4 v0x55af26769770_0;
    %assign/vec4 v0x55af26769770_0, 0;
T_2.11 ;
T_2.7 ;
    %jmp T_2.5;
T_2.3 ;
    %load/vec4 v0x55af267699b0_0;
    %flag_set/vec4 8;
    %jmp/0xz  T_2.12, 8;
    %load/vec4 v0x55af2676a240_0;
    %assign/vec4 v0x55af26769dd0_0, 0;
    %load/vec4 v0x55af2676a320_0;
    %assign/vec4 v0x55af26769fc0_0, 0;
    %load/vec4 v0x55af2676a400_0;
    %assign/vec4 v0x55af2676a0a0_0, 0;
    %jmp T_2.13;
T_2.12 ;
    %load/vec4 v0x55af26769dd0_0;
    %load/vec4 v0x55af26769fc0_0;
    %concat/vec4; draw_concat_vec4
    %load/vec4 v0x55af2676a0a0_0;
    %concat/vec4; draw_concat_vec4
    %split/vec4 6;
    %assign/vec4 v0x55af2676a0a0_0, 0;
    %split/vec4 6;
    %assign/vec4 v0x55af26769fc0_0, 0;
    %assign/vec4 v0x55af26769dd0_0, 0;
T_2.13 ;
    %jmp T_2.5;
T_2.5 ;
    %pop/vec4 1;
T_2.1 ;
    %jmp T_2;
    .thread T_2;
    .scope S_0x55af2674d540;
T_3 ;
    %wait E_0x55af26706580;
    %load/vec4 v0x55af267730a0_0;
    %flag_set/vec4 8;
    %jmp/0xz  T_3.0, 8;
    %pushi/vec4 0, 0, 18;
    %split/vec4 6;
    %assign/vec4 v0x55af267741e0_0, 0;
    %split/vec4 6;
    %assign/vec4 v0x55af267740f0_0, 0;
    %assign/vec4 v0x55af26774000_0, 0;
    %pushi/vec4 0, 0, 18;
    %split/vec4 6;
    %assign/vec4 v0x55af26773510_0, 0;
    %split/vec4 6;
    %assign/vec4 v0x55af26773450_0, 0;
    %assign/vec4 v0x55af267733b0_0, 0;
    %pushi/vec4 0, 0, 1;
    %assign/vec4 v0x55af26772a80_0, 0;
    %pushi/vec4 0, 0, 1;
    %assign/vec4 v0x55af267722d0_0, 0;
    %pushi/vec4 0, 0, 1;
    %assign/vec4 v0x55af26773a30_0, 0;
    %jmp T_3.1;
T_3.0 ;
    %load/vec4 v0x55af26772b50_0;
    %nor/r;
    %flag_set/vec4 8;
    %jmp/0xz  T_3.2, 8;
    %pushi/vec4 0, 0, 18;
    %split/vec4 6;
    %assign/vec4 v0x55af267741e0_0, 0;
    %split/vec4 6;
    %assign/vec4 v0x55af267740f0_0, 0;
    %assign/vec4 v0x55af26774000_0, 0;
    %pushi/vec4 0, 0, 18;
    %split/vec4 6;
    %assign/vec4 v0x55af26773510_0, 0;
    %split/vec4 6;
    %assign/vec4 v0x55af26773450_0, 0;
    %assign/vec4 v0x55af267733b0_0, 0;
    %jmp T_3.3;
T_3.2 ;
    %load/vec4 v0x55af26773a30_0;
    %pad/u 32;
    %cmpi/e 0, 0, 32;
    %jmp/0xz  T_3.4, 4;
    %load/vec4 v0x55af26772d30_0;
    %dup/vec4;
    %pushi/vec4 0, 0, 2;
    %cmp/u;
    %jmp/1 T_3.6, 6;
    %dup/vec4;
    %pushi/vec4 1, 0, 2;
    %cmp/u;
    %jmp/1 T_3.7, 6;
    %dup/vec4;
    %pushi/vec4 3, 0, 2;
    %cmp/u;
    %jmp/1 T_3.8, 6;
    %load/vec4 v0x55af267728a0_0;
    %load/vec4 v0x55af26772940_0;
    %concat/vec4; draw_concat_vec4
    %load/vec4 v0x55af267729e0_0;
    %concat/vec4; draw_concat_vec4
    %split/vec4 6;
    %assign/vec4 v0x55af267741e0_0, 0;
    %split/vec4 6;
    %assign/vec4 v0x55af267740f0_0, 0;
    %assign/vec4 v0x55af26774000_0, 0;
    %pushi/vec4 0, 0, 18;
    %split/vec4 6;
    %assign/vec4 v0x55af26773510_0, 0;
    %split/vec4 6;
    %assign/vec4 v0x55af26773450_0, 0;
    %assign/vec4 v0x55af267733b0_0, 0;
    %jmp T_3.10;
T_3.6 ;
    %load/vec4 v0x55af267728a0_0;
    %load/vec4 v0x55af26772940_0;
    %concat/vec4; draw_concat_vec4
    %load/vec4 v0x55af267729e0_0;
    %concat/vec4; draw_concat_vec4
    %split/vec4 6;
    %assign/vec4 v0x55af267741e0_0, 0;
    %split/vec4 6;
    %assign/vec4 v0x55af267740f0_0, 0;
    %assign/vec4 v0x55af26774000_0, 0;
    %jmp T_3.10;
T_3.7 ;
    %pushi/vec4 0, 0, 6;
    %assign/vec4 v0x55af267741e0_0, 0;
    %load/vec4 v0x55af267742f0_0;
    %flag_set/vec4 8;
    %jmp/0xz  T_3.11, 8;
    %load/vec4 v0x55af26772660_0;
    %pad/u 32;
    %cmpi/e 0, 0, 32;
    %jmp/0xz  T_3.13, 4;
    %load/vec4 v0x55af267740f0_0;
    %pad/u 32;
    %cmpi/e 22, 0, 32;
    %jmp/0xz  T_3.15, 4;
    %pushi/vec4 0, 0, 6;
    %assign/vec4 v0x55af267740f0_0, 0;
    %jmp T_3.16;
T_3.15 ;
    %load/vec4 v0x55af267740f0_0;
    %addi 1, 0, 6;
    %assign/vec4 v0x55af267740f0_0, 0;
T_3.16 ;
    %jmp T_3.14;
T_3.13 ;
    %load/vec4 v0x55af26774000_0;
    %pad/u 32;
    %cmpi/e 11, 0, 32;
    %jmp/0xz  T_3.17, 4;
    %pushi/vec4 0, 0, 6;
    %assign/vec4 v0x55af26774000_0, 0;
    %jmp T_3.18;
T_3.17 ;
    %load/vec4 v0x55af26774000_0;
    %addi 1, 0, 6;
    %assign/vec4 v0x55af26774000_0, 0;
T_3.18 ;
T_3.14 ;
    %jmp T_3.12;
T_3.11 ;
    %load/vec4 v0x55af26774470_0;
    %flag_set/vec4 8;
    %jmp/0xz  T_3.19, 8;
    %load/vec4 v0x55af26772660_0;
    %pad/u 32;
    %cmpi/e 0, 0, 32;
    %jmp/0xz  T_3.21, 4;
    %load/vec4 v0x55af267740f0_0;
    %pad/u 32;
    %cmpi/e 0, 0, 32;
    %jmp/0xz  T_3.23, 4;
    %pushi/vec4 22, 0, 6;
    %assign/vec4 v0x55af267740f0_0, 0;
    %jmp T_3.24;
T_3.23 ;
    %load/vec4 v0x55af267740f0_0;
    %subi 1, 0, 6;
    %assign/vec4 v0x55af267740f0_0, 0;
T_3.24 ;
    %jmp T_3.22;
T_3.21 ;
    %load/vec4 v0x55af26774000_0;
    %pad/u 32;
    %cmpi/e 11, 0, 32;
    %jmp/0xz  T_3.25, 4;
    %pushi/vec4 11, 0, 6;
    %assign/vec4 v0x55af26774000_0, 0;
    %jmp T_3.26;
T_3.25 ;
    %load/vec4 v0x55af26774000_0;
    %subi 1, 0, 6;
    %assign/vec4 v0x55af26774000_0, 0;
T_3.26 ;
T_3.22 ;
    %jmp T_3.20;
T_3.19 ;
    %load/vec4 v0x55af267743b0_0;
    %flag_set/vec4 8;
    %jmp/0xz  T_3.27, 8;
    %load/vec4 v0x55af26774000_0;
    %load/vec4 v0x55af267740f0_0;
    %concat/vec4; draw_concat_vec4
    %load/vec4 v0x55af267741e0_0;
    %concat/vec4; draw_concat_vec4
    %split/vec4 6;
    %assign/vec4 v0x55af26773510_0, 0;
    %split/vec4 6;
    %assign/vec4 v0x55af26773450_0, 0;
    %assign/vec4 v0x55af267733b0_0, 0;
    %pushi/vec4 1, 0, 1;
    %assign/vec4 v0x55af26772a80_0, 0;
    %pushi/vec4 1, 0, 1;
    %assign/vec4 v0x55af26773a30_0, 0;
T_3.27 ;
T_3.20 ;
T_3.12 ;
    %jmp T_3.10;
T_3.8 ;
    %load/vec4 v0x55af267722d0_0;
    %pad/u 32;
    %cmpi/e 0, 0, 32;
    %jmp/0xz  T_3.29, 4;
    %load/vec4 v0x55af26773140_0;
    %load/vec4 v0x55af26773210_0;
    %concat/vec4; draw_concat_vec4
    %load/vec4 v0x55af267732e0_0;
    %concat/vec4; draw_concat_vec4
    %split/vec4 6;
    %assign/vec4 v0x55af267741e0_0, 0;
    %split/vec4 6;
    %assign/vec4 v0x55af267740f0_0, 0;
    %assign/vec4 v0x55af26774000_0, 0;
    %pushi/vec4 1, 0, 1;
    %assign/vec4 v0x55af267722d0_0, 0;
    %jmp T_3.30;
T_3.29 ;
    %load/vec4 v0x55af267742f0_0;
    %flag_set/vec4 8;
    %jmp/0xz  T_3.31, 8;
    %load/vec4 v0x55af26772660_0;
    %pad/u 32;
    %cmpi/e 0, 0, 32;
    %jmp/0xz  T_3.33, 4;
    %load/vec4 v0x55af267740f0_0;
    %pad/u 32;
    %cmpi/e 22, 0, 32;
    %jmp/0xz  T_3.35, 4;
    %pushi/vec4 0, 0, 6;
    %assign/vec4 v0x55af267740f0_0, 0;
    %jmp T_3.36;
T_3.35 ;
    %load/vec4 v0x55af267740f0_0;
    %addi 1, 0, 6;
    %assign/vec4 v0x55af267740f0_0, 0;
T_3.36 ;
    %jmp T_3.34;
T_3.33 ;
    %load/vec4 v0x55af26774000_0;
    %pad/u 32;
    %cmpi/e 11, 0, 32;
    %jmp/0xz  T_3.37, 4;
    %pushi/vec4 0, 0, 6;
    %assign/vec4 v0x55af26774000_0, 0;
    %jmp T_3.38;
T_3.37 ;
    %load/vec4 v0x55af26774000_0;
    %addi 1, 0, 6;
    %assign/vec4 v0x55af26774000_0, 0;
T_3.38 ;
T_3.34 ;
    %jmp T_3.32;
T_3.31 ;
    %load/vec4 v0x55af26774470_0;
    %flag_set/vec4 8;
    %jmp/0xz  T_3.39, 8;
    %load/vec4 v0x55af26772660_0;
    %pad/u 32;
    %cmpi/e 0, 0, 32;
    %jmp/0xz  T_3.41, 4;
    %load/vec4 v0x55af267740f0_0;
    %pad/u 32;
    %cmpi/e 0, 0, 32;
    %jmp/0xz  T_3.43, 4;
    %pushi/vec4 22, 0, 6;
    %assign/vec4 v0x55af267740f0_0, 0;
    %jmp T_3.44;
T_3.43 ;
    %load/vec4 v0x55af267740f0_0;
    %subi 1, 0, 6;
    %assign/vec4 v0x55af267740f0_0, 0;
T_3.44 ;
    %jmp T_3.42;
T_3.41 ;
    %load/vec4 v0x55af26774000_0;
    %pad/u 32;
    %cmpi/e 11, 0, 32;
    %jmp/0xz  T_3.45, 4;
    %pushi/vec4 11, 0, 6;
    %assign/vec4 v0x55af26774000_0, 0;
    %jmp T_3.46;
T_3.45 ;
    %load/vec4 v0x55af26774000_0;
    %subi 1, 0, 6;
    %assign/vec4 v0x55af26774000_0, 0;
T_3.46 ;
T_3.42 ;
    %jmp T_3.40;
T_3.39 ;
    %load/vec4 v0x55af267743b0_0;
    %flag_set/vec4 8;
    %jmp/0xz  T_3.47, 8;
    %load/vec4 v0x55af26774000_0;
    %load/vec4 v0x55af267740f0_0;
    %concat/vec4; draw_concat_vec4
    %load/vec4 v0x55af267741e0_0;
    %concat/vec4; draw_concat_vec4
    %split/vec4 6;
    %assign/vec4 v0x55af26773510_0, 0;
    %split/vec4 6;
    %assign/vec4 v0x55af26773450_0, 0;
    %assign/vec4 v0x55af267733b0_0, 0;
    %pushi/vec4 1, 0, 1;
    %assign/vec4 v0x55af26772450_0, 0;
    %pushi/vec4 0, 0, 1;
    %assign/vec4 v0x55af267722d0_0, 0;
    %pushi/vec4 1, 0, 1;
    %assign/vec4 v0x55af26773a30_0, 0;
T_3.47 ;
T_3.40 ;
T_3.32 ;
T_3.30 ;
    %jmp T_3.10;
T_3.10 ;
    %pop/vec4 1;
    %jmp T_3.5;
T_3.4 ;
    %pushi/vec4 0, 0, 1;
    %assign/vec4 v0x55af26772a80_0, 0;
    %pushi/vec4 0, 0, 1;
    %assign/vec4 v0x55af26773a30_0, 0;
T_3.5 ;
T_3.3 ;
T_3.1 ;
    %jmp T_3;
    .thread T_3;
    .scope S_0x55af2674d540;
T_4 ;
    %wait E_0x55af26706580;
    %load/vec4 v0x55af267730a0_0;
    %flag_set/vec4 8;
    %jmp/0xz  T_4.0, 8;
    %pushi/vec4 0, 0, 2;
    %assign/vec4 v0x55af26772d30_0, 0;
    %jmp T_4.1;
T_4.0 ;
    %load/vec4 v0x55af26772b50_0;
    %nor/r;
    %flag_set/vec4 8;
    %jmp/0xz  T_4.2, 8;
    %pushi/vec4 0, 0, 2;
    %assign/vec4 v0x55af26772d30_0, 0;
    %jmp T_4.3;
T_4.2 ;
    %load/vec4 v0x55af26772c90_0;
    %flag_set/vec4 8;
    %jmp/0xz  T_4.4, 8;
    %load/vec4 v0x55af26772d30_0;
    %addi 1, 0, 2;
    %assign/vec4 v0x55af26772d30_0, 0;
    %jmp T_4.5;
T_4.4 ;
    %load/vec4 v0x55af26772d30_0;
    %assign/vec4 v0x55af26772d30_0, 0;
T_4.5 ;
    %load/vec4 v0x55af267725c0_0;
    %flag_set/vec4 8;
    %jmp/0xz  T_4.6, 8;
    %load/vec4 v0x55af267725c0_0;
    %pad/u 2;
    %addi 1, 0, 2;
    %pad/u 1;
    %assign/vec4 v0x55af26772660_0, 0;
    %jmp T_4.7;
T_4.6 ;
    %load/vec4 v0x55af26772660_0;
    %assign/vec4 v0x55af26772660_0, 0;
T_4.7 ;
T_4.3 ;
T_4.1 ;
    %jmp T_4;
    .thread T_4;
# The file index is used to find the file name in the following table.
:file_names 8;
    "N/A";
    "<interactive>";
    "ctrl.v";
    "./alarm.v";
    "./display_choose.v";
    "./clock_hms.v";
    "./show_bit.v";
    "./stopwatch.v";
