#! /usr/bin/vvp
:ivl_version "11.0 (stable)" "(v11_0)";
:ivl_delay_selection "TYPICAL";
:vpi_time_precision + 0;
:vpi_module "/usr/lib/ivl/system.vpi";
:vpi_module "/usr/lib/ivl/vhdl_sys.vpi";
:vpi_module "/usr/lib/ivl/vhdl_textio.vpi";
:vpi_module "/usr/lib/ivl/v2005_math.vpi";
:vpi_module "/usr/lib/ivl/va_math.vpi";
S_0x55efaad16d50 .scope module, "top" "top" 2 13;
 .timescale 0 0;
    .port_info 0 /INPUT 1 "CLOCK_50";
    .port_info 1 /INPUT 8 "KEY";
    .port_info 2 /INPUT 18 "SW";
    .port_info 3 /OUTPUT 18 "LEDR";
    .port_info 4 /OUTPUT 7 "HEX7";
    .port_info 5 /OUTPUT 7 "HEX6";
    .port_info 6 /OUTPUT 7 "HEX5";
    .port_info 7 /OUTPUT 7 "HEX4";
    .port_info 8 /OUTPUT 7 "HEX3";
    .port_info 9 /OUTPUT 7 "HEX2";
    .port_info 10 /OUTPUT 7 "HEX1";
    .port_info 11 /OUTPUT 7 "HEX0";
P_0x55efaacf1560 .param/l "max_h" 0 2 14, +C4<00000000000000000000000000001100>;
P_0x55efaacf15a0 .param/l "max_m" 0 2 15, +C4<00000000000000000000000000010111>;
P_0x55efaacf15e0 .param/l "max_s" 0 2 16, +C4<00000000000000000000000000101001>;
L_0x55efaad0f890 .functor NOT 1, L_0x55efaad4c010, C4<0>, C4<0>, C4<0>;
L_0x55efaad4c1a0 .functor NOT 1, L_0x55efaad4c0b0, C4<0>, C4<0>, C4<0>;
L_0x55efaad4c350 .functor NOT 1, L_0x55efaad4c2b0, C4<0>, C4<0>, C4<0>;
L_0x55efaad4c5d0 .functor NOT 1, L_0x55efaad4c460, C4<0>, C4<0>, C4<0>;
L_0x55efaad4caa0 .functor BUFZ 4, L_0x55efaad60af0, C4<0000>, C4<0000>, C4<0000>;
o0x7fb578d05498 .functor BUFZ 1, C4<z>; HiZ drive
v0x55efaad49f20_0 .net "CLOCK_50", 0 0, o0x7fb578d05498;  0 drivers
v0x55efaad49fc0_0 .net "HEX0", 6 0, v0x55efaacf5a90_0;  1 drivers
v0x55efaad4a060_0 .net "HEX1", 6 0, v0x55efaacea130_0;  1 drivers
v0x55efaad4a130_0 .net "HEX2", 6 0, L_0x55efaad619c0;  1 drivers
v0x55efaad4a220_0 .net "HEX3", 6 0, L_0x55efaad61920;  1 drivers
v0x55efaad4a360_0 .net "HEX4", 6 0, L_0x55efaad61880;  1 drivers
v0x55efaad4a470_0 .net "HEX5", 6 0, L_0x55efaad617e0;  1 drivers
v0x55efaad4a580_0 .net "HEX6", 6 0, L_0x55efaad61740;  1 drivers
v0x55efaad4a690_0 .net "HEX7", 6 0, L_0x55efaad616a0;  1 drivers
o0x7fb578d05588 .functor BUFZ 8, C4<zzzzzzzz>; HiZ drive
v0x55efaad4a750_0 .net "KEY", 7 0, o0x7fb578d05588;  0 drivers
v0x55efaad4a830_0 .net "LEDR", 17 0, L_0x55efaad61a60;  1 drivers
o0x7fb578d055e8 .functor BUFZ 18, C4<zzzzzzzzzzzzzzzzzz>; HiZ drive
v0x55efaad4a910_0 .net "SW", 17 0, o0x7fb578d055e8;  0 drivers
v0x55efaad4a9f0_0 .net *"_ivl_13", 0 0, L_0x55efaad4c2b0;  1 drivers
v0x55efaad4aad0_0 .net *"_ivl_17", 0 0, L_0x55efaad4c460;  1 drivers
v0x55efaad4abb0_0 .net *"_ivl_24", 1 0, L_0x55efaad4c900;  1 drivers
v0x55efaad4ac90_0 .net *"_ivl_26", 1 0, L_0x55efaad4c9a0;  1 drivers
v0x55efaad4ad70_0 .net *"_ivl_32", 3 0, L_0x55efaad4caa0;  1 drivers
L_0x7fb578cb9a80 .functor BUFT 1, C4<zzzzzzzzzzzz>, C4<0>, C4<0>, C4<0>;
v0x55efaad4af60_0 .net *"_ivl_35", 11 0, L_0x7fb578cb9a80;  1 drivers
o0x7fb578d05738 .functor BUFZ 2, C4<zz>; HiZ drive
; Elide local net with no drivers, v0x55efaad4b040_0 name=_ivl_37
v0x55efaad4b120_0 .net *"_ivl_5", 0 0, L_0x55efaad4c010;  1 drivers
v0x55efaad4b200_0 .net *"_ivl_9", 0 0, L_0x55efaad4c0b0;  1 drivers
o0x7fb578d02078 .functor BUFZ 1, C4<z>; HiZ drive
v0x55efaad4b2e0_0 .net "alarm_on", 0 0, o0x7fb578d02078;  0 drivers
v0x55efaad4b3d0_0 .net "alarming", 0 0, v0x55efaad37a50_0;  1 drivers
v0x55efaad4b470_0 .net "bit_choose", 0 0, L_0x55efaad4c1a0;  1 drivers
v0x55efaad4b510_0 .net "clear", 0 0, L_0x55efaad4c780;  1 drivers
v0x55efaad4b600_0 .net "clk", 0 0, v0x55efaad49d10_0;  1 drivers
v0x55efaad4b6a0_0 .net "en", 0 0, L_0x55efaad4bf70;  1 drivers
v0x55efaad4b740_0 .net "led", 3 0, L_0x55efaad60af0;  1 drivers
v0x55efaad4b7e0_0 .net "mod_choose", 0 0, L_0x55efaad0f890;  1 drivers
v0x55efaad4b880_0 .net "out_h", 5 0, L_0x55efaad5edb0;  1 drivers
v0x55efaad4b920_0 .net "out_m", 5 0, L_0x55efaad5ee50;  1 drivers
v0x55efaad4b9e0_0 .net "out_s", 5 0, L_0x55efaad5ef40;  1 drivers
v0x55efaad4bb30_0 .net "reset", 0 0, L_0x55efaad4bed0;  1 drivers
v0x55efaad4bbd0_0 .net "val_add", 0 0, L_0x55efaad4c350;  1 drivers
v0x55efaad4bc70_0 .net "val_set", 0 0, L_0x55efaad4c690;  1 drivers
v0x55efaad4bd10_0 .net "val_sub", 0 0, L_0x55efaad4c5d0;  1 drivers
L_0x55efaad4bed0 .part o0x7fb578d055e8, 0, 1;
L_0x55efaad4bf70 .part o0x7fb578d055e8, 1, 1;
L_0x55efaad4c010 .part o0x7fb578d05588, 0, 1;
L_0x55efaad4c0b0 .part o0x7fb578d05588, 1, 1;
L_0x55efaad4c2b0 .part o0x7fb578d05588, 2, 1;
L_0x55efaad4c460 .part o0x7fb578d05588, 3, 1;
L_0x55efaad4c690 .part o0x7fb578d055e8, 2, 1;
L_0x55efaad4c780 .part o0x7fb578d055e8, 3, 1;
L_0x55efaad4c900 .part L_0x55efaad4caa0, 2, 2;
L_0x55efaad4c9a0 .part L_0x55efaad4caa0, 0, 2;
L_0x55efaad61a60 .concat [ 12 2 2 2], L_0x7fb578cb9a80, L_0x55efaad4c9a0, o0x7fb578d05738, L_0x55efaad4c900;
S_0x55efaad0eb90 .scope module, "u_alarm_on" "display_alarm" 2 110, 3 1 0, S_0x55efaad16d50;
 .timescale 0 0;
    .port_info 0 /INPUT 1 "clk";
    .port_info 1 /INPUT 1 "reset";
    .port_info 2 /INPUT 1 "en";
    .port_info 3 /OUTPUT 7 "HEX";
v0x55efaacf5a90_0 .var "HEX", 6 0;
v0x55efaacf5b90_0 .net "clk", 0 0, v0x55efaad49d10_0;  alias, 1 drivers
v0x55efaad226b0_0 .net "en", 0 0, o0x7fb578d02078;  alias, 0 drivers
o0x7fb578d020a8 .functor BUFZ 1, C4<z>; HiZ drive
v0x55efaad22750_0 .net "mod", 0 0, o0x7fb578d020a8;  0 drivers
v0x55efaacba9e0_0 .net "reset", 0 0, L_0x55efaad4bed0;  alias, 1 drivers
E_0x55efaacf2430 .event posedge, v0x55efaacba9e0_0, v0x55efaacf5b90_0;
S_0x55efaad366a0 .scope module, "u_alarming" "display_alarm" 2 117, 3 1 0, S_0x55efaad16d50;
 .timescale 0 0;
    .port_info 0 /INPUT 1 "clk";
    .port_info 1 /INPUT 1 "reset";
    .port_info 2 /INPUT 1 "en";
    .port_info 3 /OUTPUT 7 "HEX";
v0x55efaacea130_0 .var "HEX", 6 0;
v0x55efaacea200_0 .net "clk", 0 0, v0x55efaad49d10_0;  alias, 1 drivers
v0x55efaad368b0_0 .net "en", 0 0, v0x55efaad37a50_0;  alias, 1 drivers
o0x7fb578d02228 .functor BUFZ 1, C4<z>; HiZ drive
v0x55efaad36950_0 .net "mod", 0 0, o0x7fb578d02228;  0 drivers
v0x55efaad369f0_0 .net "reset", 0 0, L_0x55efaad4bed0;  alias, 1 drivers
S_0x55efaad36b50 .scope module, "u_ctrl" "ctrl" 2 69, 4 7 0, S_0x55efaad16d50;
 .timescale 0 0;
    .port_info 0 /INPUT 1 "clk";
    .port_info 1 /INPUT 1 "reset";
    .port_info 2 /INPUT 1 "en";
    .port_info 3 /OUTPUT 1 "alarm_on";
    .port_info 4 /OUTPUT 1 "alarming";
    .port_info 5 /INPUT 1 "mod_choose";
    .port_info 6 /INPUT 1 "bit_choose";
    .port_info 7 /INPUT 1 "val_add";
    .port_info 8 /INPUT 1 "val_sub";
    .port_info 9 /INPUT 1 "val_set";
    .port_info 10 /INPUT 1 "clear";
    .port_info 11 /OUTPUT 6 "out_h";
    .port_info 12 /OUTPUT 6 "out_m";
    .port_info 13 /OUTPUT 6 "out_s";
    .port_info 14 /OUTPUT 4 "led";
P_0x55efaacf1660 .param/l "max_h" 0 4 8, +C4<00000000000000000000000000001100>;
P_0x55efaacf16a0 .param/l "max_m" 0 4 9, +C4<00000000000000000000000000010111>;
P_0x55efaacf16e0 .param/l "max_s" 0 4 10, +C4<00000000000000000000000000101001>;
L_0x55efaad5cd00 .functor BUFZ 1, L_0x55efaad4c690, C4<0>, C4<0>, C4<0>;
L_0x55efaad5cdc0 .functor OR 1, L_0x55efaad4c350, L_0x55efaad4c5d0, C4<0>, C4<0>;
L_0x55efaad5f8a0 .functor OR 1, L_0x55efaad60e00, L_0x55efaad60d10, C4<0>, C4<0>;
v0x55efaad3e1a0_0 .net *"_ivl_0", 31 0, L_0x55efaad4cb10;  1 drivers
v0x55efaad3e2a0_0 .net *"_ivl_12", 31 0, L_0x55efaad5d7a0;  1 drivers
L_0x7fb578cb9138 .functor BUFT 1, C4<000000000000000000000000000000>, C4<0>, C4<0>, C4<0>;
v0x55efaad3e380_0 .net *"_ivl_15", 29 0, L_0x7fb578cb9138;  1 drivers
L_0x7fb578cb9180 .functor BUFT 1, C4<00000000000000000000000000000011>, C4<0>, C4<0>, C4<0>;
v0x55efaad3e470_0 .net/2u *"_ivl_16", 31 0, L_0x7fb578cb9180;  1 drivers
v0x55efaad3e550_0 .net *"_ivl_20", 31 0, L_0x55efaad5da70;  1 drivers
L_0x7fb578cb91c8 .functor BUFT 1, C4<000000000000000000000000000000>, C4<0>, C4<0>, C4<0>;
v0x55efaad3e630_0 .net *"_ivl_23", 29 0, L_0x7fb578cb91c8;  1 drivers
L_0x7fb578cb9210 .functor BUFT 1, C4<00000000000000000000000000000000>, C4<0>, C4<0>, C4<0>;
v0x55efaad3e710_0 .net/2u *"_ivl_24", 31 0, L_0x7fb578cb9210;  1 drivers
v0x55efaad3e7f0_0 .net *"_ivl_26", 0 0, L_0x55efaad5db60;  1 drivers
L_0x7fb578cb9258 .functor BUFT 1, C4<000>, C4<0>, C4<0>, C4<0>;
v0x55efaad3e8b0_0 .net/2s *"_ivl_28", 2 0, L_0x7fb578cb9258;  1 drivers
L_0x7fb578cb9018 .functor BUFT 1, C4<000000000000000000000000000000>, C4<0>, C4<0>, C4<0>;
v0x55efaad3ea20_0 .net *"_ivl_3", 29 0, L_0x7fb578cb9018;  1 drivers
v0x55efaad3eb00_0 .net *"_ivl_30", 31 0, L_0x55efaad5dd70;  1 drivers
L_0x7fb578cb92a0 .functor BUFT 1, C4<000000000000000000000000000000>, C4<0>, C4<0>, C4<0>;
v0x55efaad3ebe0_0 .net *"_ivl_33", 29 0, L_0x7fb578cb92a0;  1 drivers
L_0x7fb578cb92e8 .functor BUFT 1, C4<00000000000000000000000000000011>, C4<0>, C4<0>, C4<0>;
v0x55efaad3ecc0_0 .net/2u *"_ivl_34", 31 0, L_0x7fb578cb92e8;  1 drivers
v0x55efaad3eda0_0 .net *"_ivl_36", 0 0, L_0x55efaad5dea0;  1 drivers
L_0x7fb578cb9330 .functor BUFT 1, C4<001>, C4<0>, C4<0>, C4<0>;
v0x55efaad3ee60_0 .net/2s *"_ivl_38", 2 0, L_0x7fb578cb9330;  1 drivers
L_0x7fb578cb9060 .functor BUFT 1, C4<00000000000000000000000000000001>, C4<0>, C4<0>, C4<0>;
v0x55efaad3ef40_0 .net/2u *"_ivl_4", 31 0, L_0x7fb578cb9060;  1 drivers
v0x55efaad3f020_0 .net *"_ivl_40", 31 0, L_0x55efaad5dfe0;  1 drivers
L_0x7fb578cb9378 .functor BUFT 1, C4<000000000000000000000000000000>, C4<0>, C4<0>, C4<0>;
v0x55efaad3f210_0 .net *"_ivl_43", 29 0, L_0x7fb578cb9378;  1 drivers
L_0x7fb578cb93c0 .functor BUFT 1, C4<00000000000000000000000000000010>, C4<0>, C4<0>, C4<0>;
v0x55efaad3f2f0_0 .net/2u *"_ivl_44", 31 0, L_0x7fb578cb93c0;  1 drivers
v0x55efaad3f3d0_0 .net *"_ivl_46", 0 0, L_0x55efaad5e0d0;  1 drivers
L_0x7fb578cb9408 .functor BUFT 1, C4<010>, C4<0>, C4<0>, C4<0>;
v0x55efaad3f490_0 .net/2s *"_ivl_48", 2 0, L_0x7fb578cb9408;  1 drivers
v0x55efaad3f570_0 .net *"_ivl_50", 31 0, L_0x55efaad5e270;  1 drivers
L_0x7fb578cb9450 .functor BUFT 1, C4<000000000000000000000000000000>, C4<0>, C4<0>, C4<0>;
v0x55efaad3f650_0 .net *"_ivl_53", 29 0, L_0x7fb578cb9450;  1 drivers
L_0x7fb578cb9498 .functor BUFT 1, C4<00000000000000000000000000000001>, C4<0>, C4<0>, C4<0>;
v0x55efaad3f730_0 .net/2u *"_ivl_54", 31 0, L_0x7fb578cb9498;  1 drivers
v0x55efaad3f810_0 .net *"_ivl_56", 0 0, L_0x55efaad5e310;  1 drivers
L_0x7fb578cb94e0 .functor BUFT 1, C4<011>, C4<0>, C4<0>, C4<0>;
v0x55efaad3f8d0_0 .net/2s *"_ivl_58", 2 0, L_0x7fb578cb94e0;  1 drivers
L_0x7fb578cb9528 .functor BUFT 1, C4<000>, C4<0>, C4<0>, C4<0>;
v0x55efaad3f9b0_0 .net/2s *"_ivl_60", 2 0, L_0x7fb578cb9528;  1 drivers
v0x55efaad3fa90_0 .net *"_ivl_62", 2 0, L_0x55efaad5e4f0;  1 drivers
v0x55efaad3fb70_0 .net *"_ivl_64", 2 0, L_0x55efaad5e6b0;  1 drivers
v0x55efaad3fc50_0 .net *"_ivl_66", 2 0, L_0x55efaad5e8c0;  1 drivers
v0x55efaad3fd30_0 .net *"_ivl_68", 2 0, L_0x55efaad5ea50;  1 drivers
v0x55efaad3fe10_0 .net *"_ivl_72", 31 0, L_0x55efaad60c70;  1 drivers
L_0x7fb578cb9960 .functor BUFT 1, C4<0000000000000000000000000000000>, C4<0>, C4<0>, C4<0>;
v0x55efaad3fef0_0 .net *"_ivl_75", 30 0, L_0x7fb578cb9960;  1 drivers
L_0x7fb578cb99a8 .functor BUFT 1, C4<00000000000000000000000000000011>, C4<0>, C4<0>, C4<0>;
v0x55efaad401e0_0 .net/2u *"_ivl_76", 31 0, L_0x7fb578cb99a8;  1 drivers
v0x55efaad402c0_0 .net *"_ivl_78", 0 0, L_0x55efaad60e00;  1 drivers
v0x55efaad40380_0 .net *"_ivl_80", 31 0, L_0x55efaad60f40;  1 drivers
L_0x7fb578cb99f0 .functor BUFT 1, C4<0000000000000000000000000000000>, C4<0>, C4<0>, C4<0>;
v0x55efaad40460_0 .net *"_ivl_83", 30 0, L_0x7fb578cb99f0;  1 drivers
L_0x7fb578cb9a38 .functor BUFT 1, C4<00000000000000000000000000000001>, C4<0>, C4<0>, C4<0>;
v0x55efaad40540_0 .net/2u *"_ivl_84", 31 0, L_0x7fb578cb9a38;  1 drivers
v0x55efaad40620_0 .net *"_ivl_86", 0 0, L_0x55efaad60d10;  1 drivers
v0x55efaad406e0_0 .var "alarm_loaded", 0 0;
v0x55efaad407a0_0 .net "alarm_on", 0 0, o0x7fb578d02078;  alias, 0 drivers
v0x55efaad40840_0 .var "alarm_set", 0 0;
v0x55efaad40910_0 .net "alarming", 0 0, v0x55efaad37a50_0;  alias, 1 drivers
v0x55efaad409b0_0 .net "bit_choose", 0 0, L_0x55efaad4c1a0;  alias, 1 drivers
v0x55efaad40a50_0 .var "bit_now", 0 0;
v0x55efaad40af0_0 .net "clear", 0 0, L_0x55efaad4c780;  alias, 1 drivers
v0x55efaad40bc0_0 .net "clk", 0 0, v0x55efaad49d10_0;  alias, 1 drivers
v0x55efaad40c60_0 .net "clock_h", 5 0, v0x55efaad3bf20_0;  1 drivers
v0x55efaad40d00_0 .net "clock_m", 5 0, v0x55efaad3bff0_0;  1 drivers
v0x55efaad40da0_0 .net "clock_s", 5 0, v0x55efaad3c100_0;  1 drivers
v0x55efaad40e40_0 .var "clock_set", 0 0;
v0x55efaad40f10_0 .net "en", 0 0, L_0x55efaad4bf70;  alias, 1 drivers
v0x55efaad41000_0 .net "led", 3 0, L_0x55efaad60af0;  alias, 1 drivers
v0x55efaad410a0_0 .net "mod_choose", 0 0, L_0x55efaad0f890;  alias, 1 drivers
v0x55efaad41140_0 .var "mod_now", 1 0;
v0x55efaad41220_0 .net "out_h", 5 0, L_0x55efaad5edb0;  alias, 1 drivers
v0x55efaad41310_0 .net "out_m", 5 0, L_0x55efaad5ee50;  alias, 1 drivers
v0x55efaad413e0_0 .net "out_s", 5 0, L_0x55efaad5ef40;  alias, 1 drivers
v0x55efaad414b0_0 .net "reset", 0 0, L_0x55efaad4bed0;  alias, 1 drivers
v0x55efaad41550_0 .net "saved_h", 5 0, v0x55efaad38080_0;  1 drivers
v0x55efaad41620_0 .net "saved_m", 5 0, v0x55efaad38270_0;  1 drivers
v0x55efaad416f0_0 .net "saved_s", 5 0, v0x55efaad38350_0;  1 drivers
v0x55efaad417c0_0 .var "set_h", 5 0;
v0x55efaad418b0_0 .var "set_m", 5 0;
v0x55efaad419c0_0 .var "set_s", 5 0;
v0x55efaad41ee0_0 .var "status", 0 0;
v0x55efaad41fa0_0 .net "stop_h", 5 0, v0x55efaad3db60_0;  1 drivers
v0x55efaad420b0_0 .net "stop_m", 5 0, v0x55efaad3dc60_0;  1 drivers
v0x55efaad421c0_0 .net "stop_s", 5 0, v0x55efaad3dd30_0;  1 drivers
v0x55efaad422d0_0 .net "stopwatch_pause_resume", 0 0, L_0x55efaad5cdc0;  1 drivers
v0x55efaad42370_0 .net "stopwatch_set", 0 0, L_0x55efaad5cd00;  1 drivers
v0x55efaad42410_0 .net "switch", 1 0, L_0x55efaad5ec70;  1 drivers
v0x55efaad424b0_0 .var "temp_h", 5 0;
v0x55efaad425a0_0 .var "temp_m", 5 0;
v0x55efaad42690_0 .var "temp_s", 5 0;
v0x55efaad427a0_0 .net "val_add", 0 0, L_0x55efaad4c350;  alias, 1 drivers
v0x55efaad42860_0 .net "val_set", 0 0, L_0x55efaad4c690;  alias, 1 drivers
v0x55efaad42920_0 .net "val_sub", 0 0, L_0x55efaad4c5d0;  alias, 1 drivers
L_0x55efaad4cb10 .concat [ 2 30 0 0], v0x55efaad41140_0, L_0x7fb578cb9018;
L_0x55efaad5cbc0 .cmp/eq 32, L_0x55efaad4cb10, L_0x7fb578cb9060;
L_0x55efaad5d7a0 .concat [ 2 30 0 0], v0x55efaad41140_0, L_0x7fb578cb9138;
L_0x55efaad5d930 .cmp/eq 32, L_0x55efaad5d7a0, L_0x7fb578cb9180;
L_0x55efaad5da70 .concat [ 2 30 0 0], v0x55efaad41140_0, L_0x7fb578cb91c8;
L_0x55efaad5db60 .cmp/eq 32, L_0x55efaad5da70, L_0x7fb578cb9210;
L_0x55efaad5dd70 .concat [ 2 30 0 0], v0x55efaad41140_0, L_0x7fb578cb92a0;
L_0x55efaad5dea0 .cmp/eq 32, L_0x55efaad5dd70, L_0x7fb578cb92e8;
L_0x55efaad5dfe0 .concat [ 2 30 0 0], v0x55efaad41140_0, L_0x7fb578cb9378;
L_0x55efaad5e0d0 .cmp/eq 32, L_0x55efaad5dfe0, L_0x7fb578cb93c0;
L_0x55efaad5e270 .concat [ 2 30 0 0], v0x55efaad41140_0, L_0x7fb578cb9450;
L_0x55efaad5e310 .cmp/eq 32, L_0x55efaad5e270, L_0x7fb578cb9498;
L_0x55efaad5e4f0 .functor MUXZ 3, L_0x7fb578cb9528, L_0x7fb578cb94e0, L_0x55efaad5e310, C4<>;
L_0x55efaad5e6b0 .functor MUXZ 3, L_0x55efaad5e4f0, L_0x7fb578cb9408, L_0x55efaad5e0d0, C4<>;
L_0x55efaad5e8c0 .functor MUXZ 3, L_0x55efaad5e6b0, L_0x7fb578cb9330, L_0x55efaad5dea0, C4<>;
L_0x55efaad5ea50 .functor MUXZ 3, L_0x55efaad5e8c0, L_0x7fb578cb9258, L_0x55efaad5db60, C4<>;
L_0x55efaad5ec70 .part L_0x55efaad5ea50, 0, 2;
L_0x55efaad60c70 .concat [ 1 31 0 0], v0x55efaad41ee0_0, L_0x7fb578cb9960;
L_0x55efaad60e00 .cmp/eq 32, L_0x55efaad60c70, L_0x7fb578cb99a8;
L_0x55efaad60f40 .concat [ 1 31 0 0], v0x55efaad41ee0_0, L_0x7fb578cb99f0;
L_0x55efaad60d10 .cmp/eq 32, L_0x55efaad60f40, L_0x7fb578cb9a38;
S_0x55efaad37020 .scope module, "u_alarm" "alarm" 4 100, 5 3 0, S_0x55efaad36b50;
 .timescale 0 0;
    .port_info 0 /INPUT 1 "clk";
    .port_info 1 /INPUT 1 "reset";
    .port_info 2 /INPUT 1 "set";
    .port_info 3 /INPUT 1 "en";
    .port_info 4 /OUTPUT 1 "alarming";
    .port_info 5 /INPUT 1 "clear";
    .port_info 6 /INPUT 6 "set_h";
    .port_info 7 /INPUT 6 "set_m";
    .port_info 8 /INPUT 6 "set_s";
    .port_info 9 /INPUT 6 "hms_h";
    .port_info 10 /INPUT 6 "hms_m";
    .port_info 11 /INPUT 6 "hms_s";
    .port_info 12 /OUTPUT 6 "saved_h";
    .port_info 13 /OUTPUT 6 "saved_m";
    .port_info 14 /OUTPUT 6 "saved_s";
L_0x55efaad5d0b0 .functor BUFZ 1, v0x55efaad40840_0, C4<0>, C4<0>, C4<0>;
L_0x55efaad5d450 .functor AND 1, L_0x55efaad5d1c0, L_0x55efaad5d2f0, C4<1>, C4<1>;
L_0x55efaad5d690 .functor AND 1, L_0x55efaad5d450, L_0x55efaad5d560, C4<1>, C4<1>;
v0x55efaad37370_0 .net *"_ivl_0", 31 0, L_0x55efaad5ce80;  1 drivers
v0x55efaad37470_0 .net *"_ivl_10", 0 0, L_0x55efaad5d1c0;  1 drivers
v0x55efaad37530_0 .net *"_ivl_12", 0 0, L_0x55efaad5d2f0;  1 drivers
v0x55efaad37600_0 .net *"_ivl_15", 0 0, L_0x55efaad5d450;  1 drivers
v0x55efaad376c0_0 .net *"_ivl_16", 0 0, L_0x55efaad5d560;  1 drivers
L_0x7fb578cb90a8 .functor BUFT 1, C4<0000000000000000000000000000000>, C4<0>, C4<0>, C4<0>;
v0x55efaad377d0_0 .net *"_ivl_3", 30 0, L_0x7fb578cb90a8;  1 drivers
L_0x7fb578cb90f0 .functor BUFT 1, C4<00000000000000000000000000000000>, C4<0>, C4<0>, C4<0>;
v0x55efaad378b0_0 .net/2u *"_ivl_4", 31 0, L_0x7fb578cb90f0;  1 drivers
v0x55efaad37990_0 .net "alarm_on", 0 0, L_0x55efaad5cf70;  1 drivers
v0x55efaad37a50_0 .var "alarming", 0 0;
v0x55efaad37af0_0 .net "clear", 0 0, L_0x55efaad4c780;  alias, 1 drivers
v0x55efaad37b90_0 .net "clk", 0 0, v0x55efaad49d10_0;  alias, 1 drivers
v0x55efaad37c30_0 .net "en", 0 0, L_0x55efaad5d930;  1 drivers
v0x55efaad37cf0_0 .net "hms_h", 5 0, v0x55efaad3bf20_0;  alias, 1 drivers
v0x55efaad37dd0_0 .net "hms_m", 5 0, v0x55efaad3bff0_0;  alias, 1 drivers
v0x55efaad37eb0_0 .net "hms_s", 5 0, v0x55efaad3c100_0;  alias, 1 drivers
v0x55efaad37f90_0 .net "reset", 0 0, L_0x55efaad4bed0;  alias, 1 drivers
v0x55efaad38080_0 .var "saved_h", 5 0;
v0x55efaad38270_0 .var "saved_m", 5 0;
v0x55efaad38350_0 .var "saved_s", 5 0;
v0x55efaad38430_0 .net "set", 0 0, v0x55efaad40840_0;  1 drivers
v0x55efaad384f0_0 .net "set_h", 5 0, v0x55efaad417c0_0;  1 drivers
v0x55efaad385d0_0 .net "set_m", 5 0, v0x55efaad418b0_0;  1 drivers
v0x55efaad386b0_0 .net "set_s", 5 0, v0x55efaad419c0_0;  1 drivers
v0x55efaad38790_0 .net "status", 0 0, L_0x55efaad5d0b0;  1 drivers
v0x55efaad38850_0 .net "time_is_right", 0 0, L_0x55efaad5d690;  1 drivers
L_0x55efaad5ce80 .concat [ 1 31 0 0], L_0x55efaad5d0b0, L_0x7fb578cb90a8;
L_0x55efaad5cf70 .cmp/eq 32, L_0x55efaad5ce80, L_0x7fb578cb90f0;
L_0x55efaad5d1c0 .cmp/eeq 6, v0x55efaad3bf20_0, v0x55efaad38080_0;
L_0x55efaad5d2f0 .cmp/eeq 6, v0x55efaad3bff0_0, v0x55efaad38270_0;
L_0x55efaad5d560 .cmp/eeq 6, v0x55efaad3c100_0, v0x55efaad38350_0;
S_0x55efaad38af0 .scope module, "u_choose" "display_choose" 4 133, 6 1 0, S_0x55efaad36b50;
 .timescale 0 0;
    .port_info 0 /INPUT 1 "clk";
    .port_info 1 /INPUT 1 "reset";
    .port_info 2 /INPUT 1 "en";
    .port_info 3 /INPUT 2 "switch";
    .port_info 4 /INPUT 6 "clock_h";
    .port_info 5 /INPUT 6 "clock_m";
    .port_info 6 /INPUT 6 "clock_s";
    .port_info 7 /INPUT 6 "alarm_h";
    .port_info 8 /INPUT 6 "alarm_m";
    .port_info 9 /INPUT 6 "alarm_s";
    .port_info 10 /INPUT 6 "stopwatch_h";
    .port_info 11 /INPUT 6 "stopwatch_m";
    .port_info 12 /INPUT 6 "stopwatch_s";
    .port_info 13 /INPUT 6 "temp_h";
    .port_info 14 /INPUT 6 "temp_m";
    .port_info 15 /INPUT 6 "temp_s";
    .port_info 16 /OUTPUT 6 "out_h";
    .port_info 17 /OUTPUT 6 "out_m";
    .port_info 18 /OUTPUT 6 "out_s";
v0x55efaad38f60_0 .net *"_ivl_10", 0 0, L_0x55efaad5f0d0;  1 drivers
v0x55efaad39020_0 .net *"_ivl_12", 17 0, L_0x55efaad5f210;  1 drivers
v0x55efaad39100_0 .net *"_ivl_14", 31 0, L_0x55efaad5f2f0;  1 drivers
L_0x7fb578cb9600 .functor BUFT 1, C4<000000000000000000000000000000>, C4<0>, C4<0>, C4<0>;
v0x55efaad391c0_0 .net *"_ivl_17", 29 0, L_0x7fb578cb9600;  1 drivers
L_0x7fb578cb9648 .functor BUFT 1, C4<00000000000000000000000000000001>, C4<0>, C4<0>, C4<0>;
v0x55efaad392a0_0 .net/2u *"_ivl_18", 31 0, L_0x7fb578cb9648;  1 drivers
v0x55efaad393d0_0 .net *"_ivl_20", 0 0, L_0x55efaad5f390;  1 drivers
v0x55efaad39490_0 .net *"_ivl_22", 17 0, L_0x55efaad5f520;  1 drivers
v0x55efaad39570_0 .net *"_ivl_24", 31 0, L_0x55efaad5f5c0;  1 drivers
L_0x7fb578cb9690 .functor BUFT 1, C4<000000000000000000000000000000>, C4<0>, C4<0>, C4<0>;
v0x55efaad39650_0 .net *"_ivl_27", 29 0, L_0x7fb578cb9690;  1 drivers
L_0x7fb578cb96d8 .functor BUFT 1, C4<00000000000000000000000000000010>, C4<0>, C4<0>, C4<0>;
v0x55efaad39730_0 .net/2u *"_ivl_28", 31 0, L_0x7fb578cb96d8;  1 drivers
v0x55efaad39810_0 .net *"_ivl_30", 0 0, L_0x55efaad5f6c0;  1 drivers
v0x55efaad398d0_0 .net *"_ivl_32", 17 0, L_0x55efaad5f800;  1 drivers
v0x55efaad399b0_0 .net *"_ivl_34", 31 0, L_0x55efaad5f910;  1 drivers
L_0x7fb578cb9720 .functor BUFT 1, C4<000000000000000000000000000000>, C4<0>, C4<0>, C4<0>;
v0x55efaad39a90_0 .net *"_ivl_37", 29 0, L_0x7fb578cb9720;  1 drivers
L_0x7fb578cb9768 .functor BUFT 1, C4<00000000000000000000000000000011>, C4<0>, C4<0>, C4<0>;
v0x55efaad39b70_0 .net/2u *"_ivl_38", 31 0, L_0x7fb578cb9768;  1 drivers
v0x55efaad39c50_0 .net *"_ivl_4", 31 0, L_0x55efaad5efe0;  1 drivers
v0x55efaad39d30_0 .net *"_ivl_40", 0 0, L_0x55efaad5fa00;  1 drivers
v0x55efaad39f00_0 .net *"_ivl_42", 17 0, L_0x55efaad5fbf0;  1 drivers
L_0x7fb578cb97b0 .functor BUFT 1, C4<000000000000000000>, C4<0>, C4<0>, C4<0>;
v0x55efaad39fe0_0 .net/2u *"_ivl_44", 17 0, L_0x7fb578cb97b0;  1 drivers
v0x55efaad3a0c0_0 .net *"_ivl_46", 17 0, L_0x55efaad5fe70;  1 drivers
v0x55efaad3a1a0_0 .net *"_ivl_48", 17 0, L_0x55efaad5ffd0;  1 drivers
v0x55efaad3a280_0 .net *"_ivl_50", 17 0, L_0x55efaad60160;  1 drivers
v0x55efaad3a360_0 .net *"_ivl_52", 17 0, L_0x55efaad60390;  1 drivers
L_0x7fb578cb9570 .functor BUFT 1, C4<000000000000000000000000000000>, C4<0>, C4<0>, C4<0>;
v0x55efaad3a440_0 .net *"_ivl_7", 29 0, L_0x7fb578cb9570;  1 drivers
L_0x7fb578cb95b8 .functor BUFT 1, C4<00000000000000000000000000000000>, C4<0>, C4<0>, C4<0>;
v0x55efaad3a520_0 .net/2u *"_ivl_8", 31 0, L_0x7fb578cb95b8;  1 drivers
v0x55efaad3a600_0 .net "alarm_h", 5 0, v0x55efaad424b0_0;  1 drivers
v0x55efaad3a6e0_0 .net "alarm_m", 5 0, v0x55efaad425a0_0;  1 drivers
v0x55efaad3a7c0_0 .net "alarm_s", 5 0, v0x55efaad42690_0;  1 drivers
v0x55efaad3a8a0_0 .net "clk", 0 0, v0x55efaad49d10_0;  alias, 1 drivers
v0x55efaad3a940_0 .net "clock_h", 5 0, v0x55efaad3bf20_0;  alias, 1 drivers
v0x55efaad3aa00_0 .net "clock_m", 5 0, v0x55efaad3bff0_0;  alias, 1 drivers
v0x55efaad3aaa0_0 .net "clock_s", 5 0, v0x55efaad3c100_0;  alias, 1 drivers
v0x55efaad3ab70_0 .net "en", 0 0, L_0x55efaad4bf70;  alias, 1 drivers
v0x55efaad3ae20_0 .net "out_h", 5 0, L_0x55efaad5edb0;  alias, 1 drivers
v0x55efaad3af00_0 .net "out_m", 5 0, L_0x55efaad5ee50;  alias, 1 drivers
v0x55efaad3afe0_0 .net "out_s", 5 0, L_0x55efaad5ef40;  alias, 1 drivers
v0x55efaad3b0c0_0 .net "reset", 0 0, L_0x55efaad4bed0;  alias, 1 drivers
v0x55efaad3b160_0 .net "stopwatch_h", 5 0, v0x55efaad3db60_0;  alias, 1 drivers
v0x55efaad3b240_0 .net "stopwatch_m", 5 0, v0x55efaad3dc60_0;  alias, 1 drivers
v0x55efaad3b320_0 .net "stopwatch_s", 5 0, v0x55efaad3dd30_0;  alias, 1 drivers
v0x55efaad3b400_0 .net "switch", 1 0, L_0x55efaad5ec70;  alias, 1 drivers
v0x55efaad3b4e0_0 .net "temp_h", 5 0, v0x55efaad424b0_0;  alias, 1 drivers
v0x55efaad3b5d0_0 .net "temp_m", 5 0, v0x55efaad425a0_0;  alias, 1 drivers
v0x55efaad3b6a0_0 .net "temp_s", 5 0, v0x55efaad42690_0;  alias, 1 drivers
L_0x55efaad5edb0 .part L_0x55efaad60390, 12, 6;
L_0x55efaad5ee50 .part L_0x55efaad60390, 6, 6;
L_0x55efaad5ef40 .part L_0x55efaad60390, 0, 6;
L_0x55efaad5efe0 .concat [ 2 30 0 0], L_0x55efaad5ec70, L_0x7fb578cb9570;
L_0x55efaad5f0d0 .cmp/eq 32, L_0x55efaad5efe0, L_0x7fb578cb95b8;
L_0x55efaad5f210 .concat [ 6 6 6 0], v0x55efaad3c100_0, v0x55efaad3bff0_0, v0x55efaad3bf20_0;
L_0x55efaad5f2f0 .concat [ 2 30 0 0], L_0x55efaad5ec70, L_0x7fb578cb9600;
L_0x55efaad5f390 .cmp/eq 32, L_0x55efaad5f2f0, L_0x7fb578cb9648;
L_0x55efaad5f520 .concat [ 6 6 6 0], v0x55efaad42690_0, v0x55efaad425a0_0, v0x55efaad424b0_0;
L_0x55efaad5f5c0 .concat [ 2 30 0 0], L_0x55efaad5ec70, L_0x7fb578cb9690;
L_0x55efaad5f6c0 .cmp/eq 32, L_0x55efaad5f5c0, L_0x7fb578cb96d8;
L_0x55efaad5f800 .concat [ 6 6 6 0], v0x55efaad3dd30_0, v0x55efaad3dc60_0, v0x55efaad3db60_0;
L_0x55efaad5f910 .concat [ 2 30 0 0], L_0x55efaad5ec70, L_0x7fb578cb9720;
L_0x55efaad5fa00 .cmp/eq 32, L_0x55efaad5f910, L_0x7fb578cb9768;
L_0x55efaad5fbf0 .concat [ 6 6 6 0], v0x55efaad42690_0, v0x55efaad425a0_0, v0x55efaad424b0_0;
L_0x55efaad5fe70 .functor MUXZ 18, L_0x7fb578cb97b0, L_0x55efaad5fbf0, L_0x55efaad5fa00, C4<>;
L_0x55efaad5ffd0 .functor MUXZ 18, L_0x55efaad5fe70, L_0x55efaad5f800, L_0x55efaad5f6c0, C4<>;
L_0x55efaad60160 .functor MUXZ 18, L_0x55efaad5ffd0, L_0x55efaad5f520, L_0x55efaad5f390, C4<>;
L_0x55efaad60390 .functor MUXZ 18, L_0x55efaad60160, L_0x55efaad5f210, L_0x55efaad5f0d0, C4<>;
S_0x55efaad3ba50 .scope module, "u_clock" "clock_hms" 4 58, 7 3 0, S_0x55efaad36b50;
 .timescale 0 0;
    .port_info 0 /INPUT 1 "clk";
    .port_info 1 /INPUT 1 "reset";
    .port_info 2 /INPUT 1 "en";
    .port_info 3 /INPUT 1 "set";
    .port_info 4 /INPUT 6 "set_h";
    .port_info 5 /INPUT 6 "set_m";
    .port_info 6 /INPUT 6 "set_s";
    .port_info 7 /OUTPUT 6 "out_h";
    .port_info 8 /OUTPUT 6 "out_m";
    .port_info 9 /OUTPUT 6 "out_s";
    .port_info 10 /NODIR 0 "";
P_0x55efaad3bc10 .param/l "max_h" 0 7 4, +C4<00000000000000000000000000001100>;
P_0x55efaad3bc50 .param/l "max_m" 0 7 5, +C4<00000000000000000000000000010111>;
P_0x55efaad3bc90 .param/l "max_s" 0 7 6, +C4<00000000000000000000000000101001>;
v0x55efaad38cf0_0 .net "clk", 0 0, v0x55efaad49d10_0;  alias, 1 drivers
v0x55efaad3be60_0 .net "en", 0 0, L_0x55efaad5cbc0;  1 drivers
v0x55efaad3bf20_0 .var "out_h", 5 0;
v0x55efaad3bff0_0 .var "out_m", 5 0;
v0x55efaad3c100_0 .var "out_s", 5 0;
v0x55efaad3c260_0 .net "reset", 0 0, L_0x55efaad4bed0;  alias, 1 drivers
v0x55efaad3c300_0 .net "set", 0 0, v0x55efaad40e40_0;  1 drivers
v0x55efaad3c3c0_0 .net "set_h", 5 0, v0x55efaad417c0_0;  alias, 1 drivers
v0x55efaad3c480_0 .net "set_m", 5 0, v0x55efaad418b0_0;  alias, 1 drivers
v0x55efaad3c520_0 .net "set_s", 5 0, v0x55efaad419c0_0;  alias, 1 drivers
v0x55efaad3c5c0_0 .var "status", 0 0;
S_0x55efaad3c800 .scope module, "u_show_bit" "show_bit" 4 159, 8 1 0, S_0x55efaad36b50;
 .timescale 0 0;
    .port_info 0 /INPUT 1 "bit";
    .port_info 1 /INPUT 1 "en";
    .port_info 2 /OUTPUT 4 "led";
v0x55efaad3c9b0_0 .net *"_ivl_0", 31 0, L_0x55efaad604d0;  1 drivers
L_0x7fb578cb98d0 .functor BUFT 1, C4<1100>, C4<0>, C4<0>, C4<0>;
v0x55efaad3cab0_0 .net/2u *"_ivl_10", 3 0, L_0x7fb578cb98d0;  1 drivers
v0x55efaad3cb90_0 .net *"_ivl_12", 3 0, L_0x55efaad60750;  1 drivers
L_0x7fb578cb9918 .functor BUFT 1, C4<0000>, C4<0>, C4<0>, C4<0>;
v0x55efaad3cc50_0 .net/2u *"_ivl_14", 3 0, L_0x7fb578cb9918;  1 drivers
L_0x7fb578cb97f8 .functor BUFT 1, C4<0000000000000000000000000000000>, C4<0>, C4<0>, C4<0>;
v0x55efaad3cd30_0 .net *"_ivl_3", 30 0, L_0x7fb578cb97f8;  1 drivers
L_0x7fb578cb9840 .functor BUFT 1, C4<00000000000000000000000000000000>, C4<0>, C4<0>, C4<0>;
v0x55efaad3ce60_0 .net/2u *"_ivl_4", 31 0, L_0x7fb578cb9840;  1 drivers
v0x55efaad3cf40_0 .net *"_ivl_6", 0 0, L_0x55efaad60610;  1 drivers
L_0x7fb578cb9888 .functor BUFT 1, C4<0011>, C4<0>, C4<0>, C4<0>;
v0x55efaad3d000_0 .net/2u *"_ivl_8", 3 0, L_0x7fb578cb9888;  1 drivers
v0x55efaad3d0e0_0 .net "bit", 0 0, v0x55efaad40a50_0;  1 drivers
v0x55efaad3d230_0 .net "en", 0 0, L_0x55efaad5f8a0;  1 drivers
v0x55efaad3d2f0_0 .net "led", 3 0, L_0x55efaad60af0;  alias, 1 drivers
L_0x55efaad604d0 .concat [ 1 31 0 0], v0x55efaad40a50_0, L_0x7fb578cb97f8;
L_0x55efaad60610 .cmp/eq 32, L_0x55efaad604d0, L_0x7fb578cb9840;
L_0x55efaad60750 .functor MUXZ 4, L_0x7fb578cb98d0, L_0x7fb578cb9888, L_0x55efaad60610, C4<>;
L_0x55efaad60af0 .functor MUXZ 4, L_0x7fb578cb9918, L_0x55efaad60750, L_0x55efaad5f8a0, C4<>;
S_0x55efaad3d450 .scope module, "u_stop" "stopwatch" 4 82, 9 3 0, S_0x55efaad36b50;
 .timescale 0 0;
    .port_info 0 /INPUT 1 "clk";
    .port_info 1 /INPUT 1 "reset";
    .port_info 2 /INPUT 1 "en";
    .port_info 3 /INPUT 1 "set";
    .port_info 4 /INPUT 1 "pause_resume";
    .port_info 5 /OUTPUT 6 "out_h";
    .port_info 6 /OUTPUT 6 "out_m";
    .port_info 7 /OUTPUT 6 "out_s";
P_0x55efaad3d630 .param/l "max_h" 0 9 4, +C4<00000000000000000000000000001100>;
P_0x55efaad3d670 .param/l "max_m" 0 9 5, +C4<00000000000000000000000000010111>;
P_0x55efaad3d6b0 .param/l "max_s" 0 9 6, +C4<00000000000000000000000000101001>;
v0x55efaad3d9d0_0 .net "clk", 0 0, v0x55efaad49d10_0;  alias, 1 drivers
v0x55efaad3da70_0 .net "en", 0 0, L_0x55efaad4bf70;  alias, 1 drivers
v0x55efaad3db60_0 .var "out_h", 5 0;
v0x55efaad3dc60_0 .var "out_m", 5 0;
v0x55efaad3dd30_0 .var "out_s", 5 0;
v0x55efaad3de20_0 .net "pause_resume", 0 0, L_0x55efaad5cdc0;  alias, 1 drivers
v0x55efaad3dec0_0 .net "reset", 0 0, L_0x55efaad4bed0;  alias, 1 drivers
v0x55efaad3df60_0 .net "set", 0 0, L_0x55efaad5cd00;  alias, 1 drivers
v0x55efaad3e000_0 .var "status", 0 0;
S_0x55efaad42bc0 .scope module, "u_display_time" "display_time" 2 91, 10 4 0, S_0x55efaad16d50;
 .timescale 0 0;
    .port_info 0 /INPUT 1 "clk";
    .port_info 1 /INPUT 1 "reset";
    .port_info 2 /INPUT 1 "en";
    .port_info 3 /INPUT 6 "h";
    .port_info 4 /INPUT 6 "m";
    .port_info 5 /INPUT 6 "s";
    .port_info 6 /OUTPUT 7 "HEX7";
    .port_info 7 /OUTPUT 7 "HEX6";
    .port_info 8 /OUTPUT 7 "HEX5";
    .port_info 9 /OUTPUT 7 "HEX4";
    .port_info 10 /OUTPUT 7 "HEX3";
    .port_info 11 /OUTPUT 7 "HEX2";
v0x55efaad48350_0 .net "HEX2", 6 0, L_0x55efaad619c0;  alias, 1 drivers
v0x55efaad48440_0 .net "HEX3", 6 0, L_0x55efaad61920;  alias, 1 drivers
v0x55efaad48510_0 .net "HEX4", 6 0, L_0x55efaad61880;  alias, 1 drivers
v0x55efaad48610_0 .net "HEX5", 6 0, L_0x55efaad617e0;  alias, 1 drivers
v0x55efaad486e0_0 .net "HEX6", 6 0, L_0x55efaad61740;  alias, 1 drivers
v0x55efaad48780_0 .net "HEX7", 6 0, L_0x55efaad616a0;  alias, 1 drivers
v0x55efaad48850_0 .net "clk", 0 0, v0x55efaad49d10_0;  alias, 1 drivers
v0x55efaad488f0_0 .net "en", 0 0, L_0x55efaad4bf70;  alias, 1 drivers
v0x55efaad48990_0 .net "h", 5 0, L_0x55efaad5edb0;  alias, 1 drivers
v0x55efaad48ac0_0 .net "h_1", 3 0, L_0x55efaad61330;  1 drivers
v0x55efaad48b60_0 .net "h_10", 3 0, L_0x55efaad612c0;  1 drivers
v0x55efaad48c70_0 .net "m", 5 0, L_0x55efaad5ee50;  alias, 1 drivers
v0x55efaad48d30_0 .net "m_1", 3 0, L_0x55efaad61480;  1 drivers
v0x55efaad48e40_0 .net "m_10", 3 0, L_0x55efaad61410;  1 drivers
v0x55efaad48f50_0 .net "reset", 0 0, L_0x55efaad4bed0;  alias, 1 drivers
v0x55efaad48ff0_0 .net "s", 5 0, L_0x55efaad5ef40;  alias, 1 drivers
v0x55efaad490b0_0 .net "s_1", 3 0, L_0x55efaad61600;  1 drivers
v0x55efaad491c0_0 .net "s_10", 3 0, L_0x55efaad61560;  1 drivers
S_0x55efaad42ed0 .scope module, "bcd_h" "bcd" 10 24, 11 1 0, S_0x55efaad42bc0;
 .timescale 0 0;
    .port_info 0 /INPUT 6 "bin";
    .port_info 1 /OUTPUT 4 "bcd_hun";
    .port_info 2 /OUTPUT 4 "bcd_ten";
    .port_info 3 /OUTPUT 4 "bcd_one";
L_0x55efaad5e480 .functor BUFZ 4, v0x55efaad437b0_0, C4<0000>, C4<0000>, C4<0000>;
L_0x55efaad612c0 .functor BUFZ 4, v0x55efaad43b60_0, C4<0000>, C4<0000>, C4<0000>;
L_0x55efaad61330 .functor BUFZ 4, v0x55efaad43950_0, C4<0000>, C4<0000>, C4<0000>;
v0x55efaad436f0_0 .net "bcd_hun", 3 0, L_0x55efaad5e480;  1 drivers
v0x55efaad437b0_0 .var "bcd_hun_r", 3 0;
v0x55efaad43890_0 .net "bcd_one", 3 0, L_0x55efaad61330;  alias, 1 drivers
v0x55efaad43950_0 .var "bcd_one_r", 3 0;
v0x55efaad43a30_0 .net "bcd_ten", 3 0, L_0x55efaad612c0;  alias, 1 drivers
v0x55efaad43b60_0 .var "bcd_ten_r", 3 0;
v0x55efaad43c40_0 .net "bin", 5 0, L_0x55efaad5edb0;  alias, 1 drivers
v0x55efaad43d50_0 .var "bin_r", 5 0;
v0x55efaad43e30_0 .var/i "i", 31 0;
E_0x55efaacf3be0 .event edge, v0x55efaad3ae20_0;
S_0x55efaad43110 .scope task, "check_all" "check_all" 11 45, 11 45 0, S_0x55efaad42ed0;
 .timescale 0 0;
TD_top.u_display_time.bcd_h.check_all ;
    %load/vec4 v0x55efaad43950_0;
    %pad/u 32;
    %cmpi/u 4, 0, 32;
    %flag_or 5, 4; GT is !LE
    %flag_inv 5;
    %jmp/0xz  T_0.0, 5;
    %load/vec4 v0x55efaad43950_0;
    %addi 3, 0, 4;
    %store/vec4 v0x55efaad43950_0, 0, 4;
T_0.0 ;
    %load/vec4 v0x55efaad43b60_0;
    %pad/u 32;
    %cmpi/u 4, 0, 32;
    %flag_or 5, 4; GT is !LE
    %flag_inv 5;
    %jmp/0xz  T_0.2, 5;
    %load/vec4 v0x55efaad43b60_0;
    %addi 3, 0, 4;
    %store/vec4 v0x55efaad43b60_0, 0, 4;
T_0.2 ;
    %load/vec4 v0x55efaad437b0_0;
    %pad/u 32;
    %cmpi/u 4, 0, 32;
    %flag_or 5, 4; GT is !LE
    %flag_inv 5;
    %jmp/0xz  T_0.4, 5;
    %load/vec4 v0x55efaad437b0_0;
    %addi 3, 0, 4;
    %store/vec4 v0x55efaad437b0_0, 0, 4;
T_0.4 ;
    %end;
S_0x55efaad43310 .scope task, "init_all" "init_all" 11 32, 11 32 0, S_0x55efaad42ed0;
 .timescale 0 0;
TD_top.u_display_time.bcd_h.init_all ;
    %load/vec4 v0x55efaad43c40_0;
    %store/vec4 v0x55efaad43d50_0, 0, 6;
    %pushi/vec4 0, 0, 4;
    %store/vec4 v0x55efaad437b0_0, 0, 4;
    %pushi/vec4 0, 0, 4;
    %store/vec4 v0x55efaad43b60_0, 0, 4;
    %pushi/vec4 0, 0, 4;
    %store/vec4 v0x55efaad43950_0, 0, 4;
    %end;
S_0x55efaad43510 .scope task, "shift_all" "shift_all" 11 41, 11 41 0, S_0x55efaad42ed0;
 .timescale 0 0;
TD_top.u_display_time.bcd_h.shift_all ;
    %load/vec4 v0x55efaad437b0_0;
    %load/vec4 v0x55efaad43b60_0;
    %concat/vec4; draw_concat_vec4
    %load/vec4 v0x55efaad43950_0;
    %concat/vec4; draw_concat_vec4
    %load/vec4 v0x55efaad43d50_0;
    %concat/vec4; draw_concat_vec4
    %ix/load 4, 1, 0;
    %flag_set/imm 4, 0;
    %shiftl 4;
    %split/vec4 6;
    %store/vec4 v0x55efaad43d50_0, 0, 6;
    %split/vec4 4;
    %store/vec4 v0x55efaad43950_0, 0, 4;
    %split/vec4 4;
    %store/vec4 v0x55efaad43b60_0, 0, 4;
    %store/vec4 v0x55efaad437b0_0, 0, 4;
    %end;
S_0x55efaad43f90 .scope module, "bcd_m" "bcd" 10 25, 11 1 0, S_0x55efaad42bc0;
 .timescale 0 0;
    .port_info 0 /INPUT 6 "bin";
    .port_info 1 /OUTPUT 4 "bcd_hun";
    .port_info 2 /OUTPUT 4 "bcd_ten";
    .port_info 3 /OUTPUT 4 "bcd_one";
L_0x55efaad613a0 .functor BUFZ 4, v0x55efaad44800_0, C4<0000>, C4<0000>, C4<0000>;
L_0x55efaad61410 .functor BUFZ 4, v0x55efaad44bb0_0, C4<0000>, C4<0000>, C4<0000>;
L_0x55efaad61480 .functor BUFZ 4, v0x55efaad449a0_0, C4<0000>, C4<0000>, C4<0000>;
v0x55efaad44740_0 .net "bcd_hun", 3 0, L_0x55efaad613a0;  1 drivers
v0x55efaad44800_0 .var "bcd_hun_r", 3 0;
v0x55efaad448e0_0 .net "bcd_one", 3 0, L_0x55efaad61480;  alias, 1 drivers
v0x55efaad449a0_0 .var "bcd_one_r", 3 0;
v0x55efaad44a80_0 .net "bcd_ten", 3 0, L_0x55efaad61410;  alias, 1 drivers
v0x55efaad44bb0_0 .var "bcd_ten_r", 3 0;
v0x55efaad44c90_0 .net "bin", 5 0, L_0x55efaad5ee50;  alias, 1 drivers
v0x55efaad44da0_0 .var "bin_r", 5 0;
v0x55efaad44e80_0 .var/i "i", 31 0;
E_0x55efaac661e0 .event edge, v0x55efaad3af00_0;
S_0x55efaad44160 .scope task, "check_all" "check_all" 11 45, 11 45 0, S_0x55efaad43f90;
 .timescale 0 0;
TD_top.u_display_time.bcd_m.check_all ;
    %load/vec4 v0x55efaad449a0_0;
    %pad/u 32;
    %cmpi/u 4, 0, 32;
    %flag_or 5, 4; GT is !LE
    %flag_inv 5;
    %jmp/0xz  T_3.6, 5;
    %load/vec4 v0x55efaad449a0_0;
    %addi 3, 0, 4;
    %store/vec4 v0x55efaad449a0_0, 0, 4;
T_3.6 ;
    %load/vec4 v0x55efaad44bb0_0;
    %pad/u 32;
    %cmpi/u 4, 0, 32;
    %flag_or 5, 4; GT is !LE
    %flag_inv 5;
    %jmp/0xz  T_3.8, 5;
    %load/vec4 v0x55efaad44bb0_0;
    %addi 3, 0, 4;
    %store/vec4 v0x55efaad44bb0_0, 0, 4;
T_3.8 ;
    %load/vec4 v0x55efaad44800_0;
    %pad/u 32;
    %cmpi/u 4, 0, 32;
    %flag_or 5, 4; GT is !LE
    %flag_inv 5;
    %jmp/0xz  T_3.10, 5;
    %load/vec4 v0x55efaad44800_0;
    %addi 3, 0, 4;
    %store/vec4 v0x55efaad44800_0, 0, 4;
T_3.10 ;
    %end;
S_0x55efaad44360 .scope task, "init_all" "init_all" 11 32, 11 32 0, S_0x55efaad43f90;
 .timescale 0 0;
TD_top.u_display_time.bcd_m.init_all ;
    %load/vec4 v0x55efaad44c90_0;
    %store/vec4 v0x55efaad44da0_0, 0, 6;
    %pushi/vec4 0, 0, 4;
    %store/vec4 v0x55efaad44800_0, 0, 4;
    %pushi/vec4 0, 0, 4;
    %store/vec4 v0x55efaad44bb0_0, 0, 4;
    %pushi/vec4 0, 0, 4;
    %store/vec4 v0x55efaad449a0_0, 0, 4;
    %end;
S_0x55efaad44560 .scope task, "shift_all" "shift_all" 11 41, 11 41 0, S_0x55efaad43f90;
 .timescale 0 0;
TD_top.u_display_time.bcd_m.shift_all ;
    %load/vec4 v0x55efaad44800_0;
    %load/vec4 v0x55efaad44bb0_0;
    %concat/vec4; draw_concat_vec4
    %load/vec4 v0x55efaad449a0_0;
    %concat/vec4; draw_concat_vec4
    %load/vec4 v0x55efaad44da0_0;
    %concat/vec4; draw_concat_vec4
    %ix/load 4, 1, 0;
    %flag_set/imm 4, 0;
    %shiftl 4;
    %split/vec4 6;
    %store/vec4 v0x55efaad44da0_0, 0, 6;
    %split/vec4 4;
    %store/vec4 v0x55efaad449a0_0, 0, 4;
    %split/vec4 4;
    %store/vec4 v0x55efaad44bb0_0, 0, 4;
    %store/vec4 v0x55efaad44800_0, 0, 4;
    %end;
S_0x55efaad45070 .scope module, "bcd_s" "bcd" 10 26, 11 1 0, S_0x55efaad42bc0;
 .timescale 0 0;
    .port_info 0 /INPUT 6 "bin";
    .port_info 1 /OUTPUT 4 "bcd_hun";
    .port_info 2 /OUTPUT 4 "bcd_ten";
    .port_info 3 /OUTPUT 4 "bcd_one";
L_0x55efaad614f0 .functor BUFZ 4, v0x55efaad458c0_0, C4<0000>, C4<0000>, C4<0000>;
L_0x55efaad61560 .functor BUFZ 4, v0x55efaad45c70_0, C4<0000>, C4<0000>, C4<0000>;
L_0x55efaad61600 .functor BUFZ 4, v0x55efaad45a60_0, C4<0000>, C4<0000>, C4<0000>;
v0x55efaad45800_0 .net "bcd_hun", 3 0, L_0x55efaad614f0;  1 drivers
v0x55efaad458c0_0 .var "bcd_hun_r", 3 0;
v0x55efaad459a0_0 .net "bcd_one", 3 0, L_0x55efaad61600;  alias, 1 drivers
v0x55efaad45a60_0 .var "bcd_one_r", 3 0;
v0x55efaad45b40_0 .net "bcd_ten", 3 0, L_0x55efaad61560;  alias, 1 drivers
v0x55efaad45c70_0 .var "bcd_ten_r", 3 0;
v0x55efaad45d50_0 .net "bin", 5 0, L_0x55efaad5ef40;  alias, 1 drivers
v0x55efaad45e60_0 .var "bin_r", 5 0;
v0x55efaad45f40_0 .var/i "i", 31 0;
E_0x55efaad21ed0 .event edge, v0x55efaad3afe0_0;
S_0x55efaad45220 .scope task, "check_all" "check_all" 11 45, 11 45 0, S_0x55efaad45070;
 .timescale 0 0;
TD_top.u_display_time.bcd_s.check_all ;
    %load/vec4 v0x55efaad45a60_0;
    %pad/u 32;
    %cmpi/u 4, 0, 32;
    %flag_or 5, 4; GT is !LE
    %flag_inv 5;
    %jmp/0xz  T_6.12, 5;
    %load/vec4 v0x55efaad45a60_0;
    %addi 3, 0, 4;
    %store/vec4 v0x55efaad45a60_0, 0, 4;
T_6.12 ;
    %load/vec4 v0x55efaad45c70_0;
    %pad/u 32;
    %cmpi/u 4, 0, 32;
    %flag_or 5, 4; GT is !LE
    %flag_inv 5;
    %jmp/0xz  T_6.14, 5;
    %load/vec4 v0x55efaad45c70_0;
    %addi 3, 0, 4;
    %store/vec4 v0x55efaad45c70_0, 0, 4;
T_6.14 ;
    %load/vec4 v0x55efaad458c0_0;
    %pad/u 32;
    %cmpi/u 4, 0, 32;
    %flag_or 5, 4; GT is !LE
    %flag_inv 5;
    %jmp/0xz  T_6.16, 5;
    %load/vec4 v0x55efaad458c0_0;
    %addi 3, 0, 4;
    %store/vec4 v0x55efaad458c0_0, 0, 4;
T_6.16 ;
    %end;
S_0x55efaad45420 .scope task, "init_all" "init_all" 11 32, 11 32 0, S_0x55efaad45070;
 .timescale 0 0;
TD_top.u_display_time.bcd_s.init_all ;
    %load/vec4 v0x55efaad45d50_0;
    %store/vec4 v0x55efaad45e60_0, 0, 6;
    %pushi/vec4 0, 0, 4;
    %store/vec4 v0x55efaad458c0_0, 0, 4;
    %pushi/vec4 0, 0, 4;
    %store/vec4 v0x55efaad45c70_0, 0, 4;
    %pushi/vec4 0, 0, 4;
    %store/vec4 v0x55efaad45a60_0, 0, 4;
    %end;
S_0x55efaad45620 .scope task, "shift_all" "shift_all" 11 41, 11 41 0, S_0x55efaad45070;
 .timescale 0 0;
TD_top.u_display_time.bcd_s.shift_all ;
    %load/vec4 v0x55efaad458c0_0;
    %load/vec4 v0x55efaad45c70_0;
    %concat/vec4; draw_concat_vec4
    %load/vec4 v0x55efaad45a60_0;
    %concat/vec4; draw_concat_vec4
    %load/vec4 v0x55efaad45e60_0;
    %concat/vec4; draw_concat_vec4
    %ix/load 4, 1, 0;
    %flag_set/imm 4, 0;
    %shiftl 4;
    %split/vec4 6;
    %store/vec4 v0x55efaad45e60_0, 0, 6;
    %split/vec4 4;
    %store/vec4 v0x55efaad45a60_0, 0, 4;
    %split/vec4 4;
    %store/vec4 v0x55efaad45c70_0, 0, 4;
    %store/vec4 v0x55efaad458c0_0, 0, 4;
    %end;
S_0x55efaad46130 .scope module, "dec_h_1" "dec" 10 29, 12 1 0, S_0x55efaad42bc0;
 .timescale 0 0;
    .port_info 0 /INPUT 4 "SW";
    .port_info 1 /OUTPUT 7 "HEX0";
L_0x55efaad61740 .functor NOT 7, v0x55efaad46320_0, C4<0000000>, C4<0000000>, C4<0000000>;
v0x55efaad46320_0 .var "HEX", 6 0;
v0x55efaad46420_0 .net "HEX0", 6 0, L_0x55efaad61740;  alias, 1 drivers
v0x55efaad46500_0 .net "SW", 3 0, L_0x55efaad61330;  alias, 1 drivers
E_0x55efaad22620 .event edge, v0x55efaad43890_0;
S_0x55efaad465e0 .scope module, "dec_h_10" "dec" 10 28, 12 1 0, S_0x55efaad42bc0;
 .timescale 0 0;
    .port_info 0 /INPUT 4 "SW";
    .port_info 1 /OUTPUT 7 "HEX0";
L_0x55efaad616a0 .functor NOT 7, v0x55efaad468d0_0, C4<0000000>, C4<0000000>, C4<0000000>;
v0x55efaad468d0_0 .var "HEX", 6 0;
v0x55efaad469d0_0 .net "HEX0", 6 0, L_0x55efaad616a0;  alias, 1 drivers
v0x55efaad46ab0_0 .net "SW", 3 0, L_0x55efaad612c0;  alias, 1 drivers
E_0x55efaad46850 .event edge, v0x55efaad43a30_0;
S_0x55efaad46bc0 .scope module, "dec_m_1" "dec" 10 31, 12 1 0, S_0x55efaad42bc0;
 .timescale 0 0;
    .port_info 0 /INPUT 4 "SW";
    .port_info 1 /OUTPUT 7 "HEX0";
L_0x55efaad61880 .functor NOT 7, v0x55efaad46e60_0, C4<0000000>, C4<0000000>, C4<0000000>;
v0x55efaad46e60_0 .var "HEX", 6 0;
v0x55efaad46f60_0 .net "HEX0", 6 0, L_0x55efaad61880;  alias, 1 drivers
v0x55efaad47040_0 .net "SW", 3 0, L_0x55efaad61480;  alias, 1 drivers
E_0x55efaad46de0 .event edge, v0x55efaad448e0_0;
S_0x55efaad47180 .scope module, "dec_m_10" "dec" 10 30, 12 1 0, S_0x55efaad42bc0;
 .timescale 0 0;
    .port_info 0 /INPUT 4 "SW";
    .port_info 1 /OUTPUT 7 "HEX0";
L_0x55efaad617e0 .functor NOT 7, v0x55efaad47420_0, C4<0000000>, C4<0000000>, C4<0000000>;
v0x55efaad47420_0 .var "HEX", 6 0;
v0x55efaad47520_0 .net "HEX0", 6 0, L_0x55efaad617e0;  alias, 1 drivers
v0x55efaad47600_0 .net "SW", 3 0, L_0x55efaad61410;  alias, 1 drivers
E_0x55efaad473a0 .event edge, v0x55efaad44a80_0;
S_0x55efaad47740 .scope module, "dec_s_1" "dec" 10 33, 12 1 0, S_0x55efaad42bc0;
 .timescale 0 0;
    .port_info 0 /INPUT 4 "SW";
    .port_info 1 /OUTPUT 7 "HEX0";
L_0x55efaad619c0 .functor NOT 7, v0x55efaad479e0_0, C4<0000000>, C4<0000000>, C4<0000000>;
v0x55efaad479e0_0 .var "HEX", 6 0;
v0x55efaad47ae0_0 .net "HEX0", 6 0, L_0x55efaad619c0;  alias, 1 drivers
v0x55efaad47bc0_0 .net "SW", 3 0, L_0x55efaad61600;  alias, 1 drivers
E_0x55efaad47960 .event edge, v0x55efaad459a0_0;
S_0x55efaad47d00 .scope module, "dec_s_10" "dec" 10 32, 12 1 0, S_0x55efaad42bc0;
 .timescale 0 0;
    .port_info 0 /INPUT 4 "SW";
    .port_info 1 /OUTPUT 7 "HEX0";
L_0x55efaad61920 .functor NOT 7, v0x55efaad48030_0, C4<0000000>, C4<0000000>, C4<0000000>;
v0x55efaad48030_0 .var "HEX", 6 0;
v0x55efaad48130_0 .net "HEX0", 6 0, L_0x55efaad61920;  alias, 1 drivers
v0x55efaad48210_0 .net "SW", 3 0, L_0x55efaad61560;  alias, 1 drivers
E_0x55efaad47fb0 .event edge, v0x55efaad45b40_0;
S_0x55efaad494c0 .scope module, "u_tik" "tik" 2 54, 13 1 0, S_0x55efaad16d50;
 .timescale 0 0;
    .port_info 0 /INPUT 1 "CLOCK_50";
    .port_info 1 /INPUT 1 "reset";
    .port_info 2 /OUTPUT 1 "tik";
P_0x55efaad496f0 .param/l "BASE" 0 13 3, +C4<00000010111110101111000010000000>;
P_0x55efaad49730 .param/l "CNT_MAX" 0 13 11, +C4<000000000101111101011110000011111>;
P_0x55efaad49770 .param/l "M" 0 13 2, +C4<00000000000000000000000000000010>;
v0x55efaad499a0_0 .net "CLOCK_50", 0 0, o0x7fb578d05498;  alias, 0 drivers
v0x55efaad49a80_0 .var "cnt", 31 0;
v0x55efaad49b60_0 .net "reset", 0 0, L_0x55efaad4bed0;  alias, 1 drivers
v0x55efaad49d10_0 .var "tik", 0 0;
E_0x55efaad49920 .event posedge, v0x55efaacba9e0_0, v0x55efaad499a0_0;
    .scope S_0x55efaad494c0;
T_9 ;
    %wait E_0x55efaad49920;
    %load/vec4 v0x55efaad49b60_0;
    %flag_set/vec4 8;
    %jmp/0xz  T_9.0, 8;
    %pushi/vec4 0, 0, 32;
    %assign/vec4 v0x55efaad49a80_0, 0;
    %pushi/vec4 0, 0, 1;
    %assign/vec4 v0x55efaad49d10_0, 0;
    %jmp T_9.1;
T_9.0 ;
    %load/vec4 v0x55efaad49a80_0;
    %pad/u 33;
    %cmpi/ne 12499999, 0, 33;
    %jmp/0xz  T_9.2, 4;
    %load/vec4 v0x55efaad49a80_0;
    %addi 1, 0, 32;
    %assign/vec4 v0x55efaad49a80_0, 0;
    %jmp T_9.3;
T_9.2 ;
    %pushi/vec4 0, 0, 32;
    %assign/vec4 v0x55efaad49a80_0, 0;
    %load/vec4 v0x55efaad49d10_0;
    %inv;
    %assign/vec4 v0x55efaad49d10_0, 0;
T_9.3 ;
T_9.1 ;
    %jmp T_9;
    .thread T_9;
    .scope S_0x55efaad3ba50;
T_10 ;
    %wait E_0x55efaacf2430;
    %load/vec4 v0x55efaad3c260_0;
    %flag_set/vec4 8;
    %jmp/0xz  T_10.0, 8;
    %pushi/vec4 8, 0, 6;
    %assign/vec4 v0x55efaad3bf20_0, 0;
    %pushi/vec4 0, 0, 6;
    %assign/vec4 v0x55efaad3bff0_0, 0;
    %pushi/vec4 0, 0, 6;
    %assign/vec4 v0x55efaad3c100_0, 0;
    %jmp T_10.1;
T_10.0 ;
    %load/vec4 v0x55efaad3c300_0;
    %assign/vec4 v0x55efaad3c5c0_0, 0;
    %load/vec4 v0x55efaad3c5c0_0;
    %dup/vec4;
    %pushi/vec4 0, 0, 1;
    %cmp/u;
    %jmp/1 T_10.2, 6;
    %dup/vec4;
    %pushi/vec4 1, 0, 1;
    %cmp/u;
    %jmp/1 T_10.3, 6;
    %load/vec4 v0x55efaad3bf20_0;
    %assign/vec4 v0x55efaad3bf20_0, 0;
    %load/vec4 v0x55efaad3bff0_0;
    %assign/vec4 v0x55efaad3bff0_0, 0;
    %load/vec4 v0x55efaad3c100_0;
    %assign/vec4 v0x55efaad3c100_0, 0;
    %jmp T_10.5;
T_10.2 ;
    %load/vec4 v0x55efaad3c100_0;
    %pad/u 32;
    %cmpi/e 40, 0, 32;
    %jmp/0xz  T_10.6, 4;
    %pushi/vec4 0, 0, 6;
    %assign/vec4 v0x55efaad3c100_0, 0;
    %load/vec4 v0x55efaad3bff0_0;
    %pad/u 32;
    %cmpi/e 22, 0, 32;
    %jmp/0xz  T_10.8, 4;
    %pushi/vec4 0, 0, 6;
    %assign/vec4 v0x55efaad3bff0_0, 0;
    %load/vec4 v0x55efaad3bf20_0;
    %pad/u 32;
    %cmpi/e 11, 0, 32;
    %jmp/0xz  T_10.10, 4;
    %pushi/vec4 0, 0, 6;
    %assign/vec4 v0x55efaad3bf20_0, 0;
    %jmp T_10.11;
T_10.10 ;
    %load/vec4 v0x55efaad3bf20_0;
    %addi 1, 0, 6;
    %assign/vec4 v0x55efaad3bf20_0, 0;
T_10.11 ;
    %jmp T_10.9;
T_10.8 ;
    %load/vec4 v0x55efaad3bff0_0;
    %addi 1, 0, 6;
    %assign/vec4 v0x55efaad3bff0_0, 0;
T_10.9 ;
    %jmp T_10.7;
T_10.6 ;
    %load/vec4 v0x55efaad3c100_0;
    %addi 1, 0, 6;
    %assign/vec4 v0x55efaad3c100_0, 0;
T_10.7 ;
    %jmp T_10.5;
T_10.3 ;
    %load/vec4 v0x55efaad3be60_0;
    %flag_set/vec4 8;
    %jmp/0xz  T_10.12, 8;
    %load/vec4 v0x55efaad3c520_0;
    %assign/vec4 v0x55efaad3c100_0, 0;
    %load/vec4 v0x55efaad3c480_0;
    %assign/vec4 v0x55efaad3bff0_0, 0;
    %load/vec4 v0x55efaad3c3c0_0;
    %assign/vec4 v0x55efaad3bf20_0, 0;
    %pushi/vec4 0, 0, 1;
    %assign/vec4 v0x55efaad3c5c0_0, 0;
    %jmp T_10.13;
T_10.12 ;
    %load/vec4 v0x55efaad3bf20_0;
    %assign/vec4 v0x55efaad3bf20_0, 0;
    %load/vec4 v0x55efaad3bff0_0;
    %assign/vec4 v0x55efaad3bff0_0, 0;
    %load/vec4 v0x55efaad3c100_0;
    %assign/vec4 v0x55efaad3c100_0, 0;
T_10.13 ;
    %jmp T_10.5;
T_10.5 ;
    %pop/vec4 1;
T_10.1 ;
    %jmp T_10;
    .thread T_10;
    .scope S_0x55efaad3d450;
T_11 ;
    %wait E_0x55efaacf2430;
    %load/vec4 v0x55efaad3dec0_0;
    %flag_set/vec4 8;
    %jmp/0xz  T_11.0, 8;
    %pushi/vec4 0, 0, 18;
    %split/vec4 6;
    %assign/vec4 v0x55efaad3dd30_0, 0;
    %split/vec4 6;
    %assign/vec4 v0x55efaad3dc60_0, 0;
    %assign/vec4 v0x55efaad3db60_0, 0;
    %pushi/vec4 0, 0, 1;
    %assign/vec4 v0x55efaad3e000_0, 0;
    %jmp T_11.1;
T_11.0 ;
    %load/vec4 v0x55efaad3df60_0;
    %flag_set/vec4 8;
    %jmp/0xz  T_11.2, 8;
    %pushi/vec4 0, 0, 1;
    %assign/vec4 v0x55efaad3e000_0, 0;
    %pushi/vec4 0, 0, 18;
    %split/vec4 6;
    %assign/vec4 v0x55efaad3dd30_0, 0;
    %split/vec4 6;
    %assign/vec4 v0x55efaad3dc60_0, 0;
    %assign/vec4 v0x55efaad3db60_0, 0;
    %jmp T_11.3;
T_11.2 ;
    %load/vec4 v0x55efaad3e000_0;
    %dup/vec4;
    %pushi/vec4 0, 0, 1;
    %cmp/u;
    %jmp/1 T_11.4, 6;
    %dup/vec4;
    %pushi/vec4 1, 0, 1;
    %cmp/u;
    %jmp/1 T_11.5, 6;
    %pushi/vec4 0, 0, 1;
    %assign/vec4 v0x55efaad3e000_0, 0;
    %pushi/vec4 0, 0, 18;
    %split/vec4 6;
    %assign/vec4 v0x55efaad3dd30_0, 0;
    %split/vec4 6;
    %assign/vec4 v0x55efaad3dc60_0, 0;
    %assign/vec4 v0x55efaad3db60_0, 0;
    %jmp T_11.7;
T_11.4 ;
    %load/vec4 v0x55efaad3de20_0;
    %flag_set/vec4 8;
    %jmp/0xz  T_11.8, 8;
    %pushi/vec4 1, 0, 1;
    %assign/vec4 v0x55efaad3e000_0, 0;
    %jmp T_11.9;
T_11.8 ;
    %load/vec4 v0x55efaad3db60_0;
    %load/vec4 v0x55efaad3dc60_0;
    %concat/vec4; draw_concat_vec4
    %load/vec4 v0x55efaad3dd30_0;
    %concat/vec4; draw_concat_vec4
    %split/vec4 6;
    %assign/vec4 v0x55efaad3dd30_0, 0;
    %split/vec4 6;
    %assign/vec4 v0x55efaad3dc60_0, 0;
    %assign/vec4 v0x55efaad3db60_0, 0;
T_11.9 ;
    %jmp T_11.7;
T_11.5 ;
    %load/vec4 v0x55efaad3de20_0;
    %flag_set/vec4 8;
    %jmp/0xz  T_11.10, 8;
    %pushi/vec4 0, 0, 1;
    %assign/vec4 v0x55efaad3e000_0, 0;
    %jmp T_11.11;
T_11.10 ;
    %load/vec4 v0x55efaad3dd30_0;
    %pad/u 32;
    %cmpi/e 40, 0, 32;
    %jmp/0xz  T_11.12, 4;
    %pushi/vec4 0, 0, 6;
    %assign/vec4 v0x55efaad3dd30_0, 0;
    %load/vec4 v0x55efaad3dc60_0;
    %pad/u 32;
    %cmpi/e 22, 0, 32;
    %jmp/0xz  T_11.14, 4;
    %pushi/vec4 0, 0, 6;
    %assign/vec4 v0x55efaad3dc60_0, 0;
    %load/vec4 v0x55efaad3db60_0;
    %pad/u 32;
    %cmpi/e 11, 0, 32;
    %jmp/0xz  T_11.16, 4;
    %pushi/vec4 0, 0, 6;
    %assign/vec4 v0x55efaad3db60_0, 0;
    %jmp T_11.17;
T_11.16 ;
    %load/vec4 v0x55efaad3db60_0;
    %addi 1, 0, 6;
    %assign/vec4 v0x55efaad3db60_0, 0;
T_11.17 ;
    %jmp T_11.15;
T_11.14 ;
    %load/vec4 v0x55efaad3dc60_0;
    %addi 1, 0, 6;
    %assign/vec4 v0x55efaad3dc60_0, 0;
T_11.15 ;
    %jmp T_11.13;
T_11.12 ;
    %load/vec4 v0x55efaad3dd30_0;
    %addi 1, 0, 6;
    %assign/vec4 v0x55efaad3dd30_0, 0;
T_11.13 ;
T_11.11 ;
    %jmp T_11.7;
T_11.7 ;
    %pop/vec4 1;
T_11.3 ;
T_11.1 ;
    %jmp T_11;
    .thread T_11;
    .scope S_0x55efaad37020;
T_12 ;
    %wait E_0x55efaacf2430;
    %load/vec4 v0x55efaad37f90_0;
    %flag_set/vec4 8;
    %jmp/0xz  T_12.0, 8;
    %pushi/vec4 8, 0, 6;
    %assign/vec4 v0x55efaad38080_0, 0;
    %pushi/vec4 0, 0, 6;
    %assign/vec4 v0x55efaad38270_0, 0;
    %pushi/vec4 0, 0, 6;
    %assign/vec4 v0x55efaad38350_0, 0;
    %pushi/vec4 0, 0, 1;
    %assign/vec4 v0x55efaad37a50_0, 0;
    %jmp T_12.1;
T_12.0 ;
    %load/vec4 v0x55efaad38790_0;
    %dup/vec4;
    %pushi/vec4 0, 0, 1;
    %cmp/u;
    %jmp/1 T_12.2, 6;
    %dup/vec4;
    %pushi/vec4 1, 0, 1;
    %cmp/u;
    %jmp/1 T_12.3, 6;
    %load/vec4 v0x55efaad38080_0;
    %assign/vec4 v0x55efaad38080_0, 0;
    %load/vec4 v0x55efaad38270_0;
    %assign/vec4 v0x55efaad38270_0, 0;
    %load/vec4 v0x55efaad38350_0;
    %assign/vec4 v0x55efaad38350_0, 0;
    %jmp T_12.5;
T_12.2 ;
    %load/vec4 v0x55efaad37a50_0;
    %pad/u 32;
    %cmpi/e 0, 0, 32;
    %jmp/0xz  T_12.6, 4;
    %load/vec4 v0x55efaad38850_0;
    %flag_set/vec4 8;
    %jmp/0xz  T_12.8, 8;
    %pushi/vec4 1, 0, 1;
    %assign/vec4 v0x55efaad37a50_0, 0;
    %jmp T_12.9;
T_12.8 ;
    %load/vec4 v0x55efaad37a50_0;
    %assign/vec4 v0x55efaad37a50_0, 0;
T_12.9 ;
    %jmp T_12.7;
T_12.6 ;
    %load/vec4 v0x55efaad37af0_0;
    %flag_set/vec4 8;
    %jmp/0xz  T_12.10, 8;
    %pushi/vec4 0, 0, 1;
    %assign/vec4 v0x55efaad37a50_0, 0;
    %jmp T_12.11;
T_12.10 ;
    %load/vec4 v0x55efaad37a50_0;
    %assign/vec4 v0x55efaad37a50_0, 0;
T_12.11 ;
T_12.7 ;
    %jmp T_12.5;
T_12.3 ;
    %load/vec4 v0x55efaad37c30_0;
    %flag_set/vec4 8;
    %jmp/0xz  T_12.12, 8;
    %load/vec4 v0x55efaad384f0_0;
    %assign/vec4 v0x55efaad38080_0, 0;
    %load/vec4 v0x55efaad385d0_0;
    %assign/vec4 v0x55efaad38270_0, 0;
    %load/vec4 v0x55efaad386b0_0;
    %assign/vec4 v0x55efaad38350_0, 0;
    %jmp T_12.13;
T_12.12 ;
    %load/vec4 v0x55efaad38080_0;
    %load/vec4 v0x55efaad38270_0;
    %concat/vec4; draw_concat_vec4
    %load/vec4 v0x55efaad38350_0;
    %concat/vec4; draw_concat_vec4
    %split/vec4 6;
    %assign/vec4 v0x55efaad38350_0, 0;
    %split/vec4 6;
    %assign/vec4 v0x55efaad38270_0, 0;
    %assign/vec4 v0x55efaad38080_0, 0;
T_12.13 ;
    %jmp T_12.5;
T_12.5 ;
    %pop/vec4 1;
T_12.1 ;
    %jmp T_12;
    .thread T_12;
    .scope S_0x55efaad36b50;
T_13 ;
    %wait E_0x55efaacf2430;
    %load/vec4 v0x55efaad414b0_0;
    %flag_set/vec4 8;
    %jmp/0xz  T_13.0, 8;
    %pushi/vec4 0, 0, 18;
    %split/vec4 6;
    %assign/vec4 v0x55efaad42690_0, 0;
    %split/vec4 6;
    %assign/vec4 v0x55efaad425a0_0, 0;
    %assign/vec4 v0x55efaad424b0_0, 0;
    %pushi/vec4 0, 0, 18;
    %split/vec4 6;
    %assign/vec4 v0x55efaad419c0_0, 0;
    %split/vec4 6;
    %assign/vec4 v0x55efaad418b0_0, 0;
    %assign/vec4 v0x55efaad417c0_0, 0;
    %pushi/vec4 0, 0, 1;
    %assign/vec4 v0x55efaad40e40_0, 0;
    %pushi/vec4 0, 0, 1;
    %assign/vec4 v0x55efaad406e0_0, 0;
    %pushi/vec4 0, 0, 1;
    %assign/vec4 v0x55efaad41ee0_0, 0;
    %jmp T_13.1;
T_13.0 ;
    %load/vec4 v0x55efaad40f10_0;
    %nor/r;
    %flag_set/vec4 8;
    %jmp/0xz  T_13.2, 8;
    %pushi/vec4 0, 0, 18;
    %split/vec4 6;
    %assign/vec4 v0x55efaad42690_0, 0;
    %split/vec4 6;
    %assign/vec4 v0x55efaad425a0_0, 0;
    %assign/vec4 v0x55efaad424b0_0, 0;
    %pushi/vec4 0, 0, 18;
    %split/vec4 6;
    %assign/vec4 v0x55efaad419c0_0, 0;
    %split/vec4 6;
    %assign/vec4 v0x55efaad418b0_0, 0;
    %assign/vec4 v0x55efaad417c0_0, 0;
    %jmp T_13.3;
T_13.2 ;
    %load/vec4 v0x55efaad41ee0_0;
    %pad/u 32;
    %cmpi/e 0, 0, 32;
    %jmp/0xz  T_13.4, 4;
    %load/vec4 v0x55efaad41140_0;
    %dup/vec4;
    %pushi/vec4 0, 0, 2;
    %cmp/u;
    %jmp/1 T_13.6, 6;
    %dup/vec4;
    %pushi/vec4 1, 0, 2;
    %cmp/u;
    %jmp/1 T_13.7, 6;
    %dup/vec4;
    %pushi/vec4 3, 0, 2;
    %cmp/u;
    %jmp/1 T_13.8, 6;
    %load/vec4 v0x55efaad40c60_0;
    %load/vec4 v0x55efaad40d00_0;
    %concat/vec4; draw_concat_vec4
    %load/vec4 v0x55efaad40da0_0;
    %concat/vec4; draw_concat_vec4
    %split/vec4 6;
    %assign/vec4 v0x55efaad42690_0, 0;
    %split/vec4 6;
    %assign/vec4 v0x55efaad425a0_0, 0;
    %assign/vec4 v0x55efaad424b0_0, 0;
    %pushi/vec4 0, 0, 18;
    %split/vec4 6;
    %assign/vec4 v0x55efaad419c0_0, 0;
    %split/vec4 6;
    %assign/vec4 v0x55efaad418b0_0, 0;
    %assign/vec4 v0x55efaad417c0_0, 0;
    %jmp T_13.10;
T_13.6 ;
    %load/vec4 v0x55efaad40c60_0;
    %load/vec4 v0x55efaad40d00_0;
    %concat/vec4; draw_concat_vec4
    %load/vec4 v0x55efaad40da0_0;
    %concat/vec4; draw_concat_vec4
    %split/vec4 6;
    %assign/vec4 v0x55efaad42690_0, 0;
    %split/vec4 6;
    %assign/vec4 v0x55efaad425a0_0, 0;
    %assign/vec4 v0x55efaad424b0_0, 0;
    %jmp T_13.10;
T_13.7 ;
    %pushi/vec4 0, 0, 6;
    %assign/vec4 v0x55efaad42690_0, 0;
    %load/vec4 v0x55efaad427a0_0;
    %flag_set/vec4 8;
    %jmp/0xz  T_13.11, 8;
    %load/vec4 v0x55efaad40a50_0;
    %pad/u 32;
    %cmpi/e 0, 0, 32;
    %jmp/0xz  T_13.13, 4;
    %load/vec4 v0x55efaad425a0_0;
    %pad/u 32;
    %cmpi/e 22, 0, 32;
    %jmp/0xz  T_13.15, 4;
    %pushi/vec4 0, 0, 6;
    %assign/vec4 v0x55efaad425a0_0, 0;
    %jmp T_13.16;
T_13.15 ;
    %load/vec4 v0x55efaad425a0_0;
    %addi 1, 0, 6;
    %assign/vec4 v0x55efaad425a0_0, 0;
T_13.16 ;
    %jmp T_13.14;
T_13.13 ;
    %load/vec4 v0x55efaad424b0_0;
    %pad/u 32;
    %cmpi/e 11, 0, 32;
    %jmp/0xz  T_13.17, 4;
    %pushi/vec4 0, 0, 6;
    %assign/vec4 v0x55efaad424b0_0, 0;
    %jmp T_13.18;
T_13.17 ;
    %load/vec4 v0x55efaad424b0_0;
    %addi 1, 0, 6;
    %assign/vec4 v0x55efaad424b0_0, 0;
T_13.18 ;
T_13.14 ;
    %jmp T_13.12;
T_13.11 ;
    %load/vec4 v0x55efaad42920_0;
    %flag_set/vec4 8;
    %jmp/0xz  T_13.19, 8;
    %load/vec4 v0x55efaad40a50_0;
    %pad/u 32;
    %cmpi/e 0, 0, 32;
    %jmp/0xz  T_13.21, 4;
    %load/vec4 v0x55efaad425a0_0;
    %pad/u 32;
    %cmpi/e 0, 0, 32;
    %jmp/0xz  T_13.23, 4;
    %pushi/vec4 22, 0, 6;
    %assign/vec4 v0x55efaad425a0_0, 0;
    %jmp T_13.24;
T_13.23 ;
    %load/vec4 v0x55efaad425a0_0;
    %subi 1, 0, 6;
    %assign/vec4 v0x55efaad425a0_0, 0;
T_13.24 ;
    %jmp T_13.22;
T_13.21 ;
    %load/vec4 v0x55efaad424b0_0;
    %pad/u 32;
    %cmpi/e 11, 0, 32;
    %jmp/0xz  T_13.25, 4;
    %pushi/vec4 11, 0, 6;
    %assign/vec4 v0x55efaad424b0_0, 0;
    %jmp T_13.26;
T_13.25 ;
    %load/vec4 v0x55efaad424b0_0;
    %subi 1, 0, 6;
    %assign/vec4 v0x55efaad424b0_0, 0;
T_13.26 ;
T_13.22 ;
    %jmp T_13.20;
T_13.19 ;
    %load/vec4 v0x55efaad42860_0;
    %flag_set/vec4 8;
    %jmp/0xz  T_13.27, 8;
    %load/vec4 v0x55efaad424b0_0;
    %load/vec4 v0x55efaad425a0_0;
    %concat/vec4; draw_concat_vec4
    %load/vec4 v0x55efaad42690_0;
    %concat/vec4; draw_concat_vec4
    %split/vec4 6;
    %assign/vec4 v0x55efaad419c0_0, 0;
    %split/vec4 6;
    %assign/vec4 v0x55efaad418b0_0, 0;
    %assign/vec4 v0x55efaad417c0_0, 0;
    %pushi/vec4 1, 0, 1;
    %assign/vec4 v0x55efaad40e40_0, 0;
    %pushi/vec4 1, 0, 1;
    %assign/vec4 v0x55efaad41ee0_0, 0;
T_13.27 ;
T_13.20 ;
T_13.12 ;
    %jmp T_13.10;
T_13.8 ;
    %load/vec4 v0x55efaad406e0_0;
    %pad/u 32;
    %cmpi/e 0, 0, 32;
    %jmp/0xz  T_13.29, 4;
    %load/vec4 v0x55efaad41550_0;
    %load/vec4 v0x55efaad41620_0;
    %concat/vec4; draw_concat_vec4
    %load/vec4 v0x55efaad416f0_0;
    %concat/vec4; draw_concat_vec4
    %split/vec4 6;
    %assign/vec4 v0x55efaad42690_0, 0;
    %split/vec4 6;
    %assign/vec4 v0x55efaad425a0_0, 0;
    %assign/vec4 v0x55efaad424b0_0, 0;
    %pushi/vec4 1, 0, 1;
    %assign/vec4 v0x55efaad406e0_0, 0;
    %jmp T_13.30;
T_13.29 ;
    %load/vec4 v0x55efaad427a0_0;
    %flag_set/vec4 8;
    %jmp/0xz  T_13.31, 8;
    %load/vec4 v0x55efaad40a50_0;
    %pad/u 32;
    %cmpi/e 0, 0, 32;
    %jmp/0xz  T_13.33, 4;
    %load/vec4 v0x55efaad425a0_0;
    %pad/u 32;
    %cmpi/e 22, 0, 32;
    %jmp/0xz  T_13.35, 4;
    %pushi/vec4 0, 0, 6;
    %assign/vec4 v0x55efaad425a0_0, 0;
    %jmp T_13.36;
T_13.35 ;
    %load/vec4 v0x55efaad425a0_0;
    %addi 1, 0, 6;
    %assign/vec4 v0x55efaad425a0_0, 0;
T_13.36 ;
    %jmp T_13.34;
T_13.33 ;
    %load/vec4 v0x55efaad424b0_0;
    %pad/u 32;
    %cmpi/e 11, 0, 32;
    %jmp/0xz  T_13.37, 4;
    %pushi/vec4 0, 0, 6;
    %assign/vec4 v0x55efaad424b0_0, 0;
    %jmp T_13.38;
T_13.37 ;
    %load/vec4 v0x55efaad424b0_0;
    %addi 1, 0, 6;
    %assign/vec4 v0x55efaad424b0_0, 0;
T_13.38 ;
T_13.34 ;
    %jmp T_13.32;
T_13.31 ;
    %load/vec4 v0x55efaad42920_0;
    %flag_set/vec4 8;
    %jmp/0xz  T_13.39, 8;
    %load/vec4 v0x55efaad40a50_0;
    %pad/u 32;
    %cmpi/e 0, 0, 32;
    %jmp/0xz  T_13.41, 4;
    %load/vec4 v0x55efaad425a0_0;
    %pad/u 32;
    %cmpi/e 0, 0, 32;
    %jmp/0xz  T_13.43, 4;
    %pushi/vec4 22, 0, 6;
    %assign/vec4 v0x55efaad425a0_0, 0;
    %jmp T_13.44;
T_13.43 ;
    %load/vec4 v0x55efaad425a0_0;
    %subi 1, 0, 6;
    %assign/vec4 v0x55efaad425a0_0, 0;
T_13.44 ;
    %jmp T_13.42;
T_13.41 ;
    %load/vec4 v0x55efaad424b0_0;
    %pad/u 32;
    %cmpi/e 11, 0, 32;
    %jmp/0xz  T_13.45, 4;
    %pushi/vec4 11, 0, 6;
    %assign/vec4 v0x55efaad424b0_0, 0;
    %jmp T_13.46;
T_13.45 ;
    %load/vec4 v0x55efaad424b0_0;
    %subi 1, 0, 6;
    %assign/vec4 v0x55efaad424b0_0, 0;
T_13.46 ;
T_13.42 ;
    %jmp T_13.40;
T_13.39 ;
    %load/vec4 v0x55efaad42860_0;
    %flag_set/vec4 8;
    %jmp/0xz  T_13.47, 8;
    %load/vec4 v0x55efaad424b0_0;
    %load/vec4 v0x55efaad425a0_0;
    %concat/vec4; draw_concat_vec4
    %load/vec4 v0x55efaad42690_0;
    %concat/vec4; draw_concat_vec4
    %split/vec4 6;
    %assign/vec4 v0x55efaad419c0_0, 0;
    %split/vec4 6;
    %assign/vec4 v0x55efaad418b0_0, 0;
    %assign/vec4 v0x55efaad417c0_0, 0;
    %pushi/vec4 1, 0, 1;
    %assign/vec4 v0x55efaad40840_0, 0;
    %pushi/vec4 0, 0, 1;
    %assign/vec4 v0x55efaad406e0_0, 0;
    %pushi/vec4 1, 0, 1;
    %assign/vec4 v0x55efaad41ee0_0, 0;
T_13.47 ;
T_13.40 ;
T_13.32 ;
T_13.30 ;
    %jmp T_13.10;
T_13.10 ;
    %pop/vec4 1;
    %jmp T_13.5;
T_13.4 ;
    %pushi/vec4 0, 0, 1;
    %assign/vec4 v0x55efaad40e40_0, 0;
    %pushi/vec4 0, 0, 1;
    %assign/vec4 v0x55efaad41ee0_0, 0;
T_13.5 ;
T_13.3 ;
T_13.1 ;
    %jmp T_13;
    .thread T_13;
    .scope S_0x55efaad36b50;
T_14 ;
    %wait E_0x55efaacf2430;
    %load/vec4 v0x55efaad414b0_0;
    %flag_set/vec4 8;
    %jmp/0xz  T_14.0, 8;
    %pushi/vec4 0, 0, 2;
    %assign/vec4 v0x55efaad41140_0, 0;
    %jmp T_14.1;
T_14.0 ;
    %load/vec4 v0x55efaad40f10_0;
    %nor/r;
    %flag_set/vec4 8;
    %jmp/0xz  T_14.2, 8;
    %pushi/vec4 0, 0, 2;
    %assign/vec4 v0x55efaad41140_0, 0;
    %jmp T_14.3;
T_14.2 ;
    %load/vec4 v0x55efaad410a0_0;
    %flag_set/vec4 8;
    %jmp/0xz  T_14.4, 8;
    %load/vec4 v0x55efaad41140_0;
    %addi 1, 0, 2;
    %assign/vec4 v0x55efaad41140_0, 0;
    %jmp T_14.5;
T_14.4 ;
    %load/vec4 v0x55efaad41140_0;
    %assign/vec4 v0x55efaad41140_0, 0;
T_14.5 ;
    %load/vec4 v0x55efaad409b0_0;
    %flag_set/vec4 8;
    %jmp/0xz  T_14.6, 8;
    %load/vec4 v0x55efaad409b0_0;
    %pad/u 2;
    %addi 1, 0, 2;
    %pad/u 1;
    %assign/vec4 v0x55efaad40a50_0, 0;
    %jmp T_14.7;
T_14.6 ;
    %load/vec4 v0x55efaad40a50_0;
    %assign/vec4 v0x55efaad40a50_0, 0;
T_14.7 ;
T_14.3 ;
T_14.1 ;
    %jmp T_14;
    .thread T_14;
    .scope S_0x55efaad42ed0;
T_15 ;
    %wait E_0x55efaacf3be0;
    %fork TD_top.u_display_time.bcd_h.init_all, S_0x55efaad43310;
    %join;
    %pushi/vec4 0, 0, 32;
    %store/vec4 v0x55efaad43e30_0, 0, 32;
T_15.0 ;
    %load/vec4 v0x55efaad43e30_0;
    %cmpi/s 6, 0, 32;
    %jmp/0xz T_15.1, 5;
    %fork TD_top.u_display_time.bcd_h.check_all, S_0x55efaad43110;
    %join;
    %fork TD_top.u_display_time.bcd_h.shift_all, S_0x55efaad43510;
    %join;
    %load/vec4 v0x55efaad43e30_0;
    %addi 1, 0, 32;
    %store/vec4 v0x55efaad43e30_0, 0, 32;
    %jmp T_15.0;
T_15.1 ;
    %jmp T_15;
    .thread T_15, $push;
    .scope S_0x55efaad43f90;
T_16 ;
    %wait E_0x55efaac661e0;
    %fork TD_top.u_display_time.bcd_m.init_all, S_0x55efaad44360;
    %join;
    %pushi/vec4 0, 0, 32;
    %store/vec4 v0x55efaad44e80_0, 0, 32;
T_16.0 ;
    %load/vec4 v0x55efaad44e80_0;
    %cmpi/s 6, 0, 32;
    %jmp/0xz T_16.1, 5;
    %fork TD_top.u_display_time.bcd_m.check_all, S_0x55efaad44160;
    %join;
    %fork TD_top.u_display_time.bcd_m.shift_all, S_0x55efaad44560;
    %join;
    %load/vec4 v0x55efaad44e80_0;
    %addi 1, 0, 32;
    %store/vec4 v0x55efaad44e80_0, 0, 32;
    %jmp T_16.0;
T_16.1 ;
    %jmp T_16;
    .thread T_16, $push;
    .scope S_0x55efaad45070;
T_17 ;
    %wait E_0x55efaad21ed0;
    %fork TD_top.u_display_time.bcd_s.init_all, S_0x55efaad45420;
    %join;
    %pushi/vec4 0, 0, 32;
    %store/vec4 v0x55efaad45f40_0, 0, 32;
T_17.0 ;
    %load/vec4 v0x55efaad45f40_0;
    %cmpi/s 6, 0, 32;
    %jmp/0xz T_17.1, 5;
    %fork TD_top.u_display_time.bcd_s.check_all, S_0x55efaad45220;
    %join;
    %fork TD_top.u_display_time.bcd_s.shift_all, S_0x55efaad45620;
    %join;
    %load/vec4 v0x55efaad45f40_0;
    %addi 1, 0, 32;
    %store/vec4 v0x55efaad45f40_0, 0, 32;
    %jmp T_17.0;
T_17.1 ;
    %jmp T_17;
    .thread T_17, $push;
    .scope S_0x55efaad465e0;
T_18 ;
    %wait E_0x55efaad46850;
    %load/vec4 v0x55efaad46ab0_0;
    %dup/vec4;
    %pushi/vec4 0, 0, 4;
    %cmp/u;
    %jmp/1 T_18.0, 6;
    %dup/vec4;
    %pushi/vec4 1, 0, 4;
    %cmp/u;
    %jmp/1 T_18.1, 6;
    %dup/vec4;
    %pushi/vec4 2, 0, 4;
    %cmp/u;
    %jmp/1 T_18.2, 6;
    %dup/vec4;
    %pushi/vec4 3, 0, 4;
    %cmp/u;
    %jmp/1 T_18.3, 6;
    %dup/vec4;
    %pushi/vec4 4, 0, 4;
    %cmp/u;
    %jmp/1 T_18.4, 6;
    %dup/vec4;
    %pushi/vec4 5, 0, 4;
    %cmp/u;
    %jmp/1 T_18.5, 6;
    %dup/vec4;
    %pushi/vec4 6, 0, 4;
    %cmp/u;
    %jmp/1 T_18.6, 6;
    %dup/vec4;
    %pushi/vec4 7, 0, 4;
    %cmp/u;
    %jmp/1 T_18.7, 6;
    %dup/vec4;
    %pushi/vec4 8, 0, 4;
    %cmp/u;
    %jmp/1 T_18.8, 6;
    %dup/vec4;
    %pushi/vec4 9, 0, 4;
    %cmp/u;
    %jmp/1 T_18.9, 6;
    %pushi/vec4 0, 0, 7;
    %store/vec4 v0x55efaad468d0_0, 0, 7;
    %jmp T_18.11;
T_18.0 ;
    %pushi/vec4 63, 0, 7;
    %store/vec4 v0x55efaad468d0_0, 0, 7;
    %jmp T_18.11;
T_18.1 ;
    %pushi/vec4 6, 0, 7;
    %store/vec4 v0x55efaad468d0_0, 0, 7;
    %jmp T_18.11;
T_18.2 ;
    %pushi/vec4 91, 0, 7;
    %store/vec4 v0x55efaad468d0_0, 0, 7;
    %jmp T_18.11;
T_18.3 ;
    %pushi/vec4 79, 0, 7;
    %store/vec4 v0x55efaad468d0_0, 0, 7;
    %jmp T_18.11;
T_18.4 ;
    %pushi/vec4 102, 0, 7;
    %store/vec4 v0x55efaad468d0_0, 0, 7;
    %jmp T_18.11;
T_18.5 ;
    %pushi/vec4 109, 0, 7;
    %store/vec4 v0x55efaad468d0_0, 0, 7;
    %jmp T_18.11;
T_18.6 ;
    %pushi/vec4 125, 0, 7;
    %store/vec4 v0x55efaad468d0_0, 0, 7;
    %jmp T_18.11;
T_18.7 ;
    %pushi/vec4 7, 0, 7;
    %store/vec4 v0x55efaad468d0_0, 0, 7;
    %jmp T_18.11;
T_18.8 ;
    %pushi/vec4 127, 0, 7;
    %store/vec4 v0x55efaad468d0_0, 0, 7;
    %jmp T_18.11;
T_18.9 ;
    %pushi/vec4 111, 0, 7;
    %store/vec4 v0x55efaad468d0_0, 0, 7;
    %jmp T_18.11;
T_18.11 ;
    %pop/vec4 1;
    %jmp T_18;
    .thread T_18, $push;
    .scope S_0x55efaad46130;
T_19 ;
    %wait E_0x55efaad22620;
    %load/vec4 v0x55efaad46500_0;
    %dup/vec4;
    %pushi/vec4 0, 0, 4;
    %cmp/u;
    %jmp/1 T_19.0, 6;
    %dup/vec4;
    %pushi/vec4 1, 0, 4;
    %cmp/u;
    %jmp/1 T_19.1, 6;
    %dup/vec4;
    %pushi/vec4 2, 0, 4;
    %cmp/u;
    %jmp/1 T_19.2, 6;
    %dup/vec4;
    %pushi/vec4 3, 0, 4;
    %cmp/u;
    %jmp/1 T_19.3, 6;
    %dup/vec4;
    %pushi/vec4 4, 0, 4;
    %cmp/u;
    %jmp/1 T_19.4, 6;
    %dup/vec4;
    %pushi/vec4 5, 0, 4;
    %cmp/u;
    %jmp/1 T_19.5, 6;
    %dup/vec4;
    %pushi/vec4 6, 0, 4;
    %cmp/u;
    %jmp/1 T_19.6, 6;
    %dup/vec4;
    %pushi/vec4 7, 0, 4;
    %cmp/u;
    %jmp/1 T_19.7, 6;
    %dup/vec4;
    %pushi/vec4 8, 0, 4;
    %cmp/u;
    %jmp/1 T_19.8, 6;
    %dup/vec4;
    %pushi/vec4 9, 0, 4;
    %cmp/u;
    %jmp/1 T_19.9, 6;
    %pushi/vec4 0, 0, 7;
    %store/vec4 v0x55efaad46320_0, 0, 7;
    %jmp T_19.11;
T_19.0 ;
    %pushi/vec4 63, 0, 7;
    %store/vec4 v0x55efaad46320_0, 0, 7;
    %jmp T_19.11;
T_19.1 ;
    %pushi/vec4 6, 0, 7;
    %store/vec4 v0x55efaad46320_0, 0, 7;
    %jmp T_19.11;
T_19.2 ;
    %pushi/vec4 91, 0, 7;
    %store/vec4 v0x55efaad46320_0, 0, 7;
    %jmp T_19.11;
T_19.3 ;
    %pushi/vec4 79, 0, 7;
    %store/vec4 v0x55efaad46320_0, 0, 7;
    %jmp T_19.11;
T_19.4 ;
    %pushi/vec4 102, 0, 7;
    %store/vec4 v0x55efaad46320_0, 0, 7;
    %jmp T_19.11;
T_19.5 ;
    %pushi/vec4 109, 0, 7;
    %store/vec4 v0x55efaad46320_0, 0, 7;
    %jmp T_19.11;
T_19.6 ;
    %pushi/vec4 125, 0, 7;
    %store/vec4 v0x55efaad46320_0, 0, 7;
    %jmp T_19.11;
T_19.7 ;
    %pushi/vec4 7, 0, 7;
    %store/vec4 v0x55efaad46320_0, 0, 7;
    %jmp T_19.11;
T_19.8 ;
    %pushi/vec4 127, 0, 7;
    %store/vec4 v0x55efaad46320_0, 0, 7;
    %jmp T_19.11;
T_19.9 ;
    %pushi/vec4 111, 0, 7;
    %store/vec4 v0x55efaad46320_0, 0, 7;
    %jmp T_19.11;
T_19.11 ;
    %pop/vec4 1;
    %jmp T_19;
    .thread T_19, $push;
    .scope S_0x55efaad47180;
T_20 ;
    %wait E_0x55efaad473a0;
    %load/vec4 v0x55efaad47600_0;
    %dup/vec4;
    %pushi/vec4 0, 0, 4;
    %cmp/u;
    %jmp/1 T_20.0, 6;
    %dup/vec4;
    %pushi/vec4 1, 0, 4;
    %cmp/u;
    %jmp/1 T_20.1, 6;
    %dup/vec4;
    %pushi/vec4 2, 0, 4;
    %cmp/u;
    %jmp/1 T_20.2, 6;
    %dup/vec4;
    %pushi/vec4 3, 0, 4;
    %cmp/u;
    %jmp/1 T_20.3, 6;
    %dup/vec4;
    %pushi/vec4 4, 0, 4;
    %cmp/u;
    %jmp/1 T_20.4, 6;
    %dup/vec4;
    %pushi/vec4 5, 0, 4;
    %cmp/u;
    %jmp/1 T_20.5, 6;
    %dup/vec4;
    %pushi/vec4 6, 0, 4;
    %cmp/u;
    %jmp/1 T_20.6, 6;
    %dup/vec4;
    %pushi/vec4 7, 0, 4;
    %cmp/u;
    %jmp/1 T_20.7, 6;
    %dup/vec4;
    %pushi/vec4 8, 0, 4;
    %cmp/u;
    %jmp/1 T_20.8, 6;
    %dup/vec4;
    %pushi/vec4 9, 0, 4;
    %cmp/u;
    %jmp/1 T_20.9, 6;
    %pushi/vec4 0, 0, 7;
    %store/vec4 v0x55efaad47420_0, 0, 7;
    %jmp T_20.11;
T_20.0 ;
    %pushi/vec4 63, 0, 7;
    %store/vec4 v0x55efaad47420_0, 0, 7;
    %jmp T_20.11;
T_20.1 ;
    %pushi/vec4 6, 0, 7;
    %store/vec4 v0x55efaad47420_0, 0, 7;
    %jmp T_20.11;
T_20.2 ;
    %pushi/vec4 91, 0, 7;
    %store/vec4 v0x55efaad47420_0, 0, 7;
    %jmp T_20.11;
T_20.3 ;
    %pushi/vec4 79, 0, 7;
    %store/vec4 v0x55efaad47420_0, 0, 7;
    %jmp T_20.11;
T_20.4 ;
    %pushi/vec4 102, 0, 7;
    %store/vec4 v0x55efaad47420_0, 0, 7;
    %jmp T_20.11;
T_20.5 ;
    %pushi/vec4 109, 0, 7;
    %store/vec4 v0x55efaad47420_0, 0, 7;
    %jmp T_20.11;
T_20.6 ;
    %pushi/vec4 125, 0, 7;
    %store/vec4 v0x55efaad47420_0, 0, 7;
    %jmp T_20.11;
T_20.7 ;
    %pushi/vec4 7, 0, 7;
    %store/vec4 v0x55efaad47420_0, 0, 7;
    %jmp T_20.11;
T_20.8 ;
    %pushi/vec4 127, 0, 7;
    %store/vec4 v0x55efaad47420_0, 0, 7;
    %jmp T_20.11;
T_20.9 ;
    %pushi/vec4 111, 0, 7;
    %store/vec4 v0x55efaad47420_0, 0, 7;
    %jmp T_20.11;
T_20.11 ;
    %pop/vec4 1;
    %jmp T_20;
    .thread T_20, $push;
    .scope S_0x55efaad46bc0;
T_21 ;
    %wait E_0x55efaad46de0;
    %load/vec4 v0x55efaad47040_0;
    %dup/vec4;
    %pushi/vec4 0, 0, 4;
    %cmp/u;
    %jmp/1 T_21.0, 6;
    %dup/vec4;
    %pushi/vec4 1, 0, 4;
    %cmp/u;
    %jmp/1 T_21.1, 6;
    %dup/vec4;
    %pushi/vec4 2, 0, 4;
    %cmp/u;
    %jmp/1 T_21.2, 6;
    %dup/vec4;
    %pushi/vec4 3, 0, 4;
    %cmp/u;
    %jmp/1 T_21.3, 6;
    %dup/vec4;
    %pushi/vec4 4, 0, 4;
    %cmp/u;
    %jmp/1 T_21.4, 6;
    %dup/vec4;
    %pushi/vec4 5, 0, 4;
    %cmp/u;
    %jmp/1 T_21.5, 6;
    %dup/vec4;
    %pushi/vec4 6, 0, 4;
    %cmp/u;
    %jmp/1 T_21.6, 6;
    %dup/vec4;
    %pushi/vec4 7, 0, 4;
    %cmp/u;
    %jmp/1 T_21.7, 6;
    %dup/vec4;
    %pushi/vec4 8, 0, 4;
    %cmp/u;
    %jmp/1 T_21.8, 6;
    %dup/vec4;
    %pushi/vec4 9, 0, 4;
    %cmp/u;
    %jmp/1 T_21.9, 6;
    %pushi/vec4 0, 0, 7;
    %store/vec4 v0x55efaad46e60_0, 0, 7;
    %jmp T_21.11;
T_21.0 ;
    %pushi/vec4 63, 0, 7;
    %store/vec4 v0x55efaad46e60_0, 0, 7;
    %jmp T_21.11;
T_21.1 ;
    %pushi/vec4 6, 0, 7;
    %store/vec4 v0x55efaad46e60_0, 0, 7;
    %jmp T_21.11;
T_21.2 ;
    %pushi/vec4 91, 0, 7;
    %store/vec4 v0x55efaad46e60_0, 0, 7;
    %jmp T_21.11;
T_21.3 ;
    %pushi/vec4 79, 0, 7;
    %store/vec4 v0x55efaad46e60_0, 0, 7;
    %jmp T_21.11;
T_21.4 ;
    %pushi/vec4 102, 0, 7;
    %store/vec4 v0x55efaad46e60_0, 0, 7;
    %jmp T_21.11;
T_21.5 ;
    %pushi/vec4 109, 0, 7;
    %store/vec4 v0x55efaad46e60_0, 0, 7;
    %jmp T_21.11;
T_21.6 ;
    %pushi/vec4 125, 0, 7;
    %store/vec4 v0x55efaad46e60_0, 0, 7;
    %jmp T_21.11;
T_21.7 ;
    %pushi/vec4 7, 0, 7;
    %store/vec4 v0x55efaad46e60_0, 0, 7;
    %jmp T_21.11;
T_21.8 ;
    %pushi/vec4 127, 0, 7;
    %store/vec4 v0x55efaad46e60_0, 0, 7;
    %jmp T_21.11;
T_21.9 ;
    %pushi/vec4 111, 0, 7;
    %store/vec4 v0x55efaad46e60_0, 0, 7;
    %jmp T_21.11;
T_21.11 ;
    %pop/vec4 1;
    %jmp T_21;
    .thread T_21, $push;
    .scope S_0x55efaad47d00;
T_22 ;
    %wait E_0x55efaad47fb0;
    %load/vec4 v0x55efaad48210_0;
    %dup/vec4;
    %pushi/vec4 0, 0, 4;
    %cmp/u;
    %jmp/1 T_22.0, 6;
    %dup/vec4;
    %pushi/vec4 1, 0, 4;
    %cmp/u;
    %jmp/1 T_22.1, 6;
    %dup/vec4;
    %pushi/vec4 2, 0, 4;
    %cmp/u;
    %jmp/1 T_22.2, 6;
    %dup/vec4;
    %pushi/vec4 3, 0, 4;
    %cmp/u;
    %jmp/1 T_22.3, 6;
    %dup/vec4;
    %pushi/vec4 4, 0, 4;
    %cmp/u;
    %jmp/1 T_22.4, 6;
    %dup/vec4;
    %pushi/vec4 5, 0, 4;
    %cmp/u;
    %jmp/1 T_22.5, 6;
    %dup/vec4;
    %pushi/vec4 6, 0, 4;
    %cmp/u;
    %jmp/1 T_22.6, 6;
    %dup/vec4;
    %pushi/vec4 7, 0, 4;
    %cmp/u;
    %jmp/1 T_22.7, 6;
    %dup/vec4;
    %pushi/vec4 8, 0, 4;
    %cmp/u;
    %jmp/1 T_22.8, 6;
    %dup/vec4;
    %pushi/vec4 9, 0, 4;
    %cmp/u;
    %jmp/1 T_22.9, 6;
    %pushi/vec4 0, 0, 7;
    %store/vec4 v0x55efaad48030_0, 0, 7;
    %jmp T_22.11;
T_22.0 ;
    %pushi/vec4 63, 0, 7;
    %store/vec4 v0x55efaad48030_0, 0, 7;
    %jmp T_22.11;
T_22.1 ;
    %pushi/vec4 6, 0, 7;
    %store/vec4 v0x55efaad48030_0, 0, 7;
    %jmp T_22.11;
T_22.2 ;
    %pushi/vec4 91, 0, 7;
    %store/vec4 v0x55efaad48030_0, 0, 7;
    %jmp T_22.11;
T_22.3 ;
    %pushi/vec4 79, 0, 7;
    %store/vec4 v0x55efaad48030_0, 0, 7;
    %jmp T_22.11;
T_22.4 ;
    %pushi/vec4 102, 0, 7;
    %store/vec4 v0x55efaad48030_0, 0, 7;
    %jmp T_22.11;
T_22.5 ;
    %pushi/vec4 109, 0, 7;
    %store/vec4 v0x55efaad48030_0, 0, 7;
    %jmp T_22.11;
T_22.6 ;
    %pushi/vec4 125, 0, 7;
    %store/vec4 v0x55efaad48030_0, 0, 7;
    %jmp T_22.11;
T_22.7 ;
    %pushi/vec4 7, 0, 7;
    %store/vec4 v0x55efaad48030_0, 0, 7;
    %jmp T_22.11;
T_22.8 ;
    %pushi/vec4 127, 0, 7;
    %store/vec4 v0x55efaad48030_0, 0, 7;
    %jmp T_22.11;
T_22.9 ;
    %pushi/vec4 111, 0, 7;
    %store/vec4 v0x55efaad48030_0, 0, 7;
    %jmp T_22.11;
T_22.11 ;
    %pop/vec4 1;
    %jmp T_22;
    .thread T_22, $push;
    .scope S_0x55efaad47740;
T_23 ;
    %wait E_0x55efaad47960;
    %load/vec4 v0x55efaad47bc0_0;
    %dup/vec4;
    %pushi/vec4 0, 0, 4;
    %cmp/u;
    %jmp/1 T_23.0, 6;
    %dup/vec4;
    %pushi/vec4 1, 0, 4;
    %cmp/u;
    %jmp/1 T_23.1, 6;
    %dup/vec4;
    %pushi/vec4 2, 0, 4;
    %cmp/u;
    %jmp/1 T_23.2, 6;
    %dup/vec4;
    %pushi/vec4 3, 0, 4;
    %cmp/u;
    %jmp/1 T_23.3, 6;
    %dup/vec4;
    %pushi/vec4 4, 0, 4;
    %cmp/u;
    %jmp/1 T_23.4, 6;
    %dup/vec4;
    %pushi/vec4 5, 0, 4;
    %cmp/u;
    %jmp/1 T_23.5, 6;
    %dup/vec4;
    %pushi/vec4 6, 0, 4;
    %cmp/u;
    %jmp/1 T_23.6, 6;
    %dup/vec4;
    %pushi/vec4 7, 0, 4;
    %cmp/u;
    %jmp/1 T_23.7, 6;
    %dup/vec4;
    %pushi/vec4 8, 0, 4;
    %cmp/u;
    %jmp/1 T_23.8, 6;
    %dup/vec4;
    %pushi/vec4 9, 0, 4;
    %cmp/u;
    %jmp/1 T_23.9, 6;
    %pushi/vec4 0, 0, 7;
    %store/vec4 v0x55efaad479e0_0, 0, 7;
    %jmp T_23.11;
T_23.0 ;
    %pushi/vec4 63, 0, 7;
    %store/vec4 v0x55efaad479e0_0, 0, 7;
    %jmp T_23.11;
T_23.1 ;
    %pushi/vec4 6, 0, 7;
    %store/vec4 v0x55efaad479e0_0, 0, 7;
    %jmp T_23.11;
T_23.2 ;
    %pushi/vec4 91, 0, 7;
    %store/vec4 v0x55efaad479e0_0, 0, 7;
    %jmp T_23.11;
T_23.3 ;
    %pushi/vec4 79, 0, 7;
    %store/vec4 v0x55efaad479e0_0, 0, 7;
    %jmp T_23.11;
T_23.4 ;
    %pushi/vec4 102, 0, 7;
    %store/vec4 v0x55efaad479e0_0, 0, 7;
    %jmp T_23.11;
T_23.5 ;
    %pushi/vec4 109, 0, 7;
    %store/vec4 v0x55efaad479e0_0, 0, 7;
    %jmp T_23.11;
T_23.6 ;
    %pushi/vec4 125, 0, 7;
    %store/vec4 v0x55efaad479e0_0, 0, 7;
    %jmp T_23.11;
T_23.7 ;
    %pushi/vec4 7, 0, 7;
    %store/vec4 v0x55efaad479e0_0, 0, 7;
    %jmp T_23.11;
T_23.8 ;
    %pushi/vec4 127, 0, 7;
    %store/vec4 v0x55efaad479e0_0, 0, 7;
    %jmp T_23.11;
T_23.9 ;
    %pushi/vec4 111, 0, 7;
    %store/vec4 v0x55efaad479e0_0, 0, 7;
    %jmp T_23.11;
T_23.11 ;
    %pop/vec4 1;
    %jmp T_23;
    .thread T_23, $push;
    .scope S_0x55efaad0eb90;
T_24 ;
    %wait E_0x55efaacf2430;
    %load/vec4 v0x55efaacba9e0_0;
    %flag_set/vec4 8;
    %jmp/0xz  T_24.0, 8;
    %pushi/vec4 0, 0, 7;
    %assign/vec4 v0x55efaacf5a90_0, 0;
    %jmp T_24.1;
T_24.0 ;
    %load/vec4 v0x55efaad226b0_0;
    %nor/r;
    %flag_set/vec4 8;
    %jmp/0xz  T_24.2, 8;
    %pushi/vec4 1, 0, 7;
    %assign/vec4 v0x55efaacf5a90_0, 0;
    %jmp T_24.3;
T_24.2 ;
    %load/vec4 v0x55efaacf5a90_0;
    %parti/s 6, 0, 2;
    %load/vec4 v0x55efaacf5a90_0;
    %parti/s 1, 6, 4;
    %concat/vec4; draw_concat_vec4
    %assign/vec4 v0x55efaacf5a90_0, 0;
T_24.3 ;
T_24.1 ;
    %jmp T_24;
    .thread T_24;
    .scope S_0x55efaad366a0;
T_25 ;
    %wait E_0x55efaacf2430;
    %load/vec4 v0x55efaad369f0_0;
    %flag_set/vec4 8;
    %jmp/0xz  T_25.0, 8;
    %pushi/vec4 0, 0, 7;
    %assign/vec4 v0x55efaacea130_0, 0;
    %jmp T_25.1;
T_25.0 ;
    %load/vec4 v0x55efaad368b0_0;
    %nor/r;
    %flag_set/vec4 8;
    %jmp/0xz  T_25.2, 8;
    %pushi/vec4 1, 0, 7;
    %assign/vec4 v0x55efaacea130_0, 0;
    %jmp T_25.3;
T_25.2 ;
    %load/vec4 v0x55efaacea130_0;
    %parti/s 6, 0, 2;
    %load/vec4 v0x55efaacea130_0;
    %parti/s 1, 6, 4;
    %concat/vec4; draw_concat_vec4
    %assign/vec4 v0x55efaacea130_0, 0;
T_25.3 ;
T_25.1 ;
    %jmp T_25;
    .thread T_25;
# The file index is used to find the file name in the following table.
:file_names 14;
    "N/A";
    "<interactive>";
    "top.v";
    "./display_alarm.v";
    "./ctrl.v";
    "./alarm.v";
    "./display_choose.v";
    "./clock_hms.v";
    "./show_bit.v";
    "./stopwatch.v";
    "./display_time.v";
    "./bcd.v";
    "./dec.v";
    "./tik.v";
