#! /usr/bin/vvp
:ivl_version "11.0 (stable)" "(v11_0)";
:ivl_delay_selection "TYPICAL";
:vpi_time_precision + 0;
:vpi_module "/usr/lib/ivl/system.vpi";
:vpi_module "/usr/lib/ivl/vhdl_sys.vpi";
:vpi_module "/usr/lib/ivl/vhdl_textio.vpi";
:vpi_module "/usr/lib/ivl/v2005_math.vpi";
:vpi_module "/usr/lib/ivl/va_math.vpi";
S_0x560c2725ad90 .scope module, "top" "top" 2 3;
 .timescale 0 0;
    .port_info 0 /INPUT 2 "SW";
    .port_info 1 /INPUT 1 "KEY";
    .port_info 2 /OUTPUT 1 "LED";
o0x7f6b3b6b5258 .functor BUFZ 1, C4<z>; HiZ drive
L_0x560c27270860 .functor BUFZ 1, o0x7f6b3b6b5258, C4<0>, C4<0>, C4<0>;
L_0x560c27270a60 .functor BUFZ 1, L_0x560c27280c40, C4<0>, C4<0>, C4<0>;
v0x560c27270200_0 .net "KEY", 1 1, o0x7f6b3b6b5258;  0 drivers
v0x560c27270300_0 .net "LED", 10 10, L_0x560c27270a60;  1 drivers
o0x7f6b3b6b52b8 .functor BUFZ 2, C4<zz>; HiZ drive
v0x560c272703e0_0 .net "SW", 17 16, o0x7f6b3b6b52b8;  0 drivers
v0x560c272704a0_0 .net "clk", 0 0, L_0x560c27270860;  1 drivers
v0x560c27270540_0 .net "data", 0 0, L_0x560c27270920;  1 drivers
v0x560c27270630_0 .net "res", 0 0, L_0x560c27280c40;  1 drivers
v0x560c272706d0_0 .net "reset", 0 0, L_0x560c27270770;  1 drivers
L_0x560c27270770 .part o0x7f6b3b6b52b8, 1, 1;
L_0x560c27270920 .part o0x7f6b3b6b52b8, 0, 1;
S_0x560c2725af70 .scope module, "u_moore" "seqdet_moore" 2 19, 3 1 0, S_0x560c2725ad90;
 .timescale 0 0;
    .port_info 0 /INPUT 1 "clk";
    .port_info 1 /INPUT 1 "reset";
    .port_info 2 /INPUT 1 "data";
    .port_info 3 /OUTPUT 1 "res";
v0x560c27247dc0_0 .net *"_ivl_0", 31 0, L_0x560c27270b40;  1 drivers
L_0x7f6b3b66c018 .functor BUFT 1, C4<0000000000000000000000000000>, C4<0>, C4<0>, C4<0>;
v0x560c2726fbb0_0 .net *"_ivl_3", 27 0, L_0x7f6b3b66c018;  1 drivers
L_0x7f6b3b66c060 .functor BUFT 1, C4<00000000000000000000000000000101>, C4<0>, C4<0>, C4<0>;
v0x560c2726fc90_0 .net/2u *"_ivl_4", 31 0, L_0x7f6b3b66c060;  1 drivers
v0x560c2726fd50_0 .net "clk", 0 0, L_0x560c27270860;  alias, 1 drivers
v0x560c2726fe10_0 .net "data", 0 0, L_0x560c27270920;  alias, 1 drivers
v0x560c2726ff20_0 .net "res", 0 0, L_0x560c27280c40;  alias, 1 drivers
v0x560c2726ffe0_0 .net "reset", 0 0, L_0x560c27270770;  alias, 1 drivers
v0x560c272700a0_0 .var "status", 3 0;
E_0x560c2721e6b0/0 .event edge, v0x560c2726ffe0_0;
E_0x560c2721e6b0/1 .event posedge, v0x560c2726fd50_0;
E_0x560c2721e6b0 .event/or E_0x560c2721e6b0/0, E_0x560c2721e6b0/1;
L_0x560c27270b40 .concat [ 4 28 0 0], v0x560c272700a0_0, L_0x7f6b3b66c018;
L_0x560c27280c40 .cmp/eq 32, L_0x560c27270b40, L_0x7f6b3b66c060;
    .scope S_0x560c2725af70;
T_0 ;
    %wait E_0x560c2721e6b0;
    %load/vec4 v0x560c2726ffe0_0;
    %flag_set/vec4 8;
    %jmp/0xz  T_0.0, 8;
    %pushi/vec4 0, 0, 4;
    %assign/vec4 v0x560c272700a0_0, 0;
    %jmp T_0.1;
T_0.0 ;
    %load/vec4 v0x560c272700a0_0;
    %dup/vec4;
    %pushi/vec4 0, 0, 4;
    %cmp/u;
    %jmp/1 T_0.2, 6;
    %dup/vec4;
    %pushi/vec4 1, 0, 4;
    %cmp/u;
    %jmp/1 T_0.3, 6;
    %dup/vec4;
    %pushi/vec4 2, 0, 4;
    %cmp/u;
    %jmp/1 T_0.4, 6;
    %dup/vec4;
    %pushi/vec4 3, 0, 4;
    %cmp/u;
    %jmp/1 T_0.5, 6;
    %dup/vec4;
    %pushi/vec4 4, 0, 4;
    %cmp/u;
    %jmp/1 T_0.6, 6;
    %dup/vec4;
    %pushi/vec4 5, 0, 4;
    %cmp/u;
    %jmp/1 T_0.7, 6;
    %pushi/vec4 0, 0, 4;
    %assign/vec4 v0x560c272700a0_0, 0;
    %jmp T_0.9;
T_0.2 ;
    %load/vec4 v0x560c2726fe10_0;
    %pad/u 32;
    %cmpi/e 1, 0, 32;
    %jmp/0xz  T_0.10, 4;
    %pushi/vec4 1, 0, 4;
    %assign/vec4 v0x560c272700a0_0, 0;
    %jmp T_0.11;
T_0.10 ;
    %pushi/vec4 0, 0, 4;
    %assign/vec4 v0x560c272700a0_0, 0;
T_0.11 ;
    %jmp T_0.9;
T_0.3 ;
    %load/vec4 v0x560c2726fe10_0;
    %pad/u 32;
    %cmpi/e 1, 0, 32;
    %jmp/0xz  T_0.12, 4;
    %pushi/vec4 1, 0, 4;
    %assign/vec4 v0x560c272700a0_0, 0;
    %jmp T_0.13;
T_0.12 ;
    %pushi/vec4 2, 0, 4;
    %assign/vec4 v0x560c272700a0_0, 0;
T_0.13 ;
    %jmp T_0.9;
T_0.4 ;
    %load/vec4 v0x560c2726fe10_0;
    %pad/u 32;
    %cmpi/e 1, 0, 32;
    %jmp/0xz  T_0.14, 4;
    %pushi/vec4 1, 0, 4;
    %assign/vec4 v0x560c272700a0_0, 0;
    %jmp T_0.15;
T_0.14 ;
    %pushi/vec4 3, 0, 4;
    %assign/vec4 v0x560c272700a0_0, 0;
T_0.15 ;
    %jmp T_0.9;
T_0.5 ;
    %load/vec4 v0x560c2726fe10_0;
    %pad/u 32;
    %cmpi/e 1, 0, 32;
    %jmp/0xz  T_0.16, 4;
    %pushi/vec4 4, 0, 4;
    %assign/vec4 v0x560c272700a0_0, 0;
    %jmp T_0.17;
T_0.16 ;
    %pushi/vec4 0, 0, 4;
    %assign/vec4 v0x560c272700a0_0, 0;
T_0.17 ;
    %jmp T_0.9;
T_0.6 ;
    %load/vec4 v0x560c2726fe10_0;
    %pad/u 32;
    %cmpi/e 1, 0, 32;
    %jmp/0xz  T_0.18, 4;
    %pushi/vec4 1, 0, 4;
    %assign/vec4 v0x560c272700a0_0, 0;
    %jmp T_0.19;
T_0.18 ;
    %pushi/vec4 5, 0, 4;
    %assign/vec4 v0x560c272700a0_0, 0;
T_0.19 ;
    %jmp T_0.9;
T_0.7 ;
    %load/vec4 v0x560c2726fe10_0;
    %pad/u 32;
    %cmpi/e 1, 0, 32;
    %jmp/0xz  T_0.20, 4;
    %pushi/vec4 1, 0, 4;
    %assign/vec4 v0x560c272700a0_0, 0;
    %jmp T_0.21;
T_0.20 ;
    %pushi/vec4 3, 0, 4;
    %assign/vec4 v0x560c272700a0_0, 0;
T_0.21 ;
    %jmp T_0.9;
T_0.9 ;
    %pop/vec4 1;
T_0.1 ;
    %jmp T_0;
    .thread T_0;
# The file index is used to find the file name in the following table.
:file_names 4;
    "N/A";
    "<interactive>";
    "top.v";
    "./moore.v";
