#! /usr/bin/vvp
:ivl_version "10.3 (stable)" "(v10_3)";
:ivl_delay_selection "TYPICAL";
:vpi_time_precision + 0;
:vpi_module "system";
:vpi_module "vhdl_sys";
:vpi_module "v2005_math";
:vpi_module "va_math";
S_0x558ff8b8a0e0 .scope module, "_7458v1" "_7458v1" 2 3;
 .timescale 0 0;
    .port_info 0 /INPUT 1 "p1a"
    .port_info 1 /INPUT 1 "p1b"
    .port_info 2 /INPUT 1 "p1c"
    .port_info 3 /INPUT 1 "p1d"
    .port_info 4 /INPUT 1 "p1e"
    .port_info 5 /INPUT 1 "p1f"
    .port_info 6 /OUTPUT 1 "p1y"
    .port_info 7 /INPUT 1 "p2a"
    .port_info 8 /INPUT 1 "p2b"
    .port_info 9 /INPUT 1 "p2c"
    .port_info 10 /INPUT 1 "p2d"
    .port_info 11 /OUTPUT 1 "p2y"
o0x7f93406d70d8 .functor BUFZ 1, C4<z>; HiZ drive
o0x7f93406d7108 .functor BUFZ 1, C4<z>; HiZ drive
o0x7f93406d7138 .functor BUFZ 1, C4<z>; HiZ drive
L_0x558ff8bbf870 .functor AND 1, o0x7f93406d70d8, o0x7f93406d7108, o0x7f93406d7138, C4<1>;
o0x7f93406d7168 .functor BUFZ 1, C4<z>; HiZ drive
o0x7f93406d7198 .functor BUFZ 1, C4<z>; HiZ drive
o0x7f93406d71c8 .functor BUFZ 1, C4<z>; HiZ drive
L_0x558ff8bd0e70 .functor AND 1, o0x7f93406d7168, o0x7f93406d7198, o0x7f93406d71c8, C4<1>;
o0x7f93406d7228 .functor BUFZ 1, C4<z>; HiZ drive
o0x7f93406d7258 .functor BUFZ 1, C4<z>; HiZ drive
L_0x558ff8bd0fd0 .functor AND 1, o0x7f93406d7228, o0x7f93406d7258, C4<1>, C4<1>;
o0x7f93406d7288 .functor BUFZ 1, C4<z>; HiZ drive
o0x7f93406d72b8 .functor BUFZ 1, C4<z>; HiZ drive
L_0x558ff8bd10d0 .functor AND 1, o0x7f93406d7288, o0x7f93406d72b8, C4<1>, C4<1>;
L_0x558ff8bd1200 .functor OR 1, L_0x558ff8bbf870, L_0x558ff8bd0e70, C4<0>, C4<0>;
L_0x558ff8bd12f0 .functor OR 1, L_0x558ff8bd0fd0, L_0x558ff8bd10d0, C4<0>, C4<0>;
v0x558ff8b8a390_0 .net "and1", 0 0, L_0x558ff8bbf870;  1 drivers
v0x558ff8bcffc0_0 .net "and2", 0 0, L_0x558ff8bd0e70;  1 drivers
v0x558ff8bd0080_0 .net "and3", 0 0, L_0x558ff8bd0fd0;  1 drivers
v0x558ff8bd0120_0 .net "and4", 0 0, L_0x558ff8bd10d0;  1 drivers
v0x558ff8bd01e0_0 .net "p1a", 0 0, o0x7f93406d70d8;  0 drivers
v0x558ff8bd02f0_0 .net "p1b", 0 0, o0x7f93406d7108;  0 drivers
v0x558ff8bd03b0_0 .net "p1c", 0 0, o0x7f93406d7138;  0 drivers
v0x558ff8bd0470_0 .net "p1d", 0 0, o0x7f93406d7168;  0 drivers
v0x558ff8bd0530_0 .net "p1e", 0 0, o0x7f93406d7198;  0 drivers
v0x558ff8bd0680_0 .net "p1f", 0 0, o0x7f93406d71c8;  0 drivers
v0x558ff8bd0740_0 .net "p1y", 0 0, L_0x558ff8bd1200;  1 drivers
v0x558ff8bd0800_0 .net "p2a", 0 0, o0x7f93406d7228;  0 drivers
v0x558ff8bd08c0_0 .net "p2b", 0 0, o0x7f93406d7258;  0 drivers
v0x558ff8bd0980_0 .net "p2c", 0 0, o0x7f93406d7288;  0 drivers
v0x558ff8bd0a40_0 .net "p2d", 0 0, o0x7f93406d72b8;  0 drivers
v0x558ff8bd0b00_0 .net "p2y", 0 0, L_0x558ff8bd12f0;  1 drivers
# The file index is used to find the file name in the following table.
:file_names 3;
    "N/A";
    "<interactive>";
    "7458v2.v";
