#! /usr/bin/vvp
:ivl_version "10.3 (stable)" "(v10_3)";
:ivl_delay_selection "TYPICAL";
:vpi_time_precision + 0;
:vpi_module "system";
:vpi_module "vhdl_sys";
:vpi_module "v2005_math";
:vpi_module "va_math";
S_0x562113808150 .scope module, "_7458v1" "_7458v1" 2 3;
 .timescale 0 0;
    .port_info 0 /INPUT 1 "p1a"
    .port_info 1 /INPUT 1 "p1b"
    .port_info 2 /INPUT 1 "p1c"
    .port_info 3 /INPUT 1 "p1d"
    .port_info 4 /INPUT 1 "p1e"
    .port_info 5 /INPUT 1 "p1f"
    .port_info 6 /OUTPUT 1 "p1y"
    .port_info 7 /INPUT 1 "p2a"
    .port_info 8 /INPUT 1 "p2b"
    .port_info 9 /INPUT 1 "p2c"
    .port_info 10 /INPUT 1 "p2d"
    .port_info 11 /OUTPUT 1 "p2y"
o0x7f6220499138 .functor BUFZ 1, C4<z>; HiZ drive
o0x7f6220499168 .functor BUFZ 1, C4<z>; HiZ drive
L_0x562113828870 .functor AND 1, o0x7f6220499138, o0x7f6220499168, C4<1>, C4<1>;
o0x7f6220499198 .functor BUFZ 1, C4<z>; HiZ drive
L_0x56211383b8a0 .functor AND 1, L_0x562113828870, o0x7f6220499198, C4<1>, C4<1>;
o0x7f62204991c8 .functor BUFZ 1, C4<z>; HiZ drive
o0x7f62204991f8 .functor BUFZ 1, C4<z>; HiZ drive
L_0x56211383b910 .functor AND 1, o0x7f62204991c8, o0x7f62204991f8, C4<1>, C4<1>;
o0x7f6220499228 .functor BUFZ 1, C4<z>; HiZ drive
L_0x56211383b9b0 .functor AND 1, L_0x56211383b910, o0x7f6220499228, C4<1>, C4<1>;
o0x7f6220499288 .functor BUFZ 1, C4<z>; HiZ drive
o0x7f62204992b8 .functor BUFZ 1, C4<z>; HiZ drive
L_0x56211383bad0 .functor AND 1, o0x7f6220499288, o0x7f62204992b8, C4<1>, C4<1>;
o0x7f62204992e8 .functor BUFZ 1, C4<z>; HiZ drive
o0x7f6220499318 .functor BUFZ 1, C4<z>; HiZ drive
L_0x56211383bbd0 .functor AND 1, o0x7f62204992e8, o0x7f6220499318, C4<1>, C4<1>;
L_0x56211383bd10 .functor OR 1, L_0x56211383b8a0, L_0x56211383b9b0, C4<0>, C4<0>;
L_0x56211383be20 .functor OR 1, L_0x56211383bad0, L_0x56211383bbd0, C4<0>, C4<0>;
v0x5621137f3140_0 .net *"_s0", 0 0, L_0x562113828870;  1 drivers
v0x56211383a7e0_0 .net *"_s4", 0 0, L_0x56211383b910;  1 drivers
v0x56211383a8c0_0 .net "and1", 0 0, L_0x56211383b8a0;  1 drivers
v0x56211383a960_0 .net "and2", 0 0, L_0x56211383b9b0;  1 drivers
v0x56211383aa20_0 .net "and3", 0 0, L_0x56211383bad0;  1 drivers
v0x56211383ab30_0 .net "and4", 0 0, L_0x56211383bbd0;  1 drivers
v0x56211383abf0_0 .net "p1a", 0 0, o0x7f6220499138;  0 drivers
v0x56211383acb0_0 .net "p1b", 0 0, o0x7f6220499168;  0 drivers
v0x56211383ad70_0 .net "p1c", 0 0, o0x7f6220499198;  0 drivers
v0x56211383aec0_0 .net "p1d", 0 0, o0x7f62204991c8;  0 drivers
v0x56211383af80_0 .net "p1e", 0 0, o0x7f62204991f8;  0 drivers
v0x56211383b040_0 .net "p1f", 0 0, o0x7f6220499228;  0 drivers
v0x56211383b100_0 .net "p1y", 0 0, L_0x56211383bd10;  1 drivers
v0x56211383b1c0_0 .net "p2a", 0 0, o0x7f6220499288;  0 drivers
v0x56211383b280_0 .net "p2b", 0 0, o0x7f62204992b8;  0 drivers
v0x56211383b340_0 .net "p2c", 0 0, o0x7f62204992e8;  0 drivers
v0x56211383b400_0 .net "p2d", 0 0, o0x7f6220499318;  0 drivers
v0x56211383b5d0_0 .net "p2y", 0 0, L_0x56211383be20;  1 drivers
# The file index is used to find the file name in the following table.
:file_names 3;
    "N/A";
    "<interactive>";
    "7458v1.v";
