#! /usr/bin/vvp
:ivl_version "11.0 (stable)" "(v11_0)";
:ivl_delay_selection "TYPICAL";
:vpi_time_precision - 9;
:vpi_module "/usr/lib/ivl/system.vpi";
:vpi_module "/usr/lib/ivl/vhdl_sys.vpi";
:vpi_module "/usr/lib/ivl/vhdl_textio.vpi";
:vpi_module "/usr/lib/ivl/v2005_math.vpi";
:vpi_module "/usr/lib/ivl/va_math.vpi";
S_0x559777061d70 .scope module, "test" "test" 2 3;
 .timescale -9 -9;
v0x5597770db170_0 .var "clk", 0 0;
v0x5597770db230_0 .var "cnt", 7 0;
v0x5597770db2f0_0 .var/i "i", 31 0;
v0x5597770db3e0_0 .net "light_ew_rgyl", 3 0, L_0x5597770ec310;  1 drivers
v0x5597770db4d0_0 .net "light_sn_rgyl", 3 0, L_0x5597770ede40;  1 drivers
v0x5597770db570_0 .var "reset", 0 0;
v0x5597770db640_0 .var "sta", 3 0;
E_0x5597770a9d60 .event posedge, v0x5597770dabf0_0;
S_0x559777061f00 .scope module, "u" "traffic_light" 2 11, 3 1 0, S_0x559777061d70;
 .timescale 0 0;
    .port_info 0 /INPUT 1 "clk";
    .port_info 1 /INPUT 1 "reset";
    .port_info 2 /OUTPUT 4 "light_ew_rgyl";
    .port_info 3 /OUTPUT 4 "light_sn_rgyl";
L_0x5597770ebfd0 .functor OR 1, L_0x5597770ebb70, L_0x5597770ebe50, C4<0>, C4<0>;
L_0x5597770ec980 .functor AND 1, L_0x5597770ec5f0, L_0x5597770ec840, C4<1>, C4<1>;
L_0x5597770ec780 .functor AND 1, L_0x5597770ec980, L_0x5597770ecc00, C4<1>, C4<1>;
L_0x5597770ed0a0 .functor AND 1, L_0x5597770ec780, L_0x5597770ecf60, C4<1>, C4<1>;
L_0x5597770eda30 .functor OR 1, L_0x5597770ed2d0, L_0x5597770ed8f0, C4<0>, C4<0>;
L_0x5597770ee750 .functor AND 1, L_0x5597770ee1f0, L_0x5597770ee510, C4<1>, C4<1>;
L_0x5597770eebe0 .functor AND 1, L_0x5597770ee750, L_0x5597770ee990, C4<1>, C4<1>;
L_0x5597770ef040 .functor AND 1, L_0x5597770eebe0, L_0x5597770eede0, C4<1>, C4<1>;
v0x5597770b6fb0_0 .net *"_ivl_101", 31 0, L_0x5597770ed740;  1 drivers
L_0x7f6d7af265b8 .functor BUFT 1, C4<0000000000000000000000000000>, C4<0>, C4<0>, C4<0>;
v0x5597770d6a50_0 .net *"_ivl_104", 27 0, L_0x7f6d7af265b8;  1 drivers
L_0x7f6d7af26600 .functor BUFT 1, C4<00000000000000000000000000001001>, C4<0>, C4<0>, C4<0>;
v0x5597770d6b30_0 .net/2u *"_ivl_105", 31 0, L_0x7f6d7af26600;  1 drivers
v0x5597770d6c20_0 .net *"_ivl_107", 0 0, L_0x5597770ed8f0;  1 drivers
v0x5597770d6ce0_0 .net *"_ivl_110", 0 0, L_0x5597770eda30;  1 drivers
v0x5597770d6df0_0 .net *"_ivl_113", 31 0, L_0x5597770edb40;  1 drivers
L_0x7f6d7af26648 .functor BUFT 1, C4<0000000000000000000000000000>, C4<0>, C4<0>, C4<0>;
v0x5597770d6ed0_0 .net *"_ivl_116", 27 0, L_0x7f6d7af26648;  1 drivers
L_0x7f6d7af26690 .functor BUFT 1, C4<00000000000000000000000000000110>, C4<0>, C4<0>, C4<0>;
v0x5597770d6fb0_0 .net/2u *"_ivl_117", 31 0, L_0x7f6d7af26690;  1 drivers
v0x5597770d7090_0 .net *"_ivl_119", 0 0, L_0x5597770edd00;  1 drivers
v0x5597770d7150_0 .net *"_ivl_12", 31 0, L_0x5597770eba30;  1 drivers
v0x5597770d7230_0 .net *"_ivl_124", 31 0, L_0x5597770ee100;  1 drivers
L_0x7f6d7af266d8 .functor BUFT 1, C4<0000000000000000000000000000>, C4<0>, C4<0>, C4<0>;
v0x5597770d7310_0 .net *"_ivl_127", 27 0, L_0x7f6d7af266d8;  1 drivers
L_0x7f6d7af26720 .functor BUFT 1, C4<00000000000000000000000000000110>, C4<0>, C4<0>, C4<0>;
v0x5597770d73f0_0 .net/2u *"_ivl_128", 31 0, L_0x7f6d7af26720;  1 drivers
v0x5597770d74d0_0 .net *"_ivl_130", 0 0, L_0x5597770ee1f0;  1 drivers
v0x5597770d7590_0 .net *"_ivl_132", 31 0, L_0x5597770ee420;  1 drivers
L_0x7f6d7af26768 .functor BUFT 1, C4<0000000000000000000000000000>, C4<0>, C4<0>, C4<0>;
v0x5597770d7670_0 .net *"_ivl_135", 27 0, L_0x7f6d7af26768;  1 drivers
L_0x7f6d7af267b0 .functor BUFT 1, C4<00000000000000000000000000000111>, C4<0>, C4<0>, C4<0>;
v0x5597770d7750_0 .net/2u *"_ivl_136", 31 0, L_0x7f6d7af267b0;  1 drivers
v0x5597770d7830_0 .net *"_ivl_138", 0 0, L_0x5597770ee510;  1 drivers
v0x5597770d78f0_0 .net *"_ivl_141", 0 0, L_0x5597770ee750;  1 drivers
v0x5597770d79b0_0 .net *"_ivl_142", 31 0, L_0x5597770ee8a0;  1 drivers
L_0x7f6d7af267f8 .functor BUFT 1, C4<0000000000000000000000000000>, C4<0>, C4<0>, C4<0>;
v0x5597770d7a90_0 .net *"_ivl_145", 27 0, L_0x7f6d7af267f8;  1 drivers
L_0x7f6d7af26840 .functor BUFT 1, C4<00000000000000000000000000001001>, C4<0>, C4<0>, C4<0>;
v0x5597770d7b70_0 .net/2u *"_ivl_146", 31 0, L_0x7f6d7af26840;  1 drivers
v0x5597770d7c50_0 .net *"_ivl_148", 0 0, L_0x5597770ee990;  1 drivers
L_0x7f6d7af260a8 .functor BUFT 1, C4<0000000000000000000000000000>, C4<0>, C4<0>, C4<0>;
v0x5597770d7d10_0 .net *"_ivl_15", 27 0, L_0x7f6d7af260a8;  1 drivers
v0x5597770d7df0_0 .net *"_ivl_151", 0 0, L_0x5597770eebe0;  1 drivers
v0x5597770d7eb0_0 .net *"_ivl_152", 31 0, L_0x5597770eecf0;  1 drivers
L_0x7f6d7af26888 .functor BUFT 1, C4<0000000000000000000000000000>, C4<0>, C4<0>, C4<0>;
v0x5597770d7f90_0 .net *"_ivl_155", 27 0, L_0x7f6d7af26888;  1 drivers
L_0x7f6d7af268d0 .functor BUFT 1, C4<00000000000000000000000000001000>, C4<0>, C4<0>, C4<0>;
v0x5597770d8070_0 .net/2u *"_ivl_156", 31 0, L_0x7f6d7af268d0;  1 drivers
v0x5597770d8150_0 .net *"_ivl_158", 0 0, L_0x5597770eede0;  1 drivers
L_0x7f6d7af260f0 .functor BUFT 1, C4<00000000000000000000000000000010>, C4<0>, C4<0>, C4<0>;
v0x5597770d8210_0 .net/2u *"_ivl_16", 31 0, L_0x7f6d7af260f0;  1 drivers
v0x5597770d82f0_0 .net *"_ivl_161", 0 0, L_0x5597770ef040;  1 drivers
v0x5597770d83b0_0 .net *"_ivl_18", 0 0, L_0x5597770ebb70;  1 drivers
v0x5597770d8470_0 .net *"_ivl_2", 31 0, L_0x5597770db6e0;  1 drivers
v0x5597770d8760_0 .net *"_ivl_20", 31 0, L_0x5597770ebd10;  1 drivers
L_0x7f6d7af26138 .functor BUFT 1, C4<0000000000000000000000000000>, C4<0>, C4<0>, C4<0>;
v0x5597770d8840_0 .net *"_ivl_23", 27 0, L_0x7f6d7af26138;  1 drivers
L_0x7f6d7af26180 .functor BUFT 1, C4<00000000000000000000000000000100>, C4<0>, C4<0>, C4<0>;
v0x5597770d8920_0 .net/2u *"_ivl_24", 31 0, L_0x7f6d7af26180;  1 drivers
v0x5597770d8a00_0 .net *"_ivl_26", 0 0, L_0x5597770ebe50;  1 drivers
v0x5597770d8ac0_0 .net *"_ivl_29", 0 0, L_0x5597770ebfd0;  1 drivers
v0x5597770d8b80_0 .net *"_ivl_32", 31 0, L_0x5597770ec0e0;  1 drivers
L_0x7f6d7af261c8 .functor BUFT 1, C4<0000000000000000000000000000>, C4<0>, C4<0>, C4<0>;
v0x5597770d8c60_0 .net *"_ivl_35", 27 0, L_0x7f6d7af261c8;  1 drivers
L_0x7f6d7af26210 .functor BUFT 1, C4<00000000000000000000000000000001>, C4<0>, C4<0>, C4<0>;
v0x5597770d8d40_0 .net/2u *"_ivl_36", 31 0, L_0x7f6d7af26210;  1 drivers
v0x5597770d8e20_0 .net *"_ivl_38", 0 0, L_0x5597770ec180;  1 drivers
v0x5597770d8ee0_0 .net *"_ivl_43", 31 0, L_0x5597770ec4f0;  1 drivers
L_0x7f6d7af26258 .functor BUFT 1, C4<0000000000000000000000000000>, C4<0>, C4<0>, C4<0>;
v0x5597770d8fc0_0 .net *"_ivl_46", 27 0, L_0x7f6d7af26258;  1 drivers
L_0x7f6d7af262a0 .functor BUFT 1, C4<00000000000000000000000000000001>, C4<0>, C4<0>, C4<0>;
v0x5597770d90a0_0 .net/2u *"_ivl_47", 31 0, L_0x7f6d7af262a0;  1 drivers
v0x5597770d9180_0 .net *"_ivl_49", 0 0, L_0x5597770ec5f0;  1 drivers
L_0x7f6d7af26018 .functor BUFT 1, C4<0000000000000000000000000000>, C4<0>, C4<0>, C4<0>;
v0x5597770d9240_0 .net *"_ivl_5", 27 0, L_0x7f6d7af26018;  1 drivers
v0x5597770d9320_0 .net *"_ivl_51", 31 0, L_0x5597770ec6e0;  1 drivers
L_0x7f6d7af262e8 .functor BUFT 1, C4<0000000000000000000000000000>, C4<0>, C4<0>, C4<0>;
v0x5597770d9400_0 .net *"_ivl_54", 27 0, L_0x7f6d7af262e8;  1 drivers
L_0x7f6d7af26330 .functor BUFT 1, C4<00000000000000000000000000000010>, C4<0>, C4<0>, C4<0>;
v0x5597770d94e0_0 .net/2u *"_ivl_55", 31 0, L_0x7f6d7af26330;  1 drivers
v0x5597770d95c0_0 .net *"_ivl_57", 0 0, L_0x5597770ec840;  1 drivers
L_0x7f6d7af26060 .functor BUFT 1, C4<00000000000000000000000000000011>, C4<0>, C4<0>, C4<0>;
v0x5597770d9680_0 .net/2u *"_ivl_6", 31 0, L_0x7f6d7af26060;  1 drivers
v0x5597770d9760_0 .net *"_ivl_60", 0 0, L_0x5597770ec980;  1 drivers
v0x5597770d9820_0 .net *"_ivl_61", 31 0, L_0x5597770eca90;  1 drivers
L_0x7f6d7af26378 .functor BUFT 1, C4<0000000000000000000000000000>, C4<0>, C4<0>, C4<0>;
v0x5597770d9900_0 .net *"_ivl_64", 27 0, L_0x7f6d7af26378;  1 drivers
L_0x7f6d7af263c0 .functor BUFT 1, C4<00000000000000000000000000000100>, C4<0>, C4<0>, C4<0>;
v0x5597770d99e0_0 .net/2u *"_ivl_65", 31 0, L_0x7f6d7af263c0;  1 drivers
v0x5597770d9ac0_0 .net *"_ivl_67", 0 0, L_0x5597770ecc00;  1 drivers
v0x5597770d9b80_0 .net *"_ivl_70", 0 0, L_0x5597770ec780;  1 drivers
v0x5597770d9c40_0 .net *"_ivl_71", 31 0, L_0x5597770ecde0;  1 drivers
L_0x7f6d7af26408 .functor BUFT 1, C4<0000000000000000000000000000>, C4<0>, C4<0>, C4<0>;
v0x5597770d9d20_0 .net *"_ivl_74", 27 0, L_0x7f6d7af26408;  1 drivers
L_0x7f6d7af26450 .functor BUFT 1, C4<00000000000000000000000000000011>, C4<0>, C4<0>, C4<0>;
v0x5597770d9e00_0 .net/2u *"_ivl_75", 31 0, L_0x7f6d7af26450;  1 drivers
v0x5597770d9ee0_0 .net *"_ivl_77", 0 0, L_0x5597770ecf60;  1 drivers
v0x5597770d9fa0_0 .net *"_ivl_8", 0 0, L_0x5597770eb8c0;  1 drivers
v0x5597770da060_0 .net *"_ivl_80", 0 0, L_0x5597770ed0a0;  1 drivers
v0x5597770da120_0 .net *"_ivl_83", 31 0, L_0x5597770ed230;  1 drivers
L_0x7f6d7af26498 .functor BUFT 1, C4<0000000000000000000000000000>, C4<0>, C4<0>, C4<0>;
v0x5597770da610_0 .net *"_ivl_86", 27 0, L_0x7f6d7af26498;  1 drivers
L_0x7f6d7af264e0 .functor BUFT 1, C4<00000000000000000000000000001000>, C4<0>, C4<0>, C4<0>;
v0x5597770da6f0_0 .net/2u *"_ivl_87", 31 0, L_0x7f6d7af264e0;  1 drivers
v0x5597770da7d0_0 .net *"_ivl_89", 0 0, L_0x5597770ed3c0;  1 drivers
v0x5597770da890_0 .net *"_ivl_93", 31 0, L_0x5597770ed500;  1 drivers
L_0x7f6d7af26528 .functor BUFT 1, C4<0000000000000000000000000000>, C4<0>, C4<0>, C4<0>;
v0x5597770da970_0 .net *"_ivl_96", 27 0, L_0x7f6d7af26528;  1 drivers
L_0x7f6d7af26570 .functor BUFT 1, C4<00000000000000000000000000000111>, C4<0>, C4<0>, C4<0>;
v0x5597770daa50_0 .net/2u *"_ivl_97", 31 0, L_0x7f6d7af26570;  1 drivers
v0x5597770dab30_0 .net *"_ivl_99", 0 0, L_0x5597770ed2d0;  1 drivers
v0x5597770dabf0_0 .net "clk", 0 0, v0x5597770db170_0;  1 drivers
v0x5597770dacb0_0 .var "cnt", 7 0;
v0x5597770dad90_0 .net "light_ew_rgyl", 3 0, L_0x5597770ec310;  alias, 1 drivers
v0x5597770dae70_0 .net "light_sn_rgyl", 3 0, L_0x5597770ede40;  alias, 1 drivers
v0x5597770daf50_0 .net "reset", 0 0, v0x5597770db570_0;  1 drivers
v0x5597770db010_0 .var "status", 3 0;
E_0x5597770aa0b0 .event posedge, v0x5597770daf50_0, v0x5597770dabf0_0;
L_0x5597770db6e0 .concat [ 4 28 0 0], v0x5597770db010_0, L_0x7f6d7af26018;
L_0x5597770eb8c0 .cmp/eq 32, L_0x5597770db6e0, L_0x7f6d7af26060;
L_0x5597770eba30 .concat [ 4 28 0 0], v0x5597770db010_0, L_0x7f6d7af260a8;
L_0x5597770ebb70 .cmp/eq 32, L_0x5597770eba30, L_0x7f6d7af260f0;
L_0x5597770ebd10 .concat [ 4 28 0 0], v0x5597770db010_0, L_0x7f6d7af26138;
L_0x5597770ebe50 .cmp/eq 32, L_0x5597770ebd10, L_0x7f6d7af26180;
L_0x5597770ec0e0 .concat [ 4 28 0 0], v0x5597770db010_0, L_0x7f6d7af261c8;
L_0x5597770ec180 .cmp/eq 32, L_0x5597770ec0e0, L_0x7f6d7af26210;
L_0x5597770ec310 .concat8 [ 1 1 1 1], L_0x5597770eb8c0, L_0x5597770ebfd0, L_0x5597770ec180, L_0x5597770ed0a0;
L_0x5597770ec4f0 .concat [ 4 28 0 0], v0x5597770db010_0, L_0x7f6d7af26258;
L_0x5597770ec5f0 .cmp/ne 32, L_0x5597770ec4f0, L_0x7f6d7af262a0;
L_0x5597770ec6e0 .concat [ 4 28 0 0], v0x5597770db010_0, L_0x7f6d7af262e8;
L_0x5597770ec840 .cmp/ne 32, L_0x5597770ec6e0, L_0x7f6d7af26330;
L_0x5597770eca90 .concat [ 4 28 0 0], v0x5597770db010_0, L_0x7f6d7af26378;
L_0x5597770ecc00 .cmp/ne 32, L_0x5597770eca90, L_0x7f6d7af263c0;
L_0x5597770ecde0 .concat [ 4 28 0 0], v0x5597770db010_0, L_0x7f6d7af26408;
L_0x5597770ecf60 .cmp/ne 32, L_0x5597770ecde0, L_0x7f6d7af26450;
L_0x5597770ed230 .concat [ 4 28 0 0], v0x5597770db010_0, L_0x7f6d7af26498;
L_0x5597770ed3c0 .cmp/eq 32, L_0x5597770ed230, L_0x7f6d7af264e0;
L_0x5597770ed500 .concat [ 4 28 0 0], v0x5597770db010_0, L_0x7f6d7af26528;
L_0x5597770ed2d0 .cmp/eq 32, L_0x5597770ed500, L_0x7f6d7af26570;
L_0x5597770ed740 .concat [ 4 28 0 0], v0x5597770db010_0, L_0x7f6d7af265b8;
L_0x5597770ed8f0 .cmp/eq 32, L_0x5597770ed740, L_0x7f6d7af26600;
L_0x5597770edb40 .concat [ 4 28 0 0], v0x5597770db010_0, L_0x7f6d7af26648;
L_0x5597770edd00 .cmp/eq 32, L_0x5597770edb40, L_0x7f6d7af26690;
L_0x5597770ede40 .concat8 [ 1 1 1 1], L_0x5597770ed3c0, L_0x5597770eda30, L_0x5597770edd00, L_0x5597770ef040;
L_0x5597770ee100 .concat [ 4 28 0 0], v0x5597770db010_0, L_0x7f6d7af266d8;
L_0x5597770ee1f0 .cmp/ne 32, L_0x5597770ee100, L_0x7f6d7af26720;
L_0x5597770ee420 .concat [ 4 28 0 0], v0x5597770db010_0, L_0x7f6d7af26768;
L_0x5597770ee510 .cmp/ne 32, L_0x5597770ee420, L_0x7f6d7af267b0;
L_0x5597770ee8a0 .concat [ 4 28 0 0], v0x5597770db010_0, L_0x7f6d7af267f8;
L_0x5597770ee990 .cmp/ne 32, L_0x5597770ee8a0, L_0x7f6d7af26840;
L_0x5597770eecf0 .concat [ 4 28 0 0], v0x5597770db010_0, L_0x7f6d7af26888;
L_0x5597770eede0 .cmp/ne 32, L_0x5597770eecf0, L_0x7f6d7af268d0;
    .scope S_0x559777061f00;
T_0 ;
    %wait E_0x5597770aa0b0;
    %load/vec4 v0x5597770daf50_0;
    %flag_set/vec4 8;
    %jmp/0xz  T_0.0, 8;
    %pushi/vec4 0, 0, 4;
    %assign/vec4 v0x5597770db010_0, 0;
    %pushi/vec4 0, 0, 8;
    %assign/vec4 v0x5597770dacb0_0, 0;
    %jmp T_0.1;
T_0.0 ;
    %load/vec4 v0x5597770db010_0;
    %dup/vec4;
    %pushi/vec4 0, 0, 4;
    %cmp/u;
    %jmp/1 T_0.2, 6;
    %dup/vec4;
    %pushi/vec4 6, 0, 4;
    %cmp/u;
    %jmp/1 T_0.3, 6;
    %dup/vec4;
    %pushi/vec4 7, 0, 4;
    %cmp/u;
    %jmp/1 T_0.4, 6;
    %dup/vec4;
    %pushi/vec4 8, 0, 4;
    %cmp/u;
    %jmp/1 T_0.5, 6;
    %dup/vec4;
    %pushi/vec4 9, 0, 4;
    %cmp/u;
    %jmp/1 T_0.6, 6;
    %dup/vec4;
    %pushi/vec4 10, 0, 4;
    %cmp/u;
    %jmp/1 T_0.7, 6;
    %dup/vec4;
    %pushi/vec4 1, 0, 4;
    %cmp/u;
    %jmp/1 T_0.8, 6;
    %dup/vec4;
    %pushi/vec4 2, 0, 4;
    %cmp/u;
    %jmp/1 T_0.9, 6;
    %dup/vec4;
    %pushi/vec4 3, 0, 4;
    %cmp/u;
    %jmp/1 T_0.10, 6;
    %dup/vec4;
    %pushi/vec4 4, 0, 4;
    %cmp/u;
    %jmp/1 T_0.11, 6;
    %dup/vec4;
    %pushi/vec4 5, 0, 4;
    %cmp/u;
    %jmp/1 T_0.12, 6;
    %pushi/vec4 0, 0, 4;
    %assign/vec4 v0x5597770db010_0, 0;
    %jmp T_0.14;
T_0.2 ;
    %load/vec4 v0x5597770dacb0_0;
    %pad/u 32;
    %addi 1, 0, 32;
    %cmpi/e 3, 0, 32;
    %jmp/0xz  T_0.15, 4;
    %pushi/vec4 0, 0, 8;
    %assign/vec4 v0x5597770dacb0_0, 0;
    %pushi/vec4 6, 0, 4;
    %assign/vec4 v0x5597770db010_0, 0;
    %jmp T_0.16;
T_0.15 ;
    %load/vec4 v0x5597770dacb0_0;
    %addi 1, 0, 8;
    %assign/vec4 v0x5597770dacb0_0, 0;
T_0.16 ;
    %jmp T_0.14;
T_0.3 ;
    %load/vec4 v0x5597770dacb0_0;
    %pad/u 32;
    %addi 1, 0, 32;
    %cmpi/e 30, 0, 32;
    %jmp/0xz  T_0.17, 4;
    %pushi/vec4 0, 0, 8;
    %assign/vec4 v0x5597770dacb0_0, 0;
    %pushi/vec4 7, 0, 4;
    %assign/vec4 v0x5597770db010_0, 0;
    %jmp T_0.18;
T_0.17 ;
    %load/vec4 v0x5597770dacb0_0;
    %addi 1, 0, 8;
    %assign/vec4 v0x5597770dacb0_0, 0;
T_0.18 ;
    %jmp T_0.14;
T_0.4 ;
    %load/vec4 v0x5597770dacb0_0;
    %pad/u 32;
    %addi 1, 0, 32;
    %cmpi/e 5, 0, 32;
    %jmp/0xz  T_0.19, 4;
    %pushi/vec4 0, 0, 8;
    %assign/vec4 v0x5597770dacb0_0, 0;
    %pushi/vec4 8, 0, 4;
    %assign/vec4 v0x5597770db010_0, 0;
    %jmp T_0.20;
T_0.19 ;
    %load/vec4 v0x5597770dacb0_0;
    %addi 1, 0, 8;
    %assign/vec4 v0x5597770dacb0_0, 0;
T_0.20 ;
    %jmp T_0.14;
T_0.5 ;
    %load/vec4 v0x5597770dacb0_0;
    %pad/u 32;
    %addi 1, 0, 32;
    %cmpi/e 15, 0, 32;
    %jmp/0xz  T_0.21, 4;
    %pushi/vec4 0, 0, 8;
    %assign/vec4 v0x5597770dacb0_0, 0;
    %pushi/vec4 9, 0, 4;
    %assign/vec4 v0x5597770db010_0, 0;
    %jmp T_0.22;
T_0.21 ;
    %load/vec4 v0x5597770dacb0_0;
    %addi 1, 0, 8;
    %assign/vec4 v0x5597770dacb0_0, 0;
T_0.22 ;
    %jmp T_0.14;
T_0.6 ;
    %load/vec4 v0x5597770dacb0_0;
    %pad/u 32;
    %addi 1, 0, 32;
    %cmpi/e 5, 0, 32;
    %jmp/0xz  T_0.23, 4;
    %pushi/vec4 0, 0, 8;
    %assign/vec4 v0x5597770dacb0_0, 0;
    %pushi/vec4 10, 0, 4;
    %assign/vec4 v0x5597770db010_0, 0;
    %jmp T_0.24;
T_0.23 ;
    %load/vec4 v0x5597770dacb0_0;
    %addi 1, 0, 8;
    %assign/vec4 v0x5597770dacb0_0, 0;
T_0.24 ;
    %jmp T_0.14;
T_0.7 ;
    %load/vec4 v0x5597770dacb0_0;
    %pad/u 32;
    %addi 1, 0, 32;
    %cmpi/e 3, 0, 32;
    %jmp/0xz  T_0.25, 4;
    %pushi/vec4 0, 0, 8;
    %assign/vec4 v0x5597770dacb0_0, 0;
    %pushi/vec4 1, 0, 4;
    %assign/vec4 v0x5597770db010_0, 0;
    %jmp T_0.26;
T_0.25 ;
    %load/vec4 v0x5597770dacb0_0;
    %addi 1, 0, 8;
    %assign/vec4 v0x5597770dacb0_0, 0;
T_0.26 ;
    %jmp T_0.14;
T_0.8 ;
    %load/vec4 v0x5597770dacb0_0;
    %pad/u 32;
    %addi 1, 0, 32;
    %cmpi/e 40, 0, 32;
    %jmp/0xz  T_0.27, 4;
    %pushi/vec4 0, 0, 8;
    %assign/vec4 v0x5597770dacb0_0, 0;
    %pushi/vec4 2, 0, 4;
    %assign/vec4 v0x5597770db010_0, 0;
    %jmp T_0.28;
T_0.27 ;
    %load/vec4 v0x5597770dacb0_0;
    %addi 1, 0, 8;
    %assign/vec4 v0x5597770dacb0_0, 0;
T_0.28 ;
    %jmp T_0.14;
T_0.9 ;
    %load/vec4 v0x5597770dacb0_0;
    %pad/u 32;
    %addi 1, 0, 32;
    %cmpi/e 5, 0, 32;
    %jmp/0xz  T_0.29, 4;
    %pushi/vec4 0, 0, 8;
    %assign/vec4 v0x5597770dacb0_0, 0;
    %pushi/vec4 3, 0, 4;
    %assign/vec4 v0x5597770db010_0, 0;
    %jmp T_0.30;
T_0.29 ;
    %load/vec4 v0x5597770dacb0_0;
    %addi 1, 0, 8;
    %assign/vec4 v0x5597770dacb0_0, 0;
T_0.30 ;
    %jmp T_0.14;
T_0.10 ;
    %load/vec4 v0x5597770dacb0_0;
    %pad/u 32;
    %addi 1, 0, 32;
    %cmpi/e 15, 0, 32;
    %jmp/0xz  T_0.31, 4;
    %pushi/vec4 0, 0, 8;
    %assign/vec4 v0x5597770dacb0_0, 0;
    %pushi/vec4 4, 0, 4;
    %assign/vec4 v0x5597770db010_0, 0;
    %jmp T_0.32;
T_0.31 ;
    %load/vec4 v0x5597770dacb0_0;
    %addi 1, 0, 8;
    %assign/vec4 v0x5597770dacb0_0, 0;
T_0.32 ;
    %jmp T_0.14;
T_0.11 ;
    %load/vec4 v0x5597770dacb0_0;
    %pad/u 32;
    %addi 1, 0, 32;
    %cmpi/e 5, 0, 32;
    %jmp/0xz  T_0.33, 4;
    %pushi/vec4 0, 0, 8;
    %assign/vec4 v0x5597770dacb0_0, 0;
    %pushi/vec4 5, 0, 4;
    %assign/vec4 v0x5597770db010_0, 0;
    %jmp T_0.34;
T_0.33 ;
    %load/vec4 v0x5597770dacb0_0;
    %addi 1, 0, 8;
    %assign/vec4 v0x5597770dacb0_0, 0;
T_0.34 ;
    %jmp T_0.14;
T_0.12 ;
    %load/vec4 v0x5597770dacb0_0;
    %pad/u 32;
    %addi 1, 0, 32;
    %cmpi/e 2, 0, 32;
    %jmp/0xz  T_0.35, 4;
    %pushi/vec4 0, 0, 8;
    %assign/vec4 v0x5597770dacb0_0, 0;
    %pushi/vec4 6, 0, 4;
    %assign/vec4 v0x5597770db010_0, 0;
    %jmp T_0.36;
T_0.35 ;
    %load/vec4 v0x5597770dacb0_0;
    %addi 1, 0, 8;
    %assign/vec4 v0x5597770dacb0_0, 0;
T_0.36 ;
    %jmp T_0.14;
T_0.14 ;
    %pop/vec4 1;
T_0.1 ;
    %jmp T_0;
    .thread T_0;
    .scope S_0x559777061d70;
T_1 ;
    %delay 5, 0;
    %load/vec4 v0x5597770db170_0;
    %inv;
    %store/vec4 v0x5597770db170_0, 0, 1;
    %jmp T_1;
    .thread T_1;
    .scope S_0x559777061d70;
T_2 ;
    %vpi_call 2 22 "$dumpfile", "test.vcd" {0 0 0};
    %vpi_call 2 23 "$dumpvars" {0 0 0};
    %pushi/vec4 0, 0, 1;
    %store/vec4 v0x5597770db170_0, 0, 1;
    %delay 1, 0;
    %pushi/vec4 1, 0, 1;
    %store/vec4 v0x5597770db570_0, 0, 1;
    %delay 1, 0;
    %pushi/vec4 0, 0, 1;
    %store/vec4 v0x5597770db570_0, 0, 1;
    %load/vec4 v0x5597770db010_0;
    %store/vec4 v0x5597770db640_0, 0, 4;
    %pushi/vec4 0, 0, 8;
    %store/vec4 v0x5597770db230_0, 0, 8;
    %pushi/vec4 0, 0, 32;
    %store/vec4 v0x5597770db2f0_0, 0, 32;
T_2.0 ;
    %load/vec4 v0x5597770db2f0_0;
    %cmpi/s 20, 0, 32;
    %jmp/0xz T_2.1, 5;
    %wait E_0x5597770a9d60;
    %load/vec4 v0x5597770db230_0;
    %addi 1, 0, 8;
    %store/vec4 v0x5597770db230_0, 0, 8;
    %load/vec4 v0x5597770db010_0;
    %load/vec4 v0x5597770db640_0;
    %cmp/ne;
    %jmp/0xz  T_2.2, 4;
    %vpi_call 2 34 "$display", "state: %d, last: %d", v0x5597770db640_0, v0x5597770db230_0 {0 0 0};
    %load/vec4 v0x5597770db010_0;
    %store/vec4 v0x5597770db640_0, 0, 4;
    %pushi/vec4 0, 0, 8;
    %store/vec4 v0x5597770db230_0, 0, 8;
    %load/vec4 v0x5597770db2f0_0;
    %addi 1, 0, 32;
    %store/vec4 v0x5597770db2f0_0, 0, 32;
T_2.2 ;
    %load/vec4 v0x5597770db2f0_0;
    %store/vec4 v0x5597770db2f0_0, 0, 32;
    %jmp T_2.0;
T_2.1 ;
    %delay 20, 0;
    %vpi_call 2 41 "$finish" {0 0 0};
    %end;
    .thread T_2;
# The file index is used to find the file name in the following table.
:file_names 4;
    "N/A";
    "<interactive>";
    "light_no_tb.v";
    "./light_no.v";
