#! /usr/bin/vvp
:ivl_version "11.0 (stable)" "(v11_0)";
:ivl_delay_selection "TYPICAL";
:vpi_time_precision + 0;
:vpi_module "/usr/lib/ivl/system.vpi";
:vpi_module "/usr/lib/ivl/vhdl_sys.vpi";
:vpi_module "/usr/lib/ivl/vhdl_textio.vpi";
:vpi_module "/usr/lib/ivl/v2005_math.vpi";
:vpi_module "/usr/lib/ivl/va_math.vpi";
S_0x55f766558c90 .scope module, "traffic_light" "traffic_light" 2 1;
 .timescale 0 0;
    .port_info 0 /INPUT 1 "clk";
    .port_info 1 /INPUT 1 "reset";
    .port_info 2 /OUTPUT 4 "light_ew_rgyl";
    .port_info 3 /OUTPUT 4 "light_sn_rgyl";
L_0x55f76658dd80 .functor OR 1, L_0x55f76658d920, L_0x55f76658dc00, C4<0>, C4<0>;
L_0x55f76658e710 .functor AND 1, L_0x55f76658e350, L_0x55f76658e5a0, C4<1>, C4<1>;
L_0x55f76658e4e0 .functor AND 1, L_0x55f76658e710, L_0x55f76658e990, C4<1>, C4<1>;
L_0x55f76658ee30 .functor AND 1, L_0x55f76658e4e0, L_0x55f76658ecf0, C4<1>, C4<1>;
L_0x55f76658f880 .functor OR 1, L_0x55f76658f060, L_0x55f76658f740, C4<0>, C4<0>;
L_0x55f766590580 .functor AND 1, L_0x55f76658fff0, L_0x55f766590310, C4<1>, C4<1>;
L_0x55f766590a10 .functor AND 1, L_0x55f766590580, L_0x55f7665907c0, C4<1>, C4<1>;
L_0x55f766590e70 .functor AND 1, L_0x55f766590a10, L_0x55f766590c10, C4<1>, C4<1>;
v0x55f766558e20_0 .net *"_ivl_101", 31 0, L_0x55f76658f590;  1 drivers
L_0x7fc5b2a895b8 .functor BUFT 1, C4<0000000000000000000000000000>, C4<0>, C4<0>, C4<0>;
v0x55f766578ce0_0 .net *"_ivl_104", 27 0, L_0x7fc5b2a895b8;  1 drivers
L_0x7fc5b2a89600 .functor BUFT 1, C4<00000000000000000000000000001001>, C4<0>, C4<0>, C4<0>;
v0x55f766578dc0_0 .net/2u *"_ivl_105", 31 0, L_0x7fc5b2a89600;  1 drivers
v0x55f766578eb0_0 .net *"_ivl_107", 0 0, L_0x55f76658f740;  1 drivers
v0x55f766578f70_0 .net *"_ivl_110", 0 0, L_0x55f76658f880;  1 drivers
v0x55f766579080_0 .net *"_ivl_113", 31 0, L_0x55f76658f990;  1 drivers
L_0x7fc5b2a89648 .functor BUFT 1, C4<0000000000000000000000000000>, C4<0>, C4<0>, C4<0>;
v0x55f766579160_0 .net *"_ivl_116", 27 0, L_0x7fc5b2a89648;  1 drivers
L_0x7fc5b2a89690 .functor BUFT 1, C4<00000000000000000000000000000110>, C4<0>, C4<0>, C4<0>;
v0x55f766579240_0 .net/2u *"_ivl_117", 31 0, L_0x7fc5b2a89690;  1 drivers
v0x55f766579320_0 .net *"_ivl_119", 0 0, L_0x55f76658fb50;  1 drivers
v0x55f7665793e0_0 .net *"_ivl_12", 31 0, L_0x55f76658d7e0;  1 drivers
v0x55f7665794c0_0 .net *"_ivl_124", 31 0, L_0x55f76658ff00;  1 drivers
L_0x7fc5b2a896d8 .functor BUFT 1, C4<0000000000000000000000000000>, C4<0>, C4<0>, C4<0>;
v0x55f7665795a0_0 .net *"_ivl_127", 27 0, L_0x7fc5b2a896d8;  1 drivers
L_0x7fc5b2a89720 .functor BUFT 1, C4<00000000000000000000000000000110>, C4<0>, C4<0>, C4<0>;
v0x55f766579680_0 .net/2u *"_ivl_128", 31 0, L_0x7fc5b2a89720;  1 drivers
v0x55f766579760_0 .net *"_ivl_130", 0 0, L_0x55f76658fff0;  1 drivers
v0x55f766579820_0 .net *"_ivl_132", 31 0, L_0x55f766590220;  1 drivers
L_0x7fc5b2a89768 .functor BUFT 1, C4<0000000000000000000000000000>, C4<0>, C4<0>, C4<0>;
v0x55f766579900_0 .net *"_ivl_135", 27 0, L_0x7fc5b2a89768;  1 drivers
L_0x7fc5b2a897b0 .functor BUFT 1, C4<00000000000000000000000000000111>, C4<0>, C4<0>, C4<0>;
v0x55f7665799e0_0 .net/2u *"_ivl_136", 31 0, L_0x7fc5b2a897b0;  1 drivers
v0x55f766579bd0_0 .net *"_ivl_138", 0 0, L_0x55f766590310;  1 drivers
v0x55f766579c90_0 .net *"_ivl_141", 0 0, L_0x55f766590580;  1 drivers
v0x55f766579d50_0 .net *"_ivl_142", 31 0, L_0x55f7665906d0;  1 drivers
L_0x7fc5b2a897f8 .functor BUFT 1, C4<0000000000000000000000000000>, C4<0>, C4<0>, C4<0>;
v0x55f766579e30_0 .net *"_ivl_145", 27 0, L_0x7fc5b2a897f8;  1 drivers
L_0x7fc5b2a89840 .functor BUFT 1, C4<00000000000000000000000000001001>, C4<0>, C4<0>, C4<0>;
v0x55f766579f10_0 .net/2u *"_ivl_146", 31 0, L_0x7fc5b2a89840;  1 drivers
v0x55f766579ff0_0 .net *"_ivl_148", 0 0, L_0x55f7665907c0;  1 drivers
L_0x7fc5b2a890a8 .functor BUFT 1, C4<0000000000000000000000000000>, C4<0>, C4<0>, C4<0>;
v0x55f76657a0b0_0 .net *"_ivl_15", 27 0, L_0x7fc5b2a890a8;  1 drivers
v0x55f76657a190_0 .net *"_ivl_151", 0 0, L_0x55f766590a10;  1 drivers
v0x55f76657a250_0 .net *"_ivl_152", 31 0, L_0x55f766590b20;  1 drivers
L_0x7fc5b2a89888 .functor BUFT 1, C4<0000000000000000000000000000>, C4<0>, C4<0>, C4<0>;
v0x55f76657a330_0 .net *"_ivl_155", 27 0, L_0x7fc5b2a89888;  1 drivers
L_0x7fc5b2a898d0 .functor BUFT 1, C4<00000000000000000000000000001000>, C4<0>, C4<0>, C4<0>;
v0x55f76657a410_0 .net/2u *"_ivl_156", 31 0, L_0x7fc5b2a898d0;  1 drivers
v0x55f76657a4f0_0 .net *"_ivl_158", 0 0, L_0x55f766590c10;  1 drivers
L_0x7fc5b2a890f0 .functor BUFT 1, C4<00000000000000000000000000000010>, C4<0>, C4<0>, C4<0>;
v0x55f76657a5b0_0 .net/2u *"_ivl_16", 31 0, L_0x7fc5b2a890f0;  1 drivers
v0x55f76657a690_0 .net *"_ivl_161", 0 0, L_0x55f766590e70;  1 drivers
v0x55f76657a750_0 .net *"_ivl_18", 0 0, L_0x55f76658d920;  1 drivers
v0x55f76657a810_0 .net *"_ivl_2", 31 0, L_0x55f76657d510;  1 drivers
v0x55f76657ab00_0 .net *"_ivl_20", 31 0, L_0x55f76658dac0;  1 drivers
L_0x7fc5b2a89138 .functor BUFT 1, C4<0000000000000000000000000000>, C4<0>, C4<0>, C4<0>;
v0x55f76657abe0_0 .net *"_ivl_23", 27 0, L_0x7fc5b2a89138;  1 drivers
L_0x7fc5b2a89180 .functor BUFT 1, C4<00000000000000000000000000000100>, C4<0>, C4<0>, C4<0>;
v0x55f76657acc0_0 .net/2u *"_ivl_24", 31 0, L_0x7fc5b2a89180;  1 drivers
v0x55f76657ada0_0 .net *"_ivl_26", 0 0, L_0x55f76658dc00;  1 drivers
v0x55f76657ae60_0 .net *"_ivl_29", 0 0, L_0x55f76658dd80;  1 drivers
v0x55f76657af20_0 .net *"_ivl_32", 31 0, L_0x55f76658de90;  1 drivers
L_0x7fc5b2a891c8 .functor BUFT 1, C4<0000000000000000000000000000>, C4<0>, C4<0>, C4<0>;
v0x55f76657b000_0 .net *"_ivl_35", 27 0, L_0x7fc5b2a891c8;  1 drivers
L_0x7fc5b2a89210 .functor BUFT 1, C4<00000000000000000000000000000001>, C4<0>, C4<0>, C4<0>;
v0x55f76657b0e0_0 .net/2u *"_ivl_36", 31 0, L_0x7fc5b2a89210;  1 drivers
v0x55f76657b1c0_0 .net *"_ivl_38", 0 0, L_0x55f76658df30;  1 drivers
v0x55f76657b280_0 .net *"_ivl_43", 31 0, L_0x55f76658e250;  1 drivers
L_0x7fc5b2a89258 .functor BUFT 1, C4<0000000000000000000000000000>, C4<0>, C4<0>, C4<0>;
v0x55f76657b360_0 .net *"_ivl_46", 27 0, L_0x7fc5b2a89258;  1 drivers
L_0x7fc5b2a892a0 .functor BUFT 1, C4<00000000000000000000000000000001>, C4<0>, C4<0>, C4<0>;
v0x55f76657b440_0 .net/2u *"_ivl_47", 31 0, L_0x7fc5b2a892a0;  1 drivers
v0x55f76657b520_0 .net *"_ivl_49", 0 0, L_0x55f76658e350;  1 drivers
L_0x7fc5b2a89018 .functor BUFT 1, C4<0000000000000000000000000000>, C4<0>, C4<0>, C4<0>;
v0x55f76657b5e0_0 .net *"_ivl_5", 27 0, L_0x7fc5b2a89018;  1 drivers
v0x55f76657b6c0_0 .net *"_ivl_51", 31 0, L_0x55f76658e440;  1 drivers
L_0x7fc5b2a892e8 .functor BUFT 1, C4<0000000000000000000000000000>, C4<0>, C4<0>, C4<0>;
v0x55f76657b7a0_0 .net *"_ivl_54", 27 0, L_0x7fc5b2a892e8;  1 drivers
L_0x7fc5b2a89330 .functor BUFT 1, C4<00000000000000000000000000000010>, C4<0>, C4<0>, C4<0>;
v0x55f76657b880_0 .net/2u *"_ivl_55", 31 0, L_0x7fc5b2a89330;  1 drivers
v0x55f76657b960_0 .net *"_ivl_57", 0 0, L_0x55f76658e5a0;  1 drivers
L_0x7fc5b2a89060 .functor BUFT 1, C4<00000000000000000000000000000011>, C4<0>, C4<0>, C4<0>;
v0x55f76657ba20_0 .net/2u *"_ivl_6", 31 0, L_0x7fc5b2a89060;  1 drivers
v0x55f76657bb00_0 .net *"_ivl_60", 0 0, L_0x55f76658e710;  1 drivers
v0x55f76657bbc0_0 .net *"_ivl_61", 31 0, L_0x55f76658e820;  1 drivers
L_0x7fc5b2a89378 .functor BUFT 1, C4<0000000000000000000000000000>, C4<0>, C4<0>, C4<0>;
v0x55f76657bca0_0 .net *"_ivl_64", 27 0, L_0x7fc5b2a89378;  1 drivers
L_0x7fc5b2a893c0 .functor BUFT 1, C4<00000000000000000000000000000100>, C4<0>, C4<0>, C4<0>;
v0x55f76657bd80_0 .net/2u *"_ivl_65", 31 0, L_0x7fc5b2a893c0;  1 drivers
v0x55f76657be60_0 .net *"_ivl_67", 0 0, L_0x55f76658e990;  1 drivers
v0x55f76657bf20_0 .net *"_ivl_70", 0 0, L_0x55f76658e4e0;  1 drivers
v0x55f76657bfe0_0 .net *"_ivl_71", 31 0, L_0x55f76658eb70;  1 drivers
L_0x7fc5b2a89408 .functor BUFT 1, C4<0000000000000000000000000000>, C4<0>, C4<0>, C4<0>;
v0x55f76657c0c0_0 .net *"_ivl_74", 27 0, L_0x7fc5b2a89408;  1 drivers
L_0x7fc5b2a89450 .functor BUFT 1, C4<00000000000000000000000000000011>, C4<0>, C4<0>, C4<0>;
v0x55f76657c1a0_0 .net/2u *"_ivl_75", 31 0, L_0x7fc5b2a89450;  1 drivers
v0x55f76657c280_0 .net *"_ivl_77", 0 0, L_0x55f76658ecf0;  1 drivers
v0x55f76657c340_0 .net *"_ivl_8", 0 0, L_0x55f76658d670;  1 drivers
v0x55f76657c400_0 .net *"_ivl_80", 0 0, L_0x55f76658ee30;  1 drivers
v0x55f76657c4c0_0 .net *"_ivl_83", 31 0, L_0x55f76658efc0;  1 drivers
L_0x7fc5b2a89498 .functor BUFT 1, C4<0000000000000000000000000000>, C4<0>, C4<0>, C4<0>;
v0x55f76657c9b0_0 .net *"_ivl_86", 27 0, L_0x7fc5b2a89498;  1 drivers
L_0x7fc5b2a894e0 .functor BUFT 1, C4<00000000000000000000000000001000>, C4<0>, C4<0>, C4<0>;
v0x55f76657ca90_0 .net/2u *"_ivl_87", 31 0, L_0x7fc5b2a894e0;  1 drivers
v0x55f76657cb70_0 .net *"_ivl_89", 0 0, L_0x55f76658f260;  1 drivers
v0x55f76657cc30_0 .net *"_ivl_93", 31 0, L_0x55f76658f350;  1 drivers
L_0x7fc5b2a89528 .functor BUFT 1, C4<0000000000000000000000000000>, C4<0>, C4<0>, C4<0>;
v0x55f76657cd10_0 .net *"_ivl_96", 27 0, L_0x7fc5b2a89528;  1 drivers
L_0x7fc5b2a89570 .functor BUFT 1, C4<00000000000000000000000000000111>, C4<0>, C4<0>, C4<0>;
v0x55f76657cdf0_0 .net/2u *"_ivl_97", 31 0, L_0x7fc5b2a89570;  1 drivers
v0x55f76657ced0_0 .net *"_ivl_99", 0 0, L_0x55f76658f060;  1 drivers
o0x7fc5b2ad2d98 .functor BUFZ 1, C4<z>; HiZ drive
v0x55f76657cf90_0 .net "clk", 0 0, o0x7fc5b2ad2d98;  0 drivers
v0x55f76657d050_0 .var "cnt", 7 0;
v0x55f76657d130_0 .net "light_ew_rgyl", 3 0, L_0x55f76658e0c0;  1 drivers
v0x55f76657d210_0 .net "light_sn_rgyl", 3 0, L_0x55f76658fc90;  1 drivers
o0x7fc5b2ad2e58 .functor BUFZ 1, C4<z>; HiZ drive
v0x55f76657d2f0_0 .net "reset", 0 0, o0x7fc5b2ad2e58;  0 drivers
v0x55f76657d3b0_0 .var "status", 3 0;
E_0x55f76650c610 .event posedge, v0x55f76657d2f0_0, v0x55f76657cf90_0;
L_0x55f76657d510 .concat [ 4 28 0 0], v0x55f76657d3b0_0, L_0x7fc5b2a89018;
L_0x55f76658d670 .cmp/eq 32, L_0x55f76657d510, L_0x7fc5b2a89060;
L_0x55f76658d7e0 .concat [ 4 28 0 0], v0x55f76657d3b0_0, L_0x7fc5b2a890a8;
L_0x55f76658d920 .cmp/eq 32, L_0x55f76658d7e0, L_0x7fc5b2a890f0;
L_0x55f76658dac0 .concat [ 4 28 0 0], v0x55f76657d3b0_0, L_0x7fc5b2a89138;
L_0x55f76658dc00 .cmp/eq 32, L_0x55f76658dac0, L_0x7fc5b2a89180;
L_0x55f76658de90 .concat [ 4 28 0 0], v0x55f76657d3b0_0, L_0x7fc5b2a891c8;
L_0x55f76658df30 .cmp/eq 32, L_0x55f76658de90, L_0x7fc5b2a89210;
L_0x55f76658e0c0 .concat8 [ 1 1 1 1], L_0x55f76658d670, L_0x55f76658dd80, L_0x55f76658df30, L_0x55f76658ee30;
L_0x55f76658e250 .concat [ 4 28 0 0], v0x55f76657d3b0_0, L_0x7fc5b2a89258;
L_0x55f76658e350 .cmp/ne 32, L_0x55f76658e250, L_0x7fc5b2a892a0;
L_0x55f76658e440 .concat [ 4 28 0 0], v0x55f76657d3b0_0, L_0x7fc5b2a892e8;
L_0x55f76658e5a0 .cmp/ne 32, L_0x55f76658e440, L_0x7fc5b2a89330;
L_0x55f76658e820 .concat [ 4 28 0 0], v0x55f76657d3b0_0, L_0x7fc5b2a89378;
L_0x55f76658e990 .cmp/ne 32, L_0x55f76658e820, L_0x7fc5b2a893c0;
L_0x55f76658eb70 .concat [ 4 28 0 0], v0x55f76657d3b0_0, L_0x7fc5b2a89408;
L_0x55f76658ecf0 .cmp/ne 32, L_0x55f76658eb70, L_0x7fc5b2a89450;
L_0x55f76658efc0 .concat [ 4 28 0 0], v0x55f76657d3b0_0, L_0x7fc5b2a89498;
L_0x55f76658f260 .cmp/eq 32, L_0x55f76658efc0, L_0x7fc5b2a894e0;
L_0x55f76658f350 .concat [ 4 28 0 0], v0x55f76657d3b0_0, L_0x7fc5b2a89528;
L_0x55f76658f060 .cmp/eq 32, L_0x55f76658f350, L_0x7fc5b2a89570;
L_0x55f76658f590 .concat [ 4 28 0 0], v0x55f76657d3b0_0, L_0x7fc5b2a895b8;
L_0x55f76658f740 .cmp/eq 32, L_0x55f76658f590, L_0x7fc5b2a89600;
L_0x55f76658f990 .concat [ 4 28 0 0], v0x55f76657d3b0_0, L_0x7fc5b2a89648;
L_0x55f76658fb50 .cmp/eq 32, L_0x55f76658f990, L_0x7fc5b2a89690;
L_0x55f76658fc90 .concat8 [ 1 1 1 1], L_0x55f76658f260, L_0x55f76658f880, L_0x55f76658fb50, L_0x55f766590e70;
L_0x55f76658ff00 .concat [ 4 28 0 0], v0x55f76657d3b0_0, L_0x7fc5b2a896d8;
L_0x55f76658fff0 .cmp/ne 32, L_0x55f76658ff00, L_0x7fc5b2a89720;
L_0x55f766590220 .concat [ 4 28 0 0], v0x55f76657d3b0_0, L_0x7fc5b2a89768;
L_0x55f766590310 .cmp/ne 32, L_0x55f766590220, L_0x7fc5b2a897b0;
L_0x55f7665906d0 .concat [ 4 28 0 0], v0x55f76657d3b0_0, L_0x7fc5b2a897f8;
L_0x55f7665907c0 .cmp/ne 32, L_0x55f7665906d0, L_0x7fc5b2a89840;
L_0x55f766590b20 .concat [ 4 28 0 0], v0x55f76657d3b0_0, L_0x7fc5b2a89888;
L_0x55f766590c10 .cmp/ne 32, L_0x55f766590b20, L_0x7fc5b2a898d0;
    .scope S_0x55f766558c90;
T_0 ;
    %wait E_0x55f76650c610;
    %load/vec4 v0x55f76657d2f0_0;
    %flag_set/vec4 8;
    %jmp/0xz  T_0.0, 8;
    %pushi/vec4 0, 0, 4;
    %assign/vec4 v0x55f76657d3b0_0, 0;
    %pushi/vec4 0, 0, 8;
    %assign/vec4 v0x55f76657d050_0, 0;
    %jmp T_0.1;
T_0.0 ;
    %load/vec4 v0x55f76657d3b0_0;
    %dup/vec4;
    %pushi/vec4 0, 0, 4;
    %cmp/u;
    %jmp/1 T_0.2, 6;
    %dup/vec4;
    %pushi/vec4 6, 0, 4;
    %cmp/u;
    %jmp/1 T_0.3, 6;
    %dup/vec4;
    %pushi/vec4 7, 0, 4;
    %cmp/u;
    %jmp/1 T_0.4, 6;
    %dup/vec4;
    %pushi/vec4 8, 0, 4;
    %cmp/u;
    %jmp/1 T_0.5, 6;
    %dup/vec4;
    %pushi/vec4 9, 0, 4;
    %cmp/u;
    %jmp/1 T_0.6, 6;
    %dup/vec4;
    %pushi/vec4 10, 0, 4;
    %cmp/u;
    %jmp/1 T_0.7, 6;
    %dup/vec4;
    %pushi/vec4 1, 0, 4;
    %cmp/u;
    %jmp/1 T_0.8, 6;
    %dup/vec4;
    %pushi/vec4 2, 0, 4;
    %cmp/u;
    %jmp/1 T_0.9, 6;
    %dup/vec4;
    %pushi/vec4 3, 0, 4;
    %cmp/u;
    %jmp/1 T_0.10, 6;
    %dup/vec4;
    %pushi/vec4 4, 0, 4;
    %cmp/u;
    %jmp/1 T_0.11, 6;
    %dup/vec4;
    %pushi/vec4 5, 0, 4;
    %cmp/u;
    %jmp/1 T_0.12, 6;
    %pushi/vec4 0, 0, 4;
    %assign/vec4 v0x55f76657d3b0_0, 0;
    %jmp T_0.14;
T_0.2 ;
    %load/vec4 v0x55f76657d050_0;
    %pad/u 32;
    %addi 1, 0, 32;
    %cmpi/e 3, 0, 32;
    %jmp/0xz  T_0.15, 4;
    %pushi/vec4 0, 0, 8;
    %assign/vec4 v0x55f76657d050_0, 0;
    %pushi/vec4 6, 0, 4;
    %assign/vec4 v0x55f76657d3b0_0, 0;
    %jmp T_0.16;
T_0.15 ;
    %load/vec4 v0x55f76657d050_0;
    %addi 1, 0, 8;
    %assign/vec4 v0x55f76657d050_0, 0;
T_0.16 ;
    %jmp T_0.14;
T_0.3 ;
    %load/vec4 v0x55f76657d050_0;
    %pad/u 32;
    %addi 1, 0, 32;
    %cmpi/e 30, 0, 32;
    %jmp/0xz  T_0.17, 4;
    %pushi/vec4 0, 0, 8;
    %assign/vec4 v0x55f76657d050_0, 0;
    %pushi/vec4 7, 0, 4;
    %assign/vec4 v0x55f76657d3b0_0, 0;
    %jmp T_0.18;
T_0.17 ;
    %load/vec4 v0x55f76657d050_0;
    %addi 1, 0, 8;
    %assign/vec4 v0x55f76657d050_0, 0;
T_0.18 ;
    %jmp T_0.14;
T_0.4 ;
    %load/vec4 v0x55f76657d050_0;
    %pad/u 32;
    %addi 1, 0, 32;
    %cmpi/e 5, 0, 32;
    %jmp/0xz  T_0.19, 4;
    %pushi/vec4 0, 0, 8;
    %assign/vec4 v0x55f76657d050_0, 0;
    %pushi/vec4 8, 0, 4;
    %assign/vec4 v0x55f76657d3b0_0, 0;
    %jmp T_0.20;
T_0.19 ;
    %load/vec4 v0x55f76657d050_0;
    %addi 1, 0, 8;
    %assign/vec4 v0x55f76657d050_0, 0;
T_0.20 ;
    %jmp T_0.14;
T_0.5 ;
    %load/vec4 v0x55f76657d050_0;
    %pad/u 32;
    %addi 1, 0, 32;
    %cmpi/e 15, 0, 32;
    %jmp/0xz  T_0.21, 4;
    %pushi/vec4 0, 0, 8;
    %assign/vec4 v0x55f76657d050_0, 0;
    %pushi/vec4 9, 0, 4;
    %assign/vec4 v0x55f76657d3b0_0, 0;
    %jmp T_0.22;
T_0.21 ;
    %load/vec4 v0x55f76657d050_0;
    %addi 1, 0, 8;
    %assign/vec4 v0x55f76657d050_0, 0;
T_0.22 ;
    %jmp T_0.14;
T_0.6 ;
    %load/vec4 v0x55f76657d050_0;
    %pad/u 32;
    %addi 1, 0, 32;
    %cmpi/e 5, 0, 32;
    %jmp/0xz  T_0.23, 4;
    %pushi/vec4 0, 0, 8;
    %assign/vec4 v0x55f76657d050_0, 0;
    %pushi/vec4 10, 0, 4;
    %assign/vec4 v0x55f76657d3b0_0, 0;
    %jmp T_0.24;
T_0.23 ;
    %load/vec4 v0x55f76657d050_0;
    %addi 1, 0, 8;
    %assign/vec4 v0x55f76657d050_0, 0;
T_0.24 ;
    %jmp T_0.14;
T_0.7 ;
    %load/vec4 v0x55f76657d050_0;
    %pad/u 32;
    %addi 1, 0, 32;
    %cmpi/e 3, 0, 32;
    %jmp/0xz  T_0.25, 4;
    %pushi/vec4 0, 0, 8;
    %assign/vec4 v0x55f76657d050_0, 0;
    %pushi/vec4 1, 0, 4;
    %assign/vec4 v0x55f76657d3b0_0, 0;
    %jmp T_0.26;
T_0.25 ;
    %load/vec4 v0x55f76657d050_0;
    %addi 1, 0, 8;
    %assign/vec4 v0x55f76657d050_0, 0;
T_0.26 ;
    %jmp T_0.14;
T_0.8 ;
    %load/vec4 v0x55f76657d050_0;
    %pad/u 32;
    %addi 1, 0, 32;
    %cmpi/e 40, 0, 32;
    %jmp/0xz  T_0.27, 4;
    %pushi/vec4 0, 0, 8;
    %assign/vec4 v0x55f76657d050_0, 0;
    %pushi/vec4 2, 0, 4;
    %assign/vec4 v0x55f76657d3b0_0, 0;
    %jmp T_0.28;
T_0.27 ;
    %load/vec4 v0x55f76657d050_0;
    %addi 1, 0, 8;
    %assign/vec4 v0x55f76657d050_0, 0;
T_0.28 ;
    %jmp T_0.14;
T_0.9 ;
    %load/vec4 v0x55f76657d050_0;
    %pad/u 32;
    %addi 1, 0, 32;
    %cmpi/e 5, 0, 32;
    %jmp/0xz  T_0.29, 4;
    %pushi/vec4 0, 0, 8;
    %assign/vec4 v0x55f76657d050_0, 0;
    %pushi/vec4 3, 0, 4;
    %assign/vec4 v0x55f76657d3b0_0, 0;
    %jmp T_0.30;
T_0.29 ;
    %load/vec4 v0x55f76657d050_0;
    %addi 1, 0, 8;
    %assign/vec4 v0x55f76657d050_0, 0;
T_0.30 ;
    %jmp T_0.14;
T_0.10 ;
    %load/vec4 v0x55f76657d050_0;
    %pad/u 32;
    %addi 1, 0, 32;
    %cmpi/e 15, 0, 32;
    %jmp/0xz  T_0.31, 4;
    %pushi/vec4 0, 0, 8;
    %assign/vec4 v0x55f76657d050_0, 0;
    %pushi/vec4 4, 0, 4;
    %assign/vec4 v0x55f76657d3b0_0, 0;
    %jmp T_0.32;
T_0.31 ;
    %load/vec4 v0x55f76657d050_0;
    %addi 1, 0, 8;
    %assign/vec4 v0x55f76657d050_0, 0;
T_0.32 ;
    %jmp T_0.14;
T_0.11 ;
    %load/vec4 v0x55f76657d050_0;
    %pad/u 32;
    %addi 1, 0, 32;
    %cmpi/e 5, 0, 32;
    %jmp/0xz  T_0.33, 4;
    %pushi/vec4 0, 0, 8;
    %assign/vec4 v0x55f76657d050_0, 0;
    %pushi/vec4 5, 0, 4;
    %assign/vec4 v0x55f76657d3b0_0, 0;
    %jmp T_0.34;
T_0.33 ;
    %load/vec4 v0x55f76657d050_0;
    %addi 1, 0, 8;
    %assign/vec4 v0x55f76657d050_0, 0;
T_0.34 ;
    %jmp T_0.14;
T_0.12 ;
    %load/vec4 v0x55f76657d050_0;
    %pad/u 32;
    %addi 1, 0, 32;
    %cmpi/e 2, 0, 32;
    %jmp/0xz  T_0.35, 4;
    %pushi/vec4 0, 0, 8;
    %assign/vec4 v0x55f76657d050_0, 0;
    %pushi/vec4 6, 0, 4;
    %assign/vec4 v0x55f76657d3b0_0, 0;
    %jmp T_0.36;
T_0.35 ;
    %load/vec4 v0x55f76657d050_0;
    %addi 1, 0, 8;
    %assign/vec4 v0x55f76657d050_0, 0;
T_0.36 ;
    %jmp T_0.14;
T_0.14 ;
    %pop/vec4 1;
T_0.1 ;
    %jmp T_0;
    .thread T_0;
# The file index is used to find the file name in the following table.
:file_names 3;
    "N/A";
    "<interactive>";
    "light_no.v";
