#! /usr/bin/vvp
:ivl_version "10.3 (stable)" "(v10_3)";
:ivl_delay_selection "TYPICAL";
:vpi_time_precision + 0;
:vpi_module "system";
:vpi_module "vhdl_sys";
:vpi_module "v2005_math";
:vpi_module "va_math";
S_0x5630f35a40b0 .scope module, "mux4" "mux4" 2 1;
 .timescale 0 0;
    .port_info 0 /INPUT 1 "en"
    .port_info 1 /INPUT 2 "s"
    .port_info 2 /INPUT 4 "d"
    .port_info 3 /OUTPUT 1 "y"
v0x5630f35a42c0_0 .net *"_s1", 0 0, L_0x5630f35e71f0;  1 drivers
L_0x7f7e6f829018 .functor BUFT 1, C4<0>, C4<0>, C4<0>, C4<0>;
v0x5630f35e6d20_0 .net/2u *"_s2", 0 0, L_0x7f7e6f829018;  1 drivers
o0x7f7e6f872078 .functor BUFZ 4, C4<zzzz>; HiZ drive
v0x5630f35e6e00_0 .net "d", 3 0, o0x7f7e6f872078;  0 drivers
o0x7f7e6f8720a8 .functor BUFZ 1, C4<z>; HiZ drive
v0x5630f35e6ec0_0 .net "en", 0 0, o0x7f7e6f8720a8;  0 drivers
o0x7f7e6f8720d8 .functor BUFZ 2, C4<zz>; HiZ drive
v0x5630f35e6f80_0 .net "s", 1 0, o0x7f7e6f8720d8;  0 drivers
v0x5630f35e70b0_0 .net "y", 0 0, L_0x5630f35e7320;  1 drivers
L_0x5630f35e71f0 .part/v o0x7f7e6f872078, o0x7f7e6f8720d8, 1;
L_0x5630f35e7320 .functor MUXZ 1, L_0x7f7e6f829018, L_0x5630f35e71f0, o0x7f7e6f8720a8, C4<>;
# The file index is used to find the file name in the following table.
:file_names 3;
    "N/A";
    "<interactive>";
    "mux.v";
