#! /usr/bin/vvp
:ivl_version "11.0 (stable)" "(v11_0)";
:ivl_delay_selection "TYPICAL";
:vpi_time_precision + 0;
:vpi_module "/usr/lib/ivl/system.vpi";
:vpi_module "/usr/lib/ivl/vhdl_sys.vpi";
:vpi_module "/usr/lib/ivl/vhdl_textio.vpi";
:vpi_module "/usr/lib/ivl/v2005_math.vpi";
:vpi_module "/usr/lib/ivl/va_math.vpi";
S_0x55d778acab80 .scope module, "shift" "shift" 2 2;
 .timescale 0 0;
    .port_info 0 /INPUT 18 "SW";
    .port_info 1 /INPUT 1 "KEY";
    .port_info 2 /OUTPUT 7 "HEX7";
    .port_info 3 /OUTPUT 7 "HEX6";
    .port_info 4 /OUTPUT 7 "HEX5";
    .port_info 5 /OUTPUT 7 "HEX4";
    .port_info 6 /OUTPUT 7 "HEX3";
    .port_info 7 /OUTPUT 7 "HEX2";
    .port_info 8 /OUTPUT 7 "HEX1";
    .port_info 9 /OUTPUT 7 "HEX0";
P_0x55d778acadf0 .param/l "N" 0 2 2, +C4<00000000000000000000000000000100>;
o0x7fb4316f4798 .functor BUFZ 1, C4<z>; HiZ drive
L_0x55d778b0c1e0 .functor BUFZ 1, o0x7fb4316f4798, C4<0>, C4<0>, C4<0>;
v0x55d778b0a3a0_0 .net "HEX0", 6 0, L_0x55d778b0da00;  1 drivers
v0x55d778b0a490_0 .net "HEX1", 6 0, L_0x55d778b0d1c0;  1 drivers
v0x55d778b0a560_0 .net "HEX2", 6 0, L_0x55d778b0d3f0;  1 drivers
v0x55d778b0a660_0 .net "HEX3", 6 0, L_0x55d778b0d060;  1 drivers
v0x55d778b0a730_0 .net "HEX4", 6 0, L_0x55d778b0cda0;  1 drivers
v0x55d778b0a820_0 .net "HEX5", 6 0, L_0x55d778b0cab0;  1 drivers
v0x55d778b0a8f0_0 .net "HEX6", 6 0, L_0x55d778b0c780;  1 drivers
v0x55d778b0a9c0_0 .net "HEX7", 6 0, L_0x55d778b0c420;  1 drivers
v0x55d778b0aa90_0 .net "KEY", 0 0, o0x7fb4316f4798;  0 drivers
o0x7fb4316f47c8 .functor BUFZ 18, C4<zzzzzzzzzzzzzzzzzz>; HiZ drive
v0x55d778b0ab30_0 .net "SW", 17 0, o0x7fb4316f47c8;  0 drivers
L_0x7fb4316ab018 .functor BUFT 1, C4<000>, C4<0>, C4<0>, C4<0>;
v0x55d778b0ac10_0 .net *"_ivl_13", 2 0, L_0x7fb4316ab018;  1 drivers
v0x55d778b0acf0_0 .net *"_ivl_16", 0 0, L_0x55d778b0c840;  1 drivers
L_0x7fb4316ab060 .functor BUFT 1, C4<000>, C4<0>, C4<0>, C4<0>;
v0x55d778b0add0_0 .net *"_ivl_20", 2 0, L_0x7fb4316ab060;  1 drivers
v0x55d778b0aeb0_0 .net *"_ivl_23", 0 0, L_0x55d778b0cb70;  1 drivers
L_0x7fb4316ab0a8 .functor BUFT 1, C4<000>, C4<0>, C4<0>, C4<0>;
v0x55d778b0af90_0 .net *"_ivl_27", 2 0, L_0x7fb4316ab0a8;  1 drivers
v0x55d778b0b070_0 .net *"_ivl_30", 0 0, L_0x55d778b0ce60;  1 drivers
L_0x7fb4316ab0f0 .functor BUFT 1, C4<000>, C4<0>, C4<0>, C4<0>;
v0x55d778b0b150_0 .net *"_ivl_34", 2 0, L_0x7fb4316ab0f0;  1 drivers
v0x55d778b0b340_0 .net *"_ivl_37", 0 0, L_0x55d778b0d120;  1 drivers
L_0x7fb4316ab138 .functor BUFT 1, C4<000>, C4<0>, C4<0>, C4<0>;
v0x55d778b0b420_0 .net *"_ivl_41", 2 0, L_0x7fb4316ab138;  1 drivers
v0x55d778b0b500_0 .net *"_ivl_44", 0 0, L_0x55d778b0d4b0;  1 drivers
L_0x7fb4316ab180 .functor BUFT 1, C4<000>, C4<0>, C4<0>, C4<0>;
v0x55d778b0b5e0_0 .net *"_ivl_48", 2 0, L_0x7fb4316ab180;  1 drivers
v0x55d778b0b6c0_0 .net *"_ivl_51", 0 0, L_0x55d778b0d760;  1 drivers
L_0x7fb4316ab1c8 .functor BUFT 1, C4<000>, C4<0>, C4<0>, C4<0>;
v0x55d778b0b7a0_0 .net *"_ivl_55", 2 0, L_0x7fb4316ab1c8;  1 drivers
v0x55d778b0b880_0 .net *"_ivl_58", 0 0, L_0x55d778b0dac0;  1 drivers
L_0x7fb4316ab210 .functor BUFT 1, C4<000>, C4<0>, C4<0>, C4<0>;
v0x55d778b0b960_0 .net *"_ivl_62", 2 0, L_0x7fb4316ab210;  1 drivers
v0x55d778b0ba40_0 .net *"_ivl_9", 0 0, L_0x55d778b0c4e0;  1 drivers
v0x55d778b0bb20_0 .net "clk", 0 0, L_0x55d778b0c1e0;  1 drivers
v0x55d778b0bbe0_0 .net "ctrl", 1 0, L_0x55d778b0c2b0;  1 drivers
v0x55d778b0bcc0_0 .net "data", 3 0, L_0x55d778b0c380;  1 drivers
v0x55d778b0bda0_0 .net "reset", 0 0, L_0x55d778b0c0e0;  1 drivers
v0x55d778b0be60_0 .var "show", 7 0;
E_0x55d778aa0750/0 .event edge, v0x55d778b0bda0_0;
E_0x55d778aa0750/1 .event posedge, v0x55d778b0bb20_0;
E_0x55d778aa0750 .event/or E_0x55d778aa0750/0, E_0x55d778aa0750/1;
L_0x55d778b0c0e0 .part o0x7fb4316f47c8, 17, 1;
L_0x55d778b0c2b0 .part o0x7fb4316f47c8, 15, 2;
L_0x55d778b0c380 .part o0x7fb4316f47c8, 0, 4;
L_0x55d778b0c4e0 .part v0x55d778b0be60_0, 7, 1;
L_0x55d778b0c610 .concat [ 1 3 0 0], L_0x55d778b0c4e0, L_0x7fb4316ab018;
L_0x55d778b0c840 .part v0x55d778b0be60_0, 6, 1;
L_0x55d778b0c970 .concat [ 1 3 0 0], L_0x55d778b0c840, L_0x7fb4316ab060;
L_0x55d778b0cb70 .part v0x55d778b0be60_0, 5, 1;
L_0x55d778b0cc60 .concat [ 1 3 0 0], L_0x55d778b0cb70, L_0x7fb4316ab0a8;
L_0x55d778b0ce60 .part v0x55d778b0be60_0, 4, 1;
L_0x55d778b0cf90 .concat [ 1 3 0 0], L_0x55d778b0ce60, L_0x7fb4316ab0f0;
L_0x55d778b0d120 .part v0x55d778b0be60_0, 3, 1;
L_0x55d778b0d230 .concat [ 1 3 0 0], L_0x55d778b0d120, L_0x7fb4316ab138;
L_0x55d778b0d4b0 .part v0x55d778b0be60_0, 2, 1;
L_0x55d778b0d5d0 .concat [ 1 3 0 0], L_0x55d778b0d4b0, L_0x7fb4316ab180;
L_0x55d778b0d760 .part v0x55d778b0be60_0, 1, 1;
L_0x55d778b0d890 .concat [ 1 3 0 0], L_0x55d778b0d760, L_0x7fb4316ab1c8;
L_0x55d778b0dac0 .part v0x55d778b0be60_0, 0, 1;
L_0x55d778b0dd10 .concat [ 1 3 0 0], L_0x55d778b0dac0, L_0x7fb4316ab210;
S_0x55d778acb390 .scope module, "u_0" "dec" 2 55, 3 1 0, S_0x55d778acab80;
 .timescale 0 0;
    .port_info 0 /INPUT 4 "SW";
    .port_info 1 /OUTPUT 7 "HEX0";
L_0x55d778b0da00 .functor NOT 7, v0x55d778acbbc0_0, C4<0000000>, C4<0000000>, C4<0000000>;
v0x55d778acbbc0_0 .var "HEX", 6 0;
v0x55d778b07a70_0 .net "HEX0", 6 0, L_0x55d778b0da00;  alias, 1 drivers
v0x55d778b07b50_0 .net "SW", 3 0, L_0x55d778b0dd10;  1 drivers
E_0x55d778ac2f00 .event edge, v0x55d778b07b50_0;
S_0x55d778b07c70 .scope module, "u_1" "dec" 2 54, 3 1 0, S_0x55d778acab80;
 .timescale 0 0;
    .port_info 0 /INPUT 4 "SW";
    .port_info 1 /OUTPUT 7 "HEX0";
L_0x55d778b0d1c0 .functor NOT 7, v0x55d778b07e90_0, C4<0000000>, C4<0000000>, C4<0000000>;
v0x55d778b07e90_0 .var "HEX", 6 0;
v0x55d778b07f90_0 .net "HEX0", 6 0, L_0x55d778b0d1c0;  alias, 1 drivers
v0x55d778b08070_0 .net "SW", 3 0, L_0x55d778b0d890;  1 drivers
E_0x55d778ae97b0 .event edge, v0x55d778b08070_0;
S_0x55d778b08190 .scope module, "u_2" "dec" 2 53, 3 1 0, S_0x55d778acab80;
 .timescale 0 0;
    .port_info 0 /INPUT 4 "SW";
    .port_info 1 /OUTPUT 7 "HEX0";
L_0x55d778b0d3f0 .functor NOT 7, v0x55d778b083d0_0, C4<0000000>, C4<0000000>, C4<0000000>;
v0x55d778b083d0_0 .var "HEX", 6 0;
v0x55d778b084d0_0 .net "HEX0", 6 0, L_0x55d778b0d3f0;  alias, 1 drivers
v0x55d778b085b0_0 .net "SW", 3 0, L_0x55d778b0d5d0;  1 drivers
E_0x55d778b08370 .event edge, v0x55d778b085b0_0;
S_0x55d778b086d0 .scope module, "u_3" "dec" 2 52, 3 1 0, S_0x55d778acab80;
 .timescale 0 0;
    .port_info 0 /INPUT 4 "SW";
    .port_info 1 /OUTPUT 7 "HEX0";
L_0x55d778b0d060 .functor NOT 7, v0x55d778b08970_0, C4<0000000>, C4<0000000>, C4<0000000>;
v0x55d778b08970_0 .var "HEX", 6 0;
v0x55d778b08a70_0 .net "HEX0", 6 0, L_0x55d778b0d060;  alias, 1 drivers
v0x55d778b08b50_0 .net "SW", 3 0, L_0x55d778b0d230;  1 drivers
E_0x55d778b088f0 .event edge, v0x55d778b08b50_0;
S_0x55d778b08c70 .scope module, "u_4" "dec" 2 51, 3 1 0, S_0x55d778acab80;
 .timescale 0 0;
    .port_info 0 /INPUT 4 "SW";
    .port_info 1 /OUTPUT 7 "HEX0";
L_0x55d778b0cda0 .functor NOT 7, v0x55d778b08f60_0, C4<0000000>, C4<0000000>, C4<0000000>;
v0x55d778b08f60_0 .var "HEX", 6 0;
v0x55d778b09060_0 .net "HEX0", 6 0, L_0x55d778b0cda0;  alias, 1 drivers
v0x55d778b09140_0 .net "SW", 3 0, L_0x55d778b0cf90;  1 drivers
E_0x55d778b08ee0 .event edge, v0x55d778b09140_0;
S_0x55d778b09260 .scope module, "u_5" "dec" 2 50, 3 1 0, S_0x55d778acab80;
 .timescale 0 0;
    .port_info 0 /INPUT 4 "SW";
    .port_info 1 /OUTPUT 7 "HEX0";
L_0x55d778b0cab0 .functor NOT 7, v0x55d778b09500_0, C4<0000000>, C4<0000000>, C4<0000000>;
v0x55d778b09500_0 .var "HEX", 6 0;
v0x55d778b09600_0 .net "HEX0", 6 0, L_0x55d778b0cab0;  alias, 1 drivers
v0x55d778b096e0_0 .net "SW", 3 0, L_0x55d778b0cc60;  1 drivers
E_0x55d778b09480 .event edge, v0x55d778b096e0_0;
S_0x55d778b09800 .scope module, "u_6" "dec" 2 49, 3 1 0, S_0x55d778acab80;
 .timescale 0 0;
    .port_info 0 /INPUT 4 "SW";
    .port_info 1 /OUTPUT 7 "HEX0";
L_0x55d778b0c780 .functor NOT 7, v0x55d778b09aa0_0, C4<0000000>, C4<0000000>, C4<0000000>;
v0x55d778b09aa0_0 .var "HEX", 6 0;
v0x55d778b09ba0_0 .net "HEX0", 6 0, L_0x55d778b0c780;  alias, 1 drivers
v0x55d778b09c80_0 .net "SW", 3 0, L_0x55d778b0c970;  1 drivers
E_0x55d778b09a20 .event edge, v0x55d778b09c80_0;
S_0x55d778b09dd0 .scope module, "u_7" "dec" 2 48, 3 1 0, S_0x55d778acab80;
 .timescale 0 0;
    .port_info 0 /INPUT 4 "SW";
    .port_info 1 /OUTPUT 7 "HEX0";
L_0x55d778b0c420 .functor NOT 7, v0x55d778b0a070_0, C4<0000000>, C4<0000000>, C4<0000000>;
v0x55d778b0a070_0 .var "HEX", 6 0;
v0x55d778b0a170_0 .net "HEX0", 6 0, L_0x55d778b0c420;  alias, 1 drivers
v0x55d778b0a250_0 .net "SW", 3 0, L_0x55d778b0c610;  1 drivers
E_0x55d778b09ff0 .event edge, v0x55d778b0a250_0;
    .scope S_0x55d778b09dd0;
T_0 ;
    %wait E_0x55d778b09ff0;
    %load/vec4 v0x55d778b0a250_0;
    %dup/vec4;
    %pushi/vec4 0, 0, 4;
    %cmp/u;
    %jmp/1 T_0.0, 6;
    %dup/vec4;
    %pushi/vec4 1, 0, 4;
    %cmp/u;
    %jmp/1 T_0.1, 6;
    %dup/vec4;
    %pushi/vec4 2, 0, 4;
    %cmp/u;
    %jmp/1 T_0.2, 6;
    %dup/vec4;
    %pushi/vec4 3, 0, 4;
    %cmp/u;
    %jmp/1 T_0.3, 6;
    %dup/vec4;
    %pushi/vec4 4, 0, 4;
    %cmp/u;
    %jmp/1 T_0.4, 6;
    %dup/vec4;
    %pushi/vec4 5, 0, 4;
    %cmp/u;
    %jmp/1 T_0.5, 6;
    %dup/vec4;
    %pushi/vec4 6, 0, 4;
    %cmp/u;
    %jmp/1 T_0.6, 6;
    %dup/vec4;
    %pushi/vec4 7, 0, 4;
    %cmp/u;
    %jmp/1 T_0.7, 6;
    %dup/vec4;
    %pushi/vec4 8, 0, 4;
    %cmp/u;
    %jmp/1 T_0.8, 6;
    %dup/vec4;
    %pushi/vec4 9, 0, 4;
    %cmp/u;
    %jmp/1 T_0.9, 6;
    %pushi/vec4 0, 0, 7;
    %store/vec4 v0x55d778b0a070_0, 0, 7;
    %jmp T_0.11;
T_0.0 ;
    %pushi/vec4 63, 0, 7;
    %store/vec4 v0x55d778b0a070_0, 0, 7;
    %jmp T_0.11;
T_0.1 ;
    %pushi/vec4 6, 0, 7;
    %store/vec4 v0x55d778b0a070_0, 0, 7;
    %jmp T_0.11;
T_0.2 ;
    %pushi/vec4 91, 0, 7;
    %store/vec4 v0x55d778b0a070_0, 0, 7;
    %jmp T_0.11;
T_0.3 ;
    %pushi/vec4 79, 0, 7;
    %store/vec4 v0x55d778b0a070_0, 0, 7;
    %jmp T_0.11;
T_0.4 ;
    %pushi/vec4 102, 0, 7;
    %store/vec4 v0x55d778b0a070_0, 0, 7;
    %jmp T_0.11;
T_0.5 ;
    %pushi/vec4 109, 0, 7;
    %store/vec4 v0x55d778b0a070_0, 0, 7;
    %jmp T_0.11;
T_0.6 ;
    %pushi/vec4 125, 0, 7;
    %store/vec4 v0x55d778b0a070_0, 0, 7;
    %jmp T_0.11;
T_0.7 ;
    %pushi/vec4 7, 0, 7;
    %store/vec4 v0x55d778b0a070_0, 0, 7;
    %jmp T_0.11;
T_0.8 ;
    %pushi/vec4 127, 0, 7;
    %store/vec4 v0x55d778b0a070_0, 0, 7;
    %jmp T_0.11;
T_0.9 ;
    %pushi/vec4 111, 0, 7;
    %store/vec4 v0x55d778b0a070_0, 0, 7;
    %jmp T_0.11;
T_0.11 ;
    %pop/vec4 1;
    %jmp T_0;
    .thread T_0, $push;
    .scope S_0x55d778b09800;
T_1 ;
    %wait E_0x55d778b09a20;
    %load/vec4 v0x55d778b09c80_0;
    %dup/vec4;
    %pushi/vec4 0, 0, 4;
    %cmp/u;
    %jmp/1 T_1.0, 6;
    %dup/vec4;
    %pushi/vec4 1, 0, 4;
    %cmp/u;
    %jmp/1 T_1.1, 6;
    %dup/vec4;
    %pushi/vec4 2, 0, 4;
    %cmp/u;
    %jmp/1 T_1.2, 6;
    %dup/vec4;
    %pushi/vec4 3, 0, 4;
    %cmp/u;
    %jmp/1 T_1.3, 6;
    %dup/vec4;
    %pushi/vec4 4, 0, 4;
    %cmp/u;
    %jmp/1 T_1.4, 6;
    %dup/vec4;
    %pushi/vec4 5, 0, 4;
    %cmp/u;
    %jmp/1 T_1.5, 6;
    %dup/vec4;
    %pushi/vec4 6, 0, 4;
    %cmp/u;
    %jmp/1 T_1.6, 6;
    %dup/vec4;
    %pushi/vec4 7, 0, 4;
    %cmp/u;
    %jmp/1 T_1.7, 6;
    %dup/vec4;
    %pushi/vec4 8, 0, 4;
    %cmp/u;
    %jmp/1 T_1.8, 6;
    %dup/vec4;
    %pushi/vec4 9, 0, 4;
    %cmp/u;
    %jmp/1 T_1.9, 6;
    %pushi/vec4 0, 0, 7;
    %store/vec4 v0x55d778b09aa0_0, 0, 7;
    %jmp T_1.11;
T_1.0 ;
    %pushi/vec4 63, 0, 7;
    %store/vec4 v0x55d778b09aa0_0, 0, 7;
    %jmp T_1.11;
T_1.1 ;
    %pushi/vec4 6, 0, 7;
    %store/vec4 v0x55d778b09aa0_0, 0, 7;
    %jmp T_1.11;
T_1.2 ;
    %pushi/vec4 91, 0, 7;
    %store/vec4 v0x55d778b09aa0_0, 0, 7;
    %jmp T_1.11;
T_1.3 ;
    %pushi/vec4 79, 0, 7;
    %store/vec4 v0x55d778b09aa0_0, 0, 7;
    %jmp T_1.11;
T_1.4 ;
    %pushi/vec4 102, 0, 7;
    %store/vec4 v0x55d778b09aa0_0, 0, 7;
    %jmp T_1.11;
T_1.5 ;
    %pushi/vec4 109, 0, 7;
    %store/vec4 v0x55d778b09aa0_0, 0, 7;
    %jmp T_1.11;
T_1.6 ;
    %pushi/vec4 125, 0, 7;
    %store/vec4 v0x55d778b09aa0_0, 0, 7;
    %jmp T_1.11;
T_1.7 ;
    %pushi/vec4 7, 0, 7;
    %store/vec4 v0x55d778b09aa0_0, 0, 7;
    %jmp T_1.11;
T_1.8 ;
    %pushi/vec4 127, 0, 7;
    %store/vec4 v0x55d778b09aa0_0, 0, 7;
    %jmp T_1.11;
T_1.9 ;
    %pushi/vec4 111, 0, 7;
    %store/vec4 v0x55d778b09aa0_0, 0, 7;
    %jmp T_1.11;
T_1.11 ;
    %pop/vec4 1;
    %jmp T_1;
    .thread T_1, $push;
    .scope S_0x55d778b09260;
T_2 ;
    %wait E_0x55d778b09480;
    %load/vec4 v0x55d778b096e0_0;
    %dup/vec4;
    %pushi/vec4 0, 0, 4;
    %cmp/u;
    %jmp/1 T_2.0, 6;
    %dup/vec4;
    %pushi/vec4 1, 0, 4;
    %cmp/u;
    %jmp/1 T_2.1, 6;
    %dup/vec4;
    %pushi/vec4 2, 0, 4;
    %cmp/u;
    %jmp/1 T_2.2, 6;
    %dup/vec4;
    %pushi/vec4 3, 0, 4;
    %cmp/u;
    %jmp/1 T_2.3, 6;
    %dup/vec4;
    %pushi/vec4 4, 0, 4;
    %cmp/u;
    %jmp/1 T_2.4, 6;
    %dup/vec4;
    %pushi/vec4 5, 0, 4;
    %cmp/u;
    %jmp/1 T_2.5, 6;
    %dup/vec4;
    %pushi/vec4 6, 0, 4;
    %cmp/u;
    %jmp/1 T_2.6, 6;
    %dup/vec4;
    %pushi/vec4 7, 0, 4;
    %cmp/u;
    %jmp/1 T_2.7, 6;
    %dup/vec4;
    %pushi/vec4 8, 0, 4;
    %cmp/u;
    %jmp/1 T_2.8, 6;
    %dup/vec4;
    %pushi/vec4 9, 0, 4;
    %cmp/u;
    %jmp/1 T_2.9, 6;
    %pushi/vec4 0, 0, 7;
    %store/vec4 v0x55d778b09500_0, 0, 7;
    %jmp T_2.11;
T_2.0 ;
    %pushi/vec4 63, 0, 7;
    %store/vec4 v0x55d778b09500_0, 0, 7;
    %jmp T_2.11;
T_2.1 ;
    %pushi/vec4 6, 0, 7;
    %store/vec4 v0x55d778b09500_0, 0, 7;
    %jmp T_2.11;
T_2.2 ;
    %pushi/vec4 91, 0, 7;
    %store/vec4 v0x55d778b09500_0, 0, 7;
    %jmp T_2.11;
T_2.3 ;
    %pushi/vec4 79, 0, 7;
    %store/vec4 v0x55d778b09500_0, 0, 7;
    %jmp T_2.11;
T_2.4 ;
    %pushi/vec4 102, 0, 7;
    %store/vec4 v0x55d778b09500_0, 0, 7;
    %jmp T_2.11;
T_2.5 ;
    %pushi/vec4 109, 0, 7;
    %store/vec4 v0x55d778b09500_0, 0, 7;
    %jmp T_2.11;
T_2.6 ;
    %pushi/vec4 125, 0, 7;
    %store/vec4 v0x55d778b09500_0, 0, 7;
    %jmp T_2.11;
T_2.7 ;
    %pushi/vec4 7, 0, 7;
    %store/vec4 v0x55d778b09500_0, 0, 7;
    %jmp T_2.11;
T_2.8 ;
    %pushi/vec4 127, 0, 7;
    %store/vec4 v0x55d778b09500_0, 0, 7;
    %jmp T_2.11;
T_2.9 ;
    %pushi/vec4 111, 0, 7;
    %store/vec4 v0x55d778b09500_0, 0, 7;
    %jmp T_2.11;
T_2.11 ;
    %pop/vec4 1;
    %jmp T_2;
    .thread T_2, $push;
    .scope S_0x55d778b08c70;
T_3 ;
    %wait E_0x55d778b08ee0;
    %load/vec4 v0x55d778b09140_0;
    %dup/vec4;
    %pushi/vec4 0, 0, 4;
    %cmp/u;
    %jmp/1 T_3.0, 6;
    %dup/vec4;
    %pushi/vec4 1, 0, 4;
    %cmp/u;
    %jmp/1 T_3.1, 6;
    %dup/vec4;
    %pushi/vec4 2, 0, 4;
    %cmp/u;
    %jmp/1 T_3.2, 6;
    %dup/vec4;
    %pushi/vec4 3, 0, 4;
    %cmp/u;
    %jmp/1 T_3.3, 6;
    %dup/vec4;
    %pushi/vec4 4, 0, 4;
    %cmp/u;
    %jmp/1 T_3.4, 6;
    %dup/vec4;
    %pushi/vec4 5, 0, 4;
    %cmp/u;
    %jmp/1 T_3.5, 6;
    %dup/vec4;
    %pushi/vec4 6, 0, 4;
    %cmp/u;
    %jmp/1 T_3.6, 6;
    %dup/vec4;
    %pushi/vec4 7, 0, 4;
    %cmp/u;
    %jmp/1 T_3.7, 6;
    %dup/vec4;
    %pushi/vec4 8, 0, 4;
    %cmp/u;
    %jmp/1 T_3.8, 6;
    %dup/vec4;
    %pushi/vec4 9, 0, 4;
    %cmp/u;
    %jmp/1 T_3.9, 6;
    %pushi/vec4 0, 0, 7;
    %store/vec4 v0x55d778b08f60_0, 0, 7;
    %jmp T_3.11;
T_3.0 ;
    %pushi/vec4 63, 0, 7;
    %store/vec4 v0x55d778b08f60_0, 0, 7;
    %jmp T_3.11;
T_3.1 ;
    %pushi/vec4 6, 0, 7;
    %store/vec4 v0x55d778b08f60_0, 0, 7;
    %jmp T_3.11;
T_3.2 ;
    %pushi/vec4 91, 0, 7;
    %store/vec4 v0x55d778b08f60_0, 0, 7;
    %jmp T_3.11;
T_3.3 ;
    %pushi/vec4 79, 0, 7;
    %store/vec4 v0x55d778b08f60_0, 0, 7;
    %jmp T_3.11;
T_3.4 ;
    %pushi/vec4 102, 0, 7;
    %store/vec4 v0x55d778b08f60_0, 0, 7;
    %jmp T_3.11;
T_3.5 ;
    %pushi/vec4 109, 0, 7;
    %store/vec4 v0x55d778b08f60_0, 0, 7;
    %jmp T_3.11;
T_3.6 ;
    %pushi/vec4 125, 0, 7;
    %store/vec4 v0x55d778b08f60_0, 0, 7;
    %jmp T_3.11;
T_3.7 ;
    %pushi/vec4 7, 0, 7;
    %store/vec4 v0x55d778b08f60_0, 0, 7;
    %jmp T_3.11;
T_3.8 ;
    %pushi/vec4 127, 0, 7;
    %store/vec4 v0x55d778b08f60_0, 0, 7;
    %jmp T_3.11;
T_3.9 ;
    %pushi/vec4 111, 0, 7;
    %store/vec4 v0x55d778b08f60_0, 0, 7;
    %jmp T_3.11;
T_3.11 ;
    %pop/vec4 1;
    %jmp T_3;
    .thread T_3, $push;
    .scope S_0x55d778b086d0;
T_4 ;
    %wait E_0x55d778b088f0;
    %load/vec4 v0x55d778b08b50_0;
    %dup/vec4;
    %pushi/vec4 0, 0, 4;
    %cmp/u;
    %jmp/1 T_4.0, 6;
    %dup/vec4;
    %pushi/vec4 1, 0, 4;
    %cmp/u;
    %jmp/1 T_4.1, 6;
    %dup/vec4;
    %pushi/vec4 2, 0, 4;
    %cmp/u;
    %jmp/1 T_4.2, 6;
    %dup/vec4;
    %pushi/vec4 3, 0, 4;
    %cmp/u;
    %jmp/1 T_4.3, 6;
    %dup/vec4;
    %pushi/vec4 4, 0, 4;
    %cmp/u;
    %jmp/1 T_4.4, 6;
    %dup/vec4;
    %pushi/vec4 5, 0, 4;
    %cmp/u;
    %jmp/1 T_4.5, 6;
    %dup/vec4;
    %pushi/vec4 6, 0, 4;
    %cmp/u;
    %jmp/1 T_4.6, 6;
    %dup/vec4;
    %pushi/vec4 7, 0, 4;
    %cmp/u;
    %jmp/1 T_4.7, 6;
    %dup/vec4;
    %pushi/vec4 8, 0, 4;
    %cmp/u;
    %jmp/1 T_4.8, 6;
    %dup/vec4;
    %pushi/vec4 9, 0, 4;
    %cmp/u;
    %jmp/1 T_4.9, 6;
    %pushi/vec4 0, 0, 7;
    %store/vec4 v0x55d778b08970_0, 0, 7;
    %jmp T_4.11;
T_4.0 ;
    %pushi/vec4 63, 0, 7;
    %store/vec4 v0x55d778b08970_0, 0, 7;
    %jmp T_4.11;
T_4.1 ;
    %pushi/vec4 6, 0, 7;
    %store/vec4 v0x55d778b08970_0, 0, 7;
    %jmp T_4.11;
T_4.2 ;
    %pushi/vec4 91, 0, 7;
    %store/vec4 v0x55d778b08970_0, 0, 7;
    %jmp T_4.11;
T_4.3 ;
    %pushi/vec4 79, 0, 7;
    %store/vec4 v0x55d778b08970_0, 0, 7;
    %jmp T_4.11;
T_4.4 ;
    %pushi/vec4 102, 0, 7;
    %store/vec4 v0x55d778b08970_0, 0, 7;
    %jmp T_4.11;
T_4.5 ;
    %pushi/vec4 109, 0, 7;
    %store/vec4 v0x55d778b08970_0, 0, 7;
    %jmp T_4.11;
T_4.6 ;
    %pushi/vec4 125, 0, 7;
    %store/vec4 v0x55d778b08970_0, 0, 7;
    %jmp T_4.11;
T_4.7 ;
    %pushi/vec4 7, 0, 7;
    %store/vec4 v0x55d778b08970_0, 0, 7;
    %jmp T_4.11;
T_4.8 ;
    %pushi/vec4 127, 0, 7;
    %store/vec4 v0x55d778b08970_0, 0, 7;
    %jmp T_4.11;
T_4.9 ;
    %pushi/vec4 111, 0, 7;
    %store/vec4 v0x55d778b08970_0, 0, 7;
    %jmp T_4.11;
T_4.11 ;
    %pop/vec4 1;
    %jmp T_4;
    .thread T_4, $push;
    .scope S_0x55d778b08190;
T_5 ;
    %wait E_0x55d778b08370;
    %load/vec4 v0x55d778b085b0_0;
    %dup/vec4;
    %pushi/vec4 0, 0, 4;
    %cmp/u;
    %jmp/1 T_5.0, 6;
    %dup/vec4;
    %pushi/vec4 1, 0, 4;
    %cmp/u;
    %jmp/1 T_5.1, 6;
    %dup/vec4;
    %pushi/vec4 2, 0, 4;
    %cmp/u;
    %jmp/1 T_5.2, 6;
    %dup/vec4;
    %pushi/vec4 3, 0, 4;
    %cmp/u;
    %jmp/1 T_5.3, 6;
    %dup/vec4;
    %pushi/vec4 4, 0, 4;
    %cmp/u;
    %jmp/1 T_5.4, 6;
    %dup/vec4;
    %pushi/vec4 5, 0, 4;
    %cmp/u;
    %jmp/1 T_5.5, 6;
    %dup/vec4;
    %pushi/vec4 6, 0, 4;
    %cmp/u;
    %jmp/1 T_5.6, 6;
    %dup/vec4;
    %pushi/vec4 7, 0, 4;
    %cmp/u;
    %jmp/1 T_5.7, 6;
    %dup/vec4;
    %pushi/vec4 8, 0, 4;
    %cmp/u;
    %jmp/1 T_5.8, 6;
    %dup/vec4;
    %pushi/vec4 9, 0, 4;
    %cmp/u;
    %jmp/1 T_5.9, 6;
    %pushi/vec4 0, 0, 7;
    %store/vec4 v0x55d778b083d0_0, 0, 7;
    %jmp T_5.11;
T_5.0 ;
    %pushi/vec4 63, 0, 7;
    %store/vec4 v0x55d778b083d0_0, 0, 7;
    %jmp T_5.11;
T_5.1 ;
    %pushi/vec4 6, 0, 7;
    %store/vec4 v0x55d778b083d0_0, 0, 7;
    %jmp T_5.11;
T_5.2 ;
    %pushi/vec4 91, 0, 7;
    %store/vec4 v0x55d778b083d0_0, 0, 7;
    %jmp T_5.11;
T_5.3 ;
    %pushi/vec4 79, 0, 7;
    %store/vec4 v0x55d778b083d0_0, 0, 7;
    %jmp T_5.11;
T_5.4 ;
    %pushi/vec4 102, 0, 7;
    %store/vec4 v0x55d778b083d0_0, 0, 7;
    %jmp T_5.11;
T_5.5 ;
    %pushi/vec4 109, 0, 7;
    %store/vec4 v0x55d778b083d0_0, 0, 7;
    %jmp T_5.11;
T_5.6 ;
    %pushi/vec4 125, 0, 7;
    %store/vec4 v0x55d778b083d0_0, 0, 7;
    %jmp T_5.11;
T_5.7 ;
    %pushi/vec4 7, 0, 7;
    %store/vec4 v0x55d778b083d0_0, 0, 7;
    %jmp T_5.11;
T_5.8 ;
    %pushi/vec4 127, 0, 7;
    %store/vec4 v0x55d778b083d0_0, 0, 7;
    %jmp T_5.11;
T_5.9 ;
    %pushi/vec4 111, 0, 7;
    %store/vec4 v0x55d778b083d0_0, 0, 7;
    %jmp T_5.11;
T_5.11 ;
    %pop/vec4 1;
    %jmp T_5;
    .thread T_5, $push;
    .scope S_0x55d778b07c70;
T_6 ;
    %wait E_0x55d778ae97b0;
    %load/vec4 v0x55d778b08070_0;
    %dup/vec4;
    %pushi/vec4 0, 0, 4;
    %cmp/u;
    %jmp/1 T_6.0, 6;
    %dup/vec4;
    %pushi/vec4 1, 0, 4;
    %cmp/u;
    %jmp/1 T_6.1, 6;
    %dup/vec4;
    %pushi/vec4 2, 0, 4;
    %cmp/u;
    %jmp/1 T_6.2, 6;
    %dup/vec4;
    %pushi/vec4 3, 0, 4;
    %cmp/u;
    %jmp/1 T_6.3, 6;
    %dup/vec4;
    %pushi/vec4 4, 0, 4;
    %cmp/u;
    %jmp/1 T_6.4, 6;
    %dup/vec4;
    %pushi/vec4 5, 0, 4;
    %cmp/u;
    %jmp/1 T_6.5, 6;
    %dup/vec4;
    %pushi/vec4 6, 0, 4;
    %cmp/u;
    %jmp/1 T_6.6, 6;
    %dup/vec4;
    %pushi/vec4 7, 0, 4;
    %cmp/u;
    %jmp/1 T_6.7, 6;
    %dup/vec4;
    %pushi/vec4 8, 0, 4;
    %cmp/u;
    %jmp/1 T_6.8, 6;
    %dup/vec4;
    %pushi/vec4 9, 0, 4;
    %cmp/u;
    %jmp/1 T_6.9, 6;
    %pushi/vec4 0, 0, 7;
    %store/vec4 v0x55d778b07e90_0, 0, 7;
    %jmp T_6.11;
T_6.0 ;
    %pushi/vec4 63, 0, 7;
    %store/vec4 v0x55d778b07e90_0, 0, 7;
    %jmp T_6.11;
T_6.1 ;
    %pushi/vec4 6, 0, 7;
    %store/vec4 v0x55d778b07e90_0, 0, 7;
    %jmp T_6.11;
T_6.2 ;
    %pushi/vec4 91, 0, 7;
    %store/vec4 v0x55d778b07e90_0, 0, 7;
    %jmp T_6.11;
T_6.3 ;
    %pushi/vec4 79, 0, 7;
    %store/vec4 v0x55d778b07e90_0, 0, 7;
    %jmp T_6.11;
T_6.4 ;
    %pushi/vec4 102, 0, 7;
    %store/vec4 v0x55d778b07e90_0, 0, 7;
    %jmp T_6.11;
T_6.5 ;
    %pushi/vec4 109, 0, 7;
    %store/vec4 v0x55d778b07e90_0, 0, 7;
    %jmp T_6.11;
T_6.6 ;
    %pushi/vec4 125, 0, 7;
    %store/vec4 v0x55d778b07e90_0, 0, 7;
    %jmp T_6.11;
T_6.7 ;
    %pushi/vec4 7, 0, 7;
    %store/vec4 v0x55d778b07e90_0, 0, 7;
    %jmp T_6.11;
T_6.8 ;
    %pushi/vec4 127, 0, 7;
    %store/vec4 v0x55d778b07e90_0, 0, 7;
    %jmp T_6.11;
T_6.9 ;
    %pushi/vec4 111, 0, 7;
    %store/vec4 v0x55d778b07e90_0, 0, 7;
    %jmp T_6.11;
T_6.11 ;
    %pop/vec4 1;
    %jmp T_6;
    .thread T_6, $push;
    .scope S_0x55d778acb390;
T_7 ;
    %wait E_0x55d778ac2f00;
    %load/vec4 v0x55d778b07b50_0;
    %dup/vec4;
    %pushi/vec4 0, 0, 4;
    %cmp/u;
    %jmp/1 T_7.0, 6;
    %dup/vec4;
    %pushi/vec4 1, 0, 4;
    %cmp/u;
    %jmp/1 T_7.1, 6;
    %dup/vec4;
    %pushi/vec4 2, 0, 4;
    %cmp/u;
    %jmp/1 T_7.2, 6;
    %dup/vec4;
    %pushi/vec4 3, 0, 4;
    %cmp/u;
    %jmp/1 T_7.3, 6;
    %dup/vec4;
    %pushi/vec4 4, 0, 4;
    %cmp/u;
    %jmp/1 T_7.4, 6;
    %dup/vec4;
    %pushi/vec4 5, 0, 4;
    %cmp/u;
    %jmp/1 T_7.5, 6;
    %dup/vec4;
    %pushi/vec4 6, 0, 4;
    %cmp/u;
    %jmp/1 T_7.6, 6;
    %dup/vec4;
    %pushi/vec4 7, 0, 4;
    %cmp/u;
    %jmp/1 T_7.7, 6;
    %dup/vec4;
    %pushi/vec4 8, 0, 4;
    %cmp/u;
    %jmp/1 T_7.8, 6;
    %dup/vec4;
    %pushi/vec4 9, 0, 4;
    %cmp/u;
    %jmp/1 T_7.9, 6;
    %pushi/vec4 0, 0, 7;
    %store/vec4 v0x55d778acbbc0_0, 0, 7;
    %jmp T_7.11;
T_7.0 ;
    %pushi/vec4 63, 0, 7;
    %store/vec4 v0x55d778acbbc0_0, 0, 7;
    %jmp T_7.11;
T_7.1 ;
    %pushi/vec4 6, 0, 7;
    %store/vec4 v0x55d778acbbc0_0, 0, 7;
    %jmp T_7.11;
T_7.2 ;
    %pushi/vec4 91, 0, 7;
    %store/vec4 v0x55d778acbbc0_0, 0, 7;
    %jmp T_7.11;
T_7.3 ;
    %pushi/vec4 79, 0, 7;
    %store/vec4 v0x55d778acbbc0_0, 0, 7;
    %jmp T_7.11;
T_7.4 ;
    %pushi/vec4 102, 0, 7;
    %store/vec4 v0x55d778acbbc0_0, 0, 7;
    %jmp T_7.11;
T_7.5 ;
    %pushi/vec4 109, 0, 7;
    %store/vec4 v0x55d778acbbc0_0, 0, 7;
    %jmp T_7.11;
T_7.6 ;
    %pushi/vec4 125, 0, 7;
    %store/vec4 v0x55d778acbbc0_0, 0, 7;
    %jmp T_7.11;
T_7.7 ;
    %pushi/vec4 7, 0, 7;
    %store/vec4 v0x55d778acbbc0_0, 0, 7;
    %jmp T_7.11;
T_7.8 ;
    %pushi/vec4 127, 0, 7;
    %store/vec4 v0x55d778acbbc0_0, 0, 7;
    %jmp T_7.11;
T_7.9 ;
    %pushi/vec4 111, 0, 7;
    %store/vec4 v0x55d778acbbc0_0, 0, 7;
    %jmp T_7.11;
T_7.11 ;
    %pop/vec4 1;
    %jmp T_7;
    .thread T_7, $push;
    .scope S_0x55d778acab80;
T_8 ;
    %wait E_0x55d778aa0750;
    %load/vec4 v0x55d778b0bda0_0;
    %flag_set/vec4 8;
    %jmp/0xz  T_8.0, 8;
    %pushi/vec4 0, 0, 8;
    %store/vec4 v0x55d778b0be60_0, 0, 8;
    %jmp T_8.1;
T_8.0 ;
    %load/vec4 v0x55d778b0bbe0_0;
    %dup/vec4;
    %pushi/vec4 0, 0, 2;
    %cmp/u;
    %jmp/1 T_8.2, 6;
    %dup/vec4;
    %pushi/vec4 1, 0, 2;
    %cmp/u;
    %jmp/1 T_8.3, 6;
    %dup/vec4;
    %pushi/vec4 2, 0, 2;
    %cmp/u;
    %jmp/1 T_8.4, 6;
    %dup/vec4;
    %pushi/vec4 3, 0, 2;
    %cmp/u;
    %jmp/1 T_8.5, 6;
    %pushi/vec4 0, 0, 8;
    %store/vec4 v0x55d778b0be60_0, 0, 8;
    %jmp T_8.7;
T_8.2 ;
    %load/vec4 v0x55d778b0be60_0;
    %store/vec4 v0x55d778b0be60_0, 0, 8;
    %jmp T_8.7;
T_8.3 ;
    %load/vec4 v0x55d778b0be60_0;
    %parti/s 4, 0, 2;
    %pad/u 8;
    %ix/load 4, 1, 0;
    %flag_set/imm 4, 0;
    %shiftl 4;
    %store/vec4 v0x55d778b0be60_0, 0, 8;
    %jmp T_8.7;
T_8.4 ;
    %load/vec4 v0x55d778b0be60_0;
    %parti/s 4, 0, 2;
    %pad/u 8;
    %ix/load 4, 1, 0;
    %flag_set/imm 4, 0;
    %shiftr 4;
    %store/vec4 v0x55d778b0be60_0, 0, 8;
    %jmp T_8.7;
T_8.5 ;
    %load/vec4 v0x55d778b0bcc0_0;
    %pad/u 8;
    %store/vec4 v0x55d778b0be60_0, 0, 8;
    %jmp T_8.7;
T_8.7 ;
    %pop/vec4 1;
T_8.1 ;
    %jmp T_8;
    .thread T_8;
# The file index is used to find the file name in the following table.
:file_names 4;
    "N/A";
    "<interactive>";
    "shift.v";
    "./dec.v";
