#! /usr/bin/vvp
:ivl_version "10.3 (stable)" "(v10_3)";
:ivl_delay_selection "TYPICAL";
:vpi_time_precision + 0;
:vpi_module "system";
:vpi_module "vhdl_sys";
:vpi_module "v2005_math";
:vpi_module "va_math";
S_0x563de201b0b0 .scope module, "top_module" "top_module" 2 1;
 .timescale 0 0;
    .port_info 0 /INPUT 1 "clk"
    .port_info 1 /INPUT 1 "reset"
    .port_info 2 /INPUT 1 "set"
    .port_info 3 /INPUT 1 "load"
    .port_info 4 /INPUT 4 "D"
    .port_info 5 /OUTPUT 4 "Q"
L_0x563de2060810 .functor BUFZ 4, v0x563de2060340_0, C4<0000>, C4<0000>, C4<0000>;
o0x7fcff2d99018 .functor BUFZ 4, C4<zzzz>; HiZ drive
v0x563de201b2f0_0 .net "D", 3 0, o0x7fcff2d99018;  0 drivers
v0x563de2060260_0 .net "Q", 3 0, L_0x563de2060810;  1 drivers
v0x563de2060340_0 .var "Q_reg", 3 0;
o0x7fcff2d990a8 .functor BUFZ 1, C4<z>; HiZ drive
v0x563de2060400_0 .net "clk", 0 0, o0x7fcff2d990a8;  0 drivers
o0x7fcff2d990d8 .functor BUFZ 1, C4<z>; HiZ drive
v0x563de20604c0_0 .net "load", 0 0, o0x7fcff2d990d8;  0 drivers
o0x7fcff2d99108 .functor BUFZ 1, C4<z>; HiZ drive
v0x563de20605d0_0 .net "reset", 0 0, o0x7fcff2d99108;  0 drivers
o0x7fcff2d99138 .functor BUFZ 1, C4<z>; HiZ drive
v0x563de2060690_0 .net "set", 0 0, o0x7fcff2d99138;  0 drivers
E_0x563de201bb30 .event posedge, v0x563de2060400_0;
    .scope S_0x563de201b0b0;
T_0 ;
    %wait E_0x563de201bb30;
    %load/vec4 v0x563de20605d0_0;
    %pad/u 32;
    %cmpi/e 1, 0, 32;
    %jmp/0xz  T_0.0, 4;
    %pushi/vec4 0, 0, 4;
    %assign/vec4 v0x563de2060340_0, 0;
    %jmp T_0.1;
T_0.0 ;
    %load/vec4 v0x563de2060690_0;
    %pad/u 32;
    %cmpi/e 1, 0, 32;
    %jmp/0xz  T_0.2, 4;
    %pushi/vec4 15, 0, 4;
    %assign/vec4 v0x563de2060340_0, 0;
    %jmp T_0.3;
T_0.2 ;
    %load/vec4 v0x563de20604c0_0;
    %pad/u 32;
    %cmpi/e 1, 0, 32;
    %jmp/0xz  T_0.4, 4;
    %load/vec4 v0x563de201b2f0_0;
    %assign/vec4 v0x563de2060340_0, 0;
T_0.4 ;
T_0.3 ;
T_0.1 ;
    %jmp T_0;
    .thread T_0;
# The file index is used to find the file name in the following table.
:file_names 3;
    "N/A";
    "<interactive>";
    "loader.v";
