#! /usr/bin/vvp
:ivl_version "10.3 (stable)" "(v10_3)";
:ivl_delay_selection "TYPICAL";
:vpi_time_precision + 0;
:vpi_module "system";
:vpi_module "vhdl_sys";
:vpi_module "v2005_math";
:vpi_module "va_math";
S_0x55d1830fc0b0 .scope module, "top_module" "top_module" 2 1;
 .timescale 0 0;
    .port_info 0 /INPUT 1 "clk"
    .port_info 1 /OUTPUT 1 "clkA"
    .port_info 2 /OUTPUT 1 "clkB"
    .port_info 3 /INPUT 1 "debug_rst"
o0x7f2d8497b018 .functor BUFZ 1, C4<z>; HiZ drive
v0x55d1830fc2e0_0 .net "clk", 0 0, o0x7f2d8497b018;  0 drivers
v0x55d183143990_0 .var "clkA", 0 0;
v0x55d183143a50_0 .var "clkB", 0 0;
v0x55d183143b20_0 .var "cntA", 4 0;
v0x55d183143c00_0 .var "cntB", 4 0;
o0x7f2d8497b108 .functor BUFZ 1, C4<z>; HiZ drive
v0x55d183143d30_0 .net "debug_rst", 0 0, o0x7f2d8497b108;  0 drivers
E_0x55d1831315c0/0 .event negedge, v0x55d1830fc2e0_0;
E_0x55d1831315c0/1 .event posedge, v0x55d1830fc2e0_0;
E_0x55d1831315c0 .event/or E_0x55d1831315c0/0, E_0x55d1831315c0/1;
E_0x55d183131830 .event posedge, v0x55d1830fc2e0_0;
    .scope S_0x55d1830fc0b0;
T_0 ;
    %wait E_0x55d183131830;
    %load/vec4 v0x55d183143d30_0;
    %flag_set/vec4 8;
    %jmp/0xz  T_0.0, 8;
    %pushi/vec4 0, 0, 5;
    %assign/vec4 v0x55d183143b20_0, 0;
    %pushi/vec4 0, 0, 1;
    %assign/vec4 v0x55d183143990_0, 0;
    %jmp T_0.1;
T_0.0 ;
    %load/vec4 v0x55d183143b20_0;
    %pad/u 32;
    %cmpi/e 0, 0, 32;
    %jmp/0xz  T_0.2, 4;
    %load/vec4 v0x55d183143990_0;
    %inv;
    %assign/vec4 v0x55d183143990_0, 0;
    %pushi/vec4 0, 0, 5;
    %assign/vec4 v0x55d183143b20_0, 0;
    %jmp T_0.3;
T_0.2 ;
    %load/vec4 v0x55d183143b20_0;
    %addi 1, 0, 5;
    %assign/vec4 v0x55d183143b20_0, 0;
T_0.3 ;
T_0.1 ;
    %jmp T_0;
    .thread T_0;
    .scope S_0x55d1830fc0b0;
T_1 ;
    %wait E_0x55d1831315c0;
    %load/vec4 v0x55d183143d30_0;
    %flag_set/vec4 8;
    %jmp/0xz  T_1.0, 8;
    %pushi/vec4 0, 0, 5;
    %assign/vec4 v0x55d183143c00_0, 0;
    %pushi/vec4 0, 0, 1;
    %assign/vec4 v0x55d183143a50_0, 0;
    %jmp T_1.1;
T_1.0 ;
    %load/vec4 v0x55d183143c00_0;
    %pad/u 32;
    %cmpi/e 1, 0, 32;
    %jmp/0xz  T_1.2, 4;
    %load/vec4 v0x55d183143a50_0;
    %inv;
    %assign/vec4 v0x55d183143a50_0, 0;
    %pushi/vec4 0, 0, 5;
    %assign/vec4 v0x55d183143c00_0, 0;
    %jmp T_1.3;
T_1.2 ;
    %load/vec4 v0x55d183143c00_0;
    %addi 1, 0, 5;
    %assign/vec4 v0x55d183143c00_0, 0;
T_1.3 ;
T_1.1 ;
    %jmp T_1;
    .thread T_1;
# The file index is used to find the file name in the following table.
:file_names 3;
    "N/A";
    "<interactive>";
    "div.v";
