#! /usr/bin/vvp
:ivl_version "10.3 (stable)" "(v10_3)";
:ivl_delay_selection "TYPICAL";
:vpi_time_precision + 0;
:vpi_module "system";
:vpi_module "vhdl_sys";
:vpi_module "v2005_math";
:vpi_module "va_math";
S_0x5648736e6010 .scope module, "bin2gray" "bin2gray" 2 1;
 .timescale 0 0;
    .port_info 0 /INPUT 4 "in"
    .port_info 1 /OUTPUT 4 "out"
o0x7f9d315ac0a8 .functor BUFZ 4, C4<zzzz>; HiZ drive
L_0x564873728db0 .functor XOR 4, o0x7f9d315ac0a8, L_0x564873728c40, C4<0000>, C4<0000>;
v0x5648736e61b0_0 .net *"_s0", 3 0, L_0x564873728c40;  1 drivers
v0x564873728730_0 .net *"_s2", 2 0, L_0x564873728b40;  1 drivers
L_0x7f9d31563018 .functor BUFT 1, C4<0>, C4<0>, C4<0>, C4<0>;
v0x564873728810_0 .net *"_s4", 0 0, L_0x7f9d31563018;  1 drivers
v0x5648737288d0_0 .net "in", 3 0, o0x7f9d315ac0a8;  0 drivers
v0x5648737289b0_0 .net "out", 3 0, L_0x564873728db0;  1 drivers
L_0x564873728b40 .part o0x7f9d315ac0a8, 1, 3;
L_0x564873728c40 .concat [ 3 1 0 0], L_0x564873728b40, L_0x7f9d31563018;
# The file index is used to find the file name in the following table.
:file_names 3;
    "N/A";
    "<interactive>";
    "bin2gray.v";
