#! /usr/bin/vvp
:ivl_version "10.3 (stable)" "(v10_3)";
:ivl_delay_selection "TYPICAL";
:vpi_time_precision + 0;
:vpi_module "system";
:vpi_module "vhdl_sys";
:vpi_module "v2005_math";
:vpi_module "va_math";
S_0x55d5e33620b0 .scope module, "gray2bin" "gray2bin" 2 1;
 .timescale 0 0;
    .port_info 0 /INPUT 4 "in"
    .port_info 1 /OUTPUT 4 "out"
L_0x55d5e33a6e80 .functor BUFZ 4, v0x55d5e33a6d40_0, C4<0000>, C4<0000>, C4<0000>;
v0x55d5e3362230_0 .var/i "i", 31 0;
o0x7f652337b048 .functor BUFZ 4, C4<zzzz>; HiZ drive
v0x55d5e33a6ba0_0 .net "in", 3 0, o0x7f652337b048;  0 drivers
v0x55d5e33a6c80_0 .net "out", 3 0, L_0x55d5e33a6e80;  1 drivers
v0x55d5e33a6d40_0 .var "temp", 3 0;
E_0x55d5e3362940 .event edge, v0x55d5e33a6ba0_0, v0x55d5e3362230_0, v0x55d5e33a6d40_0;
    .scope S_0x55d5e33620b0;
T_0 ;
    %wait E_0x55d5e3362940;
    %load/vec4 v0x55d5e33a6ba0_0;
    %parti/s 1, 3, 3;
    %ix/load 4, 3, 0;
    %flag_set/imm 4, 0;
    %store/vec4 v0x55d5e33a6d40_0, 4, 1;
    %pushi/vec4 2, 0, 32;
    %store/vec4 v0x55d5e3362230_0, 0, 32;
T_0.0 ;
    %pushi/vec4 0, 0, 32;
    %load/vec4 v0x55d5e3362230_0;
    %cmp/s;
    %flag_or 5, 4;
    %jmp/0xz T_0.1, 5;
    %load/vec4 v0x55d5e33a6ba0_0;
    %load/vec4 v0x55d5e3362230_0;
    %part/s 1;
    %load/vec4 v0x55d5e33a6d40_0;
    %load/vec4 v0x55d5e3362230_0;
    %addi 1, 0, 32;
    %part/s 1;
    %xor;
    %ix/getv/s 4, v0x55d5e3362230_0;
    %store/vec4 v0x55d5e33a6d40_0, 4, 1;
    %load/vec4 v0x55d5e3362230_0;
    %subi 1, 0, 32;
    %store/vec4 v0x55d5e3362230_0, 0, 32;
    %jmp T_0.0;
T_0.1 ;
    %jmp T_0;
    .thread T_0, $push;
# The file index is used to find the file name in the following table.
:file_names 3;
    "N/A";
    "<interactive>";
    "gray2bin.v";
