#! /usr/bin/vvp
:ivl_version "10.3 (stable)" "(v10_3)";
:ivl_delay_selection "TYPICAL";
:vpi_time_precision + 0;
:vpi_module "system";
:vpi_module "vhdl_sys";
:vpi_module "v2005_math";
:vpi_module "va_math";
S_0x560baa29a010 .scope module, "bcd" "bcd" 2 1;
 .timescale 0 0;
    .port_info 0 /INPUT 8 "bin"
    .port_info 1 /OUTPUT 4 "bcd_hun"
    .port_info 2 /OUTPUT 4 "bcd_ten"
    .port_info 3 /OUTPUT 4 "bcd_one"
L_0x560baa2b0560 .functor BUFZ 4, v0x560baa2afa70_0, C4<0000>, C4<0000>, C4<0000>;
L_0x560baa2b05d0 .functor BUFZ 4, v0x560baa2afe20_0, C4<0000>, C4<0000>, C4<0000>;
L_0x560baa2b06a0 .functor BUFZ 4, v0x560baa2afc10_0, C4<0000>, C4<0000>, C4<0000>;
v0x560baa286d30_0 .net "bcd_hun", 3 0, L_0x560baa2b0560;  1 drivers
v0x560baa2afa70_0 .var "bcd_hun_r", 3 0;
v0x560baa2afb50_0 .net "bcd_one", 3 0, L_0x560baa2b06a0;  1 drivers
v0x560baa2afc10_0 .var "bcd_one_r", 3 0;
v0x560baa2afcf0_0 .net "bcd_ten", 3 0, L_0x560baa2b05d0;  1 drivers
v0x560baa2afe20_0 .var "bcd_ten_r", 3 0;
o0x7f93e094d138 .functor BUFZ 8, C4<zzzzzzzz>; HiZ drive
v0x560baa2aff00_0 .net "bin", 7 0, o0x7f93e094d138;  0 drivers
v0x560baa2affe0_0 .var "bin_r", 7 0;
v0x560baa2b00c0_0 .var/i "i", 31 0;
E_0x560baa298760 .event edge, v0x560baa2aff00_0;
S_0x560baa25f050 .scope task, "check_all" "check_all" 2 45, 2 45 0, S_0x560baa29a010;
 .timescale 0 0;
TD_bcd.check_all ;
    %pushi/vec4 4, 0, 32;
    %load/vec4 v0x560baa2afc10_0;
    %pad/u 32;
    %cmp/u;
    %jmp/0xz  T_0.0, 5;
    %load/vec4 v0x560baa2afc10_0;
    %addi 3, 0, 4;
    %store/vec4 v0x560baa2afc10_0, 0, 4;
T_0.0 ;
    %pushi/vec4 4, 0, 32;
    %load/vec4 v0x560baa2afe20_0;
    %pad/u 32;
    %cmp/u;
    %jmp/0xz  T_0.2, 5;
    %load/vec4 v0x560baa2afe20_0;
    %addi 3, 0, 4;
    %store/vec4 v0x560baa2afe20_0, 0, 4;
T_0.2 ;
    %pushi/vec4 4, 0, 32;
    %load/vec4 v0x560baa2afa70_0;
    %pad/u 32;
    %cmp/u;
    %jmp/0xz  T_0.4, 5;
    %load/vec4 v0x560baa2afa70_0;
    %addi 3, 0, 4;
    %store/vec4 v0x560baa2afa70_0, 0, 4;
T_0.4 ;
    %end;
S_0x560baa25f220 .scope task, "init_all" "init_all" 2 32, 2 32 0, S_0x560baa29a010;
 .timescale 0 0;
TD_bcd.init_all ;
    %load/vec4 v0x560baa2aff00_0;
    %store/vec4 v0x560baa2affe0_0, 0, 8;
    %pushi/vec4 0, 0, 4;
    %store/vec4 v0x560baa2afa70_0, 0, 4;
    %pushi/vec4 0, 0, 4;
    %store/vec4 v0x560baa2afe20_0, 0, 4;
    %pushi/vec4 0, 0, 4;
    %store/vec4 v0x560baa2afc10_0, 0, 4;
    %end;
S_0x560baa286b60 .scope task, "shift_all" "shift_all" 2 41, 2 41 0, S_0x560baa29a010;
 .timescale 0 0;
TD_bcd.shift_all ;
    %load/vec4 v0x560baa2afa70_0;
    %load/vec4 v0x560baa2afe20_0;
    %concat/vec4; draw_concat_vec4
    %load/vec4 v0x560baa2afc10_0;
    %concat/vec4; draw_concat_vec4
    %load/vec4 v0x560baa2affe0_0;
    %concat/vec4; draw_concat_vec4
    %ix/load 4, 1, 0;
    %flag_set/imm 4, 0;
    %shiftl 4;
    %split/vec4 8;
    %store/vec4 v0x560baa2affe0_0, 0, 8;
    %split/vec4 4;
    %store/vec4 v0x560baa2afc10_0, 0, 4;
    %split/vec4 4;
    %store/vec4 v0x560baa2afe20_0, 0, 4;
    %store/vec4 v0x560baa2afa70_0, 0, 4;
    %end;
S_0x560baa29a200 .scope module, "top_module" "top_module" 3 3;
 .timescale 0 0;
    .port_info 0 /INPUT 12 "bcd"
    .port_info 1 /OUTPUT 12 "res"
L_0x560baa2b0770 .functor BUFZ 12, v0x560baa2b0440_0, C4<000000000000>, C4<000000000000>, C4<000000000000>;
o0x7f93e094d288 .functor BUFZ 12, C4<zzzzzzzzzzzz>; HiZ drive
v0x560baa2b0260_0 .net "bcd", 11 0, o0x7f93e094d288;  0 drivers
v0x560baa2b0360_0 .net "res", 11 0, L_0x560baa2b0770;  1 drivers
v0x560baa2b0440_0 .var "res_r", 11 0;
E_0x560baa2969d0 .event edge, v0x560baa2b0260_0;
    .scope S_0x560baa29a010;
T_3 ;
    %wait E_0x560baa298760;
    %fork TD_bcd.init_all, S_0x560baa25f220;
    %join;
    %pushi/vec4 0, 0, 32;
    %store/vec4 v0x560baa2b00c0_0, 0, 32;
T_3.0 ;
    %load/vec4 v0x560baa2b00c0_0;
    %cmpi/s 8, 0, 32;
    %jmp/0xz T_3.1, 5;
    %fork TD_bcd.check_all, S_0x560baa25f050;
    %join;
    %fork TD_bcd.shift_all, S_0x560baa286b60;
    %join;
    %load/vec4 v0x560baa2b00c0_0;
    %addi 1, 0, 32;
    %store/vec4 v0x560baa2b00c0_0, 0, 32;
    %jmp T_3.0;
T_3.1 ;
    %jmp T_3;
    .thread T_3, $push;
    .scope S_0x560baa29a200;
T_4 ;
    %wait E_0x560baa2969d0;
    %load/vec4 v0x560baa2b0260_0;
    %store/vec4 v0x560baa2b0440_0, 0, 12;
    %load/vec4 v0x560baa2b0440_0;
    %parti/s 4, 0, 2;
    %addi 1, 0, 4;
    %ix/load 4, 0, 0;
    %flag_set/imm 4, 0;
    %store/vec4 v0x560baa2b0440_0, 4, 4;
    %pushi/vec4 9, 0, 32;
    %load/vec4 v0x560baa2b0440_0;
    %parti/s 4, 0, 2;
    %pad/u 32;
    %cmp/u;
    %jmp/0xz  T_4.0, 5;
    %pushi/vec4 0, 0, 4;
    %ix/load 4, 0, 0;
    %flag_set/imm 4, 0;
    %store/vec4 v0x560baa2b0440_0, 4, 4;
    %load/vec4 v0x560baa2b0440_0;
    %parti/s 4, 4, 4;
    %addi 1, 0, 4;
    %ix/load 4, 4, 0;
    %flag_set/imm 4, 0;
    %store/vec4 v0x560baa2b0440_0, 4, 4;
T_4.0 ;
    %pushi/vec4 9, 0, 32;
    %load/vec4 v0x560baa2b0440_0;
    %parti/s 4, 4, 4;
    %pad/u 32;
    %cmp/u;
    %jmp/0xz  T_4.2, 5;
    %pushi/vec4 0, 0, 4;
    %ix/load 4, 4, 0;
    %flag_set/imm 4, 0;
    %store/vec4 v0x560baa2b0440_0, 4, 4;
    %load/vec4 v0x560baa2b0440_0;
    %parti/s 4, 8, 5;
    %addi 1, 0, 4;
    %ix/load 4, 8, 0;
    %flag_set/imm 4, 0;
    %store/vec4 v0x560baa2b0440_0, 4, 4;
T_4.2 ;
    %jmp T_4;
    .thread T_4, $push;
# The file index is used to find the file name in the following table.
:file_names 4;
    "N/A";
    "<interactive>";
    "./bcd.v";
    "bcd_add.v";
